     -200.00000  1173357.27197
     -196.00000        1.00000
     -192.00000        1.00000
     -188.00000  1173362.59093
     -184.00000  1173365.08981
     -180.00000  1173364.67633
     -176.00000  1173368.10225
     -172.00000  1173370.34853
     -168.00000  1173371.80915
     -164.00000  1173373.44266
     -160.00000  1173375.46632
     -156.00000  1173377.11302
     -152.00000  1173378.75503
     -148.00000  1173380.51587
     -144.00000  1173382.21057
     -140.00000  1173383.86385
     -136.00000  1173385.53393
     -132.00000  1173387.18072
     -128.00000  1173388.82187
     -124.00000  1173390.46805
     -120.00000  1173392.08371
     -116.00000  1173393.69214
     -112.00000  1173395.31269
     -108.00000  1173396.88620
     -104.00000  1173398.44228
     -100.00000  1173399.98544
      -96.00000  1173401.46896
      -92.00000  1173402.92220
      -88.00000  1173404.35008
      -84.00000  1173405.73073
      -80.00000  1173407.06429
      -76.00000  1173408.36400
      -72.00000  1173409.60576
      -68.00000  1173410.79565
      -64.00000  1173411.93896
      -60.00000  1173413.02759
      -56.00000  1173414.04877
      -52.00000  1173415.02963
      -48.00000  1173415.92910
      -44.00000  1173416.78205
      -40.00000  1173417.55633
      -36.00000  1173418.26302
      -32.00000  1173418.89830
      -28.00000  1173419.46192
      -24.00000  1173419.95018
      -20.00000  1173420.36134
      -16.00000  1173420.68757
      -12.00000  1173420.93626
       -8.00000  1173421.10312
       -4.00000  1173421.18607
        0.00000  1173421.18612
        4.00000  1173421.10151
        8.00000  1173420.93668
       12.00000  1173420.68497
       16.00000  1173420.35289
       20.00000  1173419.93882
       24.00000  1173419.44996
       28.00000  1173418.87837
       32.00000  1173418.23574
       36.00000  1173417.51769
       40.00000  1173416.72860
       44.00000  1173415.86036
       48.00000  1173414.92540
       52.00000  1173413.92177
       56.00000  1173412.85786
       60.00000  1173411.74243
       64.00000  1173410.55506
       68.00000  1173409.31288
       72.00000  1173408.00648
       76.00000  1173406.64351
       80.00000  1173405.22712
       84.00000  1173403.75145
       88.00000  1173402.22380
       92.00000  1173400.63778
       96.00000  1173398.99231
      100.00000  1173397.28877
      104.00000  1173395.52141
      108.00000  1173393.68058
      112.00000  1173391.78645
      116.00000  1173389.81415
      120.00000  1173387.78799
      124.00000  1173385.66061
      128.00000  1173383.45859
      132.00000  1173381.13606
      136.00000  1173378.70601
      140.00000  1173376.08822
      144.00000  1173373.29875
      148.00000  1173370.16699
      152.00000  1173366.75178
      156.00000        1.00000
      160.00000  1173359.70120
