# Temperature | x(1:k,1:nC) | mu(1:k,1:nC)
#---------------------------------------------------------------------------------------------------------------------------------
I      1.000    0.5000000000     0.5000000000     0.5000000000     0.5000000000
.      1.000    0.4900000000     0.5100000000     0.4900000000     0.5100000000
.      1.000    0.4600000000     0.5400000000     0.4600000000     0.5400000000
.      1.000    0.5100000000     0.4900000000     0.5100000000     0.4900000000
.      1.000    0.4500000000     0.5500000000     0.4500000000     0.5500000000
.      1.000    0.4700000000     0.5300000000     0.4700000000     0.5300000000
.      1.000    0.5200000000     0.4800000000     0.5200000000     0.4800000000
.      1.000    0.4700000000     0.5300000000     0.4700000000     0.5300000000
.      1.000    0.4800000000     0.5200000000     0.4800000000     0.5200000000
.      1.000    0.4700000000     0.5300000000     0.4700000000     0.5300000000
.      1.000    0.5300000000     0.4700000000     0.5300000000     0.4700000000
.      1.000    0.4900000000     0.5100000000     0.4900000000     0.5100000000
.      1.000    0.5400000000     0.4600000000     0.5400000000     0.4600000000
.      1.000    0.5100000000     0.4900000000     0.5100000000     0.4900000000
.      1.000    0.4200000000     0.5800000000     0.4200000000     0.5800000000
.      1.000    0.4800000000     0.5200000000     0.4800000000     0.5200000000
.      1.000    0.4800000000     0.5200000000     0.4800000000     0.5200000000
.      1.000    0.4700000000     0.5300000000     0.4700000000     0.5300000000
.      1.000    0.4900000000     0.5100000000     0.4900000000     0.5100000000
.      1.000    0.5000000000     0.5000000000     0.5000000000     0.5000000000
.      1.000    0.4600000000     0.5400000000     0.4600000000     0.5400000000
.      1.000    0.5000000000     0.5000000000     0.5000000000     0.5000000000
.      1.000    0.4800000000     0.5200000000     0.4800000000     0.5200000000
.      1.000    0.4900000000     0.5100000000     0.4900000000     0.5100000000
.      1.000    0.4900000000     0.5100000000     0.4900000000     0.5100000000
.      1.000    0.5300000000     0.4700000000     0.5300000000     0.4700000000
.      1.000    0.4500000000     0.5500000000     0.4500000000     0.5500000000
.      1.000    0.4900000000     0.5100000000     0.4900000000     0.5100000000
.      1.000    0.5200000000     0.4800000000     0.5200000000     0.4800000000
.      1.000    0.5100000000     0.4900000000     0.5100000000     0.4900000000
.      1.000    0.4800000000     0.5200000000     0.4800000000     0.5200000000
.      1.000    0.5000000000     0.5000000000     0.5000000000     0.5000000000
.      1.000    0.4500000000     0.5500000000     0.4500000000     0.5500000000
.      1.000    0.4100000000     0.5900000000     0.4100000000     0.5900000000
.      1.000    0.4800000000     0.5200000000     0.4800000000     0.5200000000
.      1.000    0.4700000000     0.5300000000     0.4700000000     0.5300000000
.      1.000    0.4900000000     0.5100000000     0.4900000000     0.5100000000
.      1.000    0.5000000000     0.5000000000     0.5000000000     0.5000000000
.      1.000    0.5000000000     0.5000000000     0.5000000000     0.5000000000
.      1.000    0.5000000000     0.5000000000     0.5000000000     0.5000000000
.      1.000    0.5100000000     0.4900000000     0.5100000000     0.4900000000
.      1.000    0.5100000000     0.4900000000     0.5100000000     0.4900000000
.      1.000    0.4900000000     0.5100000000     0.4900000000     0.5100000000
.      1.000    0.4400000000     0.5600000000     0.4400000000     0.5600000000
.      1.000    0.4700000000     0.5300000000     0.4700000000     0.5300000000
.      1.000    0.4600000000     0.5400000000     0.4600000000     0.5400000000
.      1.000    0.5200000000     0.4800000000     0.5200000000     0.4800000000
.      1.000    0.4800000000     0.5200000000     0.4800000000     0.5200000000
.      1.000    0.4700000000     0.5300000000     0.4700000000     0.5300000000
.      1.000    0.4800000000     0.5200000000     0.4800000000     0.5200000000
.      1.000    0.4700000000     0.5300000000     0.4700000000     0.5300000000
.      1.000    0.5000000000     0.5000000000     0.5000000000     0.5000000000
.      1.000    0.4500000000     0.5500000000     0.4500000000     0.5500000000
.      1.000    0.4200000000     0.5800000000     0.4200000000     0.5800000000
.      1.000    0.4400000000     0.5600000000     0.4400000000     0.5600000000
.      1.000    0.4800000000     0.5200000000     0.4800000000     0.5200000000
.      1.000    0.5100000000     0.4900000000     0.5100000000     0.4900000000
.      1.000    0.5000000000     0.5000000000     0.5000000000     0.5000000000
.      1.000    0.5200000000     0.4800000000     0.5200000000     0.4800000000
.      1.000    0.4800000000     0.5200000000     0.4800000000     0.5200000000
.      1.000    0.5000000000     0.5000000000     0.5000000000     0.5000000000
.      1.000    0.4700000000     0.5300000000     0.4700000000     0.5300000000
.      1.000    0.4600000000     0.5400000000     0.4600000000     0.5400000000
.      1.000    0.4900000000     0.5100000000     0.4900000000     0.5100000000
.      1.000    0.4900000000     0.5100000000     0.4900000000     0.5100000000
.      1.000    0.4600000000     0.5400000000     0.4600000000     0.5400000000
.      1.000    0.4700000000     0.5300000000     0.4700000000     0.5300000000
.      1.000    0.4900000000     0.5100000000     0.4900000000     0.5100000000
.      1.000    0.4500000000     0.5500000000     0.4500000000     0.5500000000
.      1.000    0.4600000000     0.5400000000     0.4600000000     0.5400000000
.      1.000    0.4600000000     0.5400000000     0.4600000000     0.5400000000
.      1.000    0.4600000000     0.5400000000     0.4600000000     0.5400000000
.      1.000    0.4400000000     0.5600000000     0.4400000000     0.5600000000
.      1.000    0.4900000000     0.5100000000     0.4900000000     0.5100000000
.      1.000    0.5000000000     0.5000000000     0.5000000000     0.5000000000
.      1.000    0.4300000000     0.5700000000     0.4300000000     0.5700000000
.      1.000    0.4500000000     0.5500000000     0.4500000000     0.5500000000
.      1.000    0.4400000000     0.5600000000     0.4400000000     0.5600000000
.      1.000    0.4800000000     0.5200000000     0.4800000000     0.5200000000
.      1.000    0.4500000000     0.5500000000     0.4500000000     0.5500000000
.      1.000    0.5100000000     0.4900000000     0.5100000000     0.4900000000
.      1.000    0.4700000000     0.5300000000     0.4700000000     0.5300000000
.      1.000    0.4800000000     0.5200000000     0.4800000000     0.5200000000
.      1.000    0.4400000000     0.5600000000     0.4400000000     0.5600000000
.      1.000    0.4000000000     0.6000000000     0.4000000000     0.6000000000
.      1.000    0.5300000000     0.4700000000     0.5300000000     0.4700000000
.      1.000    0.4700000000     0.5300000000     0.4700000000     0.5300000000
.      1.000    0.5200000000     0.4800000000     0.5200000000     0.4800000000
.      1.000    0.4700000000     0.5300000000     0.4700000000     0.5300000000
.      1.000    0.4500000000     0.5500000000     0.4500000000     0.5500000000
.      1.000    0.5300000000     0.4700000000     0.5300000000     0.4700000000
.      1.000    0.4500000000     0.5500000000     0.4500000000     0.5500000000
.      1.000    0.4600000000     0.5400000000     0.4600000000     0.5400000000
.      1.000    0.4500000000     0.5500000000     0.4500000000     0.5500000000
.      1.000    0.4700000000     0.5300000000     0.4700000000     0.5300000000
.      1.000    0.4400000000     0.5600000000     0.4400000000     0.5600000000
.      1.000    0.4700000000     0.5300000000     0.4700000000     0.5300000000
.      1.000    0.4500000000     0.5500000000     0.4500000000     0.5500000000
.      1.000    0.5100000000     0.4900000000     0.5100000000     0.4900000000
.      1.000    0.5100000000     0.4900000000     0.5100000000     0.4900000000
.      1.000    0.4900000000     0.5100000000     0.4900000000     0.5100000000
.      1.000    0.5000000000     0.5000000000     0.5000000000     0.5000000000
.      1.000    0.4700000000     0.5300000000     0.4700000000     0.5300000000
.      1.000    0.4400000000     0.5600000000     0.4400000000     0.5600000000
.      1.000    0.4500000000     0.5500000000     0.4500000000     0.5500000000
.      1.000    0.4800000000     0.5200000000     0.4800000000     0.5200000000
.      1.000    0.4900000000     0.5100000000     0.4900000000     0.5100000000
.      1.000    0.4500000000     0.5500000000     0.4500000000     0.5500000000
.      1.000    0.4000000000     0.6000000000     0.4000000000     0.6000000000
.      1.000    0.4900000000     0.5100000000     0.4900000000     0.5100000000
.      1.000    0.4900000000     0.5100000000     0.4900000000     0.5100000000
.      1.000    0.5200000000     0.4800000000     0.5200000000     0.4800000000
.      1.000    0.5400000000     0.4600000000     0.5400000000     0.4600000000
.      1.000    0.4600000000     0.5400000000     0.4600000000     0.5400000000
.      1.000    0.5000000000     0.5000000000     0.5000000000     0.5000000000
.      1.000    0.4900000000     0.5100000000     0.4900000000     0.5100000000
.      1.000    0.4200000000     0.5800000000     0.4200000000     0.5800000000
.      1.000    0.5200000000     0.4800000000     0.5200000000     0.4800000000
.      1.000    0.5000000000     0.5000000000     0.5000000000     0.5000000000
.      1.000    0.5300000000     0.4700000000     0.5300000000     0.4700000000
.      1.000    0.4900000000     0.5100000000     0.4900000000     0.5100000000
.      1.000    0.4500000000     0.5500000000     0.4500000000     0.5500000000
.      1.000    0.5000000000     0.5000000000     0.5000000000     0.5000000000
.      1.000    0.4300000000     0.5700000000     0.4300000000     0.5700000000
.      1.000    0.5100000000     0.4900000000     0.5100000000     0.4900000000
.      1.000    0.4700000000     0.5300000000     0.4700000000     0.5300000000
.      1.000    0.4900000000     0.5100000000     0.4900000000     0.5100000000
.      1.000    0.4300000000     0.5700000000     0.4300000000     0.5700000000
.      1.000    0.4400000000     0.5600000000     0.4400000000     0.5600000000
.      1.000    0.4800000000     0.5200000000     0.4800000000     0.5200000000
.      1.000    0.5000000000     0.5000000000     0.5000000000     0.5000000000
.      1.000    0.5200000000     0.4800000000     0.5200000000     0.4800000000
.      1.000    0.4400000000     0.5600000000     0.4400000000     0.5600000000
.      1.000    0.4900000000     0.5100000000     0.4900000000     0.5100000000
.      1.000    0.4800000000     0.5200000000     0.4800000000     0.5200000000
.      1.000    0.4300000000     0.5700000000     0.4300000000     0.5700000000
.      1.000    0.4800000000     0.5200000000     0.4800000000     0.5200000000
.      1.000    0.4700000000     0.5300000000     0.4700000000     0.5300000000
.      1.000    0.4700000000     0.5300000000     0.4700000000     0.5300000000
.      1.000    0.4700000000     0.5300000000     0.4700000000     0.5300000000
.      1.000    0.4500000000     0.5500000000     0.4500000000     0.5500000000
.      1.000    0.5000000000     0.5000000000     0.5000000000     0.5000000000
.      1.000    0.4600000000     0.5400000000     0.4600000000     0.5400000000
.      1.000    0.4600000000     0.5400000000     0.4600000000     0.5400000000
.      1.000    0.5000000000     0.5000000000     0.5000000000     0.5000000000
.      1.000    0.5100000000     0.4900000000     0.5100000000     0.4900000000
.      1.000    0.4700000000     0.5300000000     0.4700000000     0.5300000000
.      1.000    0.4000000000     0.6000000000     0.4000000000     0.6000000000
.      1.000    0.5100000000     0.4900000000     0.5100000000     0.4900000000
.      1.000    0.4800000000     0.5200000000     0.4800000000     0.5200000000
.      1.000    0.5200000000     0.4800000000     0.5200000000     0.4800000000
.      1.000    0.4800000000     0.5200000000     0.4800000000     0.5200000000
.      1.000    0.4900000000     0.5100000000     0.4900000000     0.5100000000
.      1.000    0.4700000000     0.5300000000     0.4700000000     0.5300000000
.      1.000    0.4600000000     0.5400000000     0.4600000000     0.5400000000
.      1.000    0.5200000000     0.4800000000     0.5200000000     0.4800000000
.      1.000    0.5000000000     0.5000000000     0.5000000000     0.5000000000
.      1.000    0.5000000000     0.5000000000     0.5000000000     0.5000000000
.      1.000    0.4500000000     0.5500000000     0.4500000000     0.5500000000
.      1.000    0.5000000000     0.5000000000     0.5000000000     0.5000000000
.      1.000    0.4900000000     0.5100000000     0.4900000000     0.5100000000
.      1.000    0.4600000000     0.5400000000     0.4600000000     0.5400000000
.      1.000    0.4800000000     0.5200000000     0.4800000000     0.5200000000
.      1.000    0.4500000000     0.5500000000     0.4500000000     0.5500000000
.      1.000    0.4700000000     0.5300000000     0.4700000000     0.5300000000
.      1.000    0.4700000000     0.5300000000     0.4700000000     0.5300000000
.      1.000    0.4700000000     0.5300000000     0.4700000000     0.5300000000
.      1.000    0.4800000000     0.5200000000     0.4800000000     0.5200000000
.      1.000    0.5500000000     0.4500000000     0.5500000000     0.4500000000
.      1.000    0.5300000000     0.4700000000     0.5300000000     0.4700000000
.      1.000    0.4900000000     0.5100000000     0.4900000000     0.5100000000
.      1.000    0.5000000000     0.5000000000     0.5000000000     0.5000000000
.      1.000    0.4900000000     0.5100000000     0.4900000000     0.5100000000
.      1.000    0.4600000000     0.5400000000     0.4600000000     0.5400000000
.      1.000    0.4800000000     0.5200000000     0.4800000000     0.5200000000
.      1.000    0.4500000000     0.5500000000     0.4500000000     0.5500000000
.      1.000    0.4700000000     0.5300000000     0.4700000000     0.5300000000
.      1.000    0.4600000000     0.5400000000     0.4600000000     0.5400000000
.      1.000    0.5100000000     0.4900000000     0.5100000000     0.4900000000
.      1.000    0.4800000000     0.5200000000     0.4800000000     0.5200000000
.      1.000    0.4400000000     0.5600000000     0.4400000000     0.5600000000
.      1.000    0.5000000000     0.5000000000     0.5000000000     0.5000000000
.      1.000    0.4300000000     0.5700000000     0.4300000000     0.5700000000
.      1.000    0.5100000000     0.4900000000     0.5100000000     0.4900000000
.      1.000    0.4800000000     0.5200000000     0.4800000000     0.5200000000
.      1.000    0.5100000000     0.4900000000     0.5100000000     0.4900000000
.      1.000    0.4600000000     0.5400000000     0.4600000000     0.5400000000
.      1.000    0.4700000000     0.5300000000     0.4700000000     0.5300000000
.      1.000    0.4400000000     0.5600000000     0.4400000000     0.5600000000
.      1.000    0.4900000000     0.5100000000     0.4900000000     0.5100000000
.      1.000    0.4800000000     0.5200000000     0.4800000000     0.5200000000
.      1.000    0.4600000000     0.5400000000     0.4600000000     0.5400000000
.      1.000    0.4900000000     0.5100000000     0.4900000000     0.5100000000
.      1.000    0.5000000000     0.5000000000     0.5000000000     0.5000000000
.      1.000    0.4800000000     0.5200000000     0.4800000000     0.5200000000
.      1.000    0.4800000000     0.5200000000     0.4800000000     0.5200000000
.      1.000    0.4800000000     0.5200000000     0.4800000000     0.5200000000
.      1.000    0.4900000000     0.5100000000     0.4900000000     0.5100000000
.      1.000    0.5000000000     0.5000000000     0.5000000000     0.5000000000
.      1.000    0.5100000000     0.4900000000     0.5100000000     0.4900000000
.      1.000    0.4900000000     0.5100000000     0.4900000000     0.5100000000
.      1.000    0.4800000000     0.5200000000     0.4800000000     0.5200000000
.      1.000    0.4800000000     0.5200000000     0.4800000000     0.5200000000
.      1.000    0.4500000000     0.5500000000     0.4500000000     0.5500000000
.      1.000    0.4200000000     0.5800000000     0.4200000000     0.5800000000
.      1.000    0.5000000000     0.5000000000     0.5000000000     0.5000000000
.      1.000    0.5100000000     0.4900000000     0.5100000000     0.4900000000
.      1.000    0.4700000000     0.5300000000     0.4700000000     0.5300000000
.      1.000    0.4700000000     0.5300000000     0.4700000000     0.5300000000
.      1.000    0.4700000000     0.5300000000     0.4700000000     0.5300000000
.      1.000    0.4700000000     0.5300000000     0.4700000000     0.5300000000
.      1.000    0.4400000000     0.5600000000     0.4400000000     0.5600000000
.      1.000    0.4900000000     0.5100000000     0.4900000000     0.5100000000
.      1.000    0.5100000000     0.4900000000     0.5100000000     0.4900000000
.      1.000    0.4800000000     0.5200000000     0.4800000000     0.5200000000
.      1.000    0.4800000000     0.5200000000     0.4800000000     0.5200000000
.      1.000    0.4800000000     0.5200000000     0.4800000000     0.5200000000
.      1.000    0.4600000000     0.5400000000     0.4600000000     0.5400000000
.      1.000    0.4800000000     0.5200000000     0.4800000000     0.5200000000
.      1.000    0.4800000000     0.5200000000     0.4800000000     0.5200000000
.      1.000    0.5100000000     0.4900000000     0.5100000000     0.4900000000
.      1.000    0.4900000000     0.5100000000     0.4900000000     0.5100000000
.      1.000    0.4700000000     0.5300000000     0.4700000000     0.5300000000
.      1.000    0.4600000000     0.5400000000     0.4600000000     0.5400000000
.      1.000    0.5100000000     0.4900000000     0.5100000000     0.4900000000
.      1.000    0.4600000000     0.5400000000     0.4600000000     0.5400000000
.      1.000    0.4800000000     0.5200000000     0.4800000000     0.5200000000
.      1.000    0.4600000000     0.5400000000     0.4600000000     0.5400000000
.      1.000    0.4900000000     0.5100000000     0.4900000000     0.5100000000
.      1.000    0.5000000000     0.5000000000     0.5000000000     0.5000000000
.      1.000    0.5300000000     0.4700000000     0.5300000000     0.4700000000
.      1.000    0.4900000000     0.5100000000     0.4900000000     0.5100000000
.      1.000    0.5300000000     0.4700000000     0.5300000000     0.4700000000
.      1.000    0.4900000000     0.5100000000     0.4900000000     0.5100000000
.      1.000    0.5100000000     0.4900000000     0.5100000000     0.4900000000
.      1.000    0.4900000000     0.5100000000     0.4900000000     0.5100000000
.      1.000    0.5100000000     0.4900000000     0.5100000000     0.4900000000
.      1.000    0.4600000000     0.5400000000     0.4600000000     0.5400000000
.      1.000    0.4800000000     0.5200000000     0.4800000000     0.5200000000
.      1.000    0.4800000000     0.5200000000     0.4800000000     0.5200000000
.      1.000    0.4900000000     0.5100000000     0.4900000000     0.5100000000
.      1.000    0.5200000000     0.4800000000     0.5200000000     0.4800000000
.      1.000    0.5300000000     0.4700000000     0.5300000000     0.4700000000
.      1.000    0.4600000000     0.5400000000     0.4600000000     0.5400000000
.      1.000    0.4400000000     0.5600000000     0.4400000000     0.5600000000
.      1.000    0.5300000000     0.4700000000     0.5300000000     0.4700000000
.      1.000    0.4900000000     0.5100000000     0.4900000000     0.5100000000
.      1.000    0.4600000000     0.5400000000     0.4600000000     0.5400000000
.      1.000    0.4800000000     0.5200000000     0.4800000000     0.5200000000
.      1.000    0.4600000000     0.5400000000     0.4600000000     0.5400000000
.      1.000    0.5300000000     0.4700000000     0.5300000000     0.4700000000
.      1.000    0.4900000000     0.5100000000     0.4900000000     0.5100000000
.      1.000    0.4500000000     0.5500000000     0.4500000000     0.5500000000
.      1.000    0.5000000000     0.5000000000     0.5000000000     0.5000000000
.      1.000    0.4800000000     0.5200000000     0.4800000000     0.5200000000
.      1.000    0.5000000000     0.5000000000     0.5000000000     0.5000000000
.      1.000    0.4900000000     0.5100000000     0.4900000000     0.5100000000
.      1.000    0.5000000000     0.5000000000     0.5000000000     0.5000000000
.      1.000    0.4900000000     0.5100000000     0.4900000000     0.5100000000
.      1.000    0.4500000000     0.5500000000     0.4500000000     0.5500000000
.      1.000    0.4700000000     0.5300000000     0.4700000000     0.5300000000
.      1.000    0.5400000000     0.4600000000     0.5400000000     0.4600000000
.      1.000    0.4300000000     0.5700000000     0.4300000000     0.5700000000
.      1.000    0.4700000000     0.5300000000     0.4700000000     0.5300000000
.      1.000    0.5100000000     0.4900000000     0.5100000000     0.4900000000
.      1.000    0.4700000000     0.5300000000     0.4700000000     0.5300000000
.      1.000    0.4600000000     0.5400000000     0.4600000000     0.5400000000
.      1.000    0.4900000000     0.5100000000     0.4900000000     0.5100000000
.      1.000    0.5100000000     0.4900000000     0.5100000000     0.4900000000
.      1.000    0.5100000000     0.4900000000     0.5100000000     0.4900000000
.      1.000    0.5100000000     0.4900000000     0.5100000000     0.4900000000
.      1.000    0.4400000000     0.5600000000     0.4400000000     0.5600000000
.      1.000    0.4900000000     0.5100000000     0.4900000000     0.5100000000
.      1.000    0.4800000000     0.5200000000     0.4800000000     0.5200000000
.      1.000    0.4900000000     0.5100000000     0.4900000000     0.5100000000
.      1.000    0.4700000000     0.5300000000     0.4700000000     0.5300000000
.      1.000    0.4800000000     0.5200000000     0.4800000000     0.5200000000
.      1.000    0.5000000000     0.5000000000     0.5000000000     0.5000000000
.      1.000    0.4800000000     0.5200000000     0.4800000000     0.5200000000
.      1.000    0.4600000000     0.5400000000     0.4600000000     0.5400000000
.      1.000    0.4400000000     0.5600000000     0.4400000000     0.5600000000
.      1.000    0.4300000000     0.5700000000     0.4300000000     0.5700000000
.      1.000    0.4600000000     0.5400000000     0.4600000000     0.5400000000
.      1.000    0.4700000000     0.5300000000     0.4700000000     0.5300000000
.      1.000    0.4700000000     0.5300000000     0.4700000000     0.5300000000
.      1.000    0.4700000000     0.5300000000     0.4700000000     0.5300000000
.      1.000    0.4700000000     0.5300000000     0.4700000000     0.5300000000
.      1.000    0.5000000000     0.5000000000     0.5000000000     0.5000000000
.      1.000    0.4700000000     0.5300000000     0.4700000000     0.5300000000
.      1.000    0.5000000000     0.5000000000     0.5000000000     0.5000000000
.      1.000    0.5000000000     0.5000000000     0.5000000000     0.5000000000
.      1.000    0.4500000000     0.5500000000     0.4500000000     0.5500000000
.      1.000    0.4500000000     0.5500000000     0.4500000000     0.5500000000
.      1.000    0.4800000000     0.5200000000     0.4800000000     0.5200000000
.      1.000    0.5100000000     0.4900000000     0.5100000000     0.4900000000
.      1.000    0.4900000000     0.5100000000     0.4900000000     0.5100000000
.      1.000    0.4700000000     0.5300000000     0.4700000000     0.5300000000
.      1.000    0.4700000000     0.5300000000     0.4700000000     0.5300000000
.      1.000    0.4900000000     0.5100000000     0.4900000000     0.5100000000
.      1.000    0.4500000000     0.5500000000     0.4500000000     0.5500000000
.      1.000    0.4600000000     0.5400000000     0.4600000000     0.5400000000
.      1.000    0.4600000000     0.5400000000     0.4600000000     0.5400000000
.      1.000    0.4700000000     0.5300000000     0.4700000000     0.5300000000
.      1.000    0.5200000000     0.4800000000     0.5200000000     0.4800000000
.      1.000    0.4900000000     0.5100000000     0.4900000000     0.5100000000
.      1.000    0.4600000000     0.5400000000     0.4600000000     0.5400000000
.      1.000    0.4500000000     0.5500000000     0.4500000000     0.5500000000
.      1.000    0.4500000000     0.5500000000     0.4500000000     0.5500000000
.      1.000    0.4900000000     0.5100000000     0.4900000000     0.5100000000
.      1.000    0.4600000000     0.5400000000     0.4600000000     0.5400000000
.      1.000    0.4400000000     0.5600000000     0.4400000000     0.5600000000
.      1.000    0.5100000000     0.4900000000     0.5100000000     0.4900000000
.      1.000    0.4900000000     0.5100000000     0.4900000000     0.5100000000
.      1.000    0.4500000000     0.5500000000     0.4500000000     0.5500000000
.      1.000    0.4800000000     0.5200000000     0.4800000000     0.5200000000
.      1.000    0.4400000000     0.5600000000     0.4400000000     0.5600000000
.      1.000    0.4500000000     0.5500000000     0.4500000000     0.5500000000
.      1.000    0.4800000000     0.5200000000     0.4800000000     0.5200000000
.      1.000    0.4300000000     0.5700000000     0.4300000000     0.5700000000
.      1.000    0.5000000000     0.5000000000     0.5000000000     0.5000000000
.      1.000    0.4400000000     0.5600000000     0.4400000000     0.5600000000
.      1.000    0.4600000000     0.5400000000     0.4600000000     0.5400000000
.      1.000    0.4500000000     0.5500000000     0.4500000000     0.5500000000
.      1.000    0.4900000000     0.5100000000     0.4900000000     0.5100000000
.      1.000    0.4700000000     0.5300000000     0.4700000000     0.5300000000
.      1.000    0.5200000000     0.4800000000     0.5200000000     0.4800000000
.      1.000    0.5000000000     0.5000000000     0.5000000000     0.5000000000
.      1.000    0.4900000000     0.5100000000     0.4900000000     0.5100000000
.      1.000    0.5300000000     0.4700000000     0.5300000000     0.4700000000
.      1.000    0.5000000000     0.5000000000     0.5000000000     0.5000000000
.      1.000    0.4700000000     0.5300000000     0.4700000000     0.5300000000
.      1.000    0.5100000000     0.4900000000     0.5100000000     0.4900000000
.      1.000    0.4800000000     0.5200000000     0.4800000000     0.5200000000
.      1.000    0.4800000000     0.5200000000     0.4800000000     0.5200000000
.      1.000    0.5000000000     0.5000000000     0.5000000000     0.5000000000
.      1.000    0.4900000000     0.5100000000     0.4900000000     0.5100000000
.      1.000    0.4900000000     0.5100000000     0.4900000000     0.5100000000
.      1.000    0.5000000000     0.5000000000     0.5000000000     0.5000000000
.      1.000    0.4800000000     0.5200000000     0.4800000000     0.5200000000
.      1.000    0.4400000000     0.5600000000     0.4400000000     0.5600000000
.      1.000    0.5100000000     0.4900000000     0.5100000000     0.4900000000
.      1.000    0.4800000000     0.5200000000     0.4800000000     0.5200000000
.      1.000    0.4400000000     0.5600000000     0.4400000000     0.5600000000
.      1.000    0.4800000000     0.5200000000     0.4800000000     0.5200000000
.      1.000    0.4100000000     0.5900000000     0.4100000000     0.5900000000
.      1.000    0.4800000000     0.5200000000     0.4800000000     0.5200000000
.      1.000    0.4500000000     0.5500000000     0.4500000000     0.5500000000
.      1.000    0.4700000000     0.5300000000     0.4700000000     0.5300000000
.      1.000    0.4800000000     0.5200000000     0.4800000000     0.5200000000
.      1.000    0.4600000000     0.5400000000     0.4600000000     0.5400000000
.      1.000    0.5000000000     0.5000000000     0.5000000000     0.5000000000
.      1.000    0.5100000000     0.4900000000     0.5100000000     0.4900000000
.      1.000    0.4300000000     0.5700000000     0.4300000000     0.5700000000
.      1.000    0.5000000000     0.5000000000     0.5000000000     0.5000000000
.      1.000    0.4500000000     0.5500000000     0.4500000000     0.5500000000
.      1.000    0.4500000000     0.5500000000     0.4500000000     0.5500000000
.      1.000    0.4500000000     0.5500000000     0.4500000000     0.5500000000
.      1.000    0.4900000000     0.5100000000     0.4900000000     0.5100000000
.      1.000    0.4500000000     0.5500000000     0.4500000000     0.5500000000
.      1.000    0.5300000000     0.4700000000     0.5300000000     0.4700000000
.      1.000    0.4700000000     0.5300000000     0.4700000000     0.5300000000
.      1.000    0.4800000000     0.5200000000     0.4800000000     0.5200000000
.      1.000    0.5100000000     0.4900000000     0.5100000000     0.4900000000
.      1.000    0.4900000000     0.5100000000     0.4900000000     0.5100000000
.      1.000    0.5300000000     0.4700000000     0.5300000000     0.4700000000
.      1.000    0.4900000000     0.5100000000     0.4900000000     0.5100000000
.      1.000    0.4400000000     0.5600000000     0.4400000000     0.5600000000
.      1.000    0.4900000000     0.5100000000     0.4900000000     0.5100000000
.      1.000    0.4700000000     0.5300000000     0.4700000000     0.5300000000
.      1.000    0.4900000000     0.5100000000     0.4900000000     0.5100000000
.      1.000    0.4500000000     0.5500000000     0.4500000000     0.5500000000
.      1.000    0.4700000000     0.5300000000     0.4700000000     0.5300000000
.      1.000    0.4900000000     0.5100000000     0.4900000000     0.5100000000
.      1.000    0.4900000000     0.5100000000     0.4900000000     0.5100000000
.      1.000    0.4300000000     0.5700000000     0.4300000000     0.5700000000
.      1.000    0.5200000000     0.4800000000     0.5200000000     0.4800000000
.      1.000    0.5000000000     0.5000000000     0.5000000000     0.5000000000
.      1.000    0.4500000000     0.5500000000     0.4500000000     0.5500000000
.      1.000    0.4500000000     0.5500000000     0.4500000000     0.5500000000
.      1.000    0.4800000000     0.5200000000     0.4800000000     0.5200000000
.      1.000    0.4700000000     0.5300000000     0.4700000000     0.5300000000
.      1.000    0.4700000000     0.5300000000     0.4700000000     0.5300000000
.      1.000    0.4600000000     0.5400000000     0.4600000000     0.5400000000
.      1.000    0.4700000000     0.5300000000     0.4700000000     0.5300000000
.      1.000    0.4900000000     0.5100000000     0.4900000000     0.5100000000
.      1.000    0.4600000000     0.5400000000     0.4600000000     0.5400000000
.      1.000    0.5300000000     0.4700000000     0.5300000000     0.4700000000
.      1.000    0.4900000000     0.5100000000     0.4900000000     0.5100000000
.      1.000    0.4200000000     0.5800000000     0.4200000000     0.5800000000
.      1.000    0.4700000000     0.5300000000     0.4700000000     0.5300000000
.      1.000    0.4600000000     0.5400000000     0.4600000000     0.5400000000
.      1.000    0.4700000000     0.5300000000     0.4700000000     0.5300000000
.      1.000    0.5200000000     0.4800000000     0.5200000000     0.4800000000
.      1.000    0.4100000000     0.5900000000     0.4100000000     0.5900000000
.      1.000    0.4700000000     0.5300000000     0.4700000000     0.5300000000
.      1.000    0.4200000000     0.5800000000     0.4200000000     0.5800000000
.      1.000    0.5000000000     0.5000000000     0.5000000000     0.5000000000
