    -3000.00000   681962.85129
    -2996.00000        1.00000
    -2992.00000        1.00000
    -2988.00000   681969.71290
    -2984.00000        1.00000
    -2980.00000   681970.78968
    -2976.00000   681975.91081
    -2972.00000   681972.42592
    -2968.00000   681977.71210
    -2964.00000   681981.74664
    -2960.00000   681979.55996
    -2956.00000   681983.91445
    -2952.00000   681987.28485
    -2948.00000   681985.99870
    -2944.00000   681989.75049
    -2940.00000   681992.55836
    -2936.00000   681991.97066
    -2932.00000   681995.24877
    -2928.00000   681997.65683
    -2924.00000   681997.62000
    -2920.00000   682000.51317
    -2916.00000   682002.62592
    -2912.00000   682002.98334
    -2908.00000   682005.61450
    -2904.00000   682007.46944
    -2900.00000   682008.20231
    -2896.00000   682010.54746
    -2892.00000   682012.23120
    -2888.00000   682013.24362
    -2884.00000   682015.35153
    -2880.00000   682016.91023
    -2876.00000   682018.10082
    -2872.00000   682020.06216
    -2868.00000   682021.52930
    -2864.00000   682022.86769
    -2860.00000   682024.67938
    -2856.00000   682026.09264
    -2852.00000   682027.51289
    -2848.00000   682029.22066
    -2844.00000   682030.60499
    -2840.00000   682032.06898
    -2836.00000   682033.66267
    -2832.00000   682035.06873
    -2828.00000   682036.56270
    -2824.00000   682038.07373
    -2820.00000   682039.48944
    -2816.00000   682040.95983
    -2812.00000   682042.43548
    -2808.00000   682043.84262
    -2804.00000   682045.29831
    -2800.00000   682046.74939
    -2796.00000   682048.16083
    -2792.00000   682049.60125
    -2788.00000   682051.01212
    -2784.00000   682052.42054
    -2780.00000   682053.84509
    -2776.00000   682055.23320
    -2772.00000   682056.63710
    -2768.00000   682058.06087
    -2764.00000   682059.41892
    -2760.00000   682060.79731
    -2756.00000   682062.20152
    -2752.00000   682063.56590
    -2748.00000   682064.92756
    -2744.00000   682066.30523
    -2740.00000   682067.66256
    -2736.00000   682069.01092
    -2732.00000   682070.37937
    -2728.00000   682071.71437
    -2724.00000   682073.05878
    -2720.00000   682074.42217
    -2716.00000   682075.75489
    -2712.00000   682077.08616
    -2708.00000   682078.41602
    -2704.00000   682079.74459
    -2700.00000   682081.07785
    -2696.00000   682082.39594
    -2692.00000   682083.70654
    -2688.00000   682085.02046
    -2684.00000   682086.31857
    -2680.00000   682087.63219
    -2676.00000   682088.92906
    -2672.00000   682090.23812
    -2668.00000   682091.52820
    -2664.00000   682092.81840
    -2660.00000   682094.10453
    -2656.00000   682095.38725
    -2652.00000   682096.65347
    -2648.00000   682097.94687
    -2644.00000   682099.22816
    -2640.00000   682100.49045
    -2636.00000   682101.76724
    -2632.00000   682103.03730
    -2628.00000   682104.30253
    -2624.00000   682105.56688
    -2620.00000   682106.81379
    -2616.00000   682108.08016
    -2612.00000   682109.33237
    -2608.00000   682110.57729
    -2604.00000   682111.82212
    -2600.00000   682113.06001
    -2596.00000   682114.31105
    -2592.00000   682115.55332
    -2588.00000   682116.77633
    -2584.00000   682118.01462
    -2580.00000   682119.25325
    -2576.00000   682120.48612
    -2572.00000   682121.71215
    -2568.00000   682122.94967
    -2564.00000   682124.16364
    -2560.00000   682125.39503
    -2556.00000   682126.61669
    -2552.00000   682127.82265
    -2548.00000   682129.03689
    -2544.00000   682130.25466
    -2540.00000   682131.45724
    -2536.00000   682132.67074
    -2532.00000   682133.86665
    -2528.00000   682135.06456
    -2524.00000   682136.27130
    -2520.00000   682137.45209
    -2516.00000   682138.65833
    -2512.00000   682139.84771
    -2508.00000   682141.03922
    -2504.00000   682142.22705
    -2500.00000   682143.41388
    -2496.00000   682144.59912
    -2492.00000   682145.77921
    -2488.00000   682146.97139
    -2484.00000   682148.14298
    -2480.00000   682149.33206
    -2476.00000   682150.49636
    -2472.00000   682151.67448
    -2468.00000   682152.85265
    -2464.00000   682154.00927
    -2460.00000   682155.18637
    -2456.00000   682156.35141
    -2452.00000   682157.51006
    -2448.00000   682158.67378
    -2444.00000   682159.84169
    -2440.00000   682160.99419
    -2436.00000   682162.15151
    -2432.00000   682163.30791
    -2428.00000   682164.46413
    -2424.00000   682165.61190
    -2420.00000   682166.75810
    -2416.00000   682167.91501
    -2412.00000   682169.04677
    -2408.00000   682170.19144
    -2404.00000   682171.34219
    -2400.00000   682172.48781
    -2396.00000   682173.62540
    -2392.00000   682174.76441
    -2388.00000   682175.90072
    -2384.00000   682177.03201
    -2380.00000   682178.16190
    -2376.00000   682179.28948
    -2372.00000   682180.41751
    -2368.00000   682181.54791
    -2364.00000   682182.66544
    -2360.00000   682183.78551
    -2356.00000   682184.90717
    -2352.00000   682186.03005
    -2348.00000   682187.14845
    -2344.00000   682188.26376
    -2340.00000   682189.37981
    -2336.00000   682190.49288
    -2332.00000   682191.60792
    -2328.00000   682192.71586
    -2324.00000   682193.82886
    -2320.00000   682194.93880
    -2316.00000   682196.04679
    -2312.00000   682197.15537
    -2308.00000   682198.26525
    -2304.00000   682199.37025
    -2300.00000   682200.47105
    -2296.00000   682201.57209
    -2292.00000   682202.66638
    -2288.00000   682203.76152
    -2284.00000   682204.85786
    -2280.00000   682205.95019
    -2276.00000   682207.04886
    -2272.00000   682208.13633
    -2268.00000   682209.23533
    -2264.00000   682210.31715
    -2260.00000   682211.40938
    -2256.00000   682212.50171
    -2252.00000   682213.58095
    -2248.00000   682214.66429
    -2244.00000   682215.74916
    -2240.00000   682216.83262
    -2236.00000   682217.91386
    -2232.00000   682218.98950
    -2228.00000   682220.06993
    -2224.00000   682221.14791
    -2220.00000   682222.22436
    -2216.00000   682223.30033
    -2212.00000   682224.37747
    -2208.00000   682225.44380
    -2204.00000   682226.51559
    -2200.00000   682227.58938
    -2196.00000   682228.65773
    -2192.00000   682229.72754
    -2188.00000   682230.79540
    -2184.00000   682231.86145
    -2180.00000   682232.92024
    -2176.00000   682233.98824
    -2172.00000   682235.04806
    -2168.00000   682236.10811
    -2164.00000   682237.16569
    -2160.00000   682238.22321
    -2156.00000   682239.27444
    -2152.00000   682240.33614
    -2148.00000   682241.38808
    -2144.00000   682242.43723
    -2140.00000   682243.49383
    -2136.00000   682244.54411
    -2132.00000   682245.60131
    -2128.00000   682246.63903
    -2124.00000   682247.69010
    -2120.00000   682248.73594
    -2116.00000   682249.78069
    -2112.00000   682250.83168
    -2108.00000   682251.88122
    -2104.00000   682252.91952
    -2100.00000   682253.95397
    -2096.00000   682254.99972
    -2092.00000   682256.04024
    -2088.00000   682257.07556
    -2084.00000   682258.11794
    -2080.00000   682259.15456
    -2076.00000   682260.19411
    -2072.00000   682261.22717
    -2068.00000   682262.26967
    -2064.00000   682263.30608
    -2060.00000   682264.33513
    -2056.00000   682265.37167
    -2052.00000   682266.39941
    -2048.00000   682267.42766
    -2044.00000   682268.45128
    -2040.00000   682269.47609
    -2036.00000   682270.50482
    -2032.00000   682271.52953
    -2028.00000   682272.55122
    -2024.00000   682273.57779
    -2020.00000   682274.59990
    -2016.00000   682275.61800
    -2012.00000   682276.63685
    -2008.00000   682277.65266
    -2004.00000   682278.66963
    -2000.00000   682279.68641
    -1996.00000   682280.70672
    -1992.00000   682281.72192
    -1988.00000   682282.73506
    -1984.00000   682283.75138
    -1980.00000   682284.75766
    -1976.00000   682285.77072
    -1972.00000   682286.78157
    -1968.00000   682287.78750
    -1964.00000   682288.80037
    -1960.00000   682289.80775
    -1956.00000   682290.81008
    -1952.00000   682291.82226
    -1948.00000   682292.82921
    -1944.00000   682293.83895
    -1940.00000   682294.83740
    -1936.00000   682295.84827
    -1932.00000   682296.85254
    -1928.00000   682297.85099
    -1924.00000   682298.85390
    -1920.00000   682299.84978
    -1916.00000   682300.84943
    -1912.00000   682301.85104
    -1908.00000   682302.84823
    -1904.00000   682303.84496
    -1900.00000   682304.84356
    -1896.00000   682305.84300
    -1892.00000   682306.83656
    -1888.00000   682307.83165
    -1884.00000   682308.82866
    -1880.00000   682309.81718
    -1876.00000   682310.80880
    -1872.00000   682311.80320
    -1868.00000   682312.79208
    -1864.00000   682313.78677
    -1860.00000   682314.77655
    -1856.00000   682315.76213
    -1852.00000   682316.75675
    -1848.00000   682317.73918
    -1844.00000   682318.72353
    -1840.00000   682319.70715
    -1836.00000   682320.68918
    -1832.00000   682321.67219
    -1828.00000   682322.65389
    -1824.00000   682323.63562
    -1820.00000   682324.61334
    -1816.00000   682325.59669
    -1812.00000   682326.57253
    -1808.00000   682327.56084
    -1804.00000   682328.53563
    -1800.00000   682329.51572
    -1796.00000   682330.48949
    -1792.00000   682331.47094
    -1788.00000   682332.44206
    -1784.00000   682333.42591
    -1780.00000   682334.39602
    -1776.00000   682335.37255
    -1772.00000   682336.34354
    -1768.00000   682337.31265
    -1764.00000   682338.28966
    -1760.00000   682339.25878
    -1756.00000   682340.22773
    -1752.00000   682341.19977
    -1748.00000   682342.16779
    -1744.00000   682343.13915
    -1740.00000   682344.10740
    -1736.00000   682345.07512
    -1732.00000   682346.03940
    -1728.00000   682347.00302
    -1724.00000   682347.96663
    -1720.00000   682348.93362
    -1716.00000   682349.89413
    -1712.00000   682350.85666
    -1708.00000   682351.82006
    -1704.00000   682352.77993
    -1700.00000   682353.73663
    -1696.00000   682354.70139
    -1692.00000   682355.65586
    -1688.00000   682356.61469
    -1684.00000   682357.56827
    -1680.00000   682358.53167
    -1676.00000   682359.48597
    -1672.00000   682360.44078
    -1668.00000   682361.39902
    -1664.00000   682362.35465
    -1660.00000   682363.30677
    -1656.00000   682364.26552
    -1652.00000   682365.21989
    -1648.00000   682366.17579
    -1644.00000   682367.12976
    -1640.00000   682368.07792
    -1636.00000   682369.03361
    -1632.00000   682369.98546
    -1628.00000   682370.93933
    -1624.00000   682371.88933
    -1620.00000   682372.83860
    -1616.00000   682373.78882
    -1612.00000   682374.73506
    -1608.00000   682375.68356
    -1604.00000   682376.63166
    -1600.00000   682377.57814
    -1596.00000   682378.52255
    -1592.00000   682379.47206
    -1588.00000   682380.41722
    -1584.00000   682381.35823
    -1580.00000   682382.30397
    -1576.00000   682383.24757
    -1572.00000   682384.19191
    -1568.00000   682385.13732
    -1564.00000   682386.07147
    -1560.00000   682387.01927
    -1556.00000   682387.96123
    -1552.00000   682388.89722
    -1548.00000   682389.84356
    -1544.00000   682390.78678
    -1540.00000   682391.71937
    -1536.00000   682392.65847
    -1532.00000   682393.59798
    -1528.00000   682394.53082
    -1524.00000   682395.47016
    -1520.00000   682396.40585
    -1516.00000   682397.33917
    -1512.00000   682398.26995
    -1508.00000   682399.20795
    -1504.00000   682400.13996
    -1500.00000   682401.07527
    -1496.00000   682402.00826
    -1492.00000   682402.94048
    -1488.00000   682403.87086
    -1484.00000   682404.80292
    -1480.00000   682405.73756
    -1476.00000   682406.67430
    -1472.00000   682407.60107
    -1468.00000   682408.52880
    -1464.00000   682409.45853
    -1460.00000   682410.38613
    -1456.00000   682411.31572
    -1452.00000   682412.24368
    -1448.00000   682413.17614
    -1444.00000   682414.09784
    -1440.00000   682415.02782
    -1436.00000   682415.95200
    -1432.00000   682416.87353
    -1428.00000   682417.79468
    -1424.00000   682418.71916
    -1420.00000   682419.64217
    -1416.00000   682420.56587
    -1412.00000   682421.48677
    -1408.00000   682422.41090
    -1404.00000   682423.33359
    -1400.00000   682424.25694
    -1396.00000   682425.18103
    -1392.00000   682426.09851
    -1388.00000   682427.01732
    -1384.00000   682427.93847
    -1380.00000   682428.85477
    -1376.00000   682429.77444
    -1372.00000   682430.69009
    -1368.00000   682431.60616
    -1364.00000   682432.51408
    -1360.00000   682433.43132
    -1356.00000   682434.34853
    -1352.00000   682435.26620
    -1348.00000   682436.18126
    -1344.00000   682437.09113
    -1340.00000   682438.00812
    -1336.00000   682438.91658
    -1332.00000   682439.83418
    -1328.00000   682440.74305
    -1324.00000   682441.65221
    -1320.00000   682442.55664
    -1316.00000   682443.46779
    -1312.00000   682444.37753
    -1308.00000   682445.28854
    -1304.00000   682446.19647
    -1300.00000   682447.10298
    -1296.00000   682448.01144
    -1292.00000   682448.91492
    -1288.00000   682449.82405
    -1284.00000   682450.72574
    -1280.00000   682451.63016
    -1276.00000   682452.53655
    -1272.00000   682453.43807
    -1268.00000   682454.34047
    -1264.00000   682455.24592
    -1260.00000   682456.15009
    -1256.00000   682457.04926
    -1252.00000   682457.95111
    -1248.00000   682458.85332
    -1244.00000   682459.75034
    -1240.00000   682460.65595
    -1236.00000   682461.55058
    -1232.00000   682462.44940
    -1228.00000   682463.34784
    -1224.00000   682464.24922
    -1220.00000   682465.14331
    -1216.00000   682466.03596
    -1212.00000   682466.93346
    -1208.00000   682467.82503
    -1204.00000   682468.72097
    -1200.00000   682469.61588
    -1196.00000   682470.50970
    -1192.00000   682471.40383
    -1188.00000   682472.29361
    -1184.00000   682473.19060
    -1180.00000   682474.08641
    -1176.00000   682474.97478
    -1172.00000   682475.86490
    -1168.00000   682476.75745
    -1164.00000   682477.65058
    -1160.00000   682478.54031
    -1156.00000   682479.43003
    -1152.00000   682480.31693
    -1148.00000   682481.20500
    -1144.00000   682482.09624
    -1140.00000   682482.98297
    -1136.00000   682483.86879
    -1132.00000   682484.75212
    -1128.00000   682485.64289
    -1124.00000   682486.52854
    -1120.00000   682487.41438
    -1116.00000   682488.29577
    -1112.00000   682489.18018
    -1108.00000   682490.06387
    -1104.00000   682490.94618
    -1100.00000   682491.82859
    -1096.00000   682492.70780
    -1092.00000   682493.58836
    -1088.00000   682494.46929
    -1084.00000   682495.34237
    -1080.00000   682496.22790
    -1076.00000   682497.10296
    -1072.00000   682497.98062
    -1068.00000   682498.85826
    -1064.00000   682499.73262
    -1060.00000   682500.60925
    -1056.00000   682501.48363
    -1052.00000   682502.35656
    -1048.00000   682503.23431
    -1044.00000   682504.10718
    -1040.00000   682504.97772
    -1036.00000   682505.84451
    -1032.00000   682506.71978
    -1028.00000   682507.59369
    -1024.00000   682508.46475
    -1020.00000   682509.33560
    -1016.00000   682510.20424
    -1012.00000   682511.07094
    -1008.00000   682511.93950
    -1004.00000   682512.80248
    -1000.00000   682513.66080
     -996.00000   682514.52470
     -992.00000   682515.38531
     -988.00000   682516.24970
     -984.00000   682517.10858
     -980.00000   682517.97478
     -976.00000   682518.83272
     -972.00000   682519.69368
     -968.00000   682520.55342
     -964.00000   682521.40813
     -960.00000   682522.26902
     -956.00000   682523.12328
     -952.00000   682523.98022
     -948.00000   682524.83547
     -944.00000   682525.69061
     -940.00000   682526.54175
     -936.00000   682527.39236
     -932.00000   682528.24451
     -928.00000   682529.08937
     -924.00000   682529.93984
     -920.00000   682530.78778
     -916.00000   682531.63924
     -912.00000   682532.48872
     -908.00000   682533.33808
     -904.00000   682534.18434
     -900.00000   682535.02581
     -896.00000   682535.87034
     -892.00000   682536.71011
     -888.00000   682537.55001
     -884.00000   682538.38637
     -880.00000   682539.21932
     -876.00000   682540.05875
     -872.00000   682540.89492
     -868.00000   682541.72851
     -864.00000   682542.56377
     -860.00000   682543.39498
     -856.00000   682544.22117
     -852.00000   682545.05326
     -848.00000   682545.87766
     -844.00000   682546.70725
     -840.00000   682547.53869
     -836.00000   682548.36146
     -832.00000   682549.18433
     -828.00000   682550.00359
     -824.00000   682550.82592
     -820.00000   682551.64813
     -816.00000   682552.46568
     -812.00000   682553.28539
     -808.00000   682554.10348
     -804.00000   682554.91710
     -800.00000   682555.72507
     -796.00000   682556.53656
     -792.00000   682557.34609
     -788.00000   682558.15210
     -784.00000   682558.96146
     -780.00000   682559.76211
     -776.00000   682560.56501
     -772.00000   682561.36656
     -768.00000   682562.16636
     -764.00000   682562.96316
     -760.00000   682563.75535
     -756.00000   682564.54593
     -752.00000   682565.33703
     -748.00000   682566.12495
     -744.00000   682566.91241
     -740.00000   682567.70221
     -736.00000   682568.48529
     -732.00000   682569.26489
     -728.00000   682570.04259
     -724.00000   682570.81836
     -720.00000   682571.58949
     -716.00000   682572.36363
     -712.00000   682573.13202
     -708.00000   682573.90279
     -704.00000   682574.66720
     -700.00000   682575.43515
     -696.00000   682576.19736
     -692.00000   682576.95714
     -688.00000   682577.71258
     -684.00000   682578.47010
     -680.00000   682579.21932
     -676.00000   682579.96546
     -672.00000   682580.71810
     -668.00000   682581.46216
     -664.00000   682582.20553
     -660.00000   682582.94939
     -656.00000   682583.68520
     -652.00000   682584.41634
     -648.00000   682585.14570
     -644.00000   682585.87327
     -640.00000   682586.59879
     -636.00000   682587.32356
     -632.00000   682588.03878
     -628.00000   682588.75729
     -624.00000   682589.47030
     -620.00000   682590.17900
     -616.00000   682590.88868
     -612.00000   682591.58534
     -608.00000   682592.29047
     -604.00000   682592.98505
     -600.00000   682593.67965
     -596.00000   682594.36783
     -592.00000   682595.05918
     -588.00000   682595.73733
     -584.00000   682596.42140
     -580.00000   682597.09649
     -576.00000   682597.77146
     -572.00000   682598.43915
     -568.00000   682599.10767
     -564.00000   682599.77142
     -560.00000   682600.43195
     -556.00000   682601.09050
     -552.00000   682601.74617
     -548.00000   682602.39293
     -544.00000   682603.03853
     -540.00000   682603.67863
     -536.00000   682604.32049
     -532.00000   682604.95727
     -528.00000   682605.59196
     -524.00000   682606.21841
     -520.00000   682606.84125
     -516.00000   682607.46173
     -512.00000   682608.07867
     -508.00000   682608.69350
     -504.00000   682609.29868
     -500.00000   682609.90347
     -496.00000   682610.50296
     -492.00000   682611.10033
     -488.00000   682611.69364
     -484.00000   682612.28851
     -480.00000   682612.87626
     -476.00000   682613.45605
     -472.00000   682614.03749
     -468.00000   682614.61224
     -464.00000   682615.18149
     -460.00000   682615.74929
     -456.00000   682616.31240
     -452.00000   682616.86895
     -448.00000   682617.42462
     -444.00000   682617.97456
     -440.00000   682618.51689
     -436.00000   682619.05965
     -432.00000   682619.59579
     -428.00000   682620.12844
     -424.00000   682620.65541
     -420.00000   682621.17810
     -416.00000   682621.70204
     -412.00000   682622.21797
     -408.00000   682622.73082
     -404.00000   682623.24278
     -400.00000   682623.74705
     -396.00000   682624.24814
     -392.00000   682624.74741
     -388.00000   682625.23610
     -384.00000   682625.72350
     -380.00000   682626.20219
     -376.00000   682626.68138
     -372.00000   682627.15424
     -368.00000   682627.62216
     -364.00000   682628.08261
     -360.00000   682628.54290
     -356.00000   682628.99485
     -352.00000   682629.44524
     -348.00000   682629.89235
     -344.00000   682630.32838
     -340.00000   682630.76368
     -336.00000   682631.19520
     -332.00000   682631.62140
     -328.00000   682632.04219
     -324.00000   682632.46008
     -320.00000   682632.86927
     -316.00000   682633.27512
     -312.00000   682633.68010
     -308.00000   682634.07903
     -304.00000   682634.47419
     -300.00000   682634.86056
     -296.00000   682635.24666
     -292.00000   682635.62700
     -288.00000   682636.00411
     -284.00000   682636.37373
     -280.00000   682636.74242
     -276.00000   682637.10325
     -272.00000   682637.45737
     -268.00000   682637.80673
     -264.00000   682638.15247
     -260.00000   682638.49507
     -256.00000   682638.83260
     -252.00000   682639.16302
     -248.00000   682639.48855
     -244.00000   682639.80784
     -240.00000   682640.12558
     -236.00000   682640.44044
     -232.00000   682640.74609
     -228.00000   682641.04530
     -224.00000   682641.34425
     -220.00000   682641.63377
     -216.00000   682641.91978
     -212.00000   682642.20055
     -208.00000   682642.47581
     -204.00000   682642.74764
     -200.00000   682643.01312
     -196.00000   682643.27399
     -192.00000   682643.52974
     -188.00000   682643.77970
     -184.00000   682644.02240
     -180.00000   682644.26314
     -176.00000   682644.49707
     -172.00000   682644.72706
     -168.00000   682644.95042
     -164.00000   682645.16831
     -160.00000   682645.37958
     -156.00000   682645.58687
     -152.00000   682645.79210
     -148.00000   682645.98903
     -144.00000   682646.18147
     -140.00000   682646.37037
     -136.00000   682646.55151
     -132.00000   682646.72946
     -128.00000   682646.90114
     -124.00000   682647.06937
     -120.00000   682647.23402
     -116.00000   682647.39173
     -112.00000   682647.54182
     -108.00000   682647.68650
     -104.00000   682647.82791
     -100.00000   682647.96501
      -96.00000   682648.09798
      -92.00000   682648.22330
      -88.00000   682648.34227
      -84.00000   682648.45958
      -80.00000   682648.56687
      -76.00000   682648.67072
      -72.00000   682648.76728
      -68.00000   682648.86086
      -64.00000   682648.95090
      -60.00000   682649.03595
      -56.00000   682649.11214
      -52.00000   682649.18298
      -48.00000   682649.25076
      -44.00000   682649.31432
      -40.00000   682649.37132
      -36.00000   682649.42164
      -32.00000   682649.46691
      -28.00000   682649.50980
      -24.00000   682649.54574
      -20.00000   682649.57386
      -16.00000   682649.59630
      -12.00000   682649.61571
       -8.00000   682649.62745
       -4.00000   682649.63719
        0.00000   682649.63985
        4.00000   682649.63699
        8.00000   682649.62844
       12.00000   682649.61544
       16.00000   682649.59783
       20.00000   682649.57316
       24.00000   682649.54331
       28.00000   682649.50570
       32.00000   682649.46734
       36.00000   682649.42090
       40.00000   682649.37076
       44.00000   682649.31344
       48.00000   682649.25429
       52.00000   682649.19004
       56.00000   682649.11508
       60.00000   682649.03607
       64.00000   682648.95117
       68.00000   682648.86113
       72.00000   682648.76673
       76.00000   682648.66687
       80.00000   682648.56078
       84.00000   682648.45172
       88.00000   682648.33349
       92.00000   682648.21182
       96.00000   682648.08498
      100.00000   682647.95360
      104.00000   682647.81639
      108.00000   682647.67489
      112.00000   682647.52736
      116.00000   682647.37481
      120.00000   682647.21660
      124.00000   682647.05472
      128.00000   682646.88551
      132.00000   682646.71494
      136.00000   682646.53677
      140.00000   682646.35310
      144.00000   682646.16321
      148.00000   682645.96882
      152.00000   682645.77088
      156.00000   682645.56323
      160.00000   682645.35436
      164.00000   682645.13932
      168.00000   682644.92274
      172.00000   682644.69610
      176.00000   682644.46475
      180.00000   682644.23358
      184.00000   682643.99229
      188.00000   682643.74635
      192.00000   682643.50060
      196.00000   682643.24234
      200.00000   682642.98047
      204.00000   682642.71484
      208.00000   682642.44274
      212.00000   682642.16389
      216.00000   682641.88073
      220.00000   682641.59582
      224.00000   682641.30322
      228.00000   682641.00520
      232.00000   682640.70301
      236.00000   682640.39195
      240.00000   682640.07955
      244.00000   682639.76325
      248.00000   682639.44241
      252.00000   682639.11708
      256.00000   682638.78488
      260.00000   682638.44855
      264.00000   682638.10879
      268.00000   682637.75836
      272.00000   682637.40812
      276.00000   682637.04928
      280.00000   682636.68900
      284.00000   682636.32375
      288.00000   682635.95155
      292.00000   682635.57747
      296.00000   682635.19821
      300.00000   682634.81293
      304.00000   682634.42534
      308.00000   682634.03199
      312.00000   682633.63225
      316.00000   682633.22743
      320.00000   682632.81962
      324.00000   682632.40756
      328.00000   682631.99189
      332.00000   682631.56886
      336.00000   682631.14243
      340.00000   682630.70913
      344.00000   682630.27023
      348.00000   682629.82867
      352.00000   682629.38516
      356.00000   682628.93164
      360.00000   682628.47923
      364.00000   682628.01803
      368.00000   682627.55331
      372.00000   682627.08359
      376.00000   682626.61115
      380.00000   682626.13483
      384.00000   682625.65533
      388.00000   682625.17140
      392.00000   682624.68072
      396.00000   682624.17841
      400.00000   682623.67964
      404.00000   682623.17745
      408.00000   682622.66878
      412.00000   682622.15582
      416.00000   682621.63701
      420.00000   682621.11451
      424.00000   682620.58944
      428.00000   682620.06154
      432.00000   682619.52802
      436.00000   682618.98935
      440.00000   682618.45000
      444.00000   682617.90880
      448.00000   682617.36212
      452.00000   682616.81225
      456.00000   682616.25224
      460.00000   682615.69313
      464.00000   682615.12782
      468.00000   682614.55418
      472.00000   682613.97934
      476.00000   682613.40485
      480.00000   682612.82247
      484.00000   682612.23738
      488.00000   682611.64522
      492.00000   682611.05360
      496.00000   682610.45444
      500.00000   682609.85714
      504.00000   682609.25158
      508.00000   682608.64707
      512.00000   682608.03069
      516.00000   682607.41693
      520.00000   682606.79593
      524.00000   682606.16818
      528.00000   682605.53679
      532.00000   682604.90222
      536.00000   682604.26707
      540.00000   682603.62172
      544.00000   682602.98026
      548.00000   682602.33353
      552.00000   682601.68051
      556.00000   682601.02799
      560.00000   682600.36977
      564.00000   682599.71006
      568.00000   682599.04853
      572.00000   682598.38303
      576.00000   682597.70923
      580.00000   682597.03790
      584.00000   682596.35776
      588.00000   682595.67509
      592.00000   682594.99408
      596.00000   682594.30323
      600.00000   682593.60959
      604.00000   682592.91513
      608.00000   682592.22483
      612.00000   682591.51863
      616.00000   682590.81611
      620.00000   682590.10641
      624.00000   682589.39373
      628.00000   682588.68386
      632.00000   682587.96838
      636.00000   682587.24982
      640.00000   682586.52699
      644.00000   682585.79907
      648.00000   682585.06972
      652.00000   682584.34135
      656.00000   682583.60762
      660.00000   682582.86921
      664.00000   682582.13282
      668.00000   682581.38895
      672.00000   682580.64754
      676.00000   682579.89869
      680.00000   682579.14986
      684.00000   682578.39478
      688.00000   682577.64397
      692.00000   682576.88975
      696.00000   682576.12524
      700.00000   682575.36697
      704.00000   682574.60267
      708.00000   682573.83473
      712.00000   682573.06606
      716.00000   682572.29409
      720.00000   682571.51773
      724.00000   682570.74482
      728.00000   682569.96653
      732.00000   682569.19319
      736.00000   682568.41622
      740.00000   682567.62895
      744.00000   682566.84293
      748.00000   682566.05395
      752.00000   682565.26341
      756.00000   682564.46930
      760.00000   682563.67622
      764.00000   682562.87946
      768.00000   682562.08193
      772.00000   682561.28465
      776.00000   682560.48582
      780.00000   682559.68351
      784.00000   682558.87333
      788.00000   682558.06401
      792.00000   682557.25316
      796.00000   682556.44244
      800.00000   682555.63401
      804.00000   682554.82093
      808.00000   682554.00541
      812.00000   682553.19039
      816.00000   682552.37515
      820.00000   682551.56207
      824.00000   682550.73891
      828.00000   682549.92070
      832.00000   682549.09674
      836.00000   682548.27114
      840.00000   682547.43942
      844.00000   682546.61753
      848.00000   682545.78633
      852.00000   682544.95885
      856.00000   682544.12877
      860.00000   682543.29578
      864.00000   682542.46666
      868.00000   682541.63190
      872.00000   682540.79918
      876.00000   682539.96637
      880.00000   682539.12802
      884.00000   682538.28866
      888.00000   682537.45236
      892.00000   682536.61141
      896.00000   682535.76788
      900.00000   682534.92051
      904.00000   682534.07534
      908.00000   682533.23258
      912.00000   682532.38704
      916.00000   682531.54131
      920.00000   682530.68850
      924.00000   682529.84482
      928.00000   682528.99496
      932.00000   682528.14195
      936.00000   682527.28816
      940.00000   682526.43321
      944.00000   682525.58196
      948.00000   682524.72823
      952.00000   682523.87046
      956.00000   682523.01468
      960.00000   682522.16253
      964.00000   682521.30890
      968.00000   682520.44643
      972.00000   682519.59241
      976.00000   682518.73025
      980.00000   682517.86418
      984.00000   682516.99961
      988.00000   682516.15063
      992.00000   682515.27828
      996.00000   682514.41699
     1000.00000   682513.55297
     1004.00000   682512.68905
     1008.00000   682511.81868
     1012.00000   682510.95613
     1016.00000   682510.09210
     1020.00000   682509.22538
     1024.00000   682508.35364
     1028.00000   682507.48014
     1032.00000   682506.61051
     1036.00000   682505.74415
     1040.00000   682504.87416
     1044.00000   682504.00851
     1048.00000   682503.13389
     1052.00000   682502.26075
     1056.00000   682501.38659
     1060.00000   682500.51301
     1064.00000   682499.63985
     1068.00000   682498.76530
     1072.00000   682497.88729
     1076.00000   682497.01162
     1080.00000   682496.13516
     1084.00000   682495.25447
     1088.00000   682494.37703
     1092.00000   682493.49811
     1096.00000   682492.62347
     1100.00000   682491.74038
     1104.00000   682490.85663
     1108.00000   682489.97421
     1112.00000   682489.09164
     1116.00000   682488.21169
     1120.00000   682487.33098
     1124.00000   682486.44375
     1128.00000   682485.55925
     1132.00000   682484.67424
     1136.00000   682483.78811
     1140.00000   682482.90210
     1144.00000   682482.01253
     1148.00000   682481.13031
     1152.00000   682480.24026
     1156.00000   682479.35527
     1160.00000   682478.45793
     1164.00000   682477.57161
     1168.00000   682476.68254
     1172.00000   682475.79303
     1176.00000   682474.90532
     1180.00000   682474.01539
     1184.00000   682473.12564
     1188.00000   682472.23814
     1192.00000   682471.33902
     1196.00000   682470.44407
     1200.00000   682469.55144
     1204.00000   682468.65453
     1208.00000   682467.75506
     1212.00000   682466.85688
     1216.00000   682465.95937
     1220.00000   682465.06096
     1224.00000   682464.16015
     1228.00000   682463.26513
     1232.00000   682462.36399
     1236.00000   682461.46169
     1240.00000   682460.56186
     1244.00000   682459.66208
     1248.00000   682458.76047
     1252.00000   682457.84996
     1256.00000   682456.95196
     1260.00000   682456.05384
     1264.00000   682455.14733
     1268.00000   682454.24060
     1272.00000   682453.33672
     1276.00000   682452.43025
     1280.00000   682451.52479
     1284.00000   682450.62037
     1288.00000   682449.71339
     1292.00000   682448.81245
     1296.00000   682447.90175
     1300.00000   682446.99480
     1304.00000   682446.07769
     1308.00000   682445.16639
     1312.00000   682444.25744
     1316.00000   682443.34776
     1320.00000   682442.43616
     1324.00000   682441.52585
     1328.00000   682440.61818
     1332.00000   682439.70208
     1336.00000   682438.78930
     1340.00000   682437.87210
     1344.00000   682436.95955
     1348.00000   682436.04601
     1352.00000   682435.13286
     1356.00000   682434.21961
     1360.00000   682433.30451
     1364.00000   682432.38895
     1368.00000   682431.47303
     1372.00000   682430.55953
     1376.00000   682429.63995
     1380.00000   682428.72544
     1384.00000   682427.80490
     1388.00000   682426.89317
     1392.00000   682425.97157
     1396.00000   682425.04976
     1400.00000   682424.13028
     1404.00000   682423.21193
     1408.00000   682422.28499
     1412.00000   682421.36719
     1416.00000   682420.44112
     1420.00000   682419.51652
     1424.00000   682418.59091
     1428.00000   682417.66972
     1432.00000   682416.74577
     1436.00000   682415.82180
     1440.00000   682414.89295
     1444.00000   682413.96755
     1448.00000   682413.03753
     1452.00000   682412.11452
     1456.00000   682411.18360
     1460.00000   682410.25755
     1464.00000   682409.32711
     1468.00000   682408.39740
     1472.00000   682407.46695
     1476.00000   682406.53654
     1480.00000   682405.60666
     1484.00000   682404.67442
     1488.00000   682403.74473
     1492.00000   682402.80975
     1496.00000   682401.87668
     1500.00000   682400.94133
     1504.00000   682400.00996
     1508.00000   682399.07017
     1512.00000   682398.14469
     1516.00000   682397.21164
     1520.00000   682396.27256
     1524.00000   682395.33875
     1528.00000   682394.39894
     1532.00000   682393.45827
     1536.00000   682392.51957
     1540.00000   682391.58518
     1544.00000   682390.64196
     1548.00000   682389.70200
     1552.00000   682388.76399
     1556.00000   682387.82115
     1560.00000   682386.88058
     1564.00000   682385.93624
     1568.00000   682384.99841
     1572.00000   682384.05450
     1576.00000   682383.11720
     1580.00000   682382.17138
     1584.00000   682381.23411
     1588.00000   682380.28457
     1592.00000   682379.33727
     1596.00000   682378.39451
     1600.00000   682377.44470
     1604.00000   682376.49983
     1608.00000   682375.55960
     1612.00000   682374.60773
     1616.00000   682373.66182
     1620.00000   682372.71529
     1624.00000   682371.76782
     1628.00000   682370.81837
     1632.00000   682369.86634
     1636.00000   682368.91651
     1640.00000   682367.96853
     1644.00000   682367.01693
     1648.00000   682366.05857
     1652.00000   682365.10746
     1656.00000   682364.14948
     1660.00000   682363.19200
     1664.00000   682362.24213
     1668.00000   682361.28197
     1672.00000   682360.33113
     1676.00000   682359.37179
     1680.00000   682358.41479
     1684.00000   682357.45877
     1688.00000   682356.49413
     1692.00000   682355.53549
     1696.00000   682354.57473
     1700.00000   682353.61186
     1704.00000   682352.64822
     1708.00000   682351.68949
     1712.00000   682350.72264
     1716.00000   682349.76064
     1720.00000   682348.79765
     1724.00000   682347.83026
     1728.00000   682346.86597
     1732.00000   682345.89835
     1736.00000   682344.93361
     1740.00000   682343.96835
     1744.00000   682342.99909
     1748.00000   682342.03314
     1752.00000   682341.06570
     1756.00000   682340.09487
     1760.00000   682339.12574
     1764.00000   682338.15086
     1768.00000   682337.17757
     1772.00000   682336.20291
     1776.00000   682335.23062
     1780.00000   682334.25590
     1784.00000   682333.27837
     1788.00000   682332.30592
     1792.00000   682331.32852
     1796.00000   682330.35417
     1800.00000   682329.37830
     1804.00000   682328.40136
     1808.00000   682327.42345
     1812.00000   682326.44555
     1816.00000   682325.46481
     1820.00000   682324.48315
     1824.00000   682323.49731
     1828.00000   682322.51345
     1832.00000   682321.53254
     1836.00000   682320.54629
     1840.00000   682319.55969
     1844.00000   682318.57304
     1848.00000   682317.58225
     1852.00000   682316.59540
     1856.00000   682315.60471
     1860.00000   682314.62093
     1864.00000   682313.63121
     1868.00000   682312.64174
     1872.00000   682311.66134
     1876.00000   682310.66435
     1880.00000   682309.67784
     1884.00000   682308.67971
     1888.00000   682307.69102
     1892.00000   682306.69425
     1896.00000   682305.69927
     1900.00000   682304.70172
     1904.00000   682303.70709
     1908.00000   682302.71267
     1912.00000   682301.70498
     1916.00000   682300.71184
     1920.00000   682299.71546
     1924.00000   682298.71542
     1928.00000   682297.71047
     1932.00000   682296.70937
     1936.00000   682295.70096
     1940.00000   682294.69599
     1944.00000   682293.68976
     1948.00000   682292.67633
     1952.00000   682291.67216
     1956.00000   682290.66128
     1960.00000   682289.65813
     1964.00000   682288.65051
     1968.00000   682287.64164
     1972.00000   682286.63306
     1976.00000   682285.62036
     1980.00000   682284.60314
     1984.00000   682283.58939
     1988.00000   682282.57612
     1992.00000   682281.56145
     1996.00000   682280.54402
     2000.00000   682279.52550
     2004.00000   682278.50652
     2008.00000   682277.48514
     2012.00000   682276.46518
     2016.00000   682275.44925
     2020.00000   682274.42292
     2024.00000   682273.40040
     2028.00000   682272.37804
     2032.00000   682271.35232
     2036.00000   682270.32989
     2040.00000   682269.30447
     2044.00000   682268.28004
     2048.00000   682267.25015
     2052.00000   682266.21741
     2056.00000   682265.18662
     2060.00000   682264.15468
     2064.00000   682263.12995
     2068.00000   682262.09106
     2072.00000   682261.06110
     2076.00000   682260.02783
     2080.00000   682258.98885
     2084.00000   682257.95504
     2088.00000   682256.91350
     2092.00000   682255.87268
     2096.00000   682254.83707
     2100.00000   682253.79037
     2104.00000   682252.74796
     2108.00000   682251.71149
     2112.00000   682250.67021
     2116.00000   682249.62044
     2120.00000   682248.57834
     2124.00000   682247.52280
     2128.00000   682246.47611
     2132.00000   682245.42067
     2136.00000   682244.36906
     2140.00000   682243.31040
     2144.00000   682242.25879
     2148.00000   682241.20234
     2152.00000   682240.14854
     2156.00000   682239.08900
     2160.00000   682238.03161
     2164.00000   682236.97408
     2168.00000   682235.91974
     2172.00000   682234.85273
     2176.00000   682233.79492
     2180.00000   682232.72600
     2184.00000   682231.66031
     2188.00000   682230.59780
     2192.00000   682229.53249
     2196.00000   682228.46458
     2200.00000   682227.39483
     2204.00000   682226.32632
     2208.00000   682225.25780
     2212.00000   682224.18241
     2216.00000   682223.11369
     2220.00000   682222.03979
     2224.00000   682220.96287
     2228.00000   682219.88509
     2232.00000   682218.81152
     2236.00000   682217.72604
     2240.00000   682216.64634
     2244.00000   682215.56281
     2248.00000   682214.48271
     2252.00000   682213.39273
     2256.00000   682212.31905
     2260.00000   682211.22397
     2264.00000   682210.13846
     2268.00000   682209.04996
     2272.00000   682207.96452
     2276.00000   682206.87152
     2280.00000   682205.77453
     2284.00000   682204.68203
     2288.00000   682203.57664
     2292.00000   682202.48759
     2296.00000   682201.38623
     2300.00000   682200.28053
     2304.00000   682199.18754
     2308.00000   682198.07588
     2312.00000   682196.98017
     2316.00000   682195.86840
     2320.00000   682194.76725
     2324.00000   682193.64848
     2328.00000   682192.54008
     2332.00000   682191.42779
     2336.00000   682190.30694
     2340.00000   682189.20123
     2344.00000   682188.07732
     2348.00000   682186.96478
     2352.00000   682185.84491
     2356.00000   682184.71666
     2360.00000   682183.59559
     2364.00000   682182.47274
     2368.00000   682181.34005
     2372.00000   682180.21580
     2376.00000   682179.08727
     2380.00000   682177.95439
     2384.00000   682176.82028
     2388.00000   682175.69521
     2392.00000   682174.55039
     2396.00000   682173.41443
     2400.00000   682172.28137
     2404.00000   682171.13237
     2408.00000   682170.00078
     2412.00000   682168.85308
     2416.00000   682167.70558
     2420.00000   682166.55967
     2424.00000   682165.41542
     2428.00000   682164.26472
     2432.00000   682163.11272
     2436.00000   682161.95866
     2440.00000   682160.79971
     2444.00000   682159.64671
     2448.00000   682158.48289
     2452.00000   682157.32342
     2456.00000   682156.15480
     2460.00000   682154.99679
     2464.00000   682153.82592
     2468.00000   682152.65907
     2472.00000   682151.48715
     2476.00000   682150.31084
     2480.00000   682149.12927
     2484.00000   682147.96036
     2488.00000   682146.76712
     2492.00000   682145.58956
     2496.00000   682144.40306
     2500.00000   682143.21964
     2504.00000   682142.03914
     2508.00000   682140.84703
     2512.00000   682139.65912
     2516.00000   682138.46907
     2520.00000   682137.26474
     2524.00000   682136.07085
     2528.00000   682134.86832
     2532.00000   682133.66162
     2536.00000   682132.45563
     2540.00000   682131.25673
     2544.00000   682130.04959
     2548.00000   682128.84400
     2552.00000   682127.62145
     2556.00000   682126.40819
     2560.00000   682125.19922
     2564.00000   682123.97228
     2568.00000   682122.75617
     2572.00000   682121.53277
     2576.00000   682120.30573
     2580.00000   682119.07494
     2584.00000   682117.82938
     2588.00000   682116.59457
     2592.00000   682115.36112
     2596.00000   682114.12325
     2600.00000   682112.86947
     2604.00000   682111.62509
     2608.00000   682110.39195
     2612.00000   682109.14059
     2616.00000   682107.89071
     2620.00000   682106.63546
     2624.00000   682105.36961
     2628.00000   682104.12255
     2632.00000   682102.85077
     2636.00000   682101.59083
     2640.00000   682100.31305
     2644.00000   682099.03648
     2648.00000   682097.76719
     2652.00000   682096.49506
     2656.00000   682095.20411
     2660.00000   682093.92110
     2664.00000   682092.64640
     2668.00000   682091.33766
     2672.00000   682090.05005
     2676.00000   682088.76032
     2680.00000   682087.45116
     2684.00000   682086.14768
     2688.00000   682084.84339
     2692.00000   682083.52127
     2696.00000   682082.21324
     2700.00000   682080.89076
     2704.00000   682079.56700
     2708.00000   682078.23476
     2712.00000   682076.91444
     2716.00000   682075.56359
     2720.00000   682074.22918
     2724.00000   682072.88609
     2728.00000   682071.53471
     2732.00000   682070.18609
     2736.00000   682068.84648
     2740.00000   682067.48247
     2744.00000   682066.11720
     2748.00000   682064.75699
     2752.00000   682063.38804
     2756.00000   682062.00264
     2760.00000   682060.62923
     2764.00000   682059.23231
     2768.00000   682057.85284
     2772.00000   682056.45934
     2776.00000   682055.05628
     2780.00000   682053.65565
     2784.00000   682052.24135
     2788.00000   682050.83203
     2792.00000   682049.39762
     2796.00000   682047.97167
     2800.00000   682046.55668
     2804.00000   682045.10568
     2808.00000   682043.66279
     2812.00000   682042.23480
     2816.00000   682040.75049
     2820.00000   682039.30099
     2824.00000   682037.86482
     2828.00000   682036.33425
     2832.00000   682034.85457
     2836.00000   682033.45743
     2840.00000   682031.85228
     2844.00000   682030.38418
     2848.00000   682028.96717
     2852.00000   682027.28292
     2856.00000   682025.85640
     2860.00000   682024.41485
     2864.00000   682022.60346
     2868.00000   682021.27813
     2872.00000   682019.79729
     2876.00000   682017.85834
     2880.00000   682016.65120
     2884.00000   682015.09444
     2888.00000   682012.98195
     2892.00000   682011.97755
     2896.00000   682010.29554
     2900.00000   682007.97529
     2904.00000   682007.22680
     2908.00000   682005.37069
     2912.00000   682002.78113
     2916.00000   682002.39698
     2920.00000   682000.30664
     2924.00000   681997.39409
     2928.00000   681997.45632
     2932.00000   681995.04415
     2936.00000   681991.77910
     2940.00000   681992.35485
     2944.00000   681989.56212
     2948.00000   681985.83020
     2952.00000   681987.06439
     2956.00000   681983.77236
     2960.00000   681979.42116
     2964.00000   681981.55000
     2968.00000   681977.51414
     2972.00000   681972.21095
     2976.00000   681975.74682
     2980.00000   681970.64345
     2984.00000        1.00000
     2988.00000   681969.54353
     2992.00000        1.00000
     2996.00000        1.00000
     3000.00000   681962.62979
