    -3000.00000    159026
    -2996.00000         0
    -2992.00000         0
    -2988.00000    150330
    -2984.00000         0
    -2980.00000    165915
    -2976.00000    160411
    -2972.00000    138178
    -2968.00000    143631
    -2964.00000    136501
    -2960.00000    144232
    -2956.00000    144833
    -2952.00000    145414
    -2948.00000    142544
    -2944.00000    142758
    -2940.00000    148478
    -2936.00000    129725
    -2932.00000    152057
    -2928.00000    152539
    -2924.00000    144111
    -2920.00000    149429
    -2916.00000    159044
    -2912.00000    154318
    -2908.00000    144496
    -2904.00000    154566
    -2900.00000    152696
    -2896.00000    143036
    -2892.00000    154202
    -2888.00000    145487
    -2884.00000    153598
    -2880.00000    142360
    -2876.00000    147932
    -2872.00000    145944
    -2868.00000    144309
    -2864.00000    146324
    -2860.00000    147630
    -2856.00000    145004
    -2852.00000    148611
    -2848.00000    148488
    -2844.00000    157324
    -2840.00000    147981
    -2836.00000    154582
    -2832.00000    154660
    -2828.00000    153059
    -2824.00000    150500
    -2820.00000    152558
    -2816.00000    154720
    -2812.00000    147015
    -2808.00000    157667
    -2804.00000    147257
    -2800.00000    154253
    -2796.00000    156047
    -2792.00000    155289
    -2788.00000    156656
    -2784.00000    155121
    -2780.00000    154528
    -2776.00000    154263
    -2772.00000    149104
    -2768.00000    149078
    -2764.00000    155236
    -2760.00000    153651
    -2756.00000    153112
    -2752.00000    153655
    -2748.00000    152093
    -2744.00000    147801
    -2740.00000    152411
    -2736.00000    155101
    -2732.00000    151486
    -2728.00000    151204
    -2724.00000    148454
    -2720.00000    145334
    -2716.00000    149904
    -2712.00000    147876
    -2708.00000    144026
    -2704.00000    151201
    -2700.00000    144823
    -2696.00000    145831
    -2692.00000    148041
    -2688.00000    148160
    -2684.00000    145180
    -2680.00000    149014
    -2676.00000    142905
    -2672.00000    143037
    -2668.00000    142789
    -2664.00000    141067
    -2660.00000    140813
    -2656.00000    141718
    -2652.00000    143951
    -2648.00000    140525
    -2644.00000    137339
    -2640.00000    143689
    -2636.00000    139435
    -2632.00000    139658
    -2628.00000    137675
    -2624.00000    137286
    -2620.00000    137813
    -2616.00000    137545
    -2612.00000    138256
    -2608.00000    136791
    -2604.00000    138023
    -2600.00000    138675
    -2596.00000    137407
    -2592.00000    134329
    -2588.00000    137780
    -2584.00000    136783
    -2580.00000    133368
    -2576.00000    130392
    -2572.00000    135154
    -2568.00000    131259
    -2564.00000    131222
    -2560.00000    133764
    -2556.00000    135079
    -2552.00000    130910
    -2548.00000    136160
    -2544.00000    135061
    -2540.00000    135786
    -2536.00000    137012
    -2532.00000    134067
    -2528.00000    137466
    -2524.00000    134452
    -2520.00000    135244
    -2516.00000    136483
    -2512.00000    132691
    -2508.00000    135119
    -2504.00000    134946
    -2500.00000    132512
    -2496.00000    134708
    -2492.00000    134132
    -2488.00000    132832
    -2484.00000    132260
    -2480.00000    131227
    -2476.00000    133581
    -2472.00000    129425
    -2468.00000    132394
    -2464.00000    131385
    -2460.00000    133379
    -2456.00000    132174
    -2452.00000    134423
    -2448.00000    136155
    -2444.00000    134967
    -2440.00000    131564
    -2436.00000    131567
    -2432.00000    131874
    -2428.00000    131946
    -2424.00000    134369
    -2420.00000    132845
    -2416.00000    133242
    -2412.00000    135476
    -2408.00000    133511
    -2404.00000    136279
    -2400.00000    133772
    -2396.00000    133289
    -2392.00000    134204
    -2388.00000    133926
    -2384.00000    134682
    -2380.00000    137448
    -2376.00000    137128
    -2372.00000    139901
    -2368.00000    135094
    -2364.00000    141437
    -2360.00000    141066
    -2356.00000    141066
    -2352.00000    141859
    -2348.00000    141367
    -2344.00000    141211
    -2340.00000    140553
    -2336.00000    141632
    -2332.00000    137674
    -2328.00000    142670
    -2324.00000    139669
    -2320.00000    138257
    -2316.00000    141596
    -2312.00000    141452
    -2308.00000    141309
    -2304.00000    140102
    -2300.00000    142139
    -2296.00000    139164
    -2292.00000    141579
    -2288.00000    142740
    -2284.00000    139177
    -2280.00000    141453
    -2276.00000    140704
    -2272.00000    138514
    -2268.00000    139879
    -2264.00000    139984
    -2260.00000    138948
    -2256.00000    143168
    -2252.00000    142371
    -2248.00000    145132
    -2244.00000    142232
    -2240.00000    142754
    -2236.00000    143736
    -2232.00000    145139
    -2228.00000    143001
    -2224.00000    145852
    -2220.00000    144261
    -2216.00000    143424
    -2212.00000    142572
    -2208.00000    143077
    -2204.00000    144399
    -2200.00000    141197
    -2196.00000    141133
    -2192.00000    139717
    -2188.00000    137270
    -2184.00000    141259
    -2180.00000    138435
    -2176.00000    139371
    -2172.00000    139686
    -2168.00000    140230
    -2164.00000    141455
    -2160.00000    138857
    -2156.00000    141822
    -2152.00000    141545
    -2148.00000    141577
    -2144.00000    141223
    -2140.00000    141988
    -2136.00000    142662
    -2132.00000    142394
    -2128.00000    143453
    -2124.00000    144486
    -2120.00000    142806
    -2116.00000    146025
    -2112.00000    143938
    -2108.00000    143989
    -2104.00000    143697
    -2100.00000    146422
    -2096.00000    143258
    -2092.00000    145322
    -2088.00000    144746
    -2084.00000    143523
    -2080.00000    143815
    -2076.00000    143291
    -2072.00000    144712
    -2068.00000    141427
    -2064.00000    141643
    -2060.00000    144214
    -2056.00000    142457
    -2052.00000    142692
    -2048.00000    140513
    -2044.00000    143203
    -2040.00000    143800
    -2036.00000    143528
    -2032.00000    145002
    -2028.00000    146335
    -2024.00000    144885
    -2020.00000    144346
    -2016.00000    146546
    -2012.00000    147404
    -2008.00000    149056
    -2004.00000    148344
    -2000.00000    147162
    -1996.00000    147038
    -1992.00000    147960
    -1988.00000    149021
    -1984.00000    148212
    -1980.00000    148731
    -1976.00000    149832
    -1972.00000    149830
    -1968.00000    148042
    -1964.00000    150219
    -1960.00000    147588
    -1956.00000    151403
    -1952.00000    147287
    -1948.00000    148061
    -1944.00000    147469
    -1940.00000    146793
    -1936.00000    147293
    -1932.00000    145772
    -1928.00000    149490
    -1924.00000    147411
    -1920.00000    146880
    -1916.00000    147022
    -1912.00000    148578
    -1908.00000    147795
    -1904.00000    147804
    -1900.00000    148115
    -1896.00000    147154
    -1892.00000    148836
    -1888.00000    144980
    -1884.00000    145123
    -1880.00000    142365
    -1876.00000    143128
    -1872.00000    139727
    -1868.00000    142265
    -1864.00000    141153
    -1860.00000    139951
    -1856.00000    141281
    -1852.00000    139208
    -1848.00000    138441
    -1844.00000    140790
    -1840.00000    138644
    -1836.00000    140344
    -1832.00000    139823
    -1828.00000    140117
    -1824.00000    139685
    -1820.00000    139067
    -1816.00000    140293
    -1812.00000    140495
    -1808.00000    138367
    -1804.00000    137685
    -1800.00000    135464
    -1796.00000    139772
    -1792.00000    138541
    -1788.00000    139457
    -1784.00000    137929
    -1780.00000    140019
    -1776.00000    139805
    -1772.00000    138547
    -1768.00000    137721
    -1764.00000    141339
    -1760.00000    139202
    -1756.00000    141705
    -1752.00000    142719
    -1748.00000    142945
    -1744.00000    142551
    -1740.00000    141955
    -1736.00000    142201
    -1732.00000    141279
    -1728.00000    141456
    -1724.00000    142776
    -1720.00000    143409
    -1716.00000    140957
    -1712.00000    142139
    -1708.00000    143348
    -1704.00000    142343
    -1700.00000    142801
    -1696.00000    144194
    -1692.00000    143669
    -1688.00000    144837
    -1684.00000    146171
    -1680.00000    144594
    -1676.00000    144144
    -1672.00000    143636
    -1668.00000    143669
    -1664.00000    140848
    -1660.00000    141668
    -1656.00000    141877
    -1652.00000    143019
    -1648.00000    141448
    -1644.00000    139794
    -1640.00000    141499
    -1636.00000    142073
    -1632.00000    142327
    -1628.00000    140612
    -1624.00000    140647
    -1620.00000    142523
    -1616.00000    141844
    -1612.00000    141270
    -1608.00000    143835
    -1604.00000    141550
    -1600.00000    142459
    -1596.00000    142769
    -1592.00000    141997
    -1588.00000    142796
    -1584.00000    140405
    -1580.00000    142798
    -1576.00000    141249
    -1572.00000    142503
    -1568.00000    141458
    -1564.00000    143856
    -1560.00000    140170
    -1556.00000    141682
    -1552.00000    142493
    -1548.00000    141041
    -1544.00000    140566
    -1540.00000    142285
    -1536.00000    142250
    -1532.00000    140943
    -1528.00000    141491
    -1524.00000    140994
    -1520.00000    142127
    -1516.00000    142584
    -1512.00000    145250
    -1508.00000    145343
    -1504.00000    146976
    -1500.00000    145798
    -1496.00000    145529
    -1492.00000    146096
    -1488.00000    144774
    -1484.00000    145480
    -1480.00000    146639
    -1476.00000    144639
    -1472.00000    144584
    -1468.00000    144965
    -1464.00000    144864
    -1460.00000    145029
    -1456.00000    146092
    -1452.00000    144270
    -1448.00000    143192
    -1444.00000    143639
    -1440.00000    142877
    -1436.00000    142741
    -1432.00000    143652
    -1428.00000    143943
    -1424.00000    144770
    -1420.00000    144996
    -1416.00000    145587
    -1412.00000    143454
    -1408.00000    145290
    -1404.00000    146547
    -1400.00000    146058
    -1396.00000    144861
    -1392.00000    145954
    -1388.00000    146156
    -1384.00000    147451
    -1380.00000    146899
    -1376.00000    148037
    -1372.00000    147747
    -1368.00000    145338
    -1364.00000    149075
    -1360.00000    147598
    -1356.00000    148542
    -1352.00000    148496
    -1348.00000    148589
    -1344.00000    150491
    -1340.00000    149996
    -1336.00000    151996
    -1332.00000    149928
    -1328.00000    153612
    -1324.00000    153893
    -1320.00000    154651
    -1316.00000    154448
    -1312.00000    153165
    -1308.00000    151218
    -1304.00000    150804
    -1300.00000    152002
    -1296.00000    150415
    -1292.00000    153322
    -1288.00000    150296
    -1284.00000    152033
    -1280.00000    152251
    -1276.00000    152326
    -1272.00000    153623
    -1268.00000    153843
    -1264.00000    152899
    -1260.00000    152739
    -1256.00000    152240
    -1252.00000    153309
    -1248.00000    152477
    -1244.00000    154128
    -1240.00000    153754
    -1236.00000    155332
    -1232.00000    153237
    -1228.00000    152931
    -1224.00000    153401
    -1220.00000    153243
    -1216.00000    154042
    -1212.00000    154387
    -1208.00000    153986
    -1204.00000    154133
    -1200.00000    153861
    -1196.00000    154451
    -1192.00000    153154
    -1188.00000    154409
    -1184.00000    153397
    -1180.00000    153791
    -1176.00000    154604
    -1172.00000    154339
    -1168.00000    154358
    -1164.00000    155019
    -1160.00000    152922
    -1156.00000    152129
    -1152.00000    152922
    -1148.00000    154628
    -1144.00000    151917
    -1140.00000    152688
    -1136.00000    152407
    -1132.00000    152614
    -1128.00000    152443
    -1124.00000    151238
    -1120.00000    150201
    -1116.00000    151704
    -1112.00000    151441
    -1108.00000    150871
    -1104.00000    151292
    -1100.00000    150394
    -1096.00000    153054
    -1092.00000    151975
    -1088.00000    151029
    -1084.00000    151257
    -1080.00000    150709
    -1076.00000    150468
    -1072.00000    150837
    -1068.00000    151452
    -1064.00000    151721
    -1060.00000    151578
    -1056.00000    150249
    -1052.00000    150211
    -1048.00000    150035
    -1044.00000    151931
    -1040.00000    150621
    -1036.00000    152742
    -1032.00000    152597
    -1028.00000    151082
    -1024.00000    149171
    -1020.00000    149719
    -1016.00000    148698
    -1012.00000    149257
    -1008.00000    146614
    -1004.00000    150657
    -1000.00000    149509
     -996.00000    150281
     -992.00000    151067
     -988.00000    149108
     -984.00000    148958
     -980.00000    149126
     -976.00000    148934
     -972.00000    148734
     -968.00000    147804
     -964.00000    148866
     -960.00000    146642
     -956.00000    145882
     -952.00000    146533
     -948.00000    144368
     -944.00000    146432
     -940.00000    145104
     -936.00000    145596
     -932.00000    143800
     -928.00000    146638
     -924.00000    145808
     -920.00000    145103
     -916.00000    145376
     -912.00000    145602
     -908.00000    146421
     -904.00000    145663
     -900.00000    146812
     -896.00000    145758
     -892.00000    145938
     -888.00000    145550
     -884.00000    146048
     -880.00000    147379
     -876.00000    144938
     -872.00000    145557
     -868.00000    146374
     -864.00000    145045
     -860.00000    146602
     -856.00000    146377
     -852.00000    146266
     -848.00000    146282
     -844.00000    146823
     -840.00000    144189
     -836.00000    146108
     -832.00000    146435
     -828.00000    147010
     -824.00000    147978
     -820.00000    146005
     -816.00000    147710
     -812.00000    146340
     -808.00000    145521
     -804.00000    146017
     -800.00000    146953
     -796.00000    145648
     -792.00000    144953
     -788.00000    144249
     -784.00000    143015
     -780.00000    143044
     -776.00000    141870
     -772.00000    142196
     -768.00000    141347
     -764.00000    138512
     -760.00000    139684
     -756.00000    139017
     -752.00000    137458
     -748.00000    137344
     -744.00000    136500
     -740.00000    137699
     -736.00000    135244
     -732.00000    137086
     -728.00000    138050
     -724.00000    138785
     -720.00000    139187
     -716.00000    137803
     -712.00000    137612
     -708.00000    137126
     -704.00000    137145
     -700.00000    136652
     -696.00000    136338
     -692.00000    139171
     -688.00000    139347
     -684.00000    138634
     -680.00000    140209
     -676.00000    141830
     -672.00000    141454
     -668.00000    142593
     -664.00000    141652
     -660.00000    139220
     -656.00000    139304
     -652.00000    139248
     -648.00000    139262
     -644.00000    140767
     -640.00000    140018
     -636.00000    140356
     -632.00000    141630
     -628.00000    140427
     -624.00000    139428
     -620.00000    141572
     -616.00000    142070
     -612.00000    142621
     -608.00000    140956
     -604.00000    143248
     -600.00000    143036
     -596.00000    144152
     -592.00000    143912
     -588.00000    144813
     -584.00000    143617
     -580.00000    145481
     -576.00000    145897
     -572.00000    145874
     -568.00000    145650
     -564.00000    145144
     -560.00000    145499
     -556.00000    144439
     -552.00000    145712
     -548.00000    145624
     -544.00000    144612
     -540.00000    144851
     -536.00000    144041
     -532.00000    143311
     -528.00000    143399
     -524.00000    143046
     -520.00000    143144
     -516.00000    142248
     -512.00000    140886
     -508.00000    140311
     -504.00000    141986
     -500.00000    143006
     -496.00000    145090
     -492.00000    143903
     -488.00000    145602
     -484.00000    144090
     -480.00000    145590
     -476.00000    145209
     -472.00000    144578
     -468.00000    144105
     -464.00000    143295
     -460.00000    144559
     -456.00000    143673
     -452.00000    144728
     -448.00000    145431
     -444.00000    145264
     -440.00000    145264
     -436.00000    145841
     -432.00000    144629
     -428.00000    145143
     -424.00000    143826
     -420.00000    144404
     -416.00000    144548
     -412.00000    145688
     -408.00000    145815
     -404.00000    146407
     -400.00000    147404
     -396.00000    145885
     -392.00000    146535
     -388.00000    146425
     -384.00000    146750
     -380.00000    147407
     -376.00000    146987
     -372.00000    147675
     -368.00000    148540
     -364.00000    148247
     -360.00000    147459
     -356.00000    148226
     -352.00000    148933
     -348.00000    148713
     -344.00000    150309
     -340.00000    150220
     -336.00000    150997
     -332.00000    150192
     -328.00000    151641
     -324.00000    151396
     -320.00000    152381
     -316.00000    152562
     -312.00000    152010
     -308.00000    153310
     -304.00000    153512
     -300.00000    153027
     -296.00000    153350
     -292.00000    152950
     -288.00000    150704
     -284.00000    150587
     -280.00000    149218
     -276.00000    149526
     -272.00000    149401
     -268.00000    149963
     -264.00000    150002
     -260.00000    150368
     -256.00000    150424
     -252.00000    151171
     -248.00000    149657
     -244.00000    149835
     -240.00000    150192
     -236.00000    150233
     -232.00000    150679
     -228.00000    150386
     -224.00000    149433
     -220.00000    148867
     -216.00000    148206
     -212.00000    149636
     -208.00000    147667
     -204.00000    148529
     -200.00000    148768
     -196.00000    147945
     -192.00000    148700
     -188.00000    150055
     -184.00000    148343
     -180.00000    147321
     -176.00000    148728
     -172.00000    148755
     -168.00000    148977
     -164.00000    148982
     -160.00000    148787
     -156.00000    148791
     -152.00000    149273
     -148.00000    150047
     -144.00000    149401
     -140.00000    149518
     -136.00000    151553
     -132.00000    151300
     -128.00000    150639
     -124.00000    150076
     -120.00000    149036
     -116.00000    148045
     -112.00000    149456
     -108.00000    149983
     -104.00000    150921
     -100.00000    151096
      -96.00000    151080
      -92.00000    151846
      -88.00000    151366
      -84.00000    150870
      -80.00000    150503
      -76.00000    150547
      -72.00000    152061
      -68.00000    150514
      -64.00000    151752
      -60.00000    149688
      -56.00000    148211
      -52.00000    149023
      -48.00000    149495
      -44.00000    148361
      -40.00000    148617
      -36.00000    148459
      -32.00000    147620
      -28.00000    148165
      -24.00000    148065
      -20.00000    147903
      -16.00000    148131
      -12.00000    148422
       -8.00000    149253
       -4.00000    149452
        0.00000    148971
        4.00000    150397
        8.00000    150465
       12.00000    149805
       16.00000    150112
       20.00000    150235
       24.00000    151826
       28.00000    152136
       32.00000    151320
       36.00000    152245
       40.00000    151286
       44.00000    151079
       48.00000    150536
       52.00000    150639
       56.00000    151500
       60.00000    152366
       64.00000    152165
       68.00000    152703
       72.00000    151888
       76.00000    151582
       80.00000    152073
       84.00000    152114
       88.00000    153398
       92.00000    154253
       96.00000    154645
      100.00000    154377
      104.00000    155411
      108.00000    155622
      112.00000    154826
      116.00000    155403
      120.00000    154745
      124.00000    155242
      128.00000    156126
      132.00000    155224
      136.00000    155354
      140.00000    154190
      144.00000    154075
      148.00000    154048
      152.00000    153800
      156.00000    155326
      160.00000    154551
      164.00000    155715
      168.00000    156237
      172.00000    157007
      176.00000    158009
      180.00000    157621
      184.00000    157058
      188.00000    158477
      192.00000    156635
      196.00000    156986
      200.00000    157410
      204.00000    157737
      208.00000    157374
      212.00000    159029
      216.00000    160429
      220.00000    159782
      224.00000    159620
      228.00000    160256
      232.00000    160666
      236.00000    161188
      240.00000    162283
      244.00000    163238
      248.00000    162368
      252.00000    162210
      256.00000    162047
      260.00000    160473
      264.00000    160547
      268.00000    161419
      272.00000    160811
      276.00000    161821
      280.00000    163860
      284.00000    164146
      288.00000    164953
      292.00000    164509
      296.00000    163172
      300.00000    162737
      304.00000    162554
      308.00000    161793
      312.00000    161059
      316.00000    163122
      320.00000    163196
      324.00000    163015
      328.00000    161876
      332.00000    163226
      336.00000    162195
      340.00000    163664
      344.00000    164124
      348.00000    163123
      352.00000    162337
      356.00000    163396
      360.00000    163302
      364.00000    162809
      368.00000    163634
      372.00000    164353
      376.00000    165068
      380.00000    165354
      384.00000    164587
      388.00000    165379
      392.00000    164013
      396.00000    165027
      400.00000    165493
      404.00000    164510
      408.00000    164914
      412.00000    166129
      416.00000    166693
      420.00000    168080
      424.00000    169576
      428.00000    169725
      432.00000    169339
      436.00000    169370
      440.00000    167973
      444.00000    167915
      448.00000    168974
      452.00000    168823
      456.00000    169729
      460.00000    167714
      464.00000    168670
      468.00000    169660
      472.00000    170593
      476.00000    170925
      480.00000    171135
      484.00000    169429
      488.00000    171054
      492.00000    168857
      496.00000    169895
      500.00000    169552
      504.00000    168587
      508.00000    164610
      512.00000    164636
      516.00000    165234
      520.00000    165932
      524.00000    166566
      528.00000    167946
      532.00000    170294
      536.00000    167395
      540.00000    168296
      544.00000    165896
      548.00000    165880
      552.00000    167121
      556.00000    166646
      560.00000    166877
      564.00000    165098
      568.00000    163978
      572.00000    165330
      576.00000    164937
      580.00000    165238
      584.00000    166127
      588.00000    166429
      592.00000    167782
      596.00000    168460
      600.00000    168440
      604.00000    166604
      608.00000    165601
      612.00000    167147
      616.00000    165320
      620.00000    165797
      624.00000    166319
      628.00000    167562
      632.00000    167970
      636.00000    166672
      640.00000    166811
      644.00000    165967
      648.00000    166779
      652.00000    166117
      656.00000    165188
      660.00000    167277
      664.00000    167621
      668.00000    167593
      672.00000    167510
      676.00000    166197
      680.00000    166353
      684.00000    166609
      688.00000    165038
      692.00000    165621
      696.00000    164361
      700.00000    163281
      704.00000    161677
      708.00000    162002
      712.00000    162506
      716.00000    162660
      720.00000    163298
      724.00000    163438
      728.00000    161738
      732.00000    160359
      736.00000    159259
      740.00000    160209
      744.00000    159619
      748.00000    160303
      752.00000    160369
      756.00000    161705
      760.00000    160777
      764.00000    160992
      768.00000    160926
      772.00000    159832
      776.00000    159106
      780.00000    157545
      784.00000    159493
      788.00000    156843
      792.00000    158996
      796.00000    159055
      800.00000    157869
      804.00000    156843
      808.00000    159979
      812.00000    159645
      816.00000    158005
      820.00000    156579
      824.00000    155692
      828.00000    155889
      832.00000    155649
      836.00000    154861
      840.00000    156959
      844.00000    156169
      848.00000    158479
      852.00000    157423
      856.00000    156065
      860.00000    154453
      864.00000    155289
      868.00000    155013
      872.00000    154330
      876.00000    152443
      880.00000    153317
      884.00000    152642
      888.00000    152663
      892.00000    152542
      896.00000    152060
      900.00000    154597
      904.00000    154804
      908.00000    156408
      912.00000    157288
      916.00000    157241
      920.00000    159896
      924.00000    159007
      928.00000    160109
      932.00000    162501
      936.00000    162208
      940.00000    162339
      944.00000    162452
      948.00000    162374
      952.00000    162986
      956.00000    162925
      960.00000    162825
      964.00000    160749
      968.00000    160801
      972.00000    160207
      976.00000    159852
      980.00000    160355
      984.00000    162739
      988.00000    161146
      992.00000    162871
      996.00000    164056
     1000.00000    163598
     1004.00000    163948
     1008.00000    164821
     1012.00000    162601
     1016.00000    165526
     1020.00000    165064
     1024.00000    165970
     1028.00000    167295
     1032.00000    166407
     1036.00000    165261
     1040.00000    164418
     1044.00000    162786
     1048.00000    163124
     1052.00000    163130
     1056.00000    162905
     1060.00000    163487
     1064.00000    163684
     1068.00000    164719
     1072.00000    167548
     1076.00000    166655
     1080.00000    165713
     1084.00000    164093
     1088.00000    164178
     1092.00000    163747
     1096.00000    162313
     1100.00000    164876
     1104.00000    162445
     1108.00000    164089
     1112.00000    163113
     1116.00000    163918
     1120.00000    161039
     1124.00000    161096
     1128.00000    161564
     1132.00000    160751
     1136.00000    162679
     1140.00000    162511
     1144.00000    162197
     1148.00000    161418
     1152.00000    160691
     1156.00000    158811
     1160.00000    159237
     1164.00000    158464
     1168.00000    156756
     1172.00000    154769
     1176.00000    154378
     1180.00000    155683
     1184.00000    153790
     1188.00000    152514
     1192.00000    152818
     1196.00000    154062
     1200.00000    153658
     1204.00000    152095
     1208.00000    150835
     1212.00000    151760
     1216.00000    151231
     1220.00000    152330
     1224.00000    153580
     1228.00000    153267
     1232.00000    155152
     1236.00000    154712
     1240.00000    155881
     1244.00000    155696
     1248.00000    156832
     1252.00000    158840
     1256.00000    160304
     1260.00000    159559
     1264.00000    158583
     1268.00000    159391
     1272.00000    158764
     1276.00000    157055
     1280.00000    156512
     1284.00000    154919
     1288.00000    155909
     1292.00000    153862
     1296.00000    155716
     1300.00000    152223
     1304.00000    153099
     1308.00000    150898
     1312.00000    151942
     1316.00000    152912
     1320.00000    153816
     1324.00000    154002
     1328.00000    152892
     1332.00000    152793
     1336.00000    152231
     1340.00000    154662
     1344.00000    154105
     1348.00000    154726
     1352.00000    154247
     1356.00000    153690
     1360.00000    153636
     1364.00000    157189
     1368.00000    156032
     1372.00000    155187
     1376.00000    156920
     1380.00000    156937
     1384.00000    154132
     1388.00000    154255
     1392.00000    154016
     1396.00000    154165
     1400.00000    154411
     1404.00000    152749
     1408.00000    153102
     1412.00000    151826
     1416.00000    152373
     1420.00000    152298
     1424.00000    152967
     1428.00000    152788
     1432.00000    150631
     1436.00000    152203
     1440.00000    153915
     1444.00000    152602
     1448.00000    152415
     1452.00000    151707
     1456.00000    152159
     1460.00000    150555
     1464.00000    148502
     1468.00000    147484
     1472.00000    148795
     1476.00000    147773
     1480.00000    147868
     1484.00000    145671
     1488.00000    147284
     1492.00000    144815
     1496.00000    146070
     1500.00000    145637
     1504.00000    145425
     1508.00000    146718
     1512.00000    144342
     1516.00000    145458
     1520.00000    144324
     1524.00000    143458
     1528.00000    143326
     1532.00000    143619
     1536.00000    143663
     1540.00000    144125
     1544.00000    145626
     1548.00000    144582
     1552.00000    143701
     1556.00000    143641
     1560.00000    142691
     1564.00000    142915
     1568.00000    142795
     1572.00000    144849
     1576.00000    143158
     1580.00000    144924
     1584.00000    142565
     1588.00000    146290
     1592.00000    144026
     1596.00000    143737
     1600.00000    146039
     1604.00000    148551
     1608.00000    147822
     1612.00000    148079
     1616.00000    148960
     1620.00000    144969
     1624.00000    147449
     1628.00000    147262
     1632.00000    146251
     1636.00000    146212
     1640.00000    143770
     1644.00000    146097
     1648.00000    147397
     1652.00000    147728
     1656.00000    150668
     1660.00000    148665
     1664.00000    149579
     1668.00000    148313
     1672.00000    148759
     1676.00000    149989
     1680.00000    149004
     1684.00000    150077
     1688.00000    150226
     1692.00000    149174
     1696.00000    149367
     1700.00000    150295
     1704.00000    150098
     1708.00000    149186
     1712.00000    150612
     1716.00000    150221
     1720.00000    152170
     1724.00000    152161
     1728.00000    152852
     1732.00000    154081
     1736.00000    152253
     1740.00000    153245
     1744.00000    152082
     1748.00000    152033
     1752.00000    151706
     1756.00000    152460
     1760.00000    151032
     1764.00000    150025
     1768.00000    151912
     1772.00000    151461
     1776.00000    153111
     1780.00000    153964
     1784.00000    152064
     1788.00000    153968
     1792.00000    154055
     1796.00000    154986
     1800.00000    154449
     1804.00000    154055
     1808.00000    152183
     1812.00000    153739
     1816.00000    154873
     1820.00000    154682
     1824.00000    155863
     1828.00000    156235
     1832.00000    156535
     1836.00000    155340
     1840.00000    156886
     1844.00000    156579
     1848.00000    158617
     1852.00000    158714
     1856.00000    157439
     1860.00000    158063
     1864.00000    156231
     1868.00000    157376
     1872.00000    156122
     1876.00000    158488
     1880.00000    158228
     1884.00000    160670
     1888.00000    159420
     1892.00000    161424
     1896.00000    159294
     1900.00000    161755
     1904.00000    159749
     1908.00000    158885
     1912.00000    160466
     1916.00000    158618
     1920.00000    159674
     1924.00000    158010
     1928.00000    157457
     1932.00000    158741
     1936.00000    158652
     1940.00000    160164
     1944.00000    159000
     1948.00000    158520
     1952.00000    160775
     1956.00000    161792
     1960.00000    161687
     1964.00000    162698
     1968.00000    162199
     1972.00000    162764
     1976.00000    159724
     1980.00000    160016
     1984.00000    161424
     1988.00000    160661
     1992.00000    160945
     1996.00000    161429
     2000.00000    160030
     2004.00000    160323
     2008.00000    160038
     2012.00000    159128
     2016.00000    158331
     2020.00000    158394
     2024.00000    160264
     2028.00000    158122
     2032.00000    158861
     2036.00000    158762
     2040.00000    161987
     2044.00000    159899
     2048.00000    161996
     2052.00000    160344
     2056.00000    161061
     2060.00000    161108
     2064.00000    159578
     2068.00000    160336
     2072.00000    160255
     2076.00000    158441
     2080.00000    157646
     2084.00000    156531
     2088.00000    159600
     2092.00000    159430
     2096.00000    155599
     2100.00000    156709
     2104.00000    158473
     2108.00000    157528
     2112.00000    158580
     2116.00000    156805
     2120.00000    159212
     2124.00000    162222
     2128.00000    159781
     2132.00000    163264
     2136.00000    164258
     2140.00000    167384
     2144.00000    168146
     2148.00000    168494
     2152.00000    169190
     2156.00000    169854
     2160.00000    168731
     2164.00000    167843
     2168.00000    167824
     2172.00000    169329
     2176.00000    167019
     2180.00000    169985
     2184.00000    169467
     2188.00000    167906
     2192.00000    166906
     2196.00000    166961
     2200.00000    169907
     2204.00000    168168
     2208.00000    168497
     2212.00000    169542
     2216.00000    165962
     2220.00000    169790
     2224.00000    169415
     2228.00000    168391
     2232.00000    167935
     2236.00000    170547
     2240.00000    170250
     2244.00000    172413
     2248.00000    169130
     2252.00000    171109
     2256.00000    171477
     2260.00000    170857
     2264.00000    170195
     2268.00000    171044
     2272.00000    171974
     2276.00000    170558
     2280.00000    172013
     2284.00000    170155
     2288.00000    171453
     2292.00000    170785
     2296.00000    168920
     2300.00000    171155
     2304.00000    170229
     2308.00000    173606
     2312.00000    166562
     2316.00000    169195
     2320.00000    166877
     2324.00000    169625
     2328.00000    170331
     2332.00000    170812
     2336.00000    170372
     2340.00000    169113
     2344.00000    169680
     2348.00000    168407
     2352.00000    170094
     2356.00000    172896
     2360.00000    169496
     2364.00000    170261
     2368.00000    173152
     2372.00000    169534
     2376.00000    170375
     2380.00000    167898
     2384.00000    167673
     2388.00000    165788
     2392.00000    171735
     2396.00000    167469
     2400.00000    165899
     2404.00000    167942
     2408.00000    168503
     2412.00000    167282
     2416.00000    167570
     2420.00000    168771
     2424.00000    168235
     2428.00000    169549
     2432.00000    170043
     2436.00000    170388
     2440.00000    171240
     2444.00000    170984
     2448.00000    170793
     2452.00000    172057
     2456.00000    171844
     2460.00000    169705
     2464.00000    172294
     2468.00000    172323
     2472.00000    171885
     2476.00000    172671
     2480.00000    174748
     2484.00000    173277
     2488.00000    175980
     2492.00000    176628
     2496.00000    176097
     2500.00000    175258
     2504.00000    170855
     2508.00000    175313
     2512.00000    172687
     2516.00000    177027
     2520.00000    180654
     2524.00000    176081
     2528.00000    173097
     2532.00000    177407
     2536.00000    176644
     2540.00000    178385
     2544.00000    177744
     2548.00000    172703
     2552.00000    178247
     2556.00000    174349
     2560.00000    175421
     2564.00000    178898
     2568.00000    177018
     2572.00000    176642
     2576.00000    177607
     2580.00000    181394
     2584.00000    177630
     2588.00000    183350
     2592.00000    178706
     2596.00000    181083
     2600.00000    183135
     2604.00000    180498
     2608.00000    183876
     2612.00000    179549
     2616.00000    181674
     2620.00000    183904
     2624.00000    179671
     2628.00000    178386
     2632.00000    180269
     2636.00000    180364
     2640.00000    184168
     2644.00000    186335
     2648.00000    183802
     2652.00000    182574
     2656.00000    183027
     2660.00000    182222
     2664.00000    175970
     2668.00000    178155
     2672.00000    177575
     2676.00000    176170
     2680.00000    180489
     2684.00000    183014
     2688.00000    174265
     2692.00000    185142
     2696.00000    178961
     2700.00000    178844
     2704.00000    184699
     2708.00000    179726
     2712.00000    179169
     2716.00000    182519
     2720.00000    178161
     2724.00000    180182
     2728.00000    185077
     2732.00000    182965
     2736.00000    180525
     2740.00000    182308
     2744.00000    177280
     2748.00000    176891
     2752.00000    178780
     2756.00000    174960
     2760.00000    177860
     2764.00000    182403
     2768.00000    173457
     2772.00000    181925
     2776.00000    182628
     2780.00000    177217
     2784.00000    186569
     2788.00000    179068
     2792.00000    188353
     2796.00000    183311
     2800.00000    187627
     2804.00000    187138
     2808.00000    181669
     2812.00000    186180
     2816.00000    182782
     2820.00000    181631
     2824.00000    184155
     2828.00000    185116
     2832.00000    188889
     2836.00000    179397
     2840.00000    181066
     2844.00000    191693
     2848.00000    182475
     2852.00000    176814
     2856.00000    187637
     2860.00000    187245
     2864.00000    189725
     2868.00000    187186
     2872.00000    186670
     2876.00000    179120
     2880.00000    184414
     2884.00000    188396
     2888.00000    179408
     2892.00000    170745
     2896.00000    184203
     2900.00000    169317
     2904.00000    170020
     2908.00000    160714
     2912.00000    164771
     2916.00000    165380
     2920.00000    167638
     2924.00000    163970
     2928.00000    168819
     2932.00000    170267
     2936.00000    174797
     2940.00000    162353
     2944.00000    169619
     2948.00000    165084
     2952.00000    166137
     2956.00000    168006
     2960.00000    150135
     2964.00000    170095
     2968.00000    163327
     2972.00000    149428
     2976.00000    168188
     2980.00000    151277
     2984.00000         0
     2988.00000    150020
     2992.00000         0
     2996.00000         0
     3000.00000    162252
