    -3000.00000  1575120.69455
    -2996.00000        1.00000
    -2992.00000        1.00000
    -2988.00000        1.00000
    -2984.00000        1.00000
    -2980.00000  1575128.39776
    -2976.00000  1575132.71461
    -2972.00000        1.00000
    -2968.00000  1575128.48491
    -2964.00000  1575131.33555
    -2960.00000  1575136.61916
    -2956.00000  1575140.67526
    -2952.00000  1575143.67840
    -2948.00000  1575137.73608
    -2944.00000  1575141.22358
    -2940.00000  1575144.74384
    -2936.00000  1575148.65824
    -2932.00000  1575151.84731
    -2928.00000  1575153.99352
    -2924.00000  1575149.88651
    -2920.00000  1575153.14890
    -2916.00000  1575156.47412
    -2912.00000  1575159.42375
    -2908.00000  1575161.86847
    -2904.00000  1575163.49261
    -2900.00000  1575161.24715
    -2896.00000  1575164.16254
    -2892.00000  1575167.02421
    -2888.00000  1575169.49689
    -2884.00000  1575171.45965
    -2880.00000  1575172.66919
    -2876.00000  1575171.91638
    -2872.00000  1575174.54941
    -2868.00000  1575176.97178
    -2864.00000  1575179.00791
    -2860.00000  1575180.59321
    -2856.00000  1575181.49096
    -2852.00000  1575181.85012
    -2848.00000  1575184.22558
    -2844.00000  1575186.28351
    -2840.00000  1575188.02466
    -2836.00000  1575189.32428
    -2832.00000  1575190.20170
    -2828.00000  1575191.35324
    -2824.00000  1575193.44852
    -2820.00000  1575195.23899
    -2816.00000  1575196.69998
    -2812.00000  1575197.81609
    -2808.00000  1575198.85613
    -2804.00000  1575200.40380
    -2800.00000  1575202.22262
    -2796.00000  1575203.75234
    -2792.00000  1575205.04856
    -2788.00000  1575206.18230
    -2784.00000  1575207.47583
    -2780.00000  1575209.13271
    -2776.00000  1575210.72409
    -2772.00000  1575212.10166
    -2768.00000  1575213.32749
    -2764.00000  1575214.53695
    -2760.00000  1575215.97654
    -2756.00000  1575217.52795
    -2752.00000  1575218.93631
    -2748.00000  1575220.22302
    -2744.00000  1575221.46683
    -2740.00000  1575222.80235
    -2736.00000  1575224.26576
    -2732.00000  1575225.67771
    -2728.00000  1575227.00080
    -2724.00000  1575228.25929
    -2720.00000  1575229.56424
    -2716.00000  1575230.93468
    -2712.00000  1575232.33689
    -2708.00000  1575233.66264
    -2704.00000  1575234.94744
    -2700.00000  1575236.22815
    -2696.00000  1575237.55837
    -2692.00000  1575238.90041
    -2688.00000  1575240.19505
    -2684.00000  1575241.50488
    -2680.00000  1575242.78630
    -2676.00000  1575244.06946
    -2672.00000  1575245.39286
    -2668.00000  1575246.69901
    -2664.00000  1575247.98955
    -2660.00000  1575249.22233
    -2656.00000  1575250.50453
    -2652.00000  1575251.78438
    -2648.00000  1575253.09308
    -2644.00000  1575254.35546
    -2640.00000  1575255.62978
    -2636.00000  1575256.87458
    -2632.00000  1575258.12510
    -2628.00000  1575259.40832
    -2624.00000  1575260.68199
    -2620.00000  1575261.91438
    -2616.00000  1575263.16195
    -2612.00000  1575264.41637
    -2608.00000  1575265.66419
    -2604.00000  1575266.91987
    -2600.00000  1575268.14546
    -2596.00000  1575269.37900
    -2592.00000  1575270.62090
    -2588.00000  1575271.84763
    -2584.00000  1575273.07848
    -2580.00000  1575274.30807
    -2576.00000  1575275.54708
    -2572.00000  1575276.75979
    -2568.00000  1575277.98483
    -2564.00000  1575279.18900
    -2560.00000  1575280.39608
    -2556.00000  1575281.62789
    -2552.00000  1575282.83311
    -2548.00000  1575284.04330
    -2544.00000  1575285.24359
    -2540.00000  1575286.44808
    -2536.00000  1575287.64738
    -2532.00000  1575288.84989
    -2528.00000  1575290.04725
    -2524.00000  1575291.23611
    -2520.00000  1575292.43371
    -2516.00000  1575293.62372
    -2512.00000  1575294.81738
    -2508.00000  1575296.00474
    -2504.00000  1575297.19508
    -2500.00000  1575298.36878
    -2496.00000  1575299.54717
    -2492.00000  1575300.73598
    -2488.00000  1575301.90673
    -2484.00000  1575303.07677
    -2480.00000  1575304.24983
    -2476.00000  1575305.41507
    -2472.00000  1575306.58006
    -2468.00000  1575307.75369
    -2464.00000  1575308.91972
    -2460.00000  1575310.07926
    -2456.00000  1575311.24180
    -2452.00000  1575312.40421
    -2448.00000  1575313.56565
    -2444.00000  1575314.71970
    -2440.00000  1575315.87654
    -2436.00000  1575317.03257
    -2432.00000  1575318.18487
    -2428.00000  1575319.33525
    -2424.00000  1575320.48705
    -2420.00000  1575321.62593
    -2416.00000  1575322.78046
    -2412.00000  1575323.93445
    -2408.00000  1575325.07855
    -2404.00000  1575326.20719
    -2400.00000  1575327.34295
    -2396.00000  1575328.47790
    -2392.00000  1575329.62341
    -2388.00000  1575330.74203
    -2384.00000  1575331.88003
    -2380.00000  1575333.01030
    -2376.00000  1575334.14084
    -2372.00000  1575335.26670
    -2368.00000  1575336.37596
    -2364.00000  1575337.49984
    -2360.00000  1575338.61672
    -2356.00000  1575339.74165
    -2352.00000  1575340.85906
    -2348.00000  1575341.97114
    -2344.00000  1575343.07802
    -2340.00000  1575344.19360
    -2336.00000  1575345.30771
    -2332.00000  1575346.41026
    -2328.00000  1575347.52840
    -2324.00000  1575348.63576
    -2320.00000  1575349.73406
    -2316.00000  1575350.84351
    -2312.00000  1575351.94546
    -2308.00000  1575353.04078
    -2304.00000  1575354.14184
    -2300.00000  1575355.24922
    -2296.00000  1575356.34426
    -2292.00000  1575357.44737
    -2288.00000  1575358.53162
    -2284.00000  1575359.62608
    -2280.00000  1575360.72188
    -2276.00000  1575361.81429
    -2272.00000  1575362.89845
    -2268.00000  1575363.99141
    -2264.00000  1575365.07660
    -2260.00000  1575366.15911
    -2256.00000  1575367.24066
    -2252.00000  1575368.32753
    -2248.00000  1575369.41016
    -2244.00000  1575370.49158
    -2240.00000  1575371.57451
    -2236.00000  1575372.65321
    -2232.00000  1575373.73035
    -2228.00000  1575374.80737
    -2224.00000  1575375.87529
    -2220.00000  1575376.95185
    -2216.00000  1575378.02672
    -2212.00000  1575379.09789
    -2208.00000  1575380.16906
    -2204.00000  1575381.23607
    -2200.00000  1575382.30665
    -2196.00000  1575383.36150
    -2192.00000  1575384.43074
    -2188.00000  1575385.49871
    -2184.00000  1575386.56425
    -2180.00000  1575387.62325
    -2176.00000  1575388.68060
    -2172.00000  1575389.74100
    -2168.00000  1575390.79204
    -2164.00000  1575391.85167
    -2160.00000  1575392.91555
    -2156.00000  1575393.96123
    -2152.00000  1575395.01190
    -2148.00000  1575396.06342
    -2144.00000  1575397.12352
    -2140.00000  1575398.17587
    -2136.00000  1575399.22937
    -2132.00000  1575400.27613
    -2128.00000  1575401.32110
    -2124.00000  1575402.36999
    -2120.00000  1575403.41511
    -2116.00000  1575404.45372
    -2112.00000  1575405.50093
    -2108.00000  1575406.54579
    -2104.00000  1575407.58973
    -2100.00000  1575408.63327
    -2096.00000  1575409.67318
    -2092.00000  1575410.70832
    -2088.00000  1575411.74312
    -2084.00000  1575412.77908
    -2080.00000  1575413.81595
    -2076.00000  1575414.85206
    -2072.00000  1575415.88193
    -2068.00000  1575416.91145
    -2064.00000  1575417.94088
    -2060.00000  1575418.97392
    -2056.00000  1575420.00439
    -2052.00000  1575421.03532
    -2048.00000  1575422.06939
    -2044.00000  1575423.09063
    -2040.00000  1575424.11207
    -2036.00000  1575425.13758
    -2032.00000  1575426.16853
    -2028.00000  1575427.19625
    -2024.00000  1575428.21416
    -2020.00000  1575429.23423
    -2016.00000  1575430.25882
    -2012.00000  1575431.27611
    -2008.00000  1575432.29081
    -2004.00000  1575433.31305
    -2000.00000  1575434.32687
    -1996.00000  1575435.34559
    -1992.00000  1575436.35687
    -1988.00000  1575437.37694
    -1984.00000  1575438.38218
    -1980.00000  1575439.39249
    -1976.00000  1575440.40278
    -1972.00000  1575441.41020
    -1968.00000  1575442.42393
    -1964.00000  1575443.43653
    -1960.00000  1575444.44474
    -1956.00000  1575445.45204
    -1952.00000  1575446.45995
    -1948.00000  1575447.46430
    -1944.00000  1575448.46512
    -1940.00000  1575449.46823
    -1936.00000  1575450.47866
    -1932.00000  1575451.47508
    -1928.00000  1575452.48331
    -1924.00000  1575453.48308
    -1920.00000  1575454.47919
    -1916.00000  1575455.47620
    -1912.00000  1575456.47278
    -1908.00000  1575457.47746
    -1904.00000  1575458.46982
    -1900.00000  1575459.46822
    -1896.00000  1575460.45535
    -1892.00000  1575461.46253
    -1888.00000  1575462.45048
    -1884.00000  1575463.44074
    -1880.00000  1575464.43229
    -1876.00000  1575465.42345
    -1872.00000  1575466.41031
    -1868.00000  1575467.39522
    -1864.00000  1575468.37815
    -1860.00000  1575469.37505
    -1856.00000  1575470.36253
    -1852.00000  1575471.35314
    -1848.00000  1575472.33344
    -1844.00000  1575473.31845
    -1840.00000  1575474.30067
    -1836.00000  1575475.27925
    -1832.00000  1575476.26384
    -1828.00000  1575477.24594
    -1824.00000  1575478.22384
    -1820.00000  1575479.20228
    -1816.00000  1575480.17874
    -1812.00000  1575481.15998
    -1808.00000  1575482.14131
    -1804.00000  1575483.11676
    -1800.00000  1575484.09111
    -1796.00000  1575485.06980
    -1792.00000  1575486.04501
    -1788.00000  1575487.02441
    -1784.00000  1575487.99740
    -1780.00000  1575488.97567
    -1776.00000  1575489.94238
    -1772.00000  1575490.91561
    -1768.00000  1575491.88295
    -1764.00000  1575492.85436
    -1760.00000  1575493.82468
    -1756.00000  1575494.79819
    -1752.00000  1575495.76804
    -1748.00000  1575496.73596
    -1744.00000  1575497.69964
    -1740.00000  1575498.66080
    -1736.00000  1575499.63236
    -1732.00000  1575500.59130
    -1728.00000  1575501.56126
    -1724.00000  1575502.52425
    -1720.00000  1575503.48980
    -1716.00000  1575504.44915
    -1712.00000  1575505.41588
    -1708.00000  1575506.37136
    -1704.00000  1575507.33235
    -1700.00000  1575508.29550
    -1696.00000  1575509.25522
    -1692.00000  1575510.21588
    -1688.00000  1575511.17209
    -1684.00000  1575512.12992
    -1680.00000  1575513.09138
    -1676.00000  1575514.05376
    -1672.00000  1575515.00658
    -1668.00000  1575515.96241
    -1664.00000  1575516.91576
    -1660.00000  1575517.87466
    -1656.00000  1575518.82757
    -1652.00000  1575519.78480
    -1648.00000  1575520.73715
    -1644.00000  1575521.69299
    -1640.00000  1575522.64181
    -1636.00000  1575523.59714
    -1632.00000  1575524.54930
    -1628.00000  1575525.50161
    -1624.00000  1575526.44552
    -1620.00000  1575527.39961
    -1616.00000  1575528.34256
    -1612.00000  1575529.29549
    -1608.00000  1575530.24142
    -1604.00000  1575531.19156
    -1600.00000  1575532.14407
    -1596.00000  1575533.08222
    -1592.00000  1575534.02507
    -1588.00000  1575534.97000
    -1584.00000  1575535.91788
    -1580.00000  1575536.86072
    -1576.00000  1575537.79933
    -1572.00000  1575538.74103
    -1568.00000  1575539.68288
    -1564.00000  1575540.62265
    -1560.00000  1575541.56084
    -1556.00000  1575542.50498
    -1552.00000  1575543.44443
    -1548.00000  1575544.38362
    -1544.00000  1575545.31745
    -1540.00000  1575546.26248
    -1536.00000  1575547.19717
    -1532.00000  1575548.13761
    -1528.00000  1575549.07479
    -1524.00000  1575550.01468
    -1520.00000  1575550.94450
    -1516.00000  1575551.88517
    -1512.00000  1575552.82428
    -1508.00000  1575553.75314
    -1504.00000  1575554.68399
    -1500.00000  1575555.62239
    -1496.00000  1575556.55601
    -1492.00000  1575557.48044
    -1488.00000  1575558.42063
    -1484.00000  1575559.34809
    -1480.00000  1575560.27769
    -1476.00000  1575561.20274
    -1472.00000  1575562.13500
    -1468.00000  1575563.06312
    -1464.00000  1575563.99732
    -1460.00000  1575564.92307
    -1456.00000  1575565.84737
    -1452.00000  1575566.77406
    -1448.00000  1575567.70125
    -1444.00000  1575568.63097
    -1440.00000  1575569.55262
    -1436.00000  1575570.47381
    -1432.00000  1575571.39860
    -1428.00000  1575572.32622
    -1424.00000  1575573.25096
    -1420.00000  1575574.16903
    -1416.00000  1575575.09154
    -1412.00000  1575576.01378
    -1408.00000  1575576.93356
    -1404.00000  1575577.85618
    -1400.00000  1575578.77526
    -1396.00000  1575579.69267
    -1392.00000  1575580.60767
    -1388.00000  1575581.52912
    -1384.00000  1575582.44796
    -1380.00000  1575583.36818
    -1376.00000  1575584.28769
    -1372.00000  1575585.20593
    -1368.00000  1575586.12408
    -1364.00000  1575587.03952
    -1360.00000  1575587.95210
    -1356.00000  1575588.86636
    -1352.00000  1575589.78545
    -1348.00000  1575590.69760
    -1344.00000  1575591.61126
    -1340.00000  1575592.52252
    -1336.00000  1575593.43188
    -1332.00000  1575594.34384
    -1328.00000  1575595.25304
    -1324.00000  1575596.16290
    -1320.00000  1575597.07413
    -1316.00000  1575597.98416
    -1312.00000  1575598.89343
    -1308.00000  1575599.80393
    -1304.00000  1575600.70985
    -1300.00000  1575601.62163
    -1296.00000  1575602.52413
    -1292.00000  1575603.43061
    -1288.00000  1575604.33966
    -1284.00000  1575605.24215
    -1280.00000  1575606.14831
    -1276.00000  1575607.05594
    -1272.00000  1575607.96215
    -1268.00000  1575608.86791
    -1264.00000  1575609.76905
    -1260.00000  1575610.67589
    -1256.00000  1575611.57405
    -1252.00000  1575612.47605
    -1248.00000  1575613.37585
    -1244.00000  1575614.28092
    -1240.00000  1575615.18162
    -1236.00000  1575616.07677
    -1232.00000  1575616.97728
    -1228.00000  1575617.87403
    -1224.00000  1575618.77382
    -1220.00000  1575619.67349
    -1216.00000  1575620.56717
    -1212.00000  1575621.46407
    -1208.00000  1575622.35864
    -1204.00000  1575623.25586
    -1200.00000  1575624.15018
    -1196.00000  1575625.04532
    -1192.00000  1575625.93550
    -1188.00000  1575626.82646
    -1184.00000  1575627.72026
    -1180.00000  1575628.60905
    -1176.00000  1575629.50448
    -1172.00000  1575630.39681
    -1168.00000  1575631.28787
    -1164.00000  1575632.17589
    -1160.00000  1575633.06662
    -1156.00000  1575633.95367
    -1152.00000  1575634.84195
    -1148.00000  1575635.73016
    -1144.00000  1575636.61552
    -1140.00000  1575637.50427
    -1136.00000  1575638.38865
    -1132.00000  1575639.27944
    -1128.00000  1575640.16070
    -1124.00000  1575641.04162
    -1120.00000  1575641.92562
    -1116.00000  1575642.80905
    -1112.00000  1575643.69200
    -1108.00000  1575644.57275
    -1104.00000  1575645.45158
    -1100.00000  1575646.32843
    -1096.00000  1575647.20973
    -1092.00000  1575648.08468
    -1088.00000  1575648.96841
    -1084.00000  1575649.84559
    -1080.00000  1575650.72662
    -1076.00000  1575651.60146
    -1072.00000  1575652.47742
    -1068.00000  1575653.35586
    -1064.00000  1575654.22855
    -1060.00000  1575655.10664
    -1056.00000  1575655.97840
    -1052.00000  1575656.84830
    -1048.00000  1575657.72210
    -1044.00000  1575658.59377
    -1040.00000  1575659.46636
    -1036.00000  1575660.33694
    -1032.00000  1575661.20506
    -1028.00000  1575662.07630
    -1024.00000  1575662.94458
    -1020.00000  1575663.80984
    -1016.00000  1575664.67649
    -1012.00000  1575665.53993
    -1008.00000  1575666.40177
    -1004.00000  1575667.26802
    -1000.00000  1575668.13443
     -996.00000  1575668.99565
     -992.00000  1575669.85792
     -988.00000  1575670.71612
     -984.00000  1575671.58002
     -980.00000  1575672.43469
     -976.00000  1575673.29296
     -972.00000  1575674.15246
     -968.00000  1575675.00881
     -964.00000  1575675.86696
     -960.00000  1575676.72650
     -956.00000  1575677.57984
     -952.00000  1575678.43335
     -948.00000  1575679.28957
     -944.00000  1575680.14132
     -940.00000  1575680.99155
     -936.00000  1575681.84177
     -932.00000  1575682.69171
     -928.00000  1575683.53933
     -924.00000  1575684.38822
     -920.00000  1575685.23657
     -916.00000  1575686.08260
     -912.00000  1575686.92762
     -908.00000  1575687.77341
     -904.00000  1575688.61912
     -900.00000  1575689.46170
     -896.00000  1575690.30424
     -892.00000  1575691.14420
     -888.00000  1575691.98457
     -884.00000  1575692.82003
     -880.00000  1575693.65669
     -876.00000  1575694.49348
     -872.00000  1575695.32705
     -868.00000  1575696.16265
     -864.00000  1575696.99443
     -860.00000  1575697.82319
     -856.00000  1575698.65413
     -852.00000  1575699.48460
     -848.00000  1575700.31171
     -844.00000  1575701.13954
     -840.00000  1575701.96435
     -836.00000  1575702.78885
     -832.00000  1575703.61519
     -828.00000  1575704.44010
     -824.00000  1575705.25612
     -820.00000  1575706.07643
     -816.00000  1575706.89201
     -812.00000  1575707.71144
     -808.00000  1575708.52552
     -804.00000  1575709.34018
     -800.00000  1575710.15378
     -796.00000  1575710.96519
     -792.00000  1575711.77063
     -788.00000  1575712.57602
     -784.00000  1575713.37969
     -780.00000  1575714.18291
     -776.00000  1575714.98609
     -772.00000  1575715.78702
     -768.00000  1575716.58555
     -764.00000  1575717.38280
     -760.00000  1575718.17560
     -756.00000  1575718.97046
     -752.00000  1575719.76202
     -748.00000  1575720.54948
     -744.00000  1575721.33520
     -740.00000  1575722.12470
     -736.00000  1575722.90745
     -732.00000  1575723.68576
     -728.00000  1575724.46615
     -724.00000  1575725.24399
     -720.00000  1575726.02183
     -716.00000  1575726.79245
     -712.00000  1575727.56504
     -708.00000  1575728.32751
     -704.00000  1575729.09052
     -700.00000  1575729.85304
     -696.00000  1575730.61201
     -692.00000  1575731.36825
     -688.00000  1575732.12715
     -684.00000  1575732.88054
     -680.00000  1575733.63385
     -676.00000  1575734.37954
     -672.00000  1575735.12261
     -668.00000  1575735.86684
     -664.00000  1575736.60472
     -660.00000  1575737.34043
     -656.00000  1575738.07234
     -652.00000  1575738.80675
     -648.00000  1575739.53376
     -644.00000  1575740.25904
     -640.00000  1575740.98552
     -636.00000  1575741.69858
     -632.00000  1575742.42081
     -628.00000  1575743.13048
     -624.00000  1575743.84304
     -620.00000  1575744.55346
     -616.00000  1575745.25910
     -612.00000  1575745.96235
     -608.00000  1575746.66183
     -604.00000  1575747.35876
     -600.00000  1575748.05010
     -596.00000  1575748.73724
     -592.00000  1575749.42267
     -588.00000  1575750.10901
     -584.00000  1575750.78894
     -580.00000  1575751.46443
     -576.00000  1575752.13624
     -572.00000  1575752.80421
     -568.00000  1575753.47000
     -564.00000  1575754.13185
     -560.00000  1575754.79353
     -556.00000  1575755.45014
     -552.00000  1575756.10178
     -548.00000  1575756.74968
     -544.00000  1575757.39658
     -540.00000  1575758.03638
     -536.00000  1575758.67246
     -532.00000  1575759.30608
     -528.00000  1575759.93661
     -524.00000  1575760.56238
     -520.00000  1575761.18511
     -516.00000  1575761.80325
     -512.00000  1575762.42135
     -508.00000  1575763.02978
     -504.00000  1575763.64008
     -500.00000  1575764.24475
     -496.00000  1575764.84428
     -492.00000  1575765.44446
     -488.00000  1575766.03315
     -484.00000  1575766.62416
     -480.00000  1575767.21019
     -476.00000  1575767.79461
     -472.00000  1575768.36897
     -468.00000  1575768.94324
     -464.00000  1575769.51484
     -460.00000  1575770.07675
     -456.00000  1575770.63884
     -452.00000  1575771.19511
     -448.00000  1575771.74673
     -444.00000  1575772.29222
     -440.00000  1575772.83624
     -436.00000  1575773.37423
     -432.00000  1575773.90974
     -428.00000  1575774.44103
     -424.00000  1575774.96687
     -420.00000  1575775.49152
     -416.00000  1575776.00781
     -412.00000  1575776.51939
     -408.00000  1575777.03052
     -404.00000  1575777.53587
     -400.00000  1575778.03571
     -396.00000  1575778.53464
     -392.00000  1575779.02699
     -388.00000  1575779.51682
     -384.00000  1575779.99967
     -380.00000  1575780.47962
     -376.00000  1575780.95494
     -372.00000  1575781.42729
     -368.00000  1575781.89276
     -364.00000  1575782.35618
     -360.00000  1575782.81138
     -356.00000  1575783.26462
     -352.00000  1575783.70919
     -348.00000  1575784.15259
     -344.00000  1575784.59137
     -340.00000  1575785.02691
     -336.00000  1575785.45550
     -332.00000  1575785.88148
     -328.00000  1575786.30056
     -324.00000  1575786.71496
     -320.00000  1575787.12564
     -316.00000  1575787.53369
     -312.00000  1575787.93218
     -308.00000  1575788.32596
     -304.00000  1575788.72020
     -300.00000  1575789.10670
     -296.00000  1575789.48855
     -292.00000  1575789.86416
     -288.00000  1575790.23747
     -284.00000  1575790.60312
     -280.00000  1575790.96424
     -276.00000  1575791.31971
     -272.00000  1575791.67255
     -268.00000  1575792.02208
     -264.00000  1575792.36558
     -260.00000  1575792.70356
     -256.00000  1575793.03836
     -252.00000  1575793.36708
     -248.00000  1575793.69115
     -244.00000  1575794.00911
     -240.00000  1575794.32257
     -236.00000  1575794.63064
     -232.00000  1575794.93603
     -228.00000  1575795.23349
     -224.00000  1575795.52420
     -220.00000  1575795.81210
     -216.00000  1575796.09741
     -212.00000  1575796.37456
     -208.00000  1575796.64655
     -204.00000  1575796.91614
     -200.00000  1575797.17647
     -196.00000  1575797.43704
     -192.00000  1575797.68828
     -188.00000  1575797.93635
     -184.00000  1575798.17765
     -180.00000  1575798.41664
     -176.00000  1575798.64565
     -172.00000  1575798.87254
     -168.00000  1575799.09663
     -164.00000  1575799.31428
     -160.00000  1575799.52634
     -156.00000  1575799.73407
     -152.00000  1575799.93474
     -148.00000  1575800.12994
     -144.00000  1575800.32033
     -140.00000  1575800.50576
     -136.00000  1575800.68446
     -132.00000  1575800.86027
     -128.00000  1575801.02952
     -124.00000  1575801.19346
     -120.00000  1575801.35204
     -116.00000  1575801.50697
     -112.00000  1575801.65433
     -108.00000  1575801.79703
     -104.00000  1575801.93578
     -100.00000  1575802.06777
      -96.00000  1575802.19392
      -92.00000  1575802.31659
      -88.00000  1575802.43348
      -84.00000  1575802.54677
      -80.00000  1575802.65431
      -76.00000  1575802.75529
      -72.00000  1575802.84830
      -68.00000  1575802.94021
      -64.00000  1575803.02520
      -60.00000  1575803.10505
      -56.00000  1575803.17951
      -52.00000  1575803.24678
      -48.00000  1575803.30966
      -44.00000  1575803.36755
      -40.00000  1575803.42004
      -36.00000  1575803.46538
      -32.00000  1575803.50740
      -28.00000  1575803.54515
      -24.00000  1575803.57403
      -20.00000  1575803.60290
      -16.00000  1575803.62090
      -12.00000  1575803.63561
       -8.00000  1575803.64390
       -4.00000  1575803.64912
        0.00000  1575803.64858
        4.00000  1575803.64076
        8.00000  1575803.62815
       12.00000  1575803.61156
       16.00000  1575803.58877
       20.00000  1575803.56178
       24.00000  1575803.52846
       28.00000  1575803.48775
       32.00000  1575803.44409
       36.00000  1575803.39279
       40.00000  1575803.33735
       44.00000  1575803.27757
       48.00000  1575803.21223
       52.00000  1575803.14075
       56.00000  1575803.06275
       60.00000  1575802.98147
       64.00000  1575802.89537
       68.00000  1575802.80400
       72.00000  1575802.70812
       76.00000  1575802.60430
       80.00000  1575802.49749
       84.00000  1575802.38545
       88.00000  1575802.26327
       92.00000  1575802.13941
       96.00000  1575802.00853
      100.00000  1575801.87309
      104.00000  1575801.73425
      108.00000  1575801.58824
      112.00000  1575801.43714
      116.00000  1575801.28092
      120.00000  1575801.11832
      124.00000  1575800.95200
      128.00000  1575800.78075
      132.00000  1575800.60265
      136.00000  1575800.41936
      140.00000  1575800.23105
      144.00000  1575800.03879
      148.00000  1575799.84052
      152.00000  1575799.63538
      156.00000  1575799.42690
      160.00000  1575799.21324
      164.00000  1575798.99531
      168.00000  1575798.77088
      172.00000  1575798.54145
      176.00000  1575798.30655
      180.00000  1575798.06892
      184.00000  1575797.82136
      188.00000  1575797.57175
      192.00000  1575797.31491
      196.00000  1575797.05257
      200.00000  1575796.78688
      204.00000  1575796.51862
      208.00000  1575796.24232
      212.00000  1575795.96174
      216.00000  1575795.67615
      220.00000  1575795.38361
      224.00000  1575795.08745
      228.00000  1575794.78675
      232.00000  1575794.47903
      236.00000  1575794.16976
      240.00000  1575793.85216
      244.00000  1575793.53233
      248.00000  1575793.20499
      252.00000  1575792.87527
      256.00000  1575792.53814
      260.00000  1575792.19861
      264.00000  1575791.85208
      268.00000  1575791.50029
      272.00000  1575791.14241
      276.00000  1575790.78301
      280.00000  1575790.41622
      284.00000  1575790.04686
      288.00000  1575789.66973
      292.00000  1575789.28855
      296.00000  1575788.90193
      300.00000  1575788.51196
      304.00000  1575788.11558
      308.00000  1575787.71307
      312.00000  1575787.30884
      316.00000  1575786.89755
      320.00000  1575786.48133
      324.00000  1575786.06235
      328.00000  1575785.63621
      332.00000  1575785.20683
      336.00000  1575784.77212
      340.00000  1575784.33380
      344.00000  1575783.89132
      348.00000  1575783.44247
      352.00000  1575782.99075
      356.00000  1575782.53517
      360.00000  1575782.07610
      364.00000  1575781.60843
      368.00000  1575781.13557
      372.00000  1575780.66094
      376.00000  1575780.18082
      380.00000  1575779.69951
      384.00000  1575779.21068
      388.00000  1575778.71657
      392.00000  1575778.22022
      396.00000  1575777.71780
      400.00000  1575777.21453
      404.00000  1575776.70287
      408.00000  1575776.18826
      412.00000  1575775.66843
      416.00000  1575775.14610
      420.00000  1575774.61599
      424.00000  1575774.08595
      428.00000  1575773.54747
      432.00000  1575773.00731
      436.00000  1575772.46418
      440.00000  1575771.91494
      444.00000  1575771.36001
      448.00000  1575770.80081
      452.00000  1575770.23691
      456.00000  1575769.67060
      460.00000  1575769.09738
      464.00000  1575768.52573
      468.00000  1575767.94303
      472.00000  1575767.36341
      476.00000  1575766.77350
      480.00000  1575766.18434
      484.00000  1575765.58986
      488.00000  1575764.99330
      492.00000  1575764.39109
      496.00000  1575763.78075
      500.00000  1575763.17193
      504.00000  1575762.55702
      508.00000  1575761.93372
      512.00000  1575761.30976
      516.00000  1575760.68591
      520.00000  1575760.05228
      524.00000  1575759.42118
      528.00000  1575758.78452
      532.00000  1575758.14467
      536.00000  1575757.49791
      540.00000  1575756.84973
      544.00000  1575756.19744
      548.00000  1575755.53950
      552.00000  1575754.87858
      556.00000  1575754.21616
      560.00000  1575753.54679
      564.00000  1575752.87548
      568.00000  1575752.19828
      572.00000  1575751.51985
      576.00000  1575750.84153
      580.00000  1575750.15593
      584.00000  1575749.46953
      588.00000  1575748.77672
      592.00000  1575748.08169
      596.00000  1575747.38410
      600.00000  1575746.67935
      604.00000  1575745.97229
      608.00000  1575745.26398
      612.00000  1575744.55552
      616.00000  1575743.83980
      620.00000  1575743.12464
      624.00000  1575742.40224
      628.00000  1575741.68010
      632.00000  1575740.95260
      636.00000  1575740.22488
      640.00000  1575739.49380
      644.00000  1575738.76009
      648.00000  1575738.02475
      652.00000  1575737.28061
      656.00000  1575736.53884
      660.00000  1575735.79271
      664.00000  1575735.04406
      668.00000  1575734.29084
      672.00000  1575733.53376
      676.00000  1575732.77673
      680.00000  1575732.01677
      684.00000  1575731.25345
      688.00000  1575730.48439
      692.00000  1575729.71562
      696.00000  1575728.94614
      700.00000  1575728.17287
      704.00000  1575727.39918
      708.00000  1575726.61942
      712.00000  1575725.84073
      716.00000  1575725.06051
      720.00000  1575724.27546
      724.00000  1575723.48826
      728.00000  1575722.70241
      732.00000  1575721.91007
      736.00000  1575721.11701
      740.00000  1575720.31896
      744.00000  1575719.52430
      748.00000  1575718.72260
      752.00000  1575717.91814
      756.00000  1575717.12064
      760.00000  1575716.31476
      764.00000  1575715.51153
      768.00000  1575714.70139
      772.00000  1575713.88698
      776.00000  1575713.07525
      780.00000  1575712.25753
      784.00000  1575711.44353
      788.00000  1575710.62717
      792.00000  1575709.80764
      796.00000  1575708.98809
      800.00000  1575708.16556
      804.00000  1575707.34452
      808.00000  1575706.51790
      812.00000  1575705.69269
      816.00000  1575704.86618
      820.00000  1575704.03679
      824.00000  1575703.20660
      828.00000  1575702.37587
      832.00000  1575701.54305
      836.00000  1575700.70926
      840.00000  1575699.87991
      844.00000  1575699.04094
      848.00000  1575698.20711
      852.00000  1575697.36598
      856.00000  1575696.52992
      860.00000  1575695.68783
      864.00000  1575694.84724
      868.00000  1575694.00615
      872.00000  1575693.16120
      876.00000  1575692.31225
      880.00000  1575691.46473
      884.00000  1575690.62311
      888.00000  1575689.77352
      892.00000  1575688.92731
      896.00000  1575688.07534
      900.00000  1575687.22056
      904.00000  1575686.36700
      908.00000  1575685.51711
      912.00000  1575684.66584
      916.00000  1575683.80805
      920.00000  1575682.95110
      924.00000  1575682.09649
      928.00000  1575681.23986
      932.00000  1575680.38154
      936.00000  1575679.52098
      940.00000  1575678.66356
      944.00000  1575677.80491
      948.00000  1575676.94366
      952.00000  1575676.08173
      956.00000  1575675.21849
      960.00000  1575674.35972
      964.00000  1575673.49218
      968.00000  1575672.63277
      972.00000  1575671.76685
      976.00000  1575670.90136
      980.00000  1575670.03275
      984.00000  1575669.16858
      988.00000  1575668.30211
      992.00000  1575667.43599
      996.00000  1575666.56449
     1000.00000  1575665.69704
     1004.00000  1575664.82315
     1008.00000  1575663.95002
     1012.00000  1575663.07965
     1016.00000  1575662.20938
     1020.00000  1575661.33790
     1024.00000  1575660.46430
     1028.00000  1575659.59004
     1032.00000  1575658.71380
     1036.00000  1575657.84010
     1040.00000  1575656.96290
     1044.00000  1575656.08300
     1048.00000  1575655.20393
     1052.00000  1575654.32944
     1056.00000  1575653.44999
     1060.00000  1575652.57008
     1064.00000  1575651.69021
     1068.00000  1575650.80988
     1072.00000  1575649.92907
     1076.00000  1575649.04671
     1080.00000  1575648.15919
     1084.00000  1575647.27825
     1088.00000  1575646.39442
     1092.00000  1575645.51295
     1096.00000  1575644.62423
     1100.00000  1575643.73832
     1104.00000  1575642.85185
     1108.00000  1575641.96299
     1112.00000  1575641.07724
     1116.00000  1575640.19016
     1120.00000  1575639.30161
     1124.00000  1575638.41104
     1128.00000  1575637.52642
     1132.00000  1575636.63765
     1136.00000  1575635.74709
     1140.00000  1575634.85979
     1144.00000  1575633.97247
     1148.00000  1575633.08231
     1152.00000  1575632.19112
     1156.00000  1575631.29491
     1160.00000  1575630.40498
     1164.00000  1575629.50965
     1168.00000  1575628.61588
     1172.00000  1575627.71656
     1176.00000  1575626.82471
     1180.00000  1575625.92987
     1184.00000  1575625.03872
     1188.00000  1575624.14001
     1192.00000  1575623.24523
     1196.00000  1575622.34916
     1200.00000  1575621.45674
     1204.00000  1575620.56074
     1208.00000  1575619.66217
     1212.00000  1575618.76362
     1216.00000  1575617.86459
     1220.00000  1575616.96732
     1224.00000  1575616.06692
     1228.00000  1575615.16499
     1232.00000  1575614.26545
     1236.00000  1575613.36670
     1240.00000  1575612.46633
     1244.00000  1575611.56525
     1248.00000  1575610.66589
     1252.00000  1575609.76423
     1256.00000  1575608.86394
     1260.00000  1575607.96122
     1264.00000  1575607.05724
     1268.00000  1575606.15381
     1272.00000  1575605.25038
     1276.00000  1575604.34689
     1280.00000  1575603.44514
     1284.00000  1575602.53693
     1288.00000  1575601.63258
     1292.00000  1575600.72841
     1296.00000  1575599.82097
     1300.00000  1575598.91516
     1304.00000  1575598.01467
     1308.00000  1575597.10556
     1312.00000  1575596.19585
     1316.00000  1575595.28711
     1320.00000  1575594.38274
     1324.00000  1575593.47320
     1328.00000  1575592.56838
     1332.00000  1575591.65948
     1336.00000  1575590.74892
     1340.00000  1575589.83830
     1344.00000  1575588.93075
     1348.00000  1575588.01943
     1352.00000  1575587.10972
     1356.00000  1575586.19694
     1360.00000  1575585.28938
     1364.00000  1575584.37730
     1368.00000  1575583.46624
     1372.00000  1575582.55240
     1376.00000  1575581.64449
     1380.00000  1575580.72802
     1384.00000  1575579.81634
     1388.00000  1575578.90171
     1392.00000  1575577.98008
     1396.00000  1575577.07174
     1400.00000  1575576.15323
     1404.00000  1575575.23978
     1408.00000  1575574.32127
     1412.00000  1575573.40914
     1416.00000  1575572.49142
     1420.00000  1575571.57235
     1424.00000  1575570.65634
     1428.00000  1575569.73745
     1432.00000  1575568.81993
     1436.00000  1575567.90103
     1440.00000  1575566.98458
     1444.00000  1575566.06793
     1448.00000  1575565.14619
     1452.00000  1575564.22709
     1456.00000  1575563.30471
     1460.00000  1575562.38712
     1464.00000  1575561.46021
     1468.00000  1575560.53819
     1472.00000  1575559.61597
     1476.00000  1575558.69232
     1480.00000  1575557.76721
     1484.00000  1575556.84604
     1488.00000  1575555.91935
     1492.00000  1575554.99441
     1496.00000  1575554.06786
     1500.00000  1575553.14426
     1504.00000  1575552.21355
     1508.00000  1575551.28825
     1512.00000  1575550.36107
     1516.00000  1575549.43516
     1520.00000  1575548.50270
     1524.00000  1575547.57478
     1528.00000  1575546.64298
     1532.00000  1575545.71240
     1536.00000  1575544.78364
     1540.00000  1575543.85315
     1544.00000  1575542.92558
     1548.00000  1575541.98541
     1552.00000  1575541.05885
     1556.00000  1575540.12602
     1560.00000  1575539.19057
     1564.00000  1575538.25821
     1568.00000  1575537.31888
     1572.00000  1575536.38328
     1576.00000  1575535.44671
     1580.00000  1575534.51490
     1584.00000  1575533.57938
     1588.00000  1575532.64225
     1592.00000  1575531.69972
     1596.00000  1575530.76632
     1600.00000  1575529.82462
     1604.00000  1575528.88497
     1608.00000  1575527.94450
     1612.00000  1575527.00372
     1616.00000  1575526.06104
     1620.00000  1575525.11876
     1624.00000  1575524.17723
     1628.00000  1575523.23197
     1632.00000  1575522.28981
     1636.00000  1575521.34453
     1640.00000  1575520.39536
     1644.00000  1575519.44595
     1648.00000  1575518.50130
     1652.00000  1575517.55797
     1656.00000  1575516.60683
     1660.00000  1575515.65834
     1664.00000  1575514.70692
     1668.00000  1575513.75513
     1672.00000  1575512.80582
     1676.00000  1575511.85662
     1680.00000  1575510.90678
     1684.00000  1575509.94763
     1688.00000  1575508.99452
     1692.00000  1575508.04289
     1696.00000  1575507.08391
     1700.00000  1575506.12904
     1704.00000  1575505.16454
     1708.00000  1575504.20978
     1712.00000  1575503.25092
     1716.00000  1575502.29601
     1720.00000  1575501.33284
     1724.00000  1575500.37447
     1728.00000  1575499.41716
     1732.00000  1575498.46237
     1736.00000  1575497.50368
     1740.00000  1575496.53486
     1744.00000  1575495.57841
     1748.00000  1575494.61222
     1752.00000  1575493.64509
     1756.00000  1575492.68508
     1760.00000  1575491.72010
     1764.00000  1575490.76043
     1768.00000  1575489.78977
     1772.00000  1575488.83015
     1776.00000  1575487.85764
     1780.00000  1575486.88923
     1784.00000  1575485.92589
     1788.00000  1575484.95697
     1792.00000  1575483.98379
     1796.00000  1575483.01150
     1800.00000  1575482.03767
     1804.00000  1575481.06961
     1808.00000  1575480.09912
     1812.00000  1575479.12647
     1816.00000  1575478.14878
     1820.00000  1575477.17039
     1824.00000  1575476.20179
     1828.00000  1575475.22219
     1832.00000  1575474.24512
     1836.00000  1575473.26769
     1840.00000  1575472.28966
     1844.00000  1575471.31052
     1848.00000  1575470.33037
     1852.00000  1575469.34927
     1856.00000  1575468.35881
     1860.00000  1575467.38339
     1864.00000  1575466.40085
     1868.00000  1575465.41837
     1872.00000  1575464.43608
     1876.00000  1575463.44802
     1880.00000  1575462.46183
     1884.00000  1575461.47256
     1888.00000  1575460.48145
     1892.00000  1575459.49414
     1896.00000  1575458.50220
     1900.00000  1575457.51611
     1904.00000  1575456.52049
     1908.00000  1575455.53416
     1912.00000  1575454.53945
     1916.00000  1575453.53993
     1920.00000  1575452.54285
     1924.00000  1575451.54582
     1928.00000  1575450.54969
     1932.00000  1575449.55197
     1936.00000  1575448.55553
     1940.00000  1575447.55401
     1944.00000  1575446.55570
     1948.00000  1575445.55756
     1952.00000  1575444.55736
     1956.00000  1575443.55992
     1960.00000  1575442.55833
     1964.00000  1575441.54574
     1968.00000  1575440.53601
     1972.00000  1575439.53214
     1976.00000  1575438.52268
     1980.00000  1575437.51976
     1984.00000  1575436.50787
     1988.00000  1575435.49161
     1992.00000  1575434.48391
     1996.00000  1575433.47732
     2000.00000  1575432.46959
     2004.00000  1575431.45112
     2008.00000  1575430.44117
     2012.00000  1575429.42659
     2016.00000  1575428.40762
     2020.00000  1575427.39304
     2024.00000  1575426.37647
     2028.00000  1575425.36315
     2032.00000  1575424.34191
     2036.00000  1575423.32225
     2040.00000  1575422.30326
     2044.00000  1575421.28016
     2048.00000  1575420.25618
     2052.00000  1575419.23900
     2056.00000  1575418.21539
     2060.00000  1575417.18824
     2064.00000  1575416.14834
     2068.00000  1575415.12436
     2072.00000  1575414.09350
     2076.00000  1575413.06110
     2080.00000  1575412.02448
     2084.00000  1575410.99392
     2088.00000  1575409.96576
     2092.00000  1575408.92898
     2096.00000  1575407.89406
     2100.00000  1575406.85856
     2104.00000  1575405.82683
     2108.00000  1575404.77780
     2112.00000  1575403.74096
     2116.00000  1575402.70881
     2120.00000  1575401.65843
     2124.00000  1575400.60812
     2128.00000  1575399.57522
     2132.00000  1575398.52615
     2136.00000  1575397.47967
     2140.00000  1575396.43592
     2144.00000  1575395.38420
     2148.00000  1575394.33729
     2152.00000  1575393.28058
     2156.00000  1575392.23871
     2160.00000  1575391.18215
     2164.00000  1575390.12679
     2168.00000  1575389.08118
     2172.00000  1575388.02204
     2176.00000  1575386.96329
     2180.00000  1575385.90301
     2184.00000  1575384.84163
     2188.00000  1575383.77991
     2192.00000  1575382.71960
     2196.00000  1575381.66173
     2200.00000  1575380.59389
     2204.00000  1575379.53157
     2208.00000  1575378.45749
     2212.00000  1575377.39182
     2216.00000  1575376.31999
     2220.00000  1575375.24664
     2224.00000  1575374.18344
     2228.00000  1575373.10755
     2232.00000  1575372.03757
     2236.00000  1575370.96565
     2240.00000  1575369.88773
     2244.00000  1575368.80855
     2248.00000  1575367.71981
     2252.00000  1575366.65009
     2256.00000  1575365.57270
     2260.00000  1575364.48365
     2264.00000  1575363.41215
     2268.00000  1575362.31855
     2272.00000  1575361.23249
     2276.00000  1575360.13982
     2280.00000  1575359.05736
     2284.00000  1575357.97351
     2288.00000  1575356.87892
     2292.00000  1575355.78902
     2296.00000  1575354.69854
     2300.00000  1575353.60686
     2304.00000  1575352.51395
     2308.00000  1575351.41265
     2312.00000  1575350.30449
     2316.00000  1575349.20528
     2320.00000  1575348.11283
     2324.00000  1575347.00806
     2328.00000  1575345.90161
     2332.00000  1575344.79075
     2336.00000  1575343.68025
     2340.00000  1575342.57183
     2344.00000  1575341.45933
     2348.00000  1575340.34999
     2352.00000  1575339.23921
     2356.00000  1575338.11833
     2360.00000  1575336.99689
     2364.00000  1575335.88386
     2368.00000  1575334.76592
     2372.00000  1575333.63502
     2376.00000  1575332.50966
     2380.00000  1575331.37904
     2384.00000  1575330.24900
     2388.00000  1575329.12282
     2392.00000  1575328.00243
     2396.00000  1575326.86436
     2400.00000  1575325.72003
     2404.00000  1575324.59166
     2408.00000  1575323.44999
     2412.00000  1575322.31853
     2416.00000  1575321.18394
     2420.00000  1575320.04176
     2424.00000  1575318.88672
     2428.00000  1575317.74903
     2432.00000  1575316.60353
     2436.00000  1575315.45939
     2440.00000  1575314.31418
     2444.00000  1575313.15486
     2448.00000  1575311.99189
     2452.00000  1575310.82526
     2456.00000  1575309.67630
     2460.00000  1575308.52168
     2464.00000  1575307.36665
     2468.00000  1575306.19764
     2472.00000  1575305.03327
     2476.00000  1575303.85092
     2480.00000  1575302.70670
     2484.00000  1575301.54152
     2488.00000  1575300.36406
     2492.00000  1575299.18788
     2496.00000  1575297.99941
     2500.00000  1575296.83299
     2504.00000  1575295.65998
     2508.00000  1575294.48330
     2512.00000  1575293.28966
     2516.00000  1575292.09790
     2520.00000  1575290.92036
     2524.00000  1575289.72486
     2528.00000  1575288.52599
     2532.00000  1575287.33832
     2536.00000  1575286.15205
     2540.00000  1575284.94593
     2544.00000  1575283.73244
     2548.00000  1575282.53743
     2552.00000  1575281.34011
     2556.00000  1575280.13161
     2560.00000  1575278.91346
     2564.00000  1575277.68966
     2568.00000  1575276.47535
     2572.00000  1575275.26328
     2576.00000  1575274.04881
     2580.00000  1575272.82346
     2584.00000  1575271.60357
     2588.00000  1575270.38107
     2592.00000  1575269.15471
     2596.00000  1575267.92491
     2600.00000  1575266.68022
     2604.00000  1575265.44655
     2608.00000  1575264.20298
     2612.00000  1575262.94792
     2616.00000  1575261.69825
     2620.00000  1575260.45487
     2624.00000  1575259.21546
     2628.00000  1575257.95997
     2632.00000  1575256.69212
     2636.00000  1575255.43277
     2640.00000  1575254.18247
     2644.00000  1575252.92119
     2648.00000  1575251.66255
     2652.00000  1575250.37610
     2656.00000  1575249.08912
     2660.00000  1575247.82524
     2664.00000  1575246.56885
     2668.00000  1575245.26816
     2672.00000  1575243.95307
     2676.00000  1575242.64832
     2680.00000  1575241.37992
     2684.00000  1575240.13110
     2688.00000  1575238.84360
     2692.00000  1575237.48720
     2696.00000  1575236.12977
     2700.00000  1575234.83402
     2704.00000  1575233.56791
     2708.00000  1575232.29323
     2712.00000  1575230.91846
     2716.00000  1575229.50470
     2720.00000  1575228.16786
     2724.00000  1575226.92141
     2728.00000  1575225.68947
     2732.00000  1575224.32275
     2736.00000  1575222.85668
     2740.00000  1575221.44968
     2744.00000  1575220.14651
     2748.00000  1575218.95461
     2752.00000  1575217.65565
     2756.00000  1575216.14851
     2760.00000  1575214.58820
     2764.00000  1575213.22338
     2768.00000  1575212.05488
     2772.00000  1575210.84920
     2776.00000  1575209.39481
     2780.00000  1575207.70736
     2784.00000  1575206.12729
     2788.00000  1575204.95921
     2792.00000  1575203.88057
     2796.00000  1575202.51688
     2800.00000  1575200.83540
     2804.00000  1575198.90355
     2808.00000  1575197.55129
     2812.00000  1575196.66515
     2816.00000  1575195.47513
     2820.00000  1575193.86856
     2824.00000  1575191.92408
     2828.00000  1575189.74500
     2832.00000  1575189.05019
     2836.00000  1575188.19635
     2840.00000  1575186.76052
     2844.00000  1575184.90109
     2848.00000  1575182.65775
     2852.00000  1575180.13254
     2856.00000  1575180.52169
     2860.00000  1575179.49994
     2864.00000  1575177.68153
     2868.00000  1575175.47681
     2872.00000  1575172.83253
     2876.00000  1575169.91901
     2880.00000  1575171.71370
     2884.00000  1575170.32413
     2888.00000  1575168.15665
     2892.00000  1575165.45094
     2896.00000  1575162.35535
     2900.00000  1575159.11868
     2904.00000  1575162.60943
     2908.00000  1575160.75237
     2912.00000  1575157.95679
     2916.00000  1575154.62333
     2920.00000  1575150.86634
     2924.00000  1575146.93286
     2928.00000  1575153.14152
     2932.00000  1575150.54754
     2936.00000  1575146.90621
     2940.00000  1575142.42136
     2944.00000  1575137.24352
     2948.00000        1.00000
     2952.00000  1575142.70785
     2956.00000  1575139.12643
     2960.00000  1575133.98631
     2964.00000        1.00000
     2968.00000        1.00000
     2972.00000        1.00000
     2976.00000  1575131.62771
     2980.00000        1.00000
     2984.00000        1.00000
     2988.00000        1.00000
     2992.00000        1.00000
     2996.00000        1.00000
     3000.00000  1575119.44129
