     -200.00000    125645
     -196.00000         0
     -192.00000         0
     -188.00000    156143
     -184.00000    145440
     -180.00000    147315
     -176.00000    144728
     -172.00000    144918
     -168.00000    142765
     -164.00000    150668
     -160.00000    157606
     -156.00000    155003
     -152.00000    158107
     -148.00000    150471
     -144.00000    149928
     -140.00000    147891
     -136.00000    150985
     -132.00000    152370
     -128.00000    151062
     -124.00000    149734
     -120.00000    149260
     -116.00000    148432
     -112.00000    142810
     -108.00000    143368
     -104.00000    146439
     -100.00000    143715
      -96.00000    141569
      -92.00000    146017
      -88.00000    141201
      -84.00000    143565
      -80.00000    144251
      -76.00000    142269
      -72.00000    143019
      -68.00000    145383
      -64.00000    144180
      -60.00000    146995
      -56.00000    150074
      -52.00000    148559
      -48.00000    150264
      -44.00000    148980
      -40.00000    148565
      -36.00000    146288
      -32.00000    148003
      -28.00000    145840
      -24.00000    145539
      -20.00000    146331
      -16.00000    147465
      -12.00000    147017
       -8.00000    147043
       -4.00000    147633
        0.00000    147724
        4.00000    148812
        8.00000    148053
       12.00000    149157
       16.00000    148787
       20.00000    150784
       24.00000    151361
       28.00000    151277
       32.00000    149134
       36.00000    149692
       40.00000    150448
       44.00000    150560
       48.00000    151165
       52.00000    150436
       56.00000    149645
       60.00000    148192
       64.00000    147101
       68.00000    146141
       72.00000    145251
       76.00000    147107
       80.00000    149186
       84.00000    148090
       88.00000    149120
       92.00000    146508
       96.00000    148412
      100.00000    144687
      104.00000    148253
      108.00000    149394
      112.00000    144280
      116.00000    147587
      120.00000    145931
      124.00000    147569
      128.00000    152755
      132.00000    151218
      136.00000    147031
      140.00000    152422
      144.00000    147269
      148.00000    145548
      152.00000    133268
      156.00000         0
      160.00000    159792
