    -2000.00000  1020676.53721
    -1996.00000        1.00000
    -1992.00000  1020683.40763
    -1988.00000  1020684.10052
    -1984.00000  1020689.62409
    -1980.00000  1020690.99314
    -1976.00000  1020695.44769
    -1972.00000  1020697.22183
    -1968.00000  1020701.02457
    -1964.00000  1020703.04074
    -1960.00000  1020706.42493
    -1956.00000  1020708.61236
    -1952.00000  1020711.67247
    -1948.00000  1020713.98020
    -1944.00000  1020716.81714
    -1940.00000  1020719.19239
    -1936.00000  1020721.85851
    -1932.00000  1020724.25976
    -1928.00000  1020726.82647
    -1924.00000  1020729.21956
    -1920.00000  1020731.70568
    -1916.00000  1020734.09014
    -1912.00000  1020736.50938
    -1908.00000  1020738.87169
    -1904.00000  1020741.25220
    -1900.00000  1020743.58046
    -1896.00000  1020745.93377
    -1892.00000  1020748.23043
    -1888.00000  1020750.53926
    -1884.00000  1020752.81464
    -1880.00000  1020755.09597
    -1876.00000  1020757.35534
    -1872.00000  1020759.60661
    -1868.00000  1020761.84155
    -1864.00000  1020764.06657
    -1860.00000  1020766.28190
    -1856.00000  1020768.48193
    -1852.00000  1020770.67634
    -1848.00000  1020772.85953
    -1844.00000  1020775.03191
    -1840.00000  1020777.19175
    -1836.00000  1020779.33736
    -1832.00000  1020781.48714
    -1828.00000  1020783.61900
    -1824.00000  1020785.74348
    -1820.00000  1020787.85970
    -1816.00000  1020789.96550
    -1812.00000  1020792.07165
    -1808.00000  1020794.16116
    -1804.00000  1020796.24308
    -1800.00000  1020798.32784
    -1796.00000  1020800.40152
    -1792.00000  1020802.46235
    -1788.00000  1020804.51751
    -1784.00000  1020806.56484
    -1780.00000  1020808.61600
    -1776.00000  1020810.65133
    -1772.00000  1020812.68607
    -1768.00000  1020814.71377
    -1764.00000  1020816.73861
    -1760.00000  1020818.74494
    -1756.00000  1020820.75391
    -1752.00000  1020822.75356
    -1748.00000  1020824.75306
    -1744.00000  1020826.73922
    -1740.00000  1020828.72643
    -1736.00000  1020830.70850
    -1732.00000  1020832.68780
    -1728.00000  1020834.65689
    -1724.00000  1020836.62947
    -1720.00000  1020838.58674
    -1716.00000  1020840.55041
    -1712.00000  1020842.49886
    -1708.00000  1020844.44478
    -1704.00000  1020846.38628
    -1700.00000  1020848.32251
    -1696.00000  1020850.25693
    -1692.00000  1020852.18494
    -1688.00000  1020854.10682
    -1684.00000  1020856.02754
    -1680.00000  1020857.93863
    -1676.00000  1020859.84903
    -1672.00000  1020861.75554
    -1668.00000  1020863.65537
    -1664.00000  1020865.56030
    -1660.00000  1020867.45815
    -1656.00000  1020869.34953
    -1652.00000  1020871.24063
    -1648.00000  1020873.12324
    -1644.00000  1020875.00639
    -1640.00000  1020876.88161
    -1636.00000  1020878.75427
    -1632.00000  1020880.62674
    -1628.00000  1020882.49304
    -1624.00000  1020884.35967
    -1620.00000  1020886.22350
    -1616.00000  1020888.07856
    -1612.00000  1020889.93262
    -1608.00000  1020891.78386
    -1604.00000  1020893.63262
    -1600.00000  1020895.47817
    -1596.00000  1020897.32419
    -1592.00000  1020899.16386
    -1588.00000  1020900.99997
    -1584.00000  1020902.83308
    -1580.00000  1020904.66398
    -1576.00000  1020906.48882
    -1572.00000  1020908.31792
    -1568.00000  1020910.13347
    -1564.00000  1020911.95146
    -1560.00000  1020913.76778
    -1556.00000  1020915.57892
    -1552.00000  1020917.38865
    -1548.00000  1020919.19621
    -1544.00000  1020921.00228
    -1540.00000  1020922.80322
    -1536.00000  1020924.60205
    -1532.00000  1020926.40087
    -1528.00000  1020928.18654
    -1524.00000  1020929.98100
    -1520.00000  1020931.76549
    -1516.00000  1020933.55427
    -1512.00000  1020935.33283
    -1508.00000  1020937.11507
    -1504.00000  1020938.89215
    -1500.00000  1020940.66429
    -1496.00000  1020942.44026
    -1492.00000  1020944.20742
    -1488.00000  1020945.97763
    -1484.00000  1020947.74633
    -1480.00000  1020949.51088
    -1476.00000  1020951.27431
    -1472.00000  1020953.03262
    -1468.00000  1020954.78682
    -1464.00000  1020956.54088
    -1460.00000  1020958.29037
    -1456.00000  1020960.03986
    -1452.00000  1020961.78818
    -1448.00000  1020963.53471
    -1444.00000  1020965.27715
    -1440.00000  1020967.01572
    -1436.00000  1020968.75221
    -1432.00000  1020970.48644
    -1428.00000  1020972.21910
    -1424.00000  1020973.94661
    -1420.00000  1020975.67659
    -1416.00000  1020977.40847
    -1412.00000  1020979.13061
    -1408.00000  1020980.85316
    -1404.00000  1020982.56721
    -1400.00000  1020984.28674
    -1396.00000  1020986.00188
    -1392.00000  1020987.71427
    -1388.00000  1020989.42342
    -1384.00000  1020991.13080
    -1380.00000  1020992.83948
    -1376.00000  1020994.54386
    -1372.00000  1020996.24442
    -1368.00000  1020997.94561
    -1364.00000  1020999.64139
    -1360.00000  1021001.33512
    -1356.00000  1021003.02869
    -1352.00000  1021004.72175
    -1348.00000  1021006.41449
    -1344.00000  1021008.10208
    -1340.00000  1021009.79121
    -1336.00000  1021011.47636
    -1332.00000  1021013.15613
    -1328.00000  1021014.83743
    -1324.00000  1021016.50954
    -1320.00000  1021018.18951
    -1316.00000  1021019.86135
    -1312.00000  1021021.52901
    -1308.00000  1021023.20081
    -1304.00000  1021024.86666
    -1300.00000  1021026.53170
    -1296.00000  1021028.19237
    -1292.00000  1021029.85307
    -1288.00000  1021031.51362
    -1284.00000  1021033.16791
    -1280.00000  1021034.82278
    -1276.00000  1021036.46931
    -1272.00000  1021038.12001
    -1268.00000  1021039.76649
    -1264.00000  1021041.40977
    -1260.00000  1021043.04959
    -1256.00000  1021044.69234
    -1252.00000  1021046.33103
    -1248.00000  1021047.96988
    -1244.00000  1021049.60131
    -1240.00000  1021051.23457
    -1236.00000  1021052.86799
    -1232.00000  1021054.49324
    -1228.00000  1021056.12028
    -1224.00000  1021057.74321
    -1220.00000  1021059.36665
    -1216.00000  1021060.98564
    -1212.00000  1021062.60542
    -1208.00000  1021064.22055
    -1204.00000  1021065.83319
    -1200.00000  1021067.44474
    -1196.00000  1021069.05121
    -1192.00000  1021070.65562
    -1188.00000  1021072.26085
    -1184.00000  1021073.86389
    -1180.00000  1021075.46502
    -1176.00000  1021077.06318
    -1172.00000  1021078.65885
    -1168.00000  1021080.25079
    -1164.00000  1021081.83951
    -1160.00000  1021083.42961
    -1156.00000  1021085.01279
    -1152.00000  1021086.59902
    -1148.00000  1021088.17765
    -1144.00000  1021089.75936
    -1140.00000  1021091.33632
    -1136.00000  1021092.91059
    -1132.00000  1021094.48583
    -1128.00000  1021096.05585
    -1124.00000  1021097.62582
    -1120.00000  1021099.18974
    -1116.00000  1021100.75379
    -1112.00000  1021102.31360
    -1108.00000  1021103.87328
    -1104.00000  1021105.42532
    -1100.00000  1021106.98222
    -1096.00000  1021108.53542
    -1092.00000  1021110.08657
    -1088.00000  1021111.63183
    -1084.00000  1021113.17568
    -1080.00000  1021114.72131
    -1076.00000  1021116.25751
    -1072.00000  1021117.79673
    -1068.00000  1021119.33206
    -1064.00000  1021120.86285
    -1060.00000  1021122.39202
    -1056.00000  1021123.91793
    -1052.00000  1021125.44305
    -1048.00000  1021126.96562
    -1044.00000  1021128.48265
    -1040.00000  1021129.99784
    -1036.00000  1021131.51237
    -1032.00000  1021133.02041
    -1028.00000  1021134.52678
    -1024.00000  1021136.03215
    -1020.00000  1021137.53626
    -1016.00000  1021139.03570
    -1012.00000  1021140.53504
    -1008.00000  1021142.02954
    -1004.00000  1021143.52351
    -1000.00000  1021145.01303
     -996.00000  1021146.49882
     -992.00000  1021147.98334
     -988.00000  1021149.46281
     -984.00000  1021150.93836
     -980.00000  1021152.41325
     -976.00000  1021153.88368
     -972.00000  1021155.35211
     -968.00000  1021156.81698
     -964.00000  1021158.27809
     -960.00000  1021159.73705
     -956.00000  1021161.19297
     -952.00000  1021162.64686
     -948.00000  1021164.09481
     -944.00000  1021165.54066
     -940.00000  1021166.98437
     -936.00000  1021168.42410
     -932.00000  1021169.86313
     -928.00000  1021171.29699
     -924.00000  1021172.72565
     -920.00000  1021174.15335
     -916.00000  1021175.57723
     -912.00000  1021177.00029
     -908.00000  1021178.41654
     -904.00000  1021179.83031
     -900.00000  1021181.23879
     -896.00000  1021182.64778
     -892.00000  1021184.05282
     -888.00000  1021185.45188
     -884.00000  1021186.84457
     -880.00000  1021188.23707
     -876.00000  1021189.62530
     -872.00000  1021191.01117
     -868.00000  1021192.39143
     -864.00000  1021193.76747
     -860.00000  1021195.14160
     -856.00000  1021196.50861
     -852.00000  1021197.87621
     -848.00000  1021199.23936
     -844.00000  1021200.59884
     -840.00000  1021201.95316
     -836.00000  1021203.30224
     -832.00000  1021204.64716
     -828.00000  1021205.99277
     -824.00000  1021207.32763
     -820.00000  1021208.65878
     -816.00000  1021209.98768
     -812.00000  1021211.31527
     -808.00000  1021212.63482
     -804.00000  1021213.95042
     -800.00000  1021215.26270
     -796.00000  1021216.57189
     -792.00000  1021217.87301
     -788.00000  1021219.17383
     -784.00000  1021220.47010
     -780.00000  1021221.75906
     -776.00000  1021223.04774
     -772.00000  1021224.33224
     -768.00000  1021225.60773
     -764.00000  1021226.88183
     -760.00000  1021228.15072
     -756.00000  1021229.41562
     -752.00000  1021230.67556
     -748.00000  1021231.92594
     -744.00000  1021233.17785
     -740.00000  1021234.42456
     -736.00000  1021235.66717
     -732.00000  1021236.90531
     -728.00000  1021238.13809
     -724.00000  1021239.36328
     -720.00000  1021240.58552
     -716.00000  1021241.80301
     -712.00000  1021243.01660
     -708.00000  1021244.22189
     -704.00000  1021245.42410
     -700.00000  1021246.62439
     -696.00000  1021247.81438
     -692.00000  1021249.00062
     -688.00000  1021250.18239
     -684.00000  1021251.36086
     -680.00000  1021252.53566
     -676.00000  1021253.70133
     -672.00000  1021254.86381
     -668.00000  1021256.02212
     -664.00000  1021257.17585
     -660.00000  1021258.32405
     -656.00000  1021259.46555
     -652.00000  1021260.59851
     -648.00000  1021261.72914
     -644.00000  1021262.85620
     -640.00000  1021263.97542
     -636.00000  1021265.09023
     -632.00000  1021266.19901
     -628.00000  1021267.30050
     -624.00000  1021268.40168
     -620.00000  1021269.49624
     -616.00000  1021270.58577
     -612.00000  1021271.66700
     -608.00000  1021272.74438
     -604.00000  1021273.81430
     -600.00000  1021274.87801
     -596.00000  1021275.93714
     -592.00000  1021276.99267
     -588.00000  1021278.03957
     -584.00000  1021279.08469
     -580.00000  1021280.12140
     -576.00000  1021281.15436
     -572.00000  1021282.18109
     -568.00000  1021283.20056
     -564.00000  1021284.21604
     -560.00000  1021285.22435
     -556.00000  1021286.22687
     -552.00000  1021287.22365
     -548.00000  1021288.21602
     -544.00000  1021289.20088
     -540.00000  1021290.18000
     -536.00000  1021291.14999
     -532.00000  1021292.11962
     -528.00000  1021293.08089
     -524.00000  1021294.03509
     -520.00000  1021294.98806
     -516.00000  1021295.92994
     -512.00000  1021296.86732
     -508.00000  1021297.79868
     -504.00000  1021298.72385
     -500.00000  1021299.64287
     -496.00000  1021300.55439
     -492.00000  1021301.46020
     -488.00000  1021302.36124
     -484.00000  1021303.25560
     -480.00000  1021304.14428
     -476.00000  1021305.02474
     -472.00000  1021305.90221
     -468.00000  1021306.77129
     -464.00000  1021307.63355
     -460.00000  1021308.48973
     -456.00000  1021309.34085
     -452.00000  1021310.18349
     -448.00000  1021311.02114
     -444.00000  1021311.85238
     -440.00000  1021312.67704
     -436.00000  1021313.49475
     -432.00000  1021314.30704
     -428.00000  1021315.11268
     -424.00000  1021315.90993
     -420.00000  1021316.70166
     -416.00000  1021317.48699
     -412.00000  1021318.26548
     -408.00000  1021319.03739
     -404.00000  1021319.80093
     -400.00000  1021320.55895
     -396.00000  1021321.31077
     -392.00000  1021322.05369
     -388.00000  1021322.79212
     -384.00000  1021323.52312
     -380.00000  1021324.24779
     -376.00000  1021324.96644
     -372.00000  1021325.68052
     -368.00000  1021326.38296
     -364.00000  1021327.07989
     -360.00000  1021327.77086
     -356.00000  1021328.45236
     -352.00000  1021329.12931
     -348.00000  1021329.79856
     -344.00000  1021330.45980
     -340.00000  1021331.11609
     -336.00000  1021331.76353
     -332.00000  1021332.40251
     -328.00000  1021333.03701
     -324.00000  1021333.66537
     -320.00000  1021334.28494
     -316.00000  1021334.89682
     -312.00000  1021335.50303
     -308.00000  1021336.10026
     -304.00000  1021336.68997
     -300.00000  1021337.27279
     -296.00000  1021337.85088
     -292.00000  1021338.42097
     -288.00000  1021338.98356
     -284.00000  1021339.53950
     -280.00000  1021340.08774
     -276.00000  1021340.62750
     -272.00000  1021341.16108
     -268.00000  1021341.68614
     -264.00000  1021342.20515
     -260.00000  1021342.71580
     -256.00000  1021343.22047
     -252.00000  1021343.71647
     -248.00000  1021344.20485
     -244.00000  1021344.68416
     -240.00000  1021345.15961
     -236.00000  1021345.62530
     -232.00000  1021346.08270
     -228.00000  1021346.53350
     -224.00000  1021346.97681
     -220.00000  1021347.41371
     -216.00000  1021347.84041
     -212.00000  1021348.26160
     -208.00000  1021348.67347
     -204.00000  1021349.08006
     -200.00000  1021349.47766
     -196.00000  1021349.86911
     -192.00000  1021350.25213
     -188.00000  1021350.62836
     -184.00000  1021350.99534
     -180.00000  1021351.35439
     -176.00000  1021351.70695
     -172.00000  1021352.05151
     -168.00000  1021352.38720
     -164.00000  1021352.71647
     -160.00000  1021353.03516
     -156.00000  1021353.34939
     -152.00000  1021353.65592
     -148.00000  1021353.95544
     -144.00000  1021354.24604
     -140.00000  1021354.52848
     -136.00000  1021354.80322
     -132.00000  1021355.07047
     -128.00000  1021355.32888
     -124.00000  1021355.57888
     -120.00000  1021355.82223
     -116.00000  1021356.05757
     -112.00000  1021356.28483
     -108.00000  1021356.50333
     -104.00000  1021356.71382
     -100.00000  1021356.91764
      -96.00000  1021357.11349
      -92.00000  1021357.30256
      -88.00000  1021357.48121
      -84.00000  1021357.65369
      -80.00000  1021357.81783
      -76.00000  1021357.97380
      -72.00000  1021358.12106
      -68.00000  1021358.26126
      -64.00000  1021358.39266
      -60.00000  1021358.51693
      -56.00000  1021358.63221
      -52.00000  1021358.74023
      -48.00000  1021358.83956
      -44.00000  1021358.93254
      -40.00000  1021359.01583
      -36.00000  1021359.09236
      -32.00000  1021359.15982
      -28.00000  1021359.21952
      -24.00000  1021359.27210
      -20.00000  1021359.31862
      -16.00000  1021359.35541
      -12.00000  1021359.38527
       -8.00000  1021359.40376
       -4.00000  1021359.41554
        0.00000  1021359.41908
        4.00000  1021359.41562
        8.00000  1021359.40426
       12.00000  1021359.38358
       16.00000  1021359.35562
       20.00000  1021359.31985
       24.00000  1021359.27706
       28.00000  1021359.22499
       32.00000  1021359.16597
       36.00000  1021359.09742
       40.00000  1021359.02317
       44.00000  1021358.93807
       48.00000  1021358.84601
       52.00000  1021358.74523
       56.00000  1021358.63766
       60.00000  1021358.52190
       64.00000  1021358.39687
       68.00000  1021358.26449
       72.00000  1021358.12398
       76.00000  1021357.97542
       80.00000  1021357.81952
       84.00000  1021357.65376
       88.00000  1021357.48185
       92.00000  1021357.30224
       96.00000  1021357.11495
      100.00000  1021356.91946
      104.00000  1021356.71614
      108.00000  1021356.50525
      112.00000  1021356.28583
      116.00000  1021356.05751
      120.00000  1021355.82306
      124.00000  1021355.57903
      128.00000  1021355.32921
      132.00000  1021355.06957
      136.00000  1021354.80328
      140.00000  1021354.52955
      144.00000  1021354.24676
      148.00000  1021353.95790
      152.00000  1021353.66075
      156.00000  1021353.35608
      160.00000  1021353.04270
      164.00000  1021352.72105
      168.00000  1021352.39274
      172.00000  1021352.05641
      176.00000  1021351.71190
      180.00000  1021351.36002
      184.00000  1021350.99960
      188.00000  1021350.63162
      192.00000  1021350.25588
      196.00000  1021349.87377
      200.00000  1021349.48464
      204.00000  1021349.08509
      208.00000  1021348.68032
      212.00000  1021348.26617
      216.00000  1021347.84644
      220.00000  1021347.41834
      224.00000  1021346.98111
      228.00000  1021346.53714
      232.00000  1021346.08468
      236.00000  1021345.62627
      240.00000  1021345.15959
      244.00000  1021344.68575
      248.00000  1021344.20170
      252.00000  1021343.71280
      256.00000  1021343.21754
      260.00000  1021342.71479
      264.00000  1021342.20423
      268.00000  1021341.68541
      272.00000  1021341.16088
      276.00000  1021340.62903
      280.00000  1021340.08790
      284.00000  1021339.53880
      288.00000  1021338.98346
      292.00000  1021338.42105
      296.00000  1021337.85136
      300.00000  1021337.27376
      304.00000  1021336.68932
      308.00000  1021336.09672
      312.00000  1021335.49711
      316.00000  1021334.89022
      320.00000  1021334.27783
      324.00000  1021333.65885
      328.00000  1021333.03152
      332.00000  1021332.39712
      336.00000  1021331.75586
      340.00000  1021331.10944
      344.00000  1021330.45459
      348.00000  1021329.79157
      352.00000  1021329.12358
      356.00000  1021328.44654
      360.00000  1021327.76401
      364.00000  1021327.07423
      368.00000  1021326.37697
      372.00000  1021325.67494
      376.00000  1021324.96490
      380.00000  1021324.24693
      384.00000  1021323.52082
      388.00000  1021322.79148
      392.00000  1021322.05229
      396.00000  1021321.30931
      400.00000  1021320.55678
      404.00000  1021319.79576
      408.00000  1021319.02972
      412.00000  1021318.25720
      416.00000  1021317.47894
      420.00000  1021316.69633
      424.00000  1021315.90274
      428.00000  1021315.10544
      432.00000  1021314.30114
      436.00000  1021313.48984
      440.00000  1021312.67127
      444.00000  1021311.84798
      448.00000  1021311.01782
      452.00000  1021310.18181
      456.00000  1021309.33775
      460.00000  1021308.48733
      464.00000  1021307.63137
      468.00000  1021306.77016
      472.00000  1021305.89852
      476.00000  1021305.02112
      480.00000  1021304.13915
      484.00000  1021303.25126
      488.00000  1021302.35629
      492.00000  1021301.45603
      496.00000  1021300.54993
      500.00000  1021299.63558
      504.00000  1021298.71646
      508.00000  1021297.79197
      512.00000  1021296.86134
      516.00000  1021295.92113
      520.00000  1021294.97731
      524.00000  1021294.02808
      528.00000  1021293.07157
      532.00000  1021292.10764
      536.00000  1021291.13872
      540.00000  1021290.16629
      544.00000  1021289.18556
      548.00000  1021288.20044
      552.00000  1021287.20909
      556.00000  1021286.21237
      560.00000  1021285.21177
      564.00000  1021284.20321
      568.00000  1021283.19073
      572.00000  1021282.17168
      576.00000  1021281.14568
      580.00000  1021280.11274
      584.00000  1021279.07819
      588.00000  1021278.03520
      592.00000  1021276.98761
      596.00000  1021275.93177
      600.00000  1021274.87251
      604.00000  1021273.80948
      608.00000  1021272.74016
      612.00000  1021271.66350
      616.00000  1021270.58250
      620.00000  1021269.49719
      624.00000  1021268.40290
      628.00000  1021267.30279
      632.00000  1021266.20080
      636.00000  1021265.09413
      640.00000  1021263.98212
      644.00000  1021262.86229
      648.00000  1021261.73832
      652.00000  1021260.61046
      656.00000  1021259.47181
      660.00000  1021258.33075
      664.00000  1021257.18216
      668.00000  1021256.02838
      672.00000  1021254.87082
      676.00000  1021253.70723
      680.00000  1021252.53984
      684.00000  1021251.36765
      688.00000  1021250.18802
      692.00000  1021249.00627
      696.00000  1021247.81909
      700.00000  1021246.62536
      704.00000  1021245.42832
      708.00000  1021244.22198
      712.00000  1021243.01498
      716.00000  1021241.80100
      720.00000  1021240.58424
      724.00000  1021239.36444
      728.00000  1021238.13956
      732.00000  1021236.90644
      736.00000  1021235.67045
      740.00000  1021234.43165
      744.00000  1021233.18527
      748.00000  1021231.93457
      752.00000  1021230.67956
      756.00000  1021229.41910
      760.00000  1021228.15299
      764.00000  1021226.88335
      768.00000  1021225.60937
      772.00000  1021224.33533
      776.00000  1021223.05478
      780.00000  1021221.76731
      784.00000  1021220.47613
      788.00000  1021219.18062
      792.00000  1021217.88063
      796.00000  1021216.57843
      800.00000  1021215.26854
      804.00000  1021213.95906
      808.00000  1021212.64214
      812.00000  1021211.32003
      816.00000  1021209.99694
      820.00000  1021208.66540
      824.00000  1021207.33052
      828.00000  1021205.99119
      832.00000  1021204.64904
      836.00000  1021203.30808
      840.00000  1021201.96164
      844.00000  1021200.60883
      848.00000  1021199.25036
      852.00000  1021197.88852
      856.00000  1021196.52411
      860.00000  1021195.15550
      864.00000  1021193.78210
      868.00000  1021192.40915
      872.00000  1021191.02784
      876.00000  1021189.64319
      880.00000  1021188.25789
      884.00000  1021186.87009
      888.00000  1021185.47166
      892.00000  1021184.07234
      896.00000  1021182.66952
      900.00000  1021181.26662
      904.00000  1021179.85359
      908.00000  1021178.44424
      912.00000  1021177.02761
      916.00000  1021175.60963
      920.00000  1021174.18707
      924.00000  1021172.76312
      928.00000  1021171.33336
      932.00000  1021169.90020
      936.00000  1021168.46384
      940.00000  1021167.02290
      944.00000  1021165.58234
      948.00000  1021164.13646
      952.00000  1021162.68495
      956.00000  1021161.23397
      960.00000  1021159.77480
      964.00000  1021158.31417
      968.00000  1021156.85045
      972.00000  1021155.38471
      976.00000  1021153.91363
      980.00000  1021152.44493
      984.00000  1021150.97309
      988.00000  1021149.49673
      992.00000  1021148.01629
      996.00000  1021146.53545
     1000.00000  1021145.05146
     1004.00000  1021143.56335
     1008.00000  1021142.07123
     1012.00000  1021140.57678
     1016.00000  1021139.07728
     1020.00000  1021137.57477
     1024.00000  1021136.07301
     1028.00000  1021134.56838
     1032.00000  1021133.05836
     1036.00000  1021131.55016
     1040.00000  1021130.03417
     1044.00000  1021128.52081
     1048.00000  1021127.00372
     1052.00000  1021125.48295
     1056.00000  1021123.95859
     1060.00000  1021122.43189
     1064.00000  1021120.90292
     1068.00000  1021119.37109
     1072.00000  1021117.83658
     1076.00000  1021116.30198
     1080.00000  1021114.75890
     1084.00000  1021113.21348
     1088.00000  1021111.67198
     1092.00000  1021110.12492
     1096.00000  1021108.57613
     1100.00000  1021107.02679
     1104.00000  1021105.47527
     1108.00000  1021103.91573
     1112.00000  1021102.35583
     1116.00000  1021100.79242
     1120.00000  1021099.23084
     1124.00000  1021097.66168
     1128.00000  1021096.09394
     1132.00000  1021094.52210
     1136.00000  1021092.95058
     1140.00000  1021091.37690
     1144.00000  1021089.79819
     1148.00000  1021088.21924
     1152.00000  1021086.63646
     1156.00000  1021085.04806
     1160.00000  1021083.46186
     1164.00000  1021081.87544
     1168.00000  1021080.28163
     1172.00000  1021078.69093
     1176.00000  1021077.09574
     1180.00000  1021075.50015
     1184.00000  1021073.89985
     1188.00000  1021072.29966
     1192.00000  1021070.69463
     1196.00000  1021069.08810
     1200.00000  1021067.47994
     1204.00000  1021065.86815
     1208.00000  1021064.25195
     1212.00000  1021062.63975
     1216.00000  1021061.01989
     1220.00000  1021059.40124
     1224.00000  1021057.78301
     1228.00000  1021056.15434
     1232.00000  1021054.53323
     1236.00000  1021052.90176
     1240.00000  1021051.27219
     1244.00000  1021049.63761
     1248.00000  1021048.00587
     1252.00000  1021046.36924
     1256.00000  1021044.73112
     1260.00000  1021043.08706
     1264.00000  1021041.44364
     1268.00000  1021039.79756
     1272.00000  1021038.15022
     1276.00000  1021036.50085
     1280.00000  1021034.85074
     1284.00000  1021033.19791
     1288.00000  1021031.54130
     1292.00000  1021029.88467
     1296.00000  1021028.22378
     1300.00000  1021026.56198
     1304.00000  1021024.89962
     1308.00000  1021023.23394
     1312.00000  1021021.56739
     1316.00000  1021019.89706
     1320.00000  1021018.22574
     1324.00000  1021016.55377
     1328.00000  1021014.87249
     1332.00000  1021013.19902
     1336.00000  1021011.51740
     1340.00000  1021009.83516
     1344.00000  1021008.14905
     1348.00000  1021006.45932
     1352.00000  1021004.76853
     1356.00000  1021003.07717
     1360.00000  1021001.38120
     1364.00000  1020999.68379
     1368.00000  1020997.98527
     1372.00000  1020996.28083
     1376.00000  1020994.58410
     1380.00000  1020992.87746
     1384.00000  1020991.17528
     1388.00000  1020989.46587
     1392.00000  1020987.75914
     1396.00000  1020986.04514
     1400.00000  1020984.33205
     1404.00000  1020982.61477
     1408.00000  1020980.89670
     1412.00000  1020979.17471
     1416.00000  1020977.45385
     1420.00000  1020975.72546
     1424.00000  1020973.99757
     1428.00000  1020972.26657
     1432.00000  1020970.53894
     1436.00000  1020968.80170
     1440.00000  1020967.06682
     1444.00000  1020965.32699
     1448.00000  1020963.58385
     1452.00000  1020961.83947
     1456.00000  1020960.09157
     1460.00000  1020958.34368
     1464.00000  1020956.59381
     1468.00000  1020954.83880
     1472.00000  1020953.07672
     1476.00000  1020951.31798
     1480.00000  1020949.55705
     1484.00000  1020947.78835
     1488.00000  1020946.02315
     1492.00000  1020944.25520
     1496.00000  1020942.47897
     1500.00000  1020940.70818
     1504.00000  1020938.93184
     1508.00000  1020937.14932
     1512.00000  1020935.36520
     1516.00000  1020933.58772
     1520.00000  1020931.79677
     1524.00000  1020930.00977
     1528.00000  1020928.21843
     1532.00000  1020926.42368
     1536.00000  1020924.63110
     1540.00000  1020922.83277
     1544.00000  1020921.03132
     1548.00000  1020919.22907
     1552.00000  1020917.42210
     1556.00000  1020915.61222
     1560.00000  1020913.80039
     1564.00000  1020911.98910
     1568.00000  1020910.17213
     1572.00000  1020908.35289
     1576.00000  1020906.52916
     1580.00000  1020904.69929
     1584.00000  1020902.86949
     1588.00000  1020901.03878
     1592.00000  1020899.20594
     1596.00000  1020897.36745
     1600.00000  1020895.52404
     1604.00000  1020893.67732
     1608.00000  1020891.83151
     1612.00000  1020889.97972
     1616.00000  1020888.12770
     1620.00000  1020886.27256
     1624.00000  1020884.40835
     1628.00000  1020882.54745
     1632.00000  1020880.67626
     1636.00000  1020878.80631
     1640.00000  1020876.92886
     1644.00000  1020875.04832
     1648.00000  1020873.16925
     1652.00000  1020871.27897
     1656.00000  1020869.39231
     1660.00000  1020867.49576
     1664.00000  1020865.59892
     1668.00000  1020863.69794
     1672.00000  1020861.78814
     1676.00000  1020859.87889
     1680.00000  1020857.96884
     1684.00000  1020856.05888
     1688.00000  1020854.13950
     1692.00000  1020852.21897
     1696.00000  1020850.28814
     1700.00000  1020848.35710
     1704.00000  1020846.41541
     1708.00000  1020844.46829
     1712.00000  1020842.52143
     1716.00000  1020840.57134
     1720.00000  1020838.61476
     1724.00000  1020836.65941
     1728.00000  1020834.69229
     1732.00000  1020832.72688
     1736.00000  1020830.74605
     1740.00000  1020828.77116
     1744.00000  1020826.78773
     1748.00000  1020824.79736
     1752.00000  1020822.79664
     1756.00000  1020820.79239
     1760.00000  1020818.78234
     1764.00000  1020816.76752
     1768.00000  1020814.75363
     1772.00000  1020812.72628
     1776.00000  1020810.69559
     1780.00000  1020808.65783
     1784.00000  1020806.61270
     1788.00000  1020804.55878
     1792.00000  1020802.50733
     1796.00000  1020800.43739
     1800.00000  1020798.36841
     1804.00000  1020796.28929
     1808.00000  1020794.20381
     1812.00000  1020792.10922
     1816.00000  1020790.00814
     1820.00000  1020787.90060
     1824.00000  1020785.78441
     1828.00000  1020783.65868
     1832.00000  1020781.52578
     1836.00000  1020779.38129
     1840.00000  1020777.22757
     1844.00000  1020775.06960
     1848.00000  1020772.88923
     1852.00000  1020770.72030
     1856.00000  1020768.51501
     1860.00000  1020766.31859
     1864.00000  1020764.09699
     1868.00000  1020761.87959
     1872.00000  1020759.64720
     1876.00000  1020757.39929
     1880.00000  1020755.15038
     1884.00000  1020752.86491
     1888.00000  1020750.58323
     1892.00000  1020748.27898
     1896.00000  1020745.96631
     1900.00000  1020743.63215
     1904.00000  1020741.30142
     1908.00000  1020738.91886
     1912.00000  1020736.55795
     1916.00000  1020734.12453
     1920.00000  1020731.74765
     1924.00000  1020729.26057
     1928.00000  1020726.87026
     1932.00000  1020724.30769
     1936.00000  1020721.91799
     1940.00000  1020719.24193
     1944.00000  1020716.87878
     1948.00000  1020714.04507
     1952.00000  1020711.74295
     1956.00000  1020708.68002
     1960.00000  1020706.49027
     1964.00000  1020703.10303
     1968.00000  1020701.09794
     1972.00000  1020697.28342
     1976.00000  1020695.50811
     1980.00000  1020691.05956
     1984.00000  1020689.66968
     1988.00000  1020684.12857
     1992.00000  1020683.45047
     1996.00000        1.00000
     2000.00000  1020676.54504
