    -2000.00000   1284035
    -1996.00000         0
    -1992.00000   1287855
    -1988.00000   1257169
    -1984.00000   1283109
    -1980.00000   1301391
    -1976.00000   1284789
    -1972.00000   1264243
    -1968.00000   1262017
    -1964.00000   1268942
    -1960.00000   1243966
    -1956.00000   1267072
    -1952.00000   1270126
    -1948.00000   1258362
    -1944.00000   1236549
    -1940.00000   1234338
    -1936.00000   1256756
    -1932.00000   1244669
    -1928.00000   1246927
    -1924.00000   1226268
    -1920.00000   1238124
    -1916.00000   1239233
    -1912.00000   1247744
    -1908.00000   1241643
    -1904.00000   1229759
    -1900.00000   1225669
    -1896.00000   1208848
    -1892.00000   1217346
    -1888.00000   1213665
    -1884.00000   1226273
    -1880.00000   1179304
    -1876.00000   1178003
    -1872.00000   1175171
    -1868.00000   1180602
    -1864.00000   1185717
    -1860.00000   1174249
    -1856.00000   1181135
    -1852.00000   1166471
    -1848.00000   1166627
    -1844.00000   1159433
    -1840.00000   1167748
    -1836.00000   1159052
    -1832.00000   1168409
    -1828.00000   1170639
    -1824.00000   1158649
    -1820.00000   1160154
    -1816.00000   1151949
    -1812.00000   1153543
    -1808.00000   1162421
    -1804.00000   1150609
    -1800.00000   1139527
    -1796.00000   1123108
    -1792.00000   1129206
    -1788.00000   1126889
    -1784.00000   1135585
    -1780.00000   1128046
    -1776.00000   1141034
    -1772.00000   1130857
    -1768.00000   1139308
    -1764.00000   1131634
    -1760.00000   1141693
    -1756.00000   1127682
    -1752.00000   1127922
    -1748.00000   1117364
    -1744.00000   1122913
    -1740.00000   1119762
    -1736.00000   1120632
    -1732.00000   1117228
    -1728.00000   1117804
    -1724.00000   1126805
    -1720.00000   1118987
    -1716.00000   1114966
    -1712.00000   1119433
    -1708.00000   1119211
    -1704.00000   1120523
    -1700.00000   1129093
    -1696.00000   1135672
    -1692.00000   1139323
    -1688.00000   1137922
    -1684.00000   1129237
    -1680.00000   1123000
    -1676.00000   1116850
    -1672.00000   1127179
    -1668.00000   1129871
    -1664.00000   1127169
    -1660.00000   1125782
    -1656.00000   1118623
    -1652.00000   1127766
    -1648.00000   1130873
    -1644.00000   1131475
    -1640.00000   1136121
    -1636.00000   1133631
    -1632.00000   1131657
    -1628.00000   1137973
    -1624.00000   1135675
    -1620.00000   1135795
    -1616.00000   1139304
    -1612.00000   1144087
    -1608.00000   1158307
    -1604.00000   1150267
    -1600.00000   1141354
    -1596.00000   1136573
    -1592.00000   1142303
    -1588.00000   1149199
    -1584.00000   1155347
    -1580.00000   1156802
    -1576.00000   1152921
    -1572.00000   1151195
    -1568.00000   1153158
    -1564.00000   1159252
    -1560.00000   1165300
    -1556.00000   1167578
    -1552.00000   1160692
    -1548.00000   1165728
    -1544.00000   1170365
    -1540.00000   1168687
    -1536.00000   1169679
    -1532.00000   1160481
    -1528.00000   1172527
    -1524.00000   1171579
    -1520.00000   1173159
    -1516.00000   1171969
    -1512.00000   1177604
    -1508.00000   1172384
    -1504.00000   1171858
    -1500.00000   1185555
    -1496.00000   1190657
    -1492.00000   1197235
    -1488.00000   1193875
    -1484.00000   1189327
    -1480.00000   1182779
    -1476.00000   1178563
    -1472.00000   1176442
    -1468.00000   1176719
    -1464.00000   1182046
    -1460.00000   1189817
    -1456.00000   1178223
    -1452.00000   1172103
    -1448.00000   1177295
    -1444.00000   1182227
    -1440.00000   1184458
    -1436.00000   1183561
    -1432.00000   1191949
    -1428.00000   1190066
    -1424.00000   1195325
    -1420.00000   1192954
    -1416.00000   1184351
    -1412.00000   1196184
    -1408.00000   1195485
    -1404.00000   1210203
    -1400.00000   1198924
    -1396.00000   1206862
    -1392.00000   1211208
    -1388.00000   1210813
    -1384.00000   1205648
    -1380.00000   1209568
    -1376.00000   1218012
    -1372.00000   1215298
    -1368.00000   1207980
    -1364.00000   1218314
    -1360.00000   1224865
    -1356.00000   1218834
    -1352.00000   1223401
    -1348.00000   1210998
    -1344.00000   1213225
    -1340.00000   1212704
    -1336.00000   1212056
    -1332.00000   1217975
    -1328.00000   1214278
    -1324.00000   1212796
    -1320.00000   1197121
    -1316.00000   1203849
    -1312.00000   1202924
    -1308.00000   1204313
    -1304.00000   1203556
    -1300.00000   1204918
    -1296.00000   1201027
    -1292.00000   1194574
    -1288.00000   1191025
    -1284.00000   1196654
    -1280.00000   1193073
    -1276.00000   1200033
    -1272.00000   1196831
    -1268.00000   1199443
    -1264.00000   1204049
    -1260.00000   1208425
    -1256.00000   1209674
    -1252.00000   1209624
    -1248.00000   1211727
    -1244.00000   1215090
    -1240.00000   1212472
    -1236.00000   1215444
    -1232.00000   1211982
    -1228.00000   1214718
    -1224.00000   1210902
    -1220.00000   1207392
    -1216.00000   1211262
    -1212.00000   1210967
    -1208.00000   1212071
    -1204.00000   1208341
    -1200.00000   1214580
    -1196.00000   1226488
    -1192.00000   1222927
    -1188.00000   1224012
    -1184.00000   1218360
    -1180.00000   1220017
    -1176.00000   1218767
    -1172.00000   1220151
    -1168.00000   1223851
    -1164.00000   1224756
    -1160.00000   1224930
    -1156.00000   1231753
    -1152.00000   1231120
    -1148.00000   1230477
    -1144.00000   1233168
    -1140.00000   1227853
    -1136.00000   1225858
    -1132.00000   1225987
    -1128.00000   1230378
    -1124.00000   1231431
    -1120.00000   1230477
    -1116.00000   1231600
    -1112.00000   1234474
    -1108.00000   1235907
    -1104.00000   1239814
    -1100.00000   1236890
    -1096.00000   1229618
    -1092.00000   1225688
    -1088.00000   1226394
    -1084.00000   1225459
    -1080.00000   1218312
    -1076.00000   1230274
    -1072.00000   1220992
    -1068.00000   1218811
    -1064.00000   1219186
    -1060.00000   1213123
    -1056.00000   1211062
    -1052.00000   1212741
    -1048.00000   1206062
    -1044.00000   1211474
    -1040.00000   1210484
    -1036.00000   1203311
    -1032.00000   1195679
    -1028.00000   1191765
    -1024.00000   1193500
    -1020.00000   1192962
    -1016.00000   1182041
    -1012.00000   1180192
    -1008.00000   1181917
    -1004.00000   1187984
    -1000.00000   1180224
     -996.00000   1179041
     -992.00000   1183677
     -988.00000   1183499
     -984.00000   1188939
     -980.00000   1192676
     -976.00000   1195103
     -972.00000   1201659
     -968.00000   1210943
     -964.00000   1197414
     -960.00000   1195493
     -956.00000   1190182
     -952.00000   1193389
     -948.00000   1196625
     -944.00000   1199251
     -940.00000   1197019
     -936.00000   1207672
     -932.00000   1196728
     -928.00000   1195152
     -924.00000   1195698
     -920.00000   1199174
     -916.00000   1201825
     -912.00000   1196725
     -908.00000   1193830
     -904.00000   1189486
     -900.00000   1189825
     -896.00000   1185806
     -892.00000   1184360
     -888.00000   1184017
     -884.00000   1186245
     -880.00000   1189471
     -876.00000   1182979
     -872.00000   1183671
     -868.00000   1175867
     -864.00000   1179517
     -860.00000   1169837
     -856.00000   1176691
     -852.00000   1175298
     -848.00000   1175777
     -844.00000   1176381
     -840.00000   1175819
     -836.00000   1178593
     -832.00000   1181756
     -828.00000   1178072
     -824.00000   1184092
     -820.00000   1186266
     -816.00000   1193138
     -812.00000   1185447
     -808.00000   1187103
     -804.00000   1188213
     -800.00000   1186547
     -796.00000   1184710
     -792.00000   1185802
     -788.00000   1180366
     -784.00000   1175342
     -780.00000   1177913
     -776.00000   1172663
     -772.00000   1171408
     -768.00000   1163740
     -764.00000   1162662
     -760.00000   1157329
     -756.00000   1156823
     -752.00000   1150551
     -748.00000   1155024
     -744.00000   1152903
     -740.00000   1154368
     -736.00000   1153581
     -732.00000   1144333
     -728.00000   1144053
     -724.00000   1143928
     -720.00000   1144233
     -716.00000   1141230
     -712.00000   1138697
     -708.00000   1148269
     -704.00000   1147740
     -700.00000   1142748
     -696.00000   1148804
     -692.00000   1143670
     -688.00000   1142848
     -684.00000   1137767
     -680.00000   1130862
     -676.00000   1136043
     -672.00000   1135055
     -668.00000   1130887
     -664.00000   1122294
     -660.00000   1115321
     -656.00000   1113473
     -652.00000   1111888
     -648.00000   1110462
     -644.00000   1108808
     -640.00000   1107756
     -636.00000   1103358
     -632.00000   1104428
     -628.00000   1109804
     -624.00000   1111385
     -620.00000   1112693
     -616.00000   1108668
     -612.00000   1100130
     -608.00000   1096067
     -604.00000   1100266
     -600.00000   1099732
     -596.00000   1101173
     -592.00000   1094818
     -588.00000   1095722
     -584.00000   1086156
     -580.00000   1082837
     -576.00000   1087448
     -572.00000   1084769
     -568.00000   1079717
     -564.00000   1079647
     -560.00000   1083798
     -556.00000   1086678
     -552.00000   1094234
     -548.00000   1095990
     -544.00000   1101869
     -540.00000   1100916
     -536.00000   1100363
     -532.00000   1096322
     -528.00000   1096337
     -524.00000   1099508
     -520.00000   1094842
     -516.00000   1096920
     -512.00000   1098544
     -508.00000   1101232
     -504.00000   1098730
     -500.00000   1100450
     -496.00000   1096918
     -492.00000   1097260
     -488.00000   1096154
     -484.00000   1088663
     -480.00000   1088486
     -476.00000   1089232
     -472.00000   1083707
     -468.00000   1086425
     -464.00000   1083666
     -460.00000   1084864
     -456.00000   1079752
     -452.00000   1078869
     -448.00000   1079882
     -444.00000   1081954
     -440.00000   1078312
     -436.00000   1082797
     -432.00000   1079984
     -428.00000   1079787
     -424.00000   1071889
     -420.00000   1072711
     -416.00000   1069491
     -412.00000   1070938
     -408.00000   1068936
     -404.00000   1064756
     -400.00000   1069473
     -396.00000   1074930
     -392.00000   1076351
     -388.00000   1072842
     -384.00000   1076688
     -380.00000   1077976
     -376.00000   1075235
     -372.00000   1071904
     -368.00000   1071056
     -364.00000   1073374
     -360.00000   1072343
     -356.00000   1075465
     -352.00000   1074300
     -348.00000   1077080
     -344.00000   1078385
     -340.00000   1073867
     -336.00000   1077840
     -332.00000   1083436
     -328.00000   1083379
     -324.00000   1082753
     -320.00000   1081805
     -316.00000   1088969
     -312.00000   1087462
     -308.00000   1087172
     -304.00000   1092598
     -300.00000   1091699
     -296.00000   1091543
     -292.00000   1087301
     -288.00000   1088507
     -284.00000   1086839
     -280.00000   1082802
     -276.00000   1083240
     -272.00000   1080625
     -268.00000   1084661
     -264.00000   1085121
     -260.00000   1085907
     -256.00000   1085384
     -252.00000   1087515
     -248.00000   1092495
     -244.00000   1093738
     -240.00000   1095148
     -236.00000   1098055
     -232.00000   1099651
     -228.00000   1099930
     -224.00000   1097765
     -220.00000   1092318
     -216.00000   1093820
     -212.00000   1093644
     -208.00000   1092532
     -204.00000   1094750
     -200.00000   1096256
     -196.00000   1099031
     -192.00000   1100323
     -188.00000   1094232
     -184.00000   1092903
     -180.00000   1093205
     -176.00000   1096755
     -172.00000   1098136
     -168.00000   1099499
     -164.00000   1101971
     -160.00000   1103352
     -156.00000   1103802
     -152.00000   1104230
     -148.00000   1099244
     -144.00000   1100444
     -140.00000   1095367
     -136.00000   1092268
     -132.00000   1091082
     -128.00000   1096151
     -124.00000   1099208
     -120.00000   1096592
     -116.00000   1096761
     -112.00000   1096308
     -108.00000   1096027
     -104.00000   1096734
     -100.00000   1093619
      -96.00000   1094530
      -92.00000   1095344
      -88.00000   1096983
      -84.00000   1097804
      -80.00000   1096639
      -76.00000   1097757
      -72.00000   1099027
      -68.00000   1097493
      -64.00000   1095358
      -60.00000   1093708
      -56.00000   1093589
      -52.00000   1092911
      -48.00000   1092246
      -44.00000   1091216
      -40.00000   1089168
      -36.00000   1086452
      -32.00000   1088036
      -28.00000   1090496
      -24.00000   1089851
      -20.00000   1087205
      -16.00000   1083995
      -12.00000   1083265
       -8.00000   1080740
       -4.00000   1081368
        0.00000   1082979
        4.00000   1083644
        8.00000   1081754
       12.00000   1083607
       16.00000   1081746
       20.00000   1082134
       24.00000   1080893
       28.00000   1081921
       32.00000   1079670
       36.00000   1078498
       40.00000   1073044
       44.00000   1076535
       48.00000   1075636
       52.00000   1076238
       56.00000   1075291
       60.00000   1074900
       64.00000   1074532
       68.00000   1072849
       72.00000   1076036
       76.00000   1077653
       80.00000   1073725
       84.00000   1076549
       88.00000   1078277
       92.00000   1078691
       96.00000   1079008
      100.00000   1076531
      104.00000   1075867
      108.00000   1080418
      112.00000   1079111
      116.00000   1079000
      120.00000   1076179
      124.00000   1076334
      128.00000   1078258
      132.00000   1078994
      136.00000   1076515
      140.00000   1075369
      144.00000   1071768
      148.00000   1070335
      152.00000   1065887
      156.00000   1063968
      160.00000   1064834
      164.00000   1062558
      168.00000   1060780
      172.00000   1058455
      176.00000   1057955
      180.00000   1057701
      184.00000   1059093
      188.00000   1059682
      192.00000   1058672
      196.00000   1054015
      200.00000   1050679
      204.00000   1048867
      208.00000   1045321
      212.00000   1046837
      216.00000   1046819
      220.00000   1047017
      224.00000   1046080
      228.00000   1049094
      232.00000   1053206
      236.00000   1053276
      240.00000   1054273
      244.00000   1056311
      248.00000   1062551
      252.00000   1066700
      256.00000   1062741
      260.00000   1060137
      264.00000   1061206
      268.00000   1064093
      272.00000   1062056
      276.00000   1059186
      280.00000   1055437
      284.00000   1053360
      288.00000   1052555
      292.00000   1049822
      296.00000   1050892
      300.00000   1051875
      304.00000   1049701
      308.00000   1051397
      312.00000   1047462
      316.00000   1044408
      320.00000   1039458
      324.00000   1034220
      328.00000   1039745
      332.00000   1043411
      336.00000   1049345
      340.00000   1050590
      344.00000   1051705
      348.00000   1052260
      352.00000   1050412
      356.00000   1053864
      360.00000   1055182
      364.00000   1057848
      368.00000   1053956
      372.00000   1049665
      376.00000   1047566
      380.00000   1042342
      384.00000   1042772
      388.00000   1038409
      392.00000   1039864
      396.00000   1039089
      400.00000   1041515
      404.00000   1047173
      408.00000   1049384
      412.00000   1052738
      416.00000   1056650
      420.00000   1049063
      424.00000   1054083
      428.00000   1054226
      432.00000   1056547
      436.00000   1058600
      440.00000   1061021
      444.00000   1058408
      448.00000   1055346
      452.00000   1056971
      456.00000   1058580
      460.00000   1060307
      464.00000   1060301
      468.00000   1053571
      472.00000   1054337
      476.00000   1052657
      480.00000   1053744
      484.00000   1055242
      488.00000   1054100
      492.00000   1051332
      496.00000   1049927
      500.00000   1048452
      504.00000   1051728
      508.00000   1050565
      512.00000   1044604
      516.00000   1051058
      520.00000   1050529
      524.00000   1054361
      528.00000   1056413
      532.00000   1055792
      536.00000   1063888
      540.00000   1058690
      544.00000   1059106
      548.00000   1057843
      552.00000   1057121
      556.00000   1061294
      560.00000   1050760
      564.00000   1049953
      568.00000   1049022
      572.00000   1045095
      576.00000   1041761
      580.00000   1038939
      584.00000   1040457
      588.00000   1043301
      592.00000   1039561
      596.00000   1044097
      600.00000   1040134
      604.00000   1037873
      608.00000   1030622
      612.00000   1029316
      616.00000   1024646
      620.00000   1019506
      624.00000   1027317
      628.00000   1024832
      632.00000   1023161
      636.00000   1017880
      640.00000   1019674
      644.00000   1024247
      648.00000   1023173
      652.00000   1024072
      656.00000   1031515
      660.00000   1034452
      664.00000   1039322
      668.00000   1039680
      672.00000   1042997
      676.00000   1043669
      680.00000   1049810
      684.00000   1046657
      688.00000   1048171
      692.00000   1048551
      696.00000   1052004
      700.00000   1053754
      704.00000   1046025
      708.00000   1056194
      712.00000   1063315
      716.00000   1070684
      720.00000   1077591
      724.00000   1074271
      728.00000   1074669
      732.00000   1069711
      736.00000   1065053
      740.00000   1063115
      744.00000   1066335
      748.00000   1066595
      752.00000   1068715
      756.00000   1070223
      760.00000   1071824
      764.00000   1075399
      768.00000   1077389
      772.00000   1076028
      776.00000   1071773
      780.00000   1073811
      784.00000   1072516
      788.00000   1073106
      792.00000   1074334
      796.00000   1072107
      800.00000   1073754
      804.00000   1066950
      808.00000   1065211
      812.00000   1069647
      816.00000   1064999
      820.00000   1072318
      824.00000   1070727
      828.00000   1073618
      832.00000   1070044
      836.00000   1071704
      840.00000   1065812
      844.00000   1067859
      848.00000   1063743
      852.00000   1067903
      856.00000   1067235
      860.00000   1076338
      864.00000   1080006
      868.00000   1080817
      872.00000   1086348
      876.00000   1087127
      880.00000   1084986
      884.00000   1087905
      888.00000   1085699
      892.00000   1089175
      896.00000   1083746
      900.00000   1089479
      904.00000   1090270
      908.00000   1090133
      912.00000   1088483
      916.00000   1080931
      920.00000   1084567
      924.00000   1080298
      928.00000   1085969
      932.00000   1082072
      936.00000   1080588
      940.00000   1082039
      944.00000   1078431
      948.00000   1073776
      952.00000   1082439
      956.00000   1078161
      960.00000   1084993
      964.00000   1087128
      968.00000   1090209
      972.00000   1093107
      976.00000   1097002
      980.00000   1100843
      984.00000   1095296
      988.00000   1096046
      992.00000   1096942
      996.00000   1093202
     1000.00000   1095666
     1004.00000   1089450
     1008.00000   1090042
     1012.00000   1095526
     1016.00000   1094453
     1020.00000   1091574
     1024.00000   1088440
     1028.00000   1088317
     1032.00000   1090088
     1036.00000   1090752
     1040.00000   1093993
     1044.00000   1099477
     1048.00000   1093739
     1052.00000   1091585
     1056.00000   1095753
     1060.00000   1094898
     1064.00000   1096944
     1068.00000   1097008
     1072.00000   1086346
     1076.00000   1083949
     1080.00000   1079821
     1084.00000   1077335
     1088.00000   1075277
     1092.00000   1069194
     1096.00000   1061517
     1100.00000   1059307
     1104.00000   1060054
     1108.00000   1065436
     1112.00000   1055066
     1116.00000   1063740
     1120.00000   1059974
     1124.00000   1060629
     1128.00000   1066724
     1132.00000   1069849
     1136.00000   1067238
     1140.00000   1060982
     1144.00000   1067400
     1148.00000   1057560
     1152.00000   1055798
     1156.00000   1055697
     1160.00000   1053753
     1164.00000   1041706
     1168.00000   1049528
     1172.00000   1038861
     1176.00000   1031426
     1180.00000   1032712
     1184.00000   1025192
     1188.00000   1030458
     1192.00000   1026103
     1196.00000   1023041
     1200.00000   1026319
     1204.00000   1028875
     1208.00000   1028475
     1212.00000   1031217
     1216.00000   1031084
     1220.00000   1028762
     1224.00000   1033669
     1228.00000   1036516
     1232.00000   1038125
     1236.00000   1040569
     1240.00000   1045640
     1244.00000   1052117
     1248.00000   1034245
     1252.00000   1031943
     1256.00000   1038019
     1260.00000   1039848
     1264.00000   1035867
     1268.00000   1038132
     1272.00000   1030448
     1276.00000   1031522
     1280.00000   1028196
     1284.00000   1028535
     1288.00000   1022524
     1292.00000   1029200
     1296.00000   1037645
     1300.00000   1039414
     1304.00000   1035962
     1308.00000   1034615
     1312.00000   1029025
     1316.00000   1030019
     1320.00000   1022813
     1324.00000   1023351
     1328.00000   1029196
     1332.00000   1033366
     1336.00000   1032942
     1340.00000   1029149
     1344.00000   1029733
     1348.00000   1029279
     1352.00000   1034442
     1356.00000   1040046
     1360.00000   1044126
     1364.00000   1056857
     1368.00000   1052306
     1372.00000   1051673
     1376.00000   1040233
     1380.00000   1043088
     1384.00000   1032940
     1388.00000   1035609
     1392.00000   1033332
     1396.00000   1042016
     1400.00000   1027791
     1404.00000   1025365
     1408.00000   1022524
     1412.00000   1018769
     1416.00000   1012129
     1420.00000   1018510
     1424.00000   1008808
     1428.00000   1013792
     1432.00000   1004971
     1436.00000   1009016
     1440.00000    995508
     1444.00000    996822
     1448.00000    996374
     1452.00000    995012
     1456.00000    997892
     1460.00000    990559
     1464.00000    989023
     1468.00000    978273
     1472.00000    986868
     1476.00000    988036
     1480.00000    990075
     1484.00000    990391
     1488.00000    995650
     1492.00000    999333
     1496.00000   1001463
     1500.00000   1005790
     1504.00000   1001938
     1508.00000   1005762
     1512.00000   1020065
     1516.00000   1008018
     1520.00000   1016318
     1524.00000   1010776
     1528.00000   1008484
     1532.00000   1010420
     1536.00000    993466
     1540.00000    989035
     1544.00000    994895
     1548.00000    985708
     1552.00000    983294
     1556.00000    978580
     1560.00000    976795
     1564.00000    986118
     1568.00000    985553
     1572.00000    976174
     1576.00000    971850
     1580.00000    970162
     1584.00000    967088
     1588.00000    964930
     1592.00000    962311
     1596.00000    969253
     1600.00000    974911
     1604.00000    970804
     1608.00000    958126
     1612.00000    959928
     1616.00000    953206
     1620.00000    960082
     1624.00000    953749
     1628.00000    955371
     1632.00000    948497
     1636.00000    942262
     1640.00000    942321
     1644.00000    948003
     1648.00000    936491
     1652.00000    940443
     1656.00000    945691
     1660.00000    941765
     1664.00000    951603
     1668.00000    944219
     1672.00000    962574
     1676.00000    961585
     1680.00000    952722
     1684.00000    955943
     1688.00000    947881
     1692.00000    961232
     1696.00000    958913
     1700.00000    960866
     1704.00000    964854
     1708.00000    972883
     1712.00000    982478
     1716.00000    976291
     1720.00000    985621
     1724.00000    977451
     1728.00000    976432
     1732.00000    982320
     1736.00000    980431
     1740.00000    975646
     1744.00000    966056
     1748.00000    966050
     1752.00000    969863
     1756.00000    969377
     1760.00000    972713
     1764.00000    973855
     1768.00000    962963
     1772.00000    967409
     1776.00000    967060
     1780.00000    955795
     1784.00000    952358
     1788.00000    956074
     1792.00000    958113
     1796.00000    969941
     1800.00000    960915
     1804.00000    959970
     1808.00000    960803
     1812.00000    955725
     1816.00000    941549
     1820.00000    925846
     1824.00000    925068
     1828.00000    928839
     1832.00000    917217
     1836.00000    922629
     1840.00000    910900
     1844.00000    921500
     1848.00000    915372
     1852.00000    900206
     1856.00000    919966
     1860.00000    888320
     1864.00000    910948
     1868.00000    908857
     1872.00000    907396
     1876.00000    909636
     1880.00000    911168
     1884.00000    905133
     1888.00000    919773
     1892.00000    917546
     1896.00000    905834
     1900.00000    913991
     1904.00000    899467
     1908.00000    914386
     1912.00000    895464
     1916.00000    907234
     1920.00000    897350
     1924.00000    904558
     1928.00000    923277
     1932.00000    906189
     1936.00000    904418
     1940.00000    914561
     1944.00000    896367
     1948.00000    888268
     1952.00000    880143
     1956.00000    893373
     1960.00000    880590
     1964.00000    923512
     1968.00000    879027
     1972.00000    896263
     1976.00000    875237
     1980.00000    897169
     1984.00000    895112
     1988.00000    899537
     1992.00000    897566
     1996.00000         0
     2000.00000    908370
