  1 -1  1 -1  1 -1  1 -1  1 -1 # x,y:   0  0
  1 -1  1 -1  1 -1  1 -1  1 -1 # x,y:   0  1
  1 -1  1 -1  1 -1  1 -1  1 -1 # x,y:   0  2
 -1  1 -1  1 -1  1 -1  1 -1  1 # x,y:   0  3
  1 -1  1 -1  1 -1  1 -1  1 -1 # x,y:   0  4
 -1  1 -1  1 -1  1 -1  1 -1  1 # x,y:   0  5
  1 -1  1 -1  1 -1  1 -1  1 -1 # x,y:   0  6
 -1  1 -1  1 -1  1 -1  1 -1  1 # x,y:   0  7
  1 -1  1 -1  1 -1  1 -1  1 -1 # x,y:   0  8
 -1  1 -1  1 -1  1 -1  1 -1  1 # x,y:   0  9
 -1  1 -1  1 -1  1 -1  1 -1  1 # x,y:   1  0
 -1  1 -1  1 -1  1 -1  1 -1  1 # x,y:   1  1
 -1  1 -1  1 -1  1 -1  1 -1  1 # x,y:   1  2
  1 -1  1 -1  1 -1  1 -1  1 -1 # x,y:   1  3
 -1  1 -1  1 -1  1 -1  1 -1  1 # x,y:   1  4
  1 -1  1 -1  1 -1  1 -1  1 -1 # x,y:   1  5
 -1  1 -1  1 -1  1 -1  1 -1  1 # x,y:   1  6
  1 -1  1 -1  1 -1  1 -1  1 -1 # x,y:   1  7
 -1  1 -1  1 -1  1 -1  1 -1  1 # x,y:   1  8
  1 -1  1 -1  1 -1  1 -1  1 -1 # x,y:   1  9
  1 -1  1 -1  1 -1  1 -1  1 -1 # x,y:   2  0
  1 -1  1 -1  1 -1  1 -1  1 -1 # x,y:   2  1
  1 -1  1 -1  1 -1  1 -1  1 -1 # x,y:   2  2
 -1  1 -1  1 -1  1 -1  1 -1  1 # x,y:   2  3
  1 -1  1 -1  1 -1  1 -1  1 -1 # x,y:   2  4
 -1  1 -1  1 -1  1 -1  1 -1  1 # x,y:   2  5
  1 -1  1 -1  1 -1  1 -1  1 -1 # x,y:   2  6
 -1  1 -1  1 -1  1 -1  1 -1  1 # x,y:   2  7
  1 -1  1 -1  1 -1  1 -1  1 -1 # x,y:   2  8
 -1  1 -1  1 -1  1 -1  1 -1  1 # x,y:   2  9
 -1  1 -1  1 -1  1 -1  1 -1  1 # x,y:   3  0
 -1  1 -1  1 -1  1 -1  1 -1  1 # x,y:   3  1
  1 -1  1 -1  1 -1  1 -1  1 -1 # x,y:   3  2
  1 -1  1 -1  1 -1  1 -1  1 -1 # x,y:   3  3
 -1  1 -1  1 -1  1 -1  1 -1  1 # x,y:   3  4
  1 -1  1 -1  1 -1  1 -1  1 -1 # x,y:   3  5
 -1  1 -1  1 -1  1 -1  1 -1  1 # x,y:   3  6
  1 -1  1 -1  1 -1  1 -1  1 -1 # x,y:   3  7
 -1  1 -1  1 -1  1 -1  1 -1  1 # x,y:   3  8
  1 -1  1 -1  1 -1  1 -1  1 -1 # x,y:   3  9
  1 -1  1 -1  1 -1  1 -1  1 -1 # x,y:   4  0
  1 -1  1 -1  1 -1  1 -1  1 -1 # x,y:   4  1
 -1  1 -1  1 -1  1 -1  1 -1  1 # x,y:   4  2
 -1  1 -1  1 -1  1 -1  1 -1  1 # x,y:   4  3
  1 -1  1 -1  1 -1  1 -1  1 -1 # x,y:   4  4
 -1  1 -1  1 -1  1 -1  1 -1  1 # x,y:   4  5
  1 -1  1 -1  1 -1  1 -1  1 -1 # x,y:   4  6
 -1  1 -1  1 -1  1 -1  1 -1  1 # x,y:   4  7
  1 -1  1 -1  1 -1  1 -1  1 -1 # x,y:   4  8
 -1  1 -1  1 -1  1 -1  1 -1  1 # x,y:   4  9
 -1  1 -1  1 -1  1 -1  1 -1  1 # x,y:   5  0
 -1  1 -1  1 -1  1 -1  1 -1  1 # x,y:   5  1
  1 -1  1 -1  1 -1  1 -1  1 -1 # x,y:   5  2
  1 -1  1 -1  1 -1  1 -1  1 -1 # x,y:   5  3
 -1  1 -1  1 -1  1 -1  1 -1  1 # x,y:   5  4
  1 -1  1 -1  1 -1  1 -1  1 -1 # x,y:   5  5
 -1  1 -1  1 -1  1 -1  1 -1  1 # x,y:   5  6
  1 -1  1 -1  1 -1  1 -1  1 -1 # x,y:   5  7
 -1  1 -1  1 -1  1 -1  1 -1  1 # x,y:   5  8
  1 -1  1 -1  1 -1  1 -1  1 -1 # x,y:   5  9
  1 -1  1 -1  1 -1  1 -1  1 -1 # x,y:   6  0
  1 -1  1 -1  1 -1  1 -1  1 -1 # x,y:   6  1
 -1  1 -1  1 -1  1 -1  1 -1  1 # x,y:   6  2
 -1  1 -1  1 -1  1 -1  1 -1  1 # x,y:   6  3
  1 -1  1 -1  1 -1  1 -1  1 -1 # x,y:   6  4
 -1  1 -1  1 -1  1 -1  1 -1  1 # x,y:   6  5
  1 -1  1 -1  1 -1  1 -1  1 -1 # x,y:   6  6
 -1  1 -1  1 -1  1 -1  1 -1  1 # x,y:   6  7
  1 -1  1 -1  1 -1  1 -1  1 -1 # x,y:   6  8
 -1  1 -1  1 -1  1 -1  1 -1  1 # x,y:   6  9
 -1  1 -1  1 -1  1 -1  1 -1  1 # x,y:   7  0
 -1  1 -1  1 -1  1 -1  1 -1  1 # x,y:   7  1
 -1  1 -1  1 -1  1 -1  1 -1  1 # x,y:   7  2
  1 -1  1 -1  1 -1  1 -1  1 -1 # x,y:   7  3
 -1  1 -1  1 -1  1 -1  1 -1  1 # x,y:   7  4
  1 -1  1 -1  1 -1  1 -1  1 -1 # x,y:   7  5
 -1  1 -1  1 -1  1 -1  1 -1  1 # x,y:   7  6
  1 -1  1 -1  1 -1  1 -1  1 -1 # x,y:   7  7
 -1  1 -1  1 -1  1 -1  1 -1  1 # x,y:   7  8
  1 -1  1 -1  1 -1  1 -1  1 -1 # x,y:   7  9
  1 -1  1 -1  1 -1  1 -1  1 -1 # x,y:   8  0
  1 -1  1 -1  1 -1  1 -1  1 -1 # x,y:   8  1
  1 -1  1 -1  1 -1  1 -1  1 -1 # x,y:   8  2
 -1  1 -1  1 -1  1 -1  1 -1  1 # x,y:   8  3
  1 -1  1 -1  1 -1  1 -1  1 -1 # x,y:   8  4
 -1  1 -1  1 -1  1 -1  1 -1  1 # x,y:   8  5
  1 -1  1 -1  1 -1  1 -1  1 -1 # x,y:   8  6
 -1  1 -1  1 -1  1 -1  1 -1  1 # x,y:   8  7
  1 -1  1 -1  1 -1  1 -1  1 -1 # x,y:   8  8
 -1  1 -1  1 -1  1 -1  1 -1  1 # x,y:   8  9
 -1  1 -1  1 -1  1 -1  1 -1  1 # x,y:   9  0
 -1  1 -1  1 -1  1 -1  1 -1  1 # x,y:   9  1
 -1  1 -1  1 -1  1 -1  1 -1  1 # x,y:   9  2
  1 -1  1 -1  1 -1  1 -1  1 -1 # x,y:   9  3
 -1  1 -1  1 -1  1 -1  1 -1  1 # x,y:   9  4
  1 -1  1 -1  1 -1  1 -1  1 -1 # x,y:   9  5
 -1  1 -1  1 -1  1 -1  1 -1  1 # x,y:   9  6
  1 -1  1 -1  1 -1  1 -1  1 -1 # x,y:   9  7
 -1  1 -1  1 -1  1 -1  1 -1  1 # x,y:   9  8
  1 -1  1 -1  1 -1  1 -1  1 -1 # x,y:   9  9
