    -2000.00000         0
    -1996.00000         0
    -1992.00000         0
    -1988.00000      5768
    -1984.00000     94743
    -1980.00000    143943
    -1976.00000    218253
    -1972.00000    109459
    -1968.00000    116305
    -1964.00000     44565
    -1960.00000    146367
    -1956.00000    172808
    -1952.00000    180974
    -1948.00000    161873
    -1944.00000    209018
    -1940.00000    186389
    -1936.00000    198368
    -1932.00000    212211
    -1928.00000    225010
    -1924.00000    194888
    -1920.00000    199632
    -1916.00000    199979
    -1912.00000    194450
    -1908.00000    171270
    -1904.00000    197214
    -1900.00000    190056
    -1896.00000    191509
    -1892.00000    204627
    -1888.00000    189052
    -1884.00000    203385
    -1880.00000    179473
    -1876.00000    157739
    -1872.00000    163182
    -1868.00000    176970
    -1864.00000    200441
    -1860.00000    186519
    -1856.00000    174449
    -1852.00000    185040
    -1848.00000    188912
    -1844.00000    177914
    -1840.00000    158723
    -1836.00000    159840
    -1832.00000    171814
    -1828.00000    175041
    -1824.00000    179129
    -1820.00000    175599
    -1816.00000    164160
    -1812.00000    168273
    -1808.00000    168504
    -1804.00000    171535
    -1800.00000    172717
    -1796.00000    168465
    -1792.00000    174738
    -1788.00000    163455
    -1784.00000    157610
    -1780.00000    155499
    -1776.00000    145461
    -1772.00000    147891
    -1768.00000    145272
    -1764.00000    148985
    -1760.00000    145068
    -1756.00000    153838
    -1752.00000    140845
    -1748.00000    141279
    -1744.00000    140711
    -1740.00000    134863
    -1736.00000    129841
    -1732.00000    126375
    -1728.00000    124958
    -1724.00000    111514
    -1720.00000    118378
    -1716.00000    123417
    -1712.00000    125167
    -1708.00000    126139
    -1704.00000    120704
    -1700.00000    120799
    -1696.00000    114481
    -1692.00000    114999
    -1688.00000    113925
    -1684.00000    119995
    -1680.00000    121102
    -1676.00000    110909
    -1672.00000    103634
    -1668.00000    104085
    -1664.00000    106733
    -1660.00000    104368
    -1656.00000    100875
    -1652.00000     95725
    -1648.00000     92613
    -1644.00000     95216
    -1640.00000     94654
    -1636.00000     91396
    -1632.00000     88664
    -1628.00000     91456
    -1624.00000     80751
    -1620.00000     84222
    -1616.00000     80515
    -1612.00000     83345
    -1608.00000     86602
    -1604.00000     82895
    -1600.00000     88244
    -1596.00000     84813
    -1592.00000     91750
    -1588.00000     85436
    -1584.00000     85633
    -1580.00000     81856
    -1576.00000     83301
    -1572.00000     80446
    -1568.00000     79217
    -1564.00000     82735
    -1560.00000     82703
    -1556.00000     79653
    -1552.00000     84247
    -1548.00000     81806
    -1544.00000     75803
    -1540.00000     79053
    -1536.00000     85191
    -1532.00000     84263
    -1528.00000     80499
    -1524.00000     77869
    -1520.00000     75939
    -1516.00000     73720
    -1512.00000     70306
    -1508.00000     71376
    -1504.00000     74585
    -1500.00000     72735
    -1496.00000     68040
    -1492.00000     70271
    -1488.00000     72336
    -1484.00000     70267
    -1480.00000     67553
    -1476.00000     67381
    -1472.00000     67493
    -1468.00000     67244
    -1464.00000     68364
    -1460.00000     67002
    -1456.00000     67236
    -1452.00000     67370
    -1448.00000     66195
    -1444.00000     64946
    -1440.00000     62136
    -1436.00000     65240
    -1432.00000     64593
    -1428.00000     65896
    -1424.00000     65151
    -1420.00000     68263
    -1416.00000     65220
    -1412.00000     63031
    -1408.00000     65098
    -1404.00000     65255
    -1400.00000     65727
    -1396.00000     63859
    -1392.00000     66797
    -1388.00000     62223
    -1384.00000     64495
    -1380.00000     61141
    -1376.00000     63041
    -1372.00000     61779
    -1368.00000     65168
    -1364.00000     65443
    -1360.00000     65331
    -1356.00000     65434
    -1352.00000     66176
    -1348.00000     67536
    -1344.00000     69106
    -1340.00000     63483
    -1336.00000     62762
    -1332.00000     65964
    -1328.00000     62603
    -1324.00000     61493
    -1320.00000     62075
    -1316.00000     61375
    -1312.00000     61302
    -1308.00000     61517
    -1304.00000     64942
    -1300.00000     62686
    -1296.00000     63109
    -1292.00000     67075
    -1288.00000     65928
    -1284.00000     67719
    -1280.00000     67503
    -1276.00000     67950
    -1272.00000     66593
    -1268.00000     67685
    -1264.00000     68182
    -1260.00000     68906
    -1256.00000     67877
    -1252.00000     69613
    -1248.00000     71869
    -1244.00000     69657
    -1240.00000     67413
    -1236.00000     67142
    -1232.00000     67879
    -1228.00000     68697
    -1224.00000     69465
    -1220.00000     71235
    -1216.00000     73095
    -1212.00000     71505
    -1208.00000     72110
    -1204.00000     68175
    -1200.00000     67628
    -1196.00000     70729
    -1192.00000     70621
    -1188.00000     69325
    -1184.00000     69691
    -1180.00000     72185
    -1176.00000     72417
    -1172.00000     70168
    -1168.00000     70112
    -1164.00000     70051
    -1160.00000     69995
    -1156.00000     69147
    -1152.00000     71151
    -1148.00000     70391
    -1144.00000     73676
    -1140.00000     72024
    -1136.00000     71120
    -1132.00000     71029
    -1128.00000     70802
    -1124.00000     72032
    -1120.00000     71782
    -1116.00000     72226
    -1112.00000     71728
    -1108.00000     70540
    -1104.00000     70590
    -1100.00000     69772
    -1096.00000     70154
    -1092.00000     70655
    -1088.00000     70313
    -1084.00000     70953
    -1080.00000     70838
    -1076.00000     70397
    -1072.00000     70399
    -1068.00000     70291
    -1064.00000     69825
    -1060.00000     68434
    -1056.00000     67463
    -1052.00000     65220
    -1048.00000     64040
    -1044.00000     63296
    -1040.00000     62018
    -1036.00000     64715
    -1032.00000     64201
    -1028.00000     63366
    -1024.00000     65978
    -1020.00000     66394
    -1016.00000     67744
    -1012.00000     69370
    -1008.00000     71105
    -1004.00000     70850
    -1000.00000     69857
     -996.00000     68611
     -992.00000     68084
     -988.00000     66703
     -984.00000     66717
     -980.00000     66912
     -976.00000     68053
     -972.00000     66204
     -968.00000     66260
     -964.00000     65418
     -960.00000     64805
     -956.00000     67372
     -952.00000     66293
     -948.00000     66929
     -944.00000     65475
     -940.00000     64279
     -936.00000     65127
     -932.00000     63473
     -928.00000     63154
     -924.00000     62901
     -920.00000     62485
     -916.00000     62415
     -912.00000     62044
     -908.00000     61350
     -904.00000     61764
     -900.00000     64208
     -896.00000     62867
     -892.00000     62652
     -888.00000     61833
     -884.00000     61093
     -880.00000     59782
     -876.00000     59025
     -872.00000     58647
     -868.00000     60940
     -864.00000     59768
     -860.00000     60340
     -856.00000     58647
     -852.00000     56918
     -848.00000     56265
     -844.00000     57368
     -840.00000     56699
     -836.00000     57355
     -832.00000     57184
     -828.00000     55347
     -824.00000     55027
     -820.00000     55815
     -816.00000     54625
     -812.00000     56934
     -808.00000     55487
     -804.00000     56168
     -800.00000     55351
     -796.00000     54560
     -792.00000     55734
     -788.00000     55969
     -784.00000     57031
     -780.00000     57225
     -776.00000     58268
     -772.00000     57696
     -768.00000     56839
     -764.00000     57270
     -760.00000     56218
     -756.00000     55553
     -752.00000     54913
     -748.00000     55762
     -744.00000     55007
     -740.00000     54716
     -736.00000     54123
     -732.00000     51050
     -728.00000     51016
     -724.00000     50189
     -720.00000     50176
     -716.00000     49934
     -712.00000     50982
     -708.00000     49744
     -704.00000     50054
     -700.00000     49658
     -696.00000     50064
     -692.00000     51628
     -688.00000     51523
     -684.00000     52505
     -680.00000     53692
     -676.00000     52686
     -672.00000     52131
     -668.00000     53175
     -664.00000     52933
     -660.00000     52185
     -656.00000     51719
     -652.00000     51323
     -648.00000     51816
     -644.00000     52028
     -640.00000     52797
     -636.00000     53708
     -632.00000     53389
     -628.00000     52544
     -624.00000     54169
     -620.00000     54801
     -616.00000     55098
     -612.00000     54981
     -608.00000     54496
     -604.00000     54763
     -600.00000     53582
     -596.00000     54029
     -592.00000     54028
     -588.00000     53817
     -584.00000     54438
     -580.00000     55615
     -576.00000     55154
     -572.00000     54389
     -568.00000     53686
     -564.00000     54170
     -560.00000     53785
     -556.00000     53135
     -552.00000     52933
     -548.00000     52920
     -544.00000     51858
     -540.00000     51481
     -536.00000     52102
     -532.00000     51633
     -528.00000     52527
     -524.00000     51212
     -520.00000     51155
     -516.00000     51082
     -512.00000     52586
     -508.00000     50722
     -504.00000     50463
     -500.00000     50594
     -496.00000     50731
     -492.00000     49355
     -488.00000     50486
     -484.00000     49561
     -480.00000     50154
     -476.00000     50208
     -472.00000     50285
     -468.00000     50232
     -464.00000     51055
     -460.00000     51118
     -456.00000     50394
     -452.00000     50814
     -448.00000     50680
     -444.00000     49876
     -440.00000     50220
     -436.00000     50165
     -432.00000     49453
     -428.00000     49922
     -424.00000     50833
     -420.00000     52031
     -416.00000     52225
     -412.00000     51575
     -408.00000     52137
     -404.00000     52036
     -400.00000     51023
     -396.00000     51244
     -392.00000     51222
     -388.00000     51818
     -384.00000     51767
     -380.00000     52437
     -376.00000     52667
     -372.00000     52859
     -368.00000     53080
     -364.00000     52890
     -360.00000     53138
     -356.00000     53452
     -352.00000     53116
     -348.00000     52822
     -344.00000     52652
     -340.00000     53321
     -336.00000     52874
     -332.00000     52836
     -328.00000     53061
     -324.00000     52273
     -320.00000     51944
     -316.00000     51846
     -312.00000     51887
     -308.00000     51523
     -304.00000     52812
     -300.00000     52024
     -296.00000     52176
     -292.00000     51827
     -288.00000     52017
     -284.00000     51762
     -280.00000     52625
     -276.00000     52106
     -272.00000     51856
     -268.00000     52158
     -264.00000     51489
     -260.00000     51534
     -256.00000     51181
     -252.00000     50695
     -248.00000     51223
     -244.00000     51179
     -240.00000     52049
     -236.00000     51566
     -232.00000     51861
     -228.00000     52151
     -224.00000     51293
     -220.00000     51615
     -216.00000     52294
     -212.00000     52831
     -208.00000     53418
     -204.00000     53139
     -200.00000     52985
     -196.00000     53869
     -192.00000     54073
     -188.00000     54526
     -184.00000     54658
     -180.00000     54745
     -176.00000     54618
     -172.00000     54954
     -168.00000     54069
     -164.00000     53710
     -160.00000     53495
     -156.00000     53633
     -152.00000     52382
     -148.00000     53110
     -144.00000     52800
     -140.00000     52414
     -136.00000     52458
     -132.00000     52520
     -128.00000     52406
     -124.00000     52818
     -120.00000     52960
     -116.00000     52693
     -112.00000     53046
     -108.00000     52893
     -104.00000     53210
     -100.00000     52837
      -96.00000     53223
      -92.00000     52491
      -88.00000     52410
      -84.00000     51942
      -80.00000     52465
      -76.00000     52964
      -72.00000     52523
      -68.00000     52717
      -64.00000     52814
      -60.00000     52373
      -56.00000     52843
      -52.00000     53466
      -48.00000     53307
      -44.00000     53046
      -40.00000     53024
      -36.00000     53167
      -32.00000     53005
      -28.00000     53425
      -24.00000     53443
      -20.00000     53693
      -16.00000     53582
      -12.00000     53945
       -8.00000     54417
       -4.00000     54310
        0.00000     55352
        4.00000     54731
        8.00000     54408
       12.00000     53852
       16.00000     54152
       20.00000     53894
       24.00000     53142
       28.00000     52982
       32.00000     52792
       36.00000     52924
       40.00000     53202
       44.00000     52676
       48.00000     52721
       52.00000     52060
       56.00000     52336
       60.00000     51901
       64.00000     51476
       68.00000     50989
       72.00000     51352
       76.00000     50960
       80.00000     51189
       84.00000     51396
       88.00000     51039
       92.00000     51450
       96.00000     51185
      100.00000     51548
      104.00000     51376
      108.00000     51490
      112.00000     50512
      116.00000     50041
      120.00000     50388
      124.00000     50017
      128.00000     50558
      132.00000     50585
      136.00000     50319
      140.00000     51355
      144.00000     50860
      148.00000     50560
      152.00000     50606
      156.00000     51469
      160.00000     51553
      164.00000     51031
      168.00000     50885
      172.00000     50748
      176.00000     51389
      180.00000     51228
      184.00000     51504
      188.00000     51627
      192.00000     52243
      196.00000     52376
      200.00000     52426
      204.00000     52859
      208.00000     53088
      212.00000     52212
      216.00000     52049
      220.00000     52274
      224.00000     52630
      228.00000     52106
      232.00000     52880
      236.00000     52582
      240.00000     52308
      244.00000     52509
      248.00000     52087
      252.00000     52391
      256.00000     52338
      260.00000     52054
      264.00000     51547
      268.00000     51815
      272.00000     52538
      276.00000     52095
      280.00000     52329
      284.00000     52650
      288.00000     51692
      292.00000     51095
      296.00000     51027
      300.00000     51301
      304.00000     51307
      308.00000     51143
      312.00000     50865
      316.00000     50778
      320.00000     50810
      324.00000     50631
      328.00000     50625
      332.00000     50488
      336.00000     50518
      340.00000     51479
      344.00000     51403
      348.00000     51950
      352.00000     52511
      356.00000     51526
      360.00000     52053
      364.00000     52541
      368.00000     52309
      372.00000     52425
      376.00000     52760
      380.00000     52146
      384.00000     52360
      388.00000     52240
      392.00000     53970
      396.00000     53980
      400.00000     54443
      404.00000     54609
      408.00000     54209
      412.00000     54098
      416.00000     54434
      420.00000     53161
      424.00000     53595
      428.00000     53369
      432.00000     53611
      436.00000     53275
      440.00000     53499
      444.00000     54446
      448.00000     55645
      452.00000     55997
      456.00000     57485
      460.00000     57195
      464.00000     56635
      468.00000     56824
      472.00000     55585
      476.00000     55905
      480.00000     56254
      484.00000     57359
      488.00000     56779
      492.00000     56217
      496.00000     56558
      500.00000     56963
      504.00000     56814
      508.00000     55984
      512.00000     55418
      516.00000     57110
      520.00000     58350
      524.00000     57358
      528.00000     56905
      532.00000     56618
      536.00000     56139
      540.00000     56053
      544.00000     55602
      548.00000     55200
      552.00000     56424
      556.00000     55198
      560.00000     56258
      564.00000     56656
      568.00000     56328
      572.00000     56110
      576.00000     55465
      580.00000     55457
      584.00000     55936
      588.00000     54964
      592.00000     54860
      596.00000     54941
      600.00000     54527
      604.00000     54188
      608.00000     53968
      612.00000     52806
      616.00000     52676
      620.00000     52789
      624.00000     53529
      628.00000     54939
      632.00000     53292
      636.00000     54178
      640.00000     54199
      644.00000     54693
      648.00000     56180
      652.00000     55356
      656.00000     53897
      660.00000     54885
      664.00000     53692
      668.00000     54311
      672.00000     53442
      676.00000     53389
      680.00000     52948
      684.00000     52606
      688.00000     52294
      692.00000     51968
      696.00000     52152
      700.00000     51426
      704.00000     51420
      708.00000     52449
      712.00000     52755
      716.00000     52970
      720.00000     52891
      724.00000     53266
      728.00000     52233
      732.00000     52224
      736.00000     52562
      740.00000     53193
      744.00000     53394
      748.00000     53932
      752.00000     52760
      756.00000     52645
      760.00000     52058
      764.00000     52229
      768.00000     52239
      772.00000     52689
      776.00000     53355
      780.00000     51069
      784.00000     50704
      788.00000     51452
      792.00000     50924
      796.00000     51750
      800.00000     51681
      804.00000     52506
      808.00000     52594
      812.00000     51862
      816.00000     53160
      820.00000     53562
      824.00000     53475
      828.00000     53920
      832.00000     53200
      836.00000     54657
      840.00000     52789
      844.00000     53106
      848.00000     52060
      852.00000     51575
      856.00000     53574
      860.00000     52160
      864.00000     52434
      868.00000     52543
      872.00000     52904
      876.00000     52200
      880.00000     51538
      884.00000     50512
      888.00000     51335
      892.00000     51226
      896.00000     52178
      900.00000     50983
      904.00000     49105
      908.00000     47884
      912.00000     50248
      916.00000     50339
      920.00000     50670
      924.00000     49757
      928.00000     49274
      932.00000     49750
      936.00000     47211
      940.00000     46766
      944.00000     47312
      948.00000     46487
      952.00000     44774
      956.00000     45133
      960.00000     44658
      964.00000     44258
      968.00000     44124
      972.00000     42885
      976.00000     44738
      980.00000     44260
      984.00000     44639
      988.00000     43568
      992.00000     43404
      996.00000     45290
     1000.00000     43898
     1004.00000     46119
     1008.00000     45702
     1012.00000     45825
     1016.00000     45243
     1020.00000     44980
     1024.00000     43727
     1028.00000     43956
     1032.00000     43641
     1036.00000     44999
     1040.00000     42876
     1044.00000     42989
     1048.00000     43169
     1052.00000     43286
     1056.00000     42588
     1060.00000     42706
     1064.00000     42737
     1068.00000     42064
     1072.00000     43366
     1076.00000     44753
     1080.00000     44210
     1084.00000     44042
     1088.00000     44348
     1092.00000     45090
     1096.00000     44211
     1100.00000     44802
     1104.00000     45484
     1108.00000     47197
     1112.00000     46304
     1116.00000     46022
     1120.00000     46170
     1124.00000     46569
     1128.00000     46107
     1132.00000     45046
     1136.00000     44849
     1140.00000     44250
     1144.00000     44616
     1148.00000     46184
     1152.00000     45998
     1156.00000     47124
     1160.00000     46813
     1164.00000     49335
     1168.00000     49820
     1172.00000     49598
     1176.00000     50000
     1180.00000     51503
     1184.00000     50985
     1188.00000     49945
     1192.00000     51213
     1196.00000     49269
     1200.00000     49716
     1204.00000     49096
     1208.00000     47407
     1212.00000     46321
     1216.00000     45684
     1220.00000     43313
     1224.00000     44681
     1228.00000     44609
     1232.00000     43990
     1236.00000     44672
     1240.00000     48559
     1244.00000     45456
     1248.00000     46834
     1252.00000     45854
     1256.00000     44026
     1260.00000     44505
     1264.00000     44432
     1268.00000     45769
     1272.00000     46916
     1276.00000     46875
     1280.00000     43066
     1284.00000     42564
     1288.00000     41518
     1292.00000     42118
     1296.00000     44490
     1300.00000     42302
     1304.00000     40726
     1308.00000     40119
     1312.00000     42308
     1316.00000     42845
     1320.00000     43712
     1324.00000     42800
     1328.00000     42811
     1332.00000     39684
     1336.00000     37924
     1340.00000     38547
     1344.00000     41044
     1348.00000     41498
     1352.00000     42579
     1356.00000     39313
     1360.00000     43746
     1364.00000     43001
     1368.00000     43039
     1372.00000     41538
     1376.00000     42246
     1380.00000     43031
     1384.00000     46413
     1388.00000     45017
     1392.00000     43815
     1396.00000     45220
     1400.00000     43594
     1404.00000     43719
     1408.00000     44917
     1412.00000     46368
     1416.00000     43488
     1420.00000     41338
     1424.00000     46514
     1428.00000     43035
     1432.00000     46256
     1436.00000     43543
     1440.00000     43920
     1444.00000     46055
     1448.00000     45490
     1452.00000     45295
     1456.00000     42429
     1460.00000     41834
     1464.00000     39277
     1468.00000     44398
     1472.00000     40432
     1476.00000     41086
     1480.00000     40634
     1484.00000     40111
     1488.00000     39126
     1492.00000     39344
     1496.00000     39065
     1500.00000     39982
     1504.00000     38794
     1508.00000     41687
     1512.00000     40881
     1516.00000     38333
     1520.00000     37974
     1524.00000     39328
     1528.00000     40628
     1532.00000     41900
     1536.00000     41127
     1540.00000     39884
     1544.00000     40935
     1548.00000     44480
     1552.00000     42301
     1556.00000     41819
     1560.00000     42581
     1564.00000     39377
     1568.00000     40366
     1572.00000     42025
     1576.00000     41666
     1580.00000     38000
     1584.00000     39769
     1588.00000     39162
     1592.00000     34699
     1596.00000     38508
     1600.00000     38727
     1604.00000     41060
     1608.00000     43518
     1612.00000     42825
     1616.00000     42423
     1620.00000     40692
     1624.00000     43872
     1628.00000     42446
     1632.00000     39047
     1636.00000     42882
     1640.00000     38441
     1644.00000     40386
     1648.00000     41143
     1652.00000     40350
     1656.00000     42811
     1660.00000     37461
     1664.00000     36039
     1668.00000     34086
     1672.00000     31722
     1676.00000     30700
     1680.00000     33732
     1684.00000     37170
     1688.00000     39346
     1692.00000     36040
     1696.00000     32721
     1700.00000     40376
     1704.00000     38300
     1708.00000     40132
     1712.00000     36760
     1716.00000     34997
     1720.00000     31546
     1724.00000     34087
     1728.00000     33113
     1732.00000     35891
     1736.00000     34513
     1740.00000     31033
     1744.00000     32521
     1748.00000     26052
     1752.00000     28786
     1756.00000     23657
     1760.00000     27253
     1764.00000     27939
     1768.00000     32561
     1772.00000     29666
     1776.00000     32406
     1780.00000     36526
     1784.00000     35726
     1788.00000     28395
     1792.00000     35476
     1796.00000     35514
     1800.00000     30361
     1804.00000     36463
     1808.00000     33337
     1812.00000     36994
     1816.00000     38649
     1820.00000     40549
     1824.00000     41393
     1828.00000     54773
     1832.00000     49294
     1836.00000     47359
     1840.00000     52567
     1844.00000     55709
     1848.00000     45380
     1852.00000     48713
     1856.00000     45503
     1860.00000     46699
     1864.00000     46183
     1868.00000     44162
     1872.00000     46293
     1876.00000     53821
     1880.00000     50820
     1884.00000     46056
     1888.00000     49625
     1892.00000     49263
     1896.00000     47882
     1900.00000     52085
     1904.00000     47159
     1908.00000     29746
     1912.00000     20660
     1916.00000     19891
     1920.00000     24349
     1924.00000     33997
     1928.00000     29918
     1932.00000     44114
     1936.00000     38465
     1940.00000     38533
     1944.00000      7568
     1948.00000         0
     1952.00000     26854
     1956.00000     12502
     1960.00000     26891
     1964.00000      6322
     1968.00000     25479
     1972.00000     44393
     1976.00000      8524
     1980.00000         0
     1984.00000         0
     1988.00000         0
     1992.00000         0
     1996.00000         0
     2000.00000         0
