# 
#        You have called the 
# 
#             ---------
#             | UNCLE |
#             ---------
# 
# 
# 
#   Today's menu is:
#
#   10 - generate clusters only                                                                         
#   11 - generate clusters, write cluster representatives and calculate correlations for input.         
#   12 - Do all of 11 and then make a fit                                                               
#   13 - Predict energy of input structures using J.1.out                                               
#   14 - Minkowski reduce a cell in POSCAR                                                              
#   15 - Fit using Bayesian Compressive Sensing                                                         
#   16 - Write a J.out file                                                                             
#   17 - Write a structures.in file with toy energies and random noise added to them.                   
#
#   20 - Enumerate superstructures of a given parent lattice: generate struct_enum.out                  
#   21 - Calculate energies for all structures in struct_enum.out                                       
#   22 - Print structures specified in structpred.in                                                    
#   23 - Write multilattice d-vector occupancy for struct_enum.out                                      
#
#   30 - Perform MC simulation                                                                          
#   31 - Evaluate and print sub-planes of the MC-cell (*.pov file and (x,y,z) *.dat file)               
#   32 - calculate Warren-Cowley SRO parameters                                                         
#   33 - calculate correlations for MCcell and structures.in                                            
#
#   40 - Perform metadynamics simulation                                                                
#   41 - Perform Wang-Landau simulation                                                                 
#   42 - Select i.i.d structures from struct_enum.out                                                   
#

Running in mode: 30 - Perform MC simulation                                                                          
Reading lattice definition from lat.in
 
           0 references
================================================================================
Setting up MC cell:
. finding site equivalencies
. determine spin mapping
. vanilla site setup
. populating sites (this may take some time, see progress bar)
 rnd(): seed =       -16696
 
| 0% --------------------|------------------ 100% |
......... done.
 
Target concentrations: 
CE #  1     spin:  -1     concentration:  0.500
CE #  1     spin:   1     concentration:  0.500
 
. checking if concentrations are correct
. summary:
  MC cell size:          10 x 10 x 10                  
  Final # of each type:              500             500
  Total number of atoms:            1000
setup finished.
================================================================================
 read in clusters!
Generating MC clusters.
 PIZZA
 
Setting up basis functions for a rank  2 cluster expansion:
 recursing Gram-polynomial of order            1 in rank           2 !
     chebychev(-1, 1)= -1.000000
 recursing Gram-polynomial of order            1 in rank           2 !
     chebychev( 1, 1)=  1.000000
 
 WARNING: tried to initialize a tracker without a clustertrack.in file, or the t
 racker was already initialized.
starting simulated annealing at T =      1.0000 K
 Calculating energy of total cell.
 For large cells >100,000 atoms this may take a few minutes.
 Energy of total cell:  1.733333333333333E-002
 
Maximum extent of any figure in g-space:   4
Dependency box size length:                1    1    1
 random_number(): seed =    574767030   574767067
 
_________________________________________________________________________________
                                                       temperature step #     0
T     =      1.0
 
Start Energy @ T=     1.0 =    0.17333333333E-01
Averaging over at least      1.00E+07 steps
Energy converged if change in avg energy is < 0.030000
Number of dependency lists:    1
 
             MC steps |        <E>/eV |       d<E>/eV |               E/eV |   t_fd/s | t_pl/s | t_sw/s | t_mu/s |       steps/s |
        --------------------------------------------------------------------------------------------------------------------------
speed info:    100000             N/A             N/A                  N/A       1.03     0.21     0.73     0.00         50620.3
+10.0M       10000000       -0.903474       -0.903474       -0.88533333333      86.63    18.17    61.86     0.00         60003.1
+10.0M       20000000       -0.904837       -0.001364       -0.92000000000      86.79    18.19    61.96     0.00         59899.0
        avg energy converged...
        --------------------------------------------------------------------------------------------------------------------------
        Average list 0 size:          1 entries
                 Total time:     891.73 s
                                 173.42 s (19.4%) for filling dependency lists
                                  36.36 s ( 4.1%) for parallel loop
              Average speed:   22428.31 steps/s
  
Writing MCcell0000000.out... done. (   0.0 s)
 
_________________________________________________________________________________
                                                       temperature step #     1
T     =      1.1
 
Start Energy @ T=     1.1 =   -0.92000000000    
Averaging over at least      1.00E+07 steps
Energy converged if change in avg energy is < 0.030000
Number of dependency lists:    1
 
             MC steps |        <E>/eV |       d<E>/eV |               E/eV |   t_fd/s | t_pl/s | t_sw/s | t_mu/s |       steps/s |
        --------------------------------------------------------------------------------------------------------------------------
speed info:    100000             N/A             N/A                  N/A       0.86     0.17     0.66     0.00         59205.9
+10.0M       10000000       -0.846794       -0.846794       -0.88133333333      86.41    17.55    66.00     0.00         58836.2
+10.0M       20000000       -0.850137       -0.003343       -0.83866666667      86.42    17.55    65.97     0.00         58844.6
        avg energy converged...
        --------------------------------------------------------------------------------------------------------------------------
        Average list 0 size:          1 entries
                 Total time:     897.27 s
                                 172.83 s (19.3%) for filling dependency lists
                                  35.10 s ( 3.9%) for parallel loop
              Average speed:   22289.94 steps/s
  
Writing MCcell0000001.out... done. (   0.0 s)
 
_________________________________________________________________________________
                                                       temperature step #     2
T     =      1.2
 
Start Energy @ T=     1.2 =   -0.83866666667    
Averaging over at least      1.00E+07 steps
Energy converged if change in avg energy is < 0.030000
Number of dependency lists:    1
 
             MC steps |        <E>/eV |       d<E>/eV |               E/eV |   t_fd/s | t_pl/s | t_sw/s | t_mu/s |       steps/s |
        --------------------------------------------------------------------------------------------------------------------------
speed info:    100000             N/A             N/A                  N/A       0.88     0.18     0.67     0.00         57672.7
+10.0M       10000000       -0.775814       -0.775814       -0.77066666667      86.72    17.62    65.73     0.00         58799.0
+10.0M       20000000       -0.776407       -0.000593       -0.71866666667      86.66    17.63    65.88     0.00         58765.6
        avg energy converged...
        --------------------------------------------------------------------------------------------------------------------------
        Average list 0 size:          1 entries
                 Total time:     898.19 s
                                 173.38 s (19.3%) for filling dependency lists
                                  35.25 s ( 3.9%) for parallel loop
              Average speed:   22266.97 steps/s
  
Writing MCcell0000002.out... done. (   0.0 s)
 
_________________________________________________________________________________
                                                       temperature step #     3
T     =      1.3
 
Start Energy @ T=     1.3 =   -0.71866666667    
Averaging over at least      1.00E+07 steps
Energy converged if change in avg energy is < 0.030000
Number of dependency lists:    1
 
             MC steps |        <E>/eV |       d<E>/eV |               E/eV |   t_fd/s | t_pl/s | t_sw/s | t_mu/s |       steps/s |
        --------------------------------------------------------------------------------------------------------------------------
speed info:    100000             N/A             N/A                  N/A       0.88     0.18     0.64     0.00         59060.8
+10.0M       10000000       -0.678427       -0.678427       -0.68800000000      86.63    17.62    62.63     0.00         59924.8
+10.0M       20000000       -0.676018        0.002410       -0.71733333333      86.33    17.54    62.42     0.00         60131.7
        avg energy converged...
        --------------------------------------------------------------------------------------------------------------------------
        Average list 0 size:          1 entries
                 Total time:     889.92 s
                                 172.96 s (19.4%) for filling dependency lists
                                  35.16 s ( 4.0%) for parallel loop
              Average speed:   22473.87 steps/s
  
Writing MCcell0000003.out... done. (   0.0 s)
 
_________________________________________________________________________________
                                                       temperature step #     4
T     =      1.4
 
Start Energy @ T=     1.4 =   -0.71733333333    
Averaging over at least      1.00E+07 steps
Energy converged if change in avg energy is < 0.030000
Number of dependency lists:    1
 
             MC steps |        <E>/eV |       d<E>/eV |               E/eV |   t_fd/s | t_pl/s | t_sw/s | t_mu/s |       steps/s |
        --------------------------------------------------------------------------------------------------------------------------
speed info:    100000             N/A             N/A                  N/A       0.86     0.17     0.61     0.00         60792.3
+10.0M       10000000       -0.541387       -0.541387       -0.52933333333      86.42    17.51    61.62     0.00         60403.1
+10.0M       20000000       -0.545482       -0.004095       -0.48133333333      86.51    17.54    61.68     0.00         60338.4
        avg energy converged...
        --------------------------------------------------------------------------------------------------------------------------
        Average list 0 size:          1 entries
                 Total time:     887.63 s
                                 172.93 s (19.5%) for filling dependency lists
                                  35.05 s ( 3.9%) for parallel loop
              Average speed:   22531.92 steps/s
  
Writing MCcell0000004.out... done. (   0.0 s)
 
_________________________________________________________________________________
                                                       temperature step #     5
T     =      1.5
 
Start Energy @ T=     1.5 =   -0.48133333333    
Averaging over at least      1.00E+07 steps
Energy converged if change in avg energy is < 0.030000
Number of dependency lists:    1
 
             MC steps |        <E>/eV |       d<E>/eV |               E/eV |   t_fd/s | t_pl/s | t_sw/s | t_mu/s |       steps/s |
        --------------------------------------------------------------------------------------------------------------------------
speed info:    100000             N/A             N/A                  N/A       0.86     0.17     0.66     0.00         59147.3
+10.0M       10000000       -0.388545       -0.388545       -0.40000000000      86.41    17.56    66.09     0.00         58798.9
+10.0M       20000000       -0.391541       -0.002996       -0.44666666667      86.49    17.59    66.14     0.00         58748.3
        avg energy converged...
        --------------------------------------------------------------------------------------------------------------------------
        Average list 0 size:          1 entries
                 Total time:     896.80 s
                                 172.90 s (19.3%) for filling dependency lists
                                  35.16 s ( 3.9%) for parallel loop
              Average speed:   22301.58 steps/s
  
Writing MCcell0000005.out... done. (   0.0 s)
 
_________________________________________________________________________________
                                                       temperature step #     6
T     =      1.6
 
Start Energy @ T=     1.6 =   -0.44666666667    
Averaging over at least      1.00E+07 steps
Energy converged if change in avg energy is < 0.030000
Number of dependency lists:    1
 
             MC steps |        <E>/eV |       d<E>/eV |               E/eV |   t_fd/s | t_pl/s | t_sw/s | t_mu/s |       steps/s |
        --------------------------------------------------------------------------------------------------------------------------
speed info:    100000             N/A             N/A                  N/A       0.86     0.17     0.62     0.00         60400.6
+10.0M       10000000       -0.299183       -0.299183       -0.30933333333      86.36    17.52    62.53     0.00         60092.9
+10.0M       20000000       -0.299149        0.000033       -0.30800000000      86.86    17.61    62.93     0.00         59739.5
        avg energy converged...
        --------------------------------------------------------------------------------------------------------------------------
        Average list 0 size:          1 entries
                 Total time:     891.17 s
                                 173.22 s (19.4%) for filling dependency lists
                                  35.13 s ( 3.9%) for parallel loop
              Average speed:   22442.32 steps/s
  
Writing MCcell0000006.out... done. (   0.0 s)
 
_________________________________________________________________________________
                                                       temperature step #     7
T     =      1.7
 
Start Energy @ T=     1.7 =   -0.30800000000    
Averaging over at least      1.00E+07 steps
Energy converged if change in avg energy is < 0.030000
Number of dependency lists:    1
 
             MC steps |        <E>/eV |       d<E>/eV |               E/eV |   t_fd/s | t_pl/s | t_sw/s | t_mu/s |       steps/s |
        --------------------------------------------------------------------------------------------------------------------------
speed info:    100000             N/A             N/A                  N/A       0.87     0.18     0.62     0.00         59646.0
+10.0M       10000000       -0.253730       -0.253730       -0.30533333333      86.52    17.57    61.77     0.00         60290.5
+10.0M       20000000       -0.254164       -0.000435       -0.23333333333      86.61    17.58    61.85     0.00         60223.7
        avg energy converged...
        --------------------------------------------------------------------------------------------------------------------------
        Average list 0 size:          1 entries
                 Total time:     888.95 s
                                 173.14 s (19.5%) for filling dependency lists
                                  35.15 s ( 4.0%) for parallel loop
              Average speed:   22498.45 steps/s
  
Writing MCcell0000007.out... done. (   0.0 s)
 
_________________________________________________________________________________
                                                       temperature step #     8
T     =      1.8
 
Start Energy @ T=     1.8 =   -0.23333333333    
Averaging over at least      1.00E+07 steps
Energy converged if change in avg energy is < 0.030000
Number of dependency lists:    1
 
             MC steps |        <E>/eV |       d<E>/eV |               E/eV |   t_fd/s | t_pl/s | t_sw/s | t_mu/s |       steps/s |
        --------------------------------------------------------------------------------------------------------------------------
speed info:    100000             N/A             N/A                  N/A       0.87     0.18     0.67     0.00         58223.1
+10.0M       10000000       -0.225886       -0.225886       -0.17466666667      86.33    17.51    65.80     0.00         58949.6
+10.0M       20000000       -0.226160       -0.000273       -0.21066666667      86.73    17.56    66.03     0.00         58711.4
        avg energy converged...
        --------------------------------------------------------------------------------------------------------------------------
        Average list 0 size:          1 entries
                 Total time:     896.57 s
                                 173.05 s (19.3%) for filling dependency lists
                                  35.07 s ( 3.9%) for parallel loop
              Average speed:   22307.17 steps/s
  
Writing MCcell0000008.out... done. (   0.0 s)
 
_________________________________________________________________________________
                                                       temperature step #     9
T     =      1.9
 
Start Energy @ T=     1.9 =   -0.21066666667    
Averaging over at least      1.00E+07 steps
Energy converged if change in avg energy is < 0.030000
Number of dependency lists:    1
 
             MC steps |        <E>/eV |       d<E>/eV |               E/eV |   t_fd/s | t_pl/s | t_sw/s | t_mu/s |       steps/s |
        --------------------------------------------------------------------------------------------------------------------------
speed info:    100000             N/A             N/A                  N/A       0.86     0.18     0.67     0.00         58546.9
+10.0M       10000000       -0.207037       -0.207037       -0.24800000000      86.87    17.68    68.00     0.00         57956.7
+10.0M       20000000       -0.207011        0.000026       -0.22933333333      86.76    17.64    67.89     0.00         58042.1
        avg energy converged...
        --------------------------------------------------------------------------------------------------------------------------
        Average list 0 size:          1 entries
                 Total time:     902.79 s
                                 173.63 s (19.2%) for filling dependency lists
                                  35.31 s ( 3.9%) for parallel loop
              Average speed:   22153.56 steps/s
  
Writing MCcell0000009.out... done. (   0.0 s)
 
_________________________________________________________________________________
                                                       temperature step #    10
T     =      2.0
 
Start Energy @ T=     2.0 =   -0.22933333333    
Averaging over at least      1.00E+07 steps
Energy converged if change in avg energy is < 0.030000
Number of dependency lists:    1
 
             MC steps |        <E>/eV |       d<E>/eV |               E/eV |   t_fd/s | t_pl/s | t_sw/s | t_mu/s |       steps/s |
        --------------------------------------------------------------------------------------------------------------------------
speed info:    100000             N/A             N/A                  N/A       0.86     0.17     0.46     0.00         66851.4
+10.0M       10000000       -0.191420       -0.191420       -0.17466666667      86.30    17.48    46.33     0.00         66617.9
+10.0M       20000000       -0.192308       -0.000888       -0.18000000000      86.66    17.55    46.48     0.00         66360.5
        avg energy converged...
        --------------------------------------------------------------------------------------------------------------------------
        Average list 0 size:          1 entries
                 Total time:     857.00 s
                                 172.96 s (20.2%) for filling dependency lists
                                  35.03 s ( 4.1%) for parallel loop
              Average speed:   23337.31 steps/s
  
Writing MCcell0000010.out... done. (   0.0 s)
 
_________________________________________________________________________________
                                                       temperature step #    11
T     =      2.1
 
Start Energy @ T=     2.1 =   -0.18000000000    
Averaging over at least      1.00E+07 steps
Energy converged if change in avg energy is < 0.030000
Number of dependency lists:    1
 
             MC steps |        <E>/eV |       d<E>/eV |               E/eV |   t_fd/s | t_pl/s | t_sw/s | t_mu/s |       steps/s |
        --------------------------------------------------------------------------------------------------------------------------
speed info:    100000             N/A             N/A                  N/A       0.86     0.17     0.38     0.00         70842.8
+10.0M       10000000       -0.179464       -0.179464       -0.19333333333      86.54    17.52    38.09     0.00         70350.1
+10.0M       20000000       -0.179546       -0.000082       -0.20266666667      86.48    17.51    38.10     0.00         70377.6
        avg energy converged...
        --------------------------------------------------------------------------------------------------------------------------
        Average list 0 size:          1 entries
                 Total time:     840.13 s
                                 173.02 s (20.6%) for filling dependency lists
                                  35.03 s ( 4.2%) for parallel loop
              Average speed:   23805.92 steps/s
  
Writing MCcell0000011.out... done. (   0.0 s)
 
_________________________________________________________________________________
                                                       temperature step #    12
T     =      2.2
 
Start Energy @ T=     2.2 =   -0.20266666667    
Averaging over at least      1.00E+07 steps
Energy converged if change in avg energy is < 0.030000
Number of dependency lists:    1
 
             MC steps |        <E>/eV |       d<E>/eV |               E/eV |   t_fd/s | t_pl/s | t_sw/s | t_mu/s |       steps/s |
        --------------------------------------------------------------------------------------------------------------------------
speed info:    100000             N/A             N/A                  N/A       0.93     0.18     0.63     0.00         57484.4
+10.0M       10000000       -0.168875       -0.168875       -0.14133333333      92.27    17.56    62.74     0.00         57950.2
+10.0M       20000000       -0.169453       -0.000578       -0.16533333333      92.33    17.55    62.81     0.00         57906.5
        avg energy converged...
        --------------------------------------------------------------------------------------------------------------------------
        Average list 0 size:          1 entries
                 Total time:     900.48 s
                                 184.59 s (20.5%) for filling dependency lists
                                  35.11 s ( 3.9%) for parallel loop
              Average speed:   22210.48 steps/s
  
Writing MCcell0000012.out... done. (   0.0 s)
 
_________________________________________________________________________________
                                                       temperature step #    13
T     =      2.3
 
Start Energy @ T=     2.3 =   -0.16533333333    
Averaging over at least      1.00E+07 steps
Energy converged if change in avg energy is < 0.030000
Number of dependency lists:    1
 
             MC steps |        <E>/eV |       d<E>/eV |               E/eV |   t_fd/s | t_pl/s | t_sw/s | t_mu/s |       steps/s |
        --------------------------------------------------------------------------------------------------------------------------
speed info:    100000             N/A             N/A                  N/A       0.86     0.17     0.40     0.00         69852.9
+10.0M       10000000       -0.160177       -0.160177       -0.18266666667      86.21    17.44    39.96     0.00         69635.7
+10.0M       20000000       -0.159934        0.000243       -0.16533333333      86.47    17.50    40.09     0.00         69415.5
        avg energy converged...
        --------------------------------------------------------------------------------------------------------------------------
        Average list 0 size:          1 entries
                 Total time:     842.48 s
                                 172.69 s (20.5%) for filling dependency lists
                                  34.93 s ( 4.1%) for parallel loop
              Average speed:   23739.56 steps/s
  
Writing MCcell0000013.out... done. (   0.0 s)
 
_________________________________________________________________________________
                                                       temperature step #    14
T     =      2.4
 
Start Energy @ T=     2.4 =   -0.16533333333    
Averaging over at least      1.00E+07 steps
Energy converged if change in avg energy is < 0.030000
Number of dependency lists:    1
 
             MC steps |        <E>/eV |       d<E>/eV |               E/eV |   t_fd/s | t_pl/s | t_sw/s | t_mu/s |       steps/s |
        --------------------------------------------------------------------------------------------------------------------------
speed info:    100000             N/A             N/A                  N/A       0.86     0.17     0.46     0.00         66906.5
+10.0M       10000000       -0.151443       -0.151443       -0.14266666667      86.57    17.55    46.46     0.00         66408.6
+10.0M       20000000       -0.152084       -0.000641       -0.14933333333      86.50    17.54    46.42     0.00         66460.3
        avg energy converged...
        --------------------------------------------------------------------------------------------------------------------------
        Average list 0 size:          1 entries
                 Total time:     858.30 s
                                 173.07 s (20.2%) for filling dependency lists
                                  35.09 s ( 4.1%) for parallel loop
              Average speed:   23301.81 steps/s
  
Writing MCcell0000014.out... done. (   0.0 s)
 
_________________________________________________________________________________
                                                       temperature step #    15
T     =      2.5
 
Start Energy @ T=     2.5 =   -0.14933333333    
Averaging over at least      1.00E+07 steps
Energy converged if change in avg energy is < 0.030000
Number of dependency lists:    1
 
             MC steps |        <E>/eV |       d<E>/eV |               E/eV |   t_fd/s | t_pl/s | t_sw/s | t_mu/s |       steps/s |
        --------------------------------------------------------------------------------------------------------------------------
speed info:    100000             N/A             N/A                  N/A       0.86     0.18     0.67     0.00         58649.4
+10.0M       10000000       -0.145068       -0.145068       -0.14133333333      86.58    17.57    67.05     0.00         58410.6
+10.0M       20000000       -0.144853        0.000215       -0.15066666667      86.70    17.59    67.16     0.00         58323.4
        avg energy converged...
        --------------------------------------------------------------------------------------------------------------------------
        Average list 0 size:          1 entries
                 Total time:     900.98 s
                                 173.29 s (19.2%) for filling dependency lists
                                  35.17 s ( 3.9%) for parallel loop
              Average speed:   22198.06 steps/s
  
Writing MCcell0000015.out... done. (   0.0 s)
 
_________________________________________________________________________________
                                                       temperature step #    16
T     =      2.6
 
Start Energy @ T=     2.6 =   -0.15066666667    
Averaging over at least      1.00E+07 steps
Energy converged if change in avg energy is < 0.030000
Number of dependency lists:    1
 
             MC steps |        <E>/eV |       d<E>/eV |               E/eV |   t_fd/s | t_pl/s | t_sw/s | t_mu/s |       steps/s |
        --------------------------------------------------------------------------------------------------------------------------
speed info:    100000             N/A             N/A                  N/A       0.87     0.18     0.62     0.00         60072.6
+10.0M       10000000       -0.138035       -0.138035       -0.12266666667      86.43    17.54    61.47     0.00         60448.1
+10.0M       20000000       -0.138475       -0.000440       -0.14133333333      86.60    17.56    61.59     0.00         60330.4
        avg energy converged...
        --------------------------------------------------------------------------------------------------------------------------
        Average list 0 size:          1 entries
                 Total time:     888.89 s
                                 173.03 s (19.5%) for filling dependency lists
                                  35.10 s ( 3.9%) for parallel loop
              Average speed:   22500.03 steps/s
  
Writing MCcell0000016.out... done. (   0.0 s)
 
_________________________________________________________________________________
                                                       temperature step #    17
T     =      2.7
 
Start Energy @ T=     2.7 =   -0.14133333333    
Averaging over at least      1.00E+07 steps
Energy converged if change in avg energy is < 0.030000
Number of dependency lists:    1
 
             MC steps |        <E>/eV |       d<E>/eV |               E/eV |   t_fd/s | t_pl/s | t_sw/s | t_mu/s |       steps/s |
        --------------------------------------------------------------------------------------------------------------------------
speed info:    100000             N/A             N/A                  N/A       0.87     0.18     0.39     0.00         69605.9
+10.0M       10000000       -0.132273       -0.132273       -0.11200000000      86.86    17.61    38.94     0.00         69729.6
+10.0M       20000000       -0.132424       -0.000150       -0.10133333333      86.46    17.52    38.75     0.00         70066.7
        avg energy converged...
        --------------------------------------------------------------------------------------------------------------------------
        Average list 0 size:          1 entries
                 Total time:     843.78 s
                                 173.32 s (20.5%) for filling dependency lists
                                  35.12 s ( 4.2%) for parallel loop
              Average speed:   23702.73 steps/s
  
Writing MCcell0000017.out... done. (   0.0 s)
 
_________________________________________________________________________________
                                                       temperature step #    18
T     =      2.8
 
Start Energy @ T=     2.8 =   -0.10133333333    
Averaging over at least      1.00E+07 steps
Energy converged if change in avg energy is < 0.030000
Number of dependency lists:    1
 
             MC steps |        <E>/eV |       d<E>/eV |               E/eV |   t_fd/s | t_pl/s | t_sw/s | t_mu/s |       steps/s |
        --------------------------------------------------------------------------------------------------------------------------
speed info:    100000             N/A             N/A                  N/A       0.86     0.17     0.41     0.00         69368.0
+10.0M       10000000       -0.127188       -0.127188       -0.13466666667      86.43    17.56    40.85     0.00         69041.2
+10.0M       20000000       -0.127118        0.000070       -0.15066666667      86.45    17.56    40.88     0.00         69020.6
        avg energy converged...
        --------------------------------------------------------------------------------------------------------------------------
        Average list 0 size:          1 entries
                 Total time:     846.07 s
                                 172.89 s (20.4%) for filling dependency lists
                                  35.11 s ( 4.1%) for parallel loop
              Average speed:   23638.64 steps/s
  
Writing MCcell0000018.out... done. (   0.0 s)
 
_________________________________________________________________________________
                                                       temperature step #    19
T     =      2.9
 
Start Energy @ T=     2.9 =   -0.15066666667    
Averaging over at least      1.00E+07 steps
Energy converged if change in avg energy is < 0.030000
Number of dependency lists:    1
 
             MC steps |        <E>/eV |       d<E>/eV |               E/eV |   t_fd/s | t_pl/s | t_sw/s | t_mu/s |       steps/s |
        --------------------------------------------------------------------------------------------------------------------------
speed info:    100000             N/A             N/A                  N/A       0.86     0.18     0.62     0.00         60351.9
+10.0M       10000000       -0.121828       -0.121828       -0.14933333333      86.69    17.99    62.07     0.00         59969.8
+10.0M       20000000       -0.121929       -0.000101       -0.13333333333      86.78    18.00    62.11     0.00         59919.7
        avg energy converged...
        --------------------------------------------------------------------------------------------------------------------------
        Average list 0 size:          1 entries
                 Total time:     891.04 s
                                 173.46 s (19.5%) for filling dependency lists
                                  35.99 s ( 4.0%) for parallel loop
              Average speed:   22445.71 steps/s
  
Writing MCcell0000019.out... done. (   0.0 s)
 
_________________________________________________________________________________
                                                       temperature step #    20
T     =      3.0
 
Start Energy @ T=     3.0 =   -0.13333333333    
Averaging over at least      1.00E+07 steps
Energy converged if change in avg energy is < 0.030000
Number of dependency lists:    1
 
             MC steps |        <E>/eV |       d<E>/eV |               E/eV |   t_fd/s | t_pl/s | t_sw/s | t_mu/s |       steps/s |
        --------------------------------------------------------------------------------------------------------------------------
speed info:    100000             N/A             N/A                  N/A       0.86     0.18     0.66     0.00         58800.4
+10.0M       10000000       -0.117518       -0.117518       -0.11333333333      86.82    17.61    66.58     0.00         58478.7
+10.0M       20000000       -0.117287        0.000232       -0.12400000000      86.45    17.53    66.31     0.00         58723.2
        avg energy converged...
        --------------------------------------------------------------------------------------------------------------------------
        Average list 0 size:          1 entries
                 Total time:     899.46 s
                                 173.26 s (19.3%) for filling dependency lists
                                  35.14 s ( 3.9%) for parallel loop
              Average speed:   22235.58 steps/s
  
Writing MCcell0000020.out... done. (   0.0 s)
 
_________________________________________________________________________________
                                                       temperature step #    21
T     =      3.1
 
Start Energy @ T=     3.1 =   -0.12400000000    
Averaging over at least      1.00E+07 steps
Energy converged if change in avg energy is < 0.030000
Number of dependency lists:    1
 
             MC steps |        <E>/eV |       d<E>/eV |               E/eV |   t_fd/s | t_pl/s | t_sw/s | t_mu/s |       steps/s |
        --------------------------------------------------------------------------------------------------------------------------
speed info:    100000             N/A             N/A                  N/A       0.86     0.17     0.58     0.00         62090.4
+10.0M       10000000       -0.113252       -0.113252       -0.08666666667      86.52    17.53    58.29     0.00         61600.4
+10.0M       20000000       -0.113227        0.000024       -0.14533333333      86.47    17.51    58.24     0.00         61644.5
        avg energy converged...
        --------------------------------------------------------------------------------------------------------------------------
        Average list 0 size:          1 entries
                 Total time:     881.51 s
                                 172.99 s (19.6%) for filling dependency lists
                                  35.04 s ( 4.0%) for parallel loop
              Average speed:   22688.22 steps/s
  
Writing MCcell0000021.out... done. (   0.0 s)
 
_________________________________________________________________________________
                                                       temperature step #    22
T     =      3.2
 
Start Energy @ T=     3.2 =   -0.14533333333    
Averaging over at least      1.00E+07 steps
Energy converged if change in avg energy is < 0.030000
Number of dependency lists:    1
 
             MC steps |        <E>/eV |       d<E>/eV |               E/eV |   t_fd/s | t_pl/s | t_sw/s | t_mu/s |       steps/s |
        --------------------------------------------------------------------------------------------------------------------------
speed info:    100000             N/A             N/A                  N/A       0.89     0.18     0.48     0.00         64341.2
+10.0M       10000000       -0.109766       -0.109766       -0.09733333333      86.42    17.56    46.45     0.00         66479.4
+10.0M       20000000       -0.108724        0.001042       -0.09333333333      86.34    17.55    46.40     0.00         66536.4
        avg energy converged...
        --------------------------------------------------------------------------------------------------------------------------
        Average list 0 size:          1 entries
                 Total time:     857.14 s
                                 172.76 s (20.2%) for filling dependency lists
                                  35.11 s ( 4.1%) for parallel loop
              Average speed:   23333.52 steps/s
  
Writing MCcell0000022.out... done. (   0.0 s)
 
_________________________________________________________________________________
                                                       temperature step #    23
T     =      3.3
 
Start Energy @ T=     3.3 =   -0.93333333333E-01
Averaging over at least      1.00E+07 steps
Energy converged if change in avg energy is < 0.030000
Number of dependency lists:    1
 
             MC steps |        <E>/eV |       d<E>/eV |               E/eV |   t_fd/s | t_pl/s | t_sw/s | t_mu/s |       steps/s |
        --------------------------------------------------------------------------------------------------------------------------
speed info:    100000             N/A             N/A                  N/A       0.86     0.17     0.67     0.00         58747.8
+10.0M       10000000       -0.105864       -0.105864       -0.08933333333      86.34    17.53    67.41     0.00         58383.7
+10.0M       20000000       -0.105760        0.000104       -0.08666666667      86.41    17.55    67.47     0.00         58331.5
        avg energy converged...
        --------------------------------------------------------------------------------------------------------------------------
        Average list 0 size:          1 entries
                 Total time:     899.94 s
                                 172.75 s (19.2%) for filling dependency lists
                                  35.08 s ( 3.9%) for parallel loop
              Average speed:   22223.72 steps/s
  
Writing MCcell0000023.out... done. (   0.0 s)
 
_________________________________________________________________________________
                                                       temperature step #    24
T     =      3.4
 
Start Energy @ T=     3.4 =   -0.86666666666E-01
Averaging over at least      1.00E+07 steps
Energy converged if change in avg energy is < 0.030000
Number of dependency lists:    1
 
             MC steps |        <E>/eV |       d<E>/eV |               E/eV |   t_fd/s | t_pl/s | t_sw/s | t_mu/s |       steps/s |
        --------------------------------------------------------------------------------------------------------------------------
speed info:    100000             N/A             N/A                  N/A       0.86     0.17     0.62     0.00         60386.5
+10.0M       10000000       -0.102414       -0.102414       -0.08800000000      86.52    17.55    62.68     0.00         59969.5
+10.0M       20000000       -0.102316        0.000098       -0.11066666667      86.35    17.51    62.56     0.00         60090.1
        avg energy converged...
        --------------------------------------------------------------------------------------------------------------------------
        Average list 0 size:          1 entries
                 Total time:     889.62 s
                                 172.86 s (19.4%) for filling dependency lists
                                  35.07 s ( 3.9%) for parallel loop
              Average speed:   22481.54 steps/s
  
Writing MCcell0000024.out... done. (   0.0 s)
 
_________________________________________________________________________________
                                                       temperature step #    25
T     =      3.5
 
Start Energy @ T=     3.5 =   -0.11066666667    
Averaging over at least      1.00E+07 steps
Energy converged if change in avg energy is < 0.030000
Number of dependency lists:    1
 
             MC steps |        <E>/eV |       d<E>/eV |               E/eV |   t_fd/s | t_pl/s | t_sw/s | t_mu/s |       steps/s |
        --------------------------------------------------------------------------------------------------------------------------
speed info:    100000             N/A             N/A                  N/A       0.86     0.17     0.38     0.00         70714.2
+10.0M       10000000       -0.099503       -0.099503       -0.07333333333      86.63    17.53    38.33     0.00         70178.3
+10.0M       20000000       -0.099537       -0.000035       -0.11600000000      86.72    17.57    38.40     0.00         70079.5
        avg energy converged...
        --------------------------------------------------------------------------------------------------------------------------
        Average list 0 size:          1 entries
                 Total time:     842.93 s
                                 173.35 s (20.6%) for filling dependency lists
                                  35.10 s ( 4.2%) for parallel loop
              Average speed:   23726.75 steps/s
  
Writing MCcell0000025.out... done. (   0.0 s)
 
_________________________________________________________________________________
                                                       temperature step #    26
T     =      3.6
 
Start Energy @ T=     3.6 =   -0.11600000000    
Averaging over at least      1.00E+07 steps
Energy converged if change in avg energy is < 0.030000
Number of dependency lists:    1
 
             MC steps |        <E>/eV |       d<E>/eV |               E/eV |   t_fd/s | t_pl/s | t_sw/s | t_mu/s |       steps/s |
        --------------------------------------------------------------------------------------------------------------------------
speed info:    100000             N/A             N/A                  N/A       0.86     0.18     0.47     0.00         66510.8
+10.0M       10000000       -0.096520       -0.096520       -0.08800000000      86.71    17.57    47.02     0.00         66098.9
+10.0M       20000000       -0.096357        0.000163       -0.09200000000      86.41    17.51    46.86     0.00         66320.9
        avg energy converged...
        --------------------------------------------------------------------------------------------------------------------------
        Average list 0 size:          1 entries
                 Total time:     859.05 s
                                 173.12 s (20.2%) for filling dependency lists
                                  35.07 s ( 4.1%) for parallel loop
              Average speed:   23281.56 steps/s
  
Writing MCcell0000026.out... done. (   0.0 s)
 
_________________________________________________________________________________
                                                       temperature step #    27
T     =      3.7
 
Start Energy @ T=     3.7 =   -0.92000000000E-01
Averaging over at least      1.00E+07 steps
Energy converged if change in avg energy is < 0.030000
Number of dependency lists:    1
 
             MC steps |        <E>/eV |       d<E>/eV |               E/eV |   t_fd/s | t_pl/s | t_sw/s | t_mu/s |       steps/s |
        --------------------------------------------------------------------------------------------------------------------------
speed info:    100000             N/A             N/A                  N/A       0.86     0.17     0.67     0.00         58787.2
+10.0M       10000000       -0.093812       -0.093812       -0.10000000000      86.46    17.56    66.98     0.00         58480.4
+10.0M       20000000       -0.093713        0.000099       -0.07200000000      86.30    17.53    66.88     0.00         58580.4
        avg energy converged...
        --------------------------------------------------------------------------------------------------------------------------
        Average list 0 size:          1 entries
                 Total time:     897.84 s
                                 172.76 s (19.2%) for filling dependency lists
                                  35.08 s ( 3.9%) for parallel loop
              Average speed:   22275.62 steps/s
  
Writing MCcell0000027.out... done. (   0.0 s)
 
_________________________________________________________________________________
                                                       temperature step #    28
T     =      3.8
 
Start Energy @ T=     3.8 =   -0.72000000000E-01
Averaging over at least      1.00E+07 steps
Energy converged if change in avg energy is < 0.030000
Number of dependency lists:    1
 
             MC steps |        <E>/eV |       d<E>/eV |               E/eV |   t_fd/s | t_pl/s | t_sw/s | t_mu/s |       steps/s |
        --------------------------------------------------------------------------------------------------------------------------
speed info:    100000             N/A             N/A                  N/A       0.86     0.17     0.62     0.00         60703.0
+10.0M       10000000       -0.091488       -0.091488       -0.04933333333      86.63    17.57    62.07     0.00         60144.9
+10.0M       20000000       -0.091597       -0.000109       -0.11600000000      86.75    17.60    62.14     0.00         60064.0
        avg energy converged...
        --------------------------------------------------------------------------------------------------------------------------
        Average list 0 size:          1 entries
                 Total time:     891.20 s
                                 173.38 s (19.5%) for filling dependency lists
                                  35.17 s ( 3.9%) for parallel loop
              Average speed:   22441.54 steps/s
  
Writing MCcell0000028.out... done. (   0.0 s)
 
_________________________________________________________________________________
                                                       temperature step #    29
T     =      3.9
 
Start Energy @ T=     3.9 =   -0.11600000000    
Averaging over at least      1.00E+07 steps
Energy converged if change in avg energy is < 0.030000
Number of dependency lists:    1
 
             MC steps |        <E>/eV |       d<E>/eV |               E/eV |   t_fd/s | t_pl/s | t_sw/s | t_mu/s |       steps/s |
        --------------------------------------------------------------------------------------------------------------------------
speed info:    100000             N/A             N/A                  N/A       0.86     0.17     0.40     0.00         69859.6
+10.0M       10000000       -0.088818       -0.088818       -0.09066666667      86.43    17.54    40.22     0.00         69356.6
+10.0M       20000000       -0.089065       -0.000248       -0.07600000000      86.43    17.56    40.21     0.00         69347.9
        avg energy converged...
        --------------------------------------------------------------------------------------------------------------------------
        Average list 0 size:          1 entries
                 Total time:     844.80 s
                                 172.86 s (20.5%) for filling dependency lists
                                  35.09 s ( 4.2%) for parallel loop
              Average speed:   23674.25 steps/s
  
Writing MCcell0000029.out... done. (   0.0 s)
 
_________________________________________________________________________________
                                                       temperature step #    30
T     =      4.0
 
Start Energy @ T=     4.0 =   -0.76000000000E-01
Averaging over at least      1.00E+07 steps
Energy converged if change in avg energy is < 0.030000
Number of dependency lists:    1
 
             MC steps |        <E>/eV |       d<E>/eV |               E/eV |   t_fd/s | t_pl/s | t_sw/s | t_mu/s |       steps/s |
        --------------------------------------------------------------------------------------------------------------------------
speed info:    100000             N/A             N/A                  N/A       0.86     0.17     0.46     0.00         67074.0
+10.0M       10000000       -0.086286       -0.086286       -0.08266666667      86.57    17.54    46.51     0.00         66391.1
+10.0M       20000000       -0.086499       -0.000212       -0.05333333333      86.36    17.51    46.41     0.00         66542.4
        avg energy converged...
        --------------------------------------------------------------------------------------------------------------------------
        Average list 0 size:          1 entries
                 Total time:     857.68 s
                                 172.94 s (20.2%) for filling dependency lists
                                  35.05 s ( 4.1%) for parallel loop
              Average speed:   23318.61 steps/s
  
Writing MCcell0000030.out... done. (   0.0 s)
 
_________________________________________________________________________________
                                                       temperature step #    31
T     =      4.1
 
Start Energy @ T=     4.1 =   -0.53333333333E-01
Averaging over at least      1.00E+07 steps
Energy converged if change in avg energy is < 0.030000
Number of dependency lists:    1
 
             MC steps |        <E>/eV |       d<E>/eV |               E/eV |   t_fd/s | t_pl/s | t_sw/s | t_mu/s |       steps/s |
        --------------------------------------------------------------------------------------------------------------------------
speed info:    100000             N/A             N/A                  N/A       0.86     0.17     0.65     0.00         59517.0
+10.0M       10000000       -0.083924       -0.083924       -0.05866666667      86.47    17.54    65.17     0.00         59111.7
+10.0M       20000000       -0.084250       -0.000326       -0.08400000000      86.52    17.56    65.17     0.00         59082.0
        avg energy converged...
        --------------------------------------------------------------------------------------------------------------------------
        Average list 0 size:          1 entries
                 Total time:     895.61 s
                                 172.99 s (19.3%) for filling dependency lists
                                  35.10 s ( 3.9%) for parallel loop
              Average speed:   22331.17 steps/s
  
Writing MCcell0000031.out... done. (   0.0 s)
 
_________________________________________________________________________________
                                                       temperature step #    32
T     =      4.2
 
Start Energy @ T=     4.2 =   -0.84000000000E-01
Averaging over at least      1.00E+07 steps
Energy converged if change in avg energy is < 0.030000
Number of dependency lists:    1
 
             MC steps |        <E>/eV |       d<E>/eV |               E/eV |   t_fd/s | t_pl/s | t_sw/s | t_mu/s |       steps/s |
        --------------------------------------------------------------------------------------------------------------------------
speed info:    100000             N/A             N/A                  N/A       0.86     0.17     0.66     0.00         59166.8
+10.0M       10000000       -0.082137       -0.082137       -0.07866666667      86.70    17.57    66.43     0.00         58580.8
+10.0M       20000000       -0.082288       -0.000151       -0.05733333333      86.57    17.54    66.31     0.00         58679.9
        avg energy converged...
        --------------------------------------------------------------------------------------------------------------------------
        Average list 0 size:          1 entries
                 Total time:     899.15 s
                                 173.27 s (19.3%) for filling dependency lists
                                  35.11 s ( 3.9%) for parallel loop
              Average speed:   22243.34 steps/s
  
Writing MCcell0000032.out... done. (   0.0 s)
 
_________________________________________________________________________________
                                                       temperature step #    33
T     =      4.3
 
Start Energy @ T=     4.3 =   -0.57333333333E-01
Averaging over at least      1.00E+07 steps
Energy converged if change in avg energy is < 0.030000
Number of dependency lists:    1
 
             MC steps |        <E>/eV |       d<E>/eV |               E/eV |   t_fd/s | t_pl/s | t_sw/s | t_mu/s |       steps/s |
        --------------------------------------------------------------------------------------------------------------------------
speed info:    100000             N/A             N/A                  N/A       0.87     0.18     0.45     0.00         66525.0
+10.0M       10000000       -0.080177       -0.080177       -0.10666666667      86.52    17.61    44.69     0.00         67193.1
+10.0M       20000000       -0.080053        0.000124       -0.10266666667      86.58    17.63    44.74     0.00         67136.9
        avg energy converged...
        --------------------------------------------------------------------------------------------------------------------------
        Average list 0 size:          1 entries
                 Total time:     856.01 s
                                 173.10 s (20.2%) for filling dependency lists
                                  35.24 s ( 4.1%) for parallel loop
              Average speed:   23364.27 steps/s
  
Writing MCcell0000033.out... done. (   0.0 s)
 
_________________________________________________________________________________
                                                       temperature step #    34
T     =      4.4
 
Start Energy @ T=     4.4 =   -0.10266666667    
Averaging over at least      1.00E+07 steps
Energy converged if change in avg energy is < 0.030000
Number of dependency lists:    1
 
             MC steps |        <E>/eV |       d<E>/eV |               E/eV |   t_fd/s | t_pl/s | t_sw/s | t_mu/s |       steps/s |
        --------------------------------------------------------------------------------------------------------------------------
speed info:    100000             N/A             N/A                  N/A       0.88     0.18     0.40     0.00         68574.1
+10.0M       10000000       -0.078468       -0.078468       -0.10266666667      86.57    17.58    39.97     0.00         69381.3
+10.0M       20000000       -0.078141        0.000327       -0.05200000000      87.37    17.73    40.33     0.00         68762.8
        avg energy converged...
        --------------------------------------------------------------------------------------------------------------------------
        Average list 0 size:          1 entries
                 Total time:     849.59 s
                                 173.94 s (20.5%) for filling dependency lists
                                  35.31 s ( 4.2%) for parallel loop
              Average speed:   23540.86 steps/s
  
Writing MCcell0000034.out... done. (   0.0 s)
 
_________________________________________________________________________________
                                                       temperature step #    35
T     =      4.5
 
Start Energy @ T=     4.5 =   -0.52000000000E-01
Averaging over at least      1.00E+07 steps
Energy converged if change in avg energy is < 0.030000
Number of dependency lists:    1
 
             MC steps |        <E>/eV |       d<E>/eV |               E/eV |   t_fd/s | t_pl/s | t_sw/s | t_mu/s |       steps/s |
        --------------------------------------------------------------------------------------------------------------------------
speed info:    100000             N/A             N/A                  N/A       0.97     0.20     0.76     0.00         52028.7
+10.0M       10000000       -0.076287       -0.076287       -0.09733333333      89.62    18.20    70.19     0.00         56177.9
+10.0M       20000000       -0.076862       -0.000575       -0.08800000000      92.41    18.81    72.19     0.00         54521.6
        avg energy converged...
        --------------------------------------------------------------------------------------------------------------------------
        Average list 0 size:          1 entries
                 Total time:     947.12 s
                                 182.03 s (19.2%) for filling dependency lists
                                  37.01 s ( 3.9%) for parallel loop
              Average speed:   21116.57 steps/s
  
Writing MCcell0000035.out... done. (   0.0 s)
 
_________________________________________________________________________________
                                                       temperature step #    36
T     =      4.6
 
Start Energy @ T=     4.6 =   -0.88000000000E-01
Averaging over at least      1.00E+07 steps
Energy converged if change in avg energy is < 0.030000
Number of dependency lists:    1
 
             MC steps |        <E>/eV |       d<E>/eV |               E/eV |   t_fd/s | t_pl/s | t_sw/s | t_mu/s |       steps/s |
        --------------------------------------------------------------------------------------------------------------------------
speed info:    100000             N/A             N/A                  N/A       0.96     0.20     0.70     0.00         53857.7
+10.0M       10000000       -0.074794       -0.074794       -0.07866666667      96.00    19.61    69.72     0.00         53958.0
+10.0M       20000000       -0.074342        0.000452       -0.07600000000      95.97    19.62    69.89     0.00         53914.8
        avg energy converged...
        --------------------------------------------------------------------------------------------------------------------------
        Average list 0 size:          1 entries
                 Total time:     987.38 s
                                 191.97 s (19.4%) for filling dependency lists
                                  39.23 s ( 4.0%) for parallel loop
              Average speed:   20255.55 steps/s
  
Writing MCcell0000036.out... done. (   0.0 s)
 
_________________________________________________________________________________
                                                       temperature step #    37
T     =      4.7
 
Start Energy @ T=     4.7 =   -0.76000000000E-01
Averaging over at least      1.00E+07 steps
Energy converged if change in avg energy is < 0.030000
Number of dependency lists:    1
 
             MC steps |        <E>/eV |       d<E>/eV |               E/eV |   t_fd/s | t_pl/s | t_sw/s | t_mu/s |       steps/s |
        --------------------------------------------------------------------------------------------------------------------------
speed info:    100000             N/A             N/A                  N/A       0.96     0.20     0.44     0.00         62524.4
+10.0M       10000000       -0.072801       -0.072801       -0.07866666667      95.91    19.54    44.31     0.00         62596.7
+10.0M       20000000       -0.072933       -0.000132       -0.04000000000      95.91    19.52    44.31     0.00         62602.4
        avg energy converged...
        --------------------------------------------------------------------------------------------------------------------------
        Average list 0 size:          1 entries
                 Total time:     935.75 s
                                 191.82 s (20.5%) for filling dependency lists
                                  39.06 s ( 4.2%) for parallel loop
              Average speed:   21373.20 steps/s
  
Writing MCcell0000037.out... done. (   0.0 s)
 
_________________________________________________________________________________
                                                       temperature step #    38
T     =      4.8
 
Start Energy @ T=     4.8 =   -0.40000000000E-01
Averaging over at least      1.00E+07 steps
Energy converged if change in avg energy is < 0.030000
Number of dependency lists:    1
 
             MC steps |        <E>/eV |       d<E>/eV |               E/eV |   t_fd/s | t_pl/s | t_sw/s | t_mu/s |       steps/s |
        --------------------------------------------------------------------------------------------------------------------------
speed info:    100000             N/A             N/A                  N/A       0.96     0.19     0.51     0.00         60040.0
+10.0M       10000000       -0.071583       -0.071583       -0.06400000000      95.97    19.53    51.50     0.00         59878.4
+10.0M       20000000       -0.071524        0.000059       -0.03866666667      95.97    19.53    51.49     0.00         59882.5
        avg energy converged...
        --------------------------------------------------------------------------------------------------------------------------
        Average list 0 size:          1 entries
                 Total time:     950.16 s
                                 191.94 s (20.2%) for filling dependency lists
                                  39.06 s ( 4.1%) for parallel loop
              Average speed:   21049.19 steps/s
  
Writing MCcell0000038.out... done. (   0.0 s)
 
_________________________________________________________________________________
                                                       temperature step #    39
T     =      4.9
 
Start Energy @ T=     4.9 =   -0.38666666667E-01
Averaging over at least      1.00E+07 steps
Energy converged if change in avg energy is < 0.030000
Number of dependency lists:    1
 
             MC steps |        <E>/eV |       d<E>/eV |               E/eV |   t_fd/s | t_pl/s | t_sw/s | t_mu/s |       steps/s |
        --------------------------------------------------------------------------------------------------------------------------
speed info:    100000             N/A             N/A                  N/A       0.96     0.19     0.75     0.00         52603.8
+10.0M       10000000       -0.069962       -0.069962       -0.05866666667      95.93    19.56    74.75     0.00         52567.4
+10.0M       20000000       -0.069877        0.000085       -0.05600000000      96.02    19.61    74.80     0.00         52512.4
        avg energy converged...
        --------------------------------------------------------------------------------------------------------------------------
        Average list 0 size:          1 entries
                 Total time:     996.97 s
                                 191.94 s (19.3%) for filling dependency lists
                                  39.17 s ( 3.9%) for parallel loop
              Average speed:   20060.87 steps/s
  
Writing MCcell0000039.out... done. (   0.0 s)
 
_________________________________________________________________________________
                                                       temperature step #    40
T     =      5.0
 
Start Energy @ T=     5.0 =   -0.56000000000E-01
Averaging over at least      1.00E+07 steps
Energy converged if change in avg energy is < 0.030000
Number of dependency lists:    1
 
             MC steps |        <E>/eV |       d<E>/eV |               E/eV |   t_fd/s | t_pl/s | t_sw/s | t_mu/s |       steps/s |
        --------------------------------------------------------------------------------------------------------------------------
speed info:    100000             N/A             N/A                  N/A       0.96     0.19     0.70     0.00         54051.2
+10.0M       10000000       -0.068414       -0.068414       -0.06000000000      95.99    19.54    69.72     0.00         53983.4
+10.0M       20000000       -0.068581       -0.000166       -0.04666666667      96.01    19.54    69.72     0.00         53975.2
        avg energy converged...
        --------------------------------------------------------------------------------------------------------------------------
        Average list 0 size:          1 entries
                 Total time:     987.03 s
                                 191.99 s (19.5%) for filling dependency lists
                                  39.08 s ( 4.0%) for parallel loop
              Average speed:   20262.82 steps/s
  
Writing MCcell0000040.out... done. (   0.0 s)
 
_________________________________________________________________________________
                                                       temperature step #    41
T     =      5.1
 
Start Energy @ T=     5.1 =   -0.46666666667E-01
Averaging over at least      1.00E+07 steps
Energy converged if change in avg energy is < 0.030000
Number of dependency lists:    1
 
             MC steps |        <E>/eV |       d<E>/eV |               E/eV |   t_fd/s | t_pl/s | t_sw/s | t_mu/s |       steps/s |
        --------------------------------------------------------------------------------------------------------------------------
speed info:    100000             N/A             N/A                  N/A       0.96     0.19     0.42     0.00         63594.5
+10.0M       10000000       -0.067023       -0.067023       -0.07466666667      95.86    19.51    42.53     0.00         63330.6
+10.0M       20000000       -0.067246       -0.000223       -0.06133333333      95.91    19.58    42.57     0.00         63267.0
        avg energy converged...
        --------------------------------------------------------------------------------------------------------------------------
        Average list 0 size:          1 entries
                 Total time:     932.25 s
                                 191.77 s (20.6%) for filling dependency lists
                                  39.09 s ( 4.2%) for parallel loop
              Average speed:   21453.46 steps/s
  
Writing MCcell0000041.out... done. (   0.0 s)
 
_________________________________________________________________________________
                                                       temperature step #    42
T     =      5.2
 
Start Energy @ T=     5.2 =   -0.61333333333E-01
Averaging over at least      1.00E+07 steps
Energy converged if change in avg energy is < 0.030000
Number of dependency lists:    1
 
             MC steps |        <E>/eV |       d<E>/eV |               E/eV |   t_fd/s | t_pl/s | t_sw/s | t_mu/s |       steps/s |
        --------------------------------------------------------------------------------------------------------------------------
speed info:    100000             N/A             N/A                  N/A       0.96     0.20     0.52     0.00         59877.3
+10.0M       10000000       -0.065898       -0.065898       -0.07600000000      95.91    19.55    51.71     0.00         59817.5
+10.0M       20000000       -0.065710        0.000188       -0.05600000000      95.90    19.54    51.71     0.00         59826.1
        avg energy converged...
        --------------------------------------------------------------------------------------------------------------------------
        Average list 0 size:          1 entries
                 Total time:     950.50 s
                                 191.81 s (20.2%) for filling dependency lists
                                  39.09 s ( 4.1%) for parallel loop
              Average speed:   21041.48 steps/s
  
Writing MCcell0000042.out... done. (   0.0 s)
 
_________________________________________________________________________________
                                                       temperature step #    43
T     =      5.3
 
Start Energy @ T=     5.3 =   -0.56000000000E-01
Averaging over at least      1.00E+07 steps
Energy converged if change in avg energy is < 0.030000
Number of dependency lists:    1
 
             MC steps |        <E>/eV |       d<E>/eV |               E/eV |   t_fd/s | t_pl/s | t_sw/s | t_mu/s |       steps/s |
        --------------------------------------------------------------------------------------------------------------------------
speed info:    100000             N/A             N/A                  N/A       0.96     0.20     0.74     0.00         52676.8
+10.0M       10000000       -0.064514       -0.064514       -0.06800000000      95.91    19.52    74.01     0.00         52785.8
+10.0M       20000000       -0.064548       -0.000034       -0.03733333333      95.96    19.52    74.00     0.00         52776.3
        avg energy converged...
        --------------------------------------------------------------------------------------------------------------------------
        Average list 0 size:          1 entries
                 Total time:     995.28 s
                                 191.87 s (19.3%) for filling dependency lists
                                  39.03 s ( 3.9%) for parallel loop
              Average speed:   20094.85 steps/s
  
Writing MCcell0000043.out... done. (   0.0 s)
 
_________________________________________________________________________________
                                                       temperature step #    44
T     =      5.4
 
Start Energy @ T=     5.4 =   -0.37333333333E-01
Averaging over at least      1.00E+07 steps
Energy converged if change in avg energy is < 0.030000
Number of dependency lists:    1
 
             MC steps |        <E>/eV |       d<E>/eV |               E/eV |   t_fd/s | t_pl/s | t_sw/s | t_mu/s |       steps/s |
        --------------------------------------------------------------------------------------------------------------------------
speed info:    100000             N/A             N/A                  N/A       0.96     0.20     0.68     0.00         54419.3
+10.0M       10000000       -0.063442       -0.063442       -0.03200000000      95.92    19.59    68.56     0.00         54326.2
+10.0M       20000000       -0.063494       -0.000052       -0.09466666667      95.91    19.60    68.53     0.00         54336.6
        avg energy converged...
        --------------------------------------------------------------------------------------------------------------------------
        Average list 0 size:          1 entries
                 Total time:     984.73 s
                                 191.83 s (19.5%) for filling dependency lists
                                  39.19 s ( 4.0%) for parallel loop
              Average speed:   20310.18 steps/s
  
Writing MCcell0000044.out... done. (   0.0 s)
 
_________________________________________________________________________________
                                                       temperature step #    45
T     =      5.5
 
Start Energy @ T=     5.5 =   -0.94666666667E-01
Averaging over at least      1.00E+07 steps
Energy converged if change in avg energy is < 0.030000
Number of dependency lists:    1
 
             MC steps |        <E>/eV |       d<E>/eV |               E/eV |   t_fd/s | t_pl/s | t_sw/s | t_mu/s |       steps/s |
        --------------------------------------------------------------------------------------------------------------------------
speed info:    100000             N/A             N/A                  N/A       0.94     0.19     0.51     0.00         61045.3
+10.0M       10000000       -0.062533       -0.062533       -0.05600000000      86.40    17.49    46.71     0.00         66400.5
+10.0M       20000000       -0.062083        0.000450       -0.04533333333      86.36    17.48    46.70     0.00         66427.1
        avg energy converged...
        --------------------------------------------------------------------------------------------------------------------------
        Average list 0 size:          1 entries
                 Total time:     857.05 s
                                 172.75 s (20.2%) for filling dependency lists
                                  34.98 s ( 4.1%) for parallel loop
              Average speed:   23335.80 steps/s
  
Writing MCcell0000045.out... done. (   0.0 s)
 
_________________________________________________________________________________
                                                       temperature step #    46
T     =      5.6
 
Start Energy @ T=     5.6 =   -0.45333333333E-01
Averaging over at least      1.00E+07 steps
Energy converged if change in avg energy is < 0.030000
Number of dependency lists:    1
 
             MC steps |        <E>/eV |       d<E>/eV |               E/eV |   t_fd/s | t_pl/s | t_sw/s | t_mu/s |       steps/s |
        --------------------------------------------------------------------------------------------------------------------------
speed info:    100000             N/A             N/A                  N/A       0.92     0.18     0.41     0.00         65853.3
+10.0M       10000000       -0.061225       -0.061225       -0.07733333333      92.63    18.79    41.31     0.00         65473.8
+10.0M       20000000       -0.061220        0.000005       -0.08266666667      89.72    18.17    40.03     0.00         67602.2
        avg energy converged...
        --------------------------------------------------------------------------------------------------------------------------
        Average list 0 size:          1 entries
                 Total time:     887.34 s
                                 182.36 s (20.6%) for filling dependency lists
                                  36.96 s ( 4.2%) for parallel loop
              Average speed:   22539.40 steps/s
  
Writing MCcell0000046.out... done. (   0.0 s)
 
_________________________________________________________________________________
                                                       temperature step #    47
T     =      5.7
 
Start Energy @ T=     5.7 =   -0.82666666667E-01
Averaging over at least      1.00E+07 steps
Energy converged if change in avg energy is < 0.030000
Number of dependency lists:    1
 
             MC steps |        <E>/eV |       d<E>/eV |               E/eV |   t_fd/s | t_pl/s | t_sw/s | t_mu/s |       steps/s |
        --------------------------------------------------------------------------------------------------------------------------
speed info:    100000             N/A             N/A                  N/A       0.87     0.18     0.63     0.00         59447.2
+10.0M       10000000       -0.060097       -0.060097       -0.07333333333      88.93    18.01    64.14     0.00         58452.3
+10.0M       20000000       -0.060040        0.000057       -0.04533333333      92.75    18.80    66.93     0.00         56027.8
        avg energy converged...
        --------------------------------------------------------------------------------------------------------------------------
        Average list 0 size:          1 entries
                 Total time:     934.35 s
                                 181.68 s (19.4%) for filling dependency lists
                                  36.81 s ( 3.9%) for parallel loop
              Average speed:   21405.29 steps/s
  
Writing MCcell0000047.out... done. (   0.0 s)
 
_________________________________________________________________________________
                                                       temperature step #    48
T     =      5.8
 
Start Energy @ T=     5.8 =   -0.45333333333E-01
Averaging over at least      1.00E+07 steps
Energy converged if change in avg energy is < 0.030000
Number of dependency lists:    1
 
             MC steps |        <E>/eV |       d<E>/eV |               E/eV |   t_fd/s | t_pl/s | t_sw/s | t_mu/s |       steps/s |
        --------------------------------------------------------------------------------------------------------------------------
speed info:    100000             N/A             N/A                  N/A       0.93     0.19     0.67     0.00         55824.0
+10.0M       10000000       -0.058904       -0.058904       -0.07333333333      92.73    18.81    66.61     0.00         56132.0
+10.0M       20000000       -0.059035       -0.000130       -0.04533333333      92.56    18.78    66.48     0.00         56236.7
        avg energy converged...
        --------------------------------------------------------------------------------------------------------------------------
        Average list 0 size:          1 entries
                 Total time:     952.39 s
                                 185.29 s (19.5%) for filling dependency lists
                                  37.59 s ( 3.9%) for parallel loop
              Average speed:   20999.71 steps/s
  
Writing MCcell0000048.out... done. (   0.0 s)
 
_________________________________________________________________________________
                                                       temperature step #    49
T     =      5.9
 
Start Energy @ T=     5.9 =   -0.45333333333E-01
Averaging over at least      1.00E+07 steps
Energy converged if change in avg energy is < 0.030000
Number of dependency lists:    1
 
             MC steps |        <E>/eV |       d<E>/eV |               E/eV |   t_fd/s | t_pl/s | t_sw/s | t_mu/s |       steps/s |
        --------------------------------------------------------------------------------------------------------------------------
speed info:    100000             N/A             N/A                  N/A       0.92     0.19     0.41     0.00         65984.4
+10.0M       10000000       -0.057975       -0.057975       -0.04266666667      92.80    18.81    41.10     0.00         65484.3
+10.0M       20000000       -0.057846        0.000130       -0.06266666667      92.70    18.80    41.05     0.00         65550.0
        avg energy converged...
        --------------------------------------------------------------------------------------------------------------------------
        Average list 0 size:          1 entries
                 Total time:     902.13 s
                                 185.50 s (20.6%) for filling dependency lists
                                  37.60 s ( 4.2%) for parallel loop
              Average speed:   22169.65 steps/s
  
Writing MCcell0000049.out... done. (   0.0 s)
 
_________________________________________________________________________________
                                                       temperature step #    50
T     =      6.0
 
Start Energy @ T=     6.0 =   -0.62666666667E-01
Averaging over at least      1.00E+07 steps
Energy converged if change in avg energy is < 0.030000
Number of dependency lists:    1
 
             MC steps |        <E>/eV |       d<E>/eV |               E/eV |   t_fd/s | t_pl/s | t_sw/s | t_mu/s |       steps/s |
        --------------------------------------------------------------------------------------------------------------------------
speed info:    100000             N/A             N/A                  N/A       0.94     0.19     0.51     0.00         61188.2
+10.0M       10000000       -0.057066       -0.057066       -0.03333333333      92.56    18.70    50.04     0.00         61995.8
+10.0M       20000000       -0.057269       -0.000202       -0.06000000000      92.78    18.71    50.11     0.00         61880.8
        avg energy converged...
        --------------------------------------------------------------------------------------------------------------------------
        Average list 0 size:          1 entries
                 Total time:     918.51 s
                                 185.34 s (20.2%) for filling dependency lists
                                  37.41 s ( 4.1%) for parallel loop
              Average speed:   21774.38 steps/s
  
Writing MCcell0000050.out... done. (   0.0 s)
 
_________________________________________________________________________________
                                                       temperature step #    51
T     =      6.1
 
Start Energy @ T=     6.1 =   -0.60000000000E-01
Averaging over at least      1.00E+07 steps
Energy converged if change in avg energy is < 0.030000
Number of dependency lists:    1
 
             MC steps |        <E>/eV |       d<E>/eV |               E/eV |   t_fd/s | t_pl/s | t_sw/s | t_mu/s |       steps/s |
        --------------------------------------------------------------------------------------------------------------------------
speed info:    100000             N/A             N/A                  N/A       0.92     0.19     0.72     0.00         54600.5
+10.0M       10000000       -0.056171       -0.056171       -0.06666666667      92.82    18.79    72.79     0.00         54230.1
+10.0M       20000000       -0.055984        0.000187       -0.06000000000      92.66    18.77    72.53     0.00         54361.2
        avg energy converged...
        --------------------------------------------------------------------------------------------------------------------------
        Average list 0 size:          1 entries
                 Total time:     965.00 s
                                 185.48 s (19.2%) for filling dependency lists
                                  37.55 s ( 3.9%) for parallel loop
              Average speed:   20725.32 steps/s
  
Writing MCcell0000051.out... done. (   0.0 s)
_________________________________________________________________________________
 
 Calculating energy of total cell.
 For large cells >100,000 atoms this may take a few minutes.
---------------------------------------------------------------------------------
final energy (sum of Deltas):                         -0.6000000E-01
final energy (full corr., only for small MC cells):   -0.6000000E-01
difference:                                            0.2591677E-13
---------------------------------------------------------------------------------
 
Mode 30 - Perform MC simulation                                                                          
... done!
