# Temperature | Total concentrations (1:k,1:nC) | concentrations for each d-vector (1:k each)
#---------------------------------------------------------------------------------------------------------------------------------
      1.000      0.5000       0.5000       0.5000       0.5000    
      1.100      0.5000       0.5000       0.5000       0.5000    
      1.200      0.5000       0.5000       0.5000       0.5000    
      1.300      0.5000       0.5000       0.5000       0.5000    
      1.400      0.5000       0.5000       0.5000       0.5000    
      1.500      0.5000       0.5000       0.5000       0.5000    
      1.600      0.5000       0.5000       0.5000       0.5000    
      1.700      0.5000       0.5000       0.5000       0.5000    
      1.800      0.5000       0.5000       0.5000       0.5000    
      1.900      0.5000       0.5000       0.5000       0.5000    
      2.000      0.5000       0.5000       0.5000       0.5000    
      2.100      0.5000       0.5000       0.5000       0.5000    
      2.200      0.5000       0.5000       0.5000       0.5000    
      2.300      0.5000       0.5000       0.5000       0.5000    
      2.400      0.5000       0.5000       0.5000       0.5000    
      2.500      0.5000       0.5000       0.5000       0.5000    
      2.600      0.5000       0.5000       0.5000       0.5000    
      2.700      0.5000       0.5000       0.5000       0.5000    
      2.800      0.5000       0.5000       0.5000       0.5000    
      2.900      0.5000       0.5000       0.5000       0.5000    
      3.000      0.5000       0.5000       0.5000       0.5000    
      3.100      0.5000       0.5000       0.5000       0.5000    
      3.200      0.5000       0.5000       0.5000       0.5000    
      3.300      0.5000       0.5000       0.5000       0.5000    
      3.400      0.5000       0.5000       0.5000       0.5000    
      3.500      0.5000       0.5000       0.5000       0.5000    
      3.600      0.5000       0.5000       0.5000       0.5000    
      3.700      0.5000       0.5000       0.5000       0.5000    
      3.800      0.5000       0.5000       0.5000       0.5000    
      3.900      0.5000       0.5000       0.5000       0.5000    
      4.000      0.5000       0.5000       0.5000       0.5000    
      4.100      0.5000       0.5000       0.5000       0.5000    
      4.200      0.5000       0.5000       0.5000       0.5000    
      4.300      0.5000       0.5000       0.5000       0.5000    
      4.400      0.5000       0.5000       0.5000       0.5000    
      4.500      0.5000       0.5000       0.5000       0.5000    
      4.600      0.5000       0.5000       0.5000       0.5000    
      4.700      0.5000       0.5000       0.5000       0.5000    
      4.800      0.5000       0.5000       0.5000       0.5000    
      4.900      0.5000       0.5000       0.5000       0.5000    
      5.000      0.5000       0.5000       0.5000       0.5000    
      5.100      0.5000       0.5000       0.5000       0.5000    
      5.200      0.5000       0.5000       0.5000       0.5000    
      5.300      0.5000       0.5000       0.5000       0.5000    
      5.400      0.5000       0.5000       0.5000       0.5000    
      5.500      0.5000       0.5000       0.5000       0.5000    
      5.600      0.5000       0.5000       0.5000       0.5000    
      5.700      0.5000       0.5000       0.5000       0.5000    
      5.800      0.5000       0.5000       0.5000       0.5000    
      5.900      0.5000       0.5000       0.5000       0.5000    
      6.000      0.5000       0.5000       0.5000       0.5000    
      6.100      0.5000       0.5000       0.5000       0.5000    
