    -3000.00000   2208770
    -2996.00000         0
    -2992.00000         0
    -2988.00000         0
    -2984.00000         0
    -2980.00000   2185700
    -2976.00000   2121402
    -2972.00000         0
    -2968.00000   2876931
    -2964.00000   2106688
    -2960.00000   2053631
    -2956.00000   2121373
    -2952.00000   2142604
    -2948.00000   2350222
    -2944.00000   2240509
    -2940.00000   2066346
    -2936.00000   2056283
    -2932.00000   2144638
    -2928.00000   2048236
    -2924.00000   2164770
    -2920.00000   2022217
    -2916.00000   2149190
    -2912.00000   2079319
    -2908.00000   2010725
    -2904.00000   2007774
    -2900.00000   2095497
    -2896.00000   2009156
    -2892.00000   2034723
    -2888.00000   2021588
    -2884.00000   2142394
    -2880.00000   2145685
    -2876.00000   2143287
    -2872.00000   2054796
    -2868.00000   2093923
    -2864.00000   2053587
    -2860.00000   2076670
    -2856.00000   2097540
    -2852.00000   2087331
    -2848.00000   2125290
    -2844.00000   2070767
    -2840.00000   2098877
    -2836.00000   2124557
    -2832.00000   2108280
    -2828.00000   2102419
    -2824.00000   2142616
    -2820.00000   2094862
    -2816.00000   2038070
    -2812.00000   2051320
    -2808.00000   2030768
    -2804.00000   2023292
    -2800.00000   2013951
    -2796.00000   2007076
    -2792.00000   2016042
    -2788.00000   2063905
    -2784.00000   2024571
    -2780.00000   2008566
    -2776.00000   2018711
    -2772.00000   2040099
    -2768.00000   2048540
    -2764.00000   2009998
    -2760.00000   1998899
    -2756.00000   2028051
    -2752.00000   2038628
    -2748.00000   2048040
    -2744.00000   2051464
    -2740.00000   2032308
    -2736.00000   2032838
    -2732.00000   2042165
    -2728.00000   2064822
    -2724.00000   2020156
    -2720.00000   2066142
    -2716.00000   2053495
    -2712.00000   2095327
    -2708.00000   2090214
    -2704.00000   2102285
    -2700.00000   2133803
    -2696.00000   2120940
    -2692.00000   2084965
    -2688.00000   2069384
    -2684.00000   2100514
    -2680.00000   2101598
    -2676.00000   2087244
    -2672.00000   2117828
    -2668.00000   2082881
    -2664.00000   2111995
    -2660.00000   2069052
    -2656.00000   2099761
    -2652.00000   2101474
    -2648.00000   2116387
    -2644.00000   2122562
    -2640.00000   2113539
    -2636.00000   2091513
    -2632.00000   2065153
    -2628.00000   2069829
    -2624.00000   2092834
    -2620.00000   2069750
    -2616.00000   2077738
    -2612.00000   2078895
    -2608.00000   2082310
    -2604.00000   2093148
    -2600.00000   2093870
    -2596.00000   2058464
    -2592.00000   2053777
    -2588.00000   2083125
    -2584.00000   2076352
    -2580.00000   2085642
    -2576.00000   2069616
    -2572.00000   2062411
    -2568.00000   2065819
    -2564.00000   2080194
    -2560.00000   2062747
    -2556.00000   2068806
    -2552.00000   2079951
    -2548.00000   2066871
    -2544.00000   2056794
    -2540.00000   2047854
    -2536.00000   2048189
    -2532.00000   2051082
    -2528.00000   2076273
    -2524.00000   2062789
    -2520.00000   2055587
    -2516.00000   2043806
    -2512.00000   2052380
    -2508.00000   2035375
    -2504.00000   2049605
    -2500.00000   2042148
    -2496.00000   2035142
    -2492.00000   2043737
    -2488.00000   2031918
    -2484.00000   2035181
    -2480.00000   2027072
    -2476.00000   2027653
    -2472.00000   2027497
    -2468.00000   2015841
    -2464.00000   2022667
    -2460.00000   2021154
    -2456.00000   2023844
    -2452.00000   2030217
    -2448.00000   2033726
    -2444.00000   2032269
    -2440.00000   2027044
    -2436.00000   2047689
    -2432.00000   2046498
    -2428.00000   2057428
    -2424.00000   2079412
    -2420.00000   2073196
    -2416.00000   2080608
    -2412.00000   2082418
    -2408.00000   2075621
    -2404.00000   2064026
    -2400.00000   2094446
    -2396.00000   2069311
    -2392.00000   2080163
    -2388.00000   2079337
    -2384.00000   2099654
    -2380.00000   2099487
    -2376.00000   2106466
    -2372.00000   2106158
    -2368.00000   2095671
    -2364.00000   2108135
    -2360.00000   2086619
    -2356.00000   2082427
    -2352.00000   2078048
    -2348.00000   2086177
    -2344.00000   2072337
    -2340.00000   2074138
    -2336.00000   2074672
    -2332.00000   2075353
    -2328.00000   2085428
    -2324.00000   2079993
    -2320.00000   2059339
    -2316.00000   2058035
    -2312.00000   2051873
    -2308.00000   2045454
    -2304.00000   2048866
    -2300.00000   2069675
    -2296.00000   2062789
    -2292.00000   2071291
    -2288.00000   2064249
    -2284.00000   2057688
    -2280.00000   2064232
    -2276.00000   2066985
    -2272.00000   2071175
    -2268.00000   2069735
    -2264.00000   2072929
    -2260.00000   2059125
    -2256.00000   2063281
    -2252.00000   2066972
    -2248.00000   2070535
    -2244.00000   2071552
    -2240.00000   2073969
    -2236.00000   2060628
    -2232.00000   2077136
    -2228.00000   2068723
    -2224.00000   2065115
    -2220.00000   2063619
    -2216.00000   2071776
    -2212.00000   2082802
    -2208.00000   2071642
    -2204.00000   2074067
    -2200.00000   2084699
    -2196.00000   2081140
    -2192.00000   2077043
    -2188.00000   2079283
    -2184.00000   2073239
    -2180.00000   2081685
    -2176.00000   2086090
    -2172.00000   2083252
    -2168.00000   2084604
    -2164.00000   2075678
    -2160.00000   2087654
    -2156.00000   2072058
    -2152.00000   2089263
    -2148.00000   2074902
    -2144.00000   2076007
    -2140.00000   2077880
    -2136.00000   2081427
    -2132.00000   2085424
    -2128.00000   2076211
    -2124.00000   2078441
    -2120.00000   2084552
    -2116.00000   2068606
    -2112.00000   2065304
    -2108.00000   2066039
    -2104.00000   2067546
    -2100.00000   2068027
    -2096.00000   2086222
    -2092.00000   2071226
    -2088.00000   2068253
    -2084.00000   2076063
    -2080.00000   2075325
    -2076.00000   2063299
    -2072.00000   2074863
    -2068.00000   2069879
    -2064.00000   2073955
    -2060.00000   2089156
    -2056.00000   2081554
    -2052.00000   2083385
    -2048.00000   2087070
    -2044.00000   2086641
    -2040.00000   2088372
    -2036.00000   2075544
    -2032.00000   2079356
    -2028.00000   2081407
    -2024.00000   2082367
    -2020.00000   2085351
    -2016.00000   2079341
    -2012.00000   2088608
    -2008.00000   2080340
    -2004.00000   2089247
    -2000.00000   2082186
    -1996.00000   2088430
    -1992.00000   2080547
    -1988.00000   2079952
    -1984.00000   2080956
    -1980.00000   2073468
    -1976.00000   2081385
    -1972.00000   2079115
    -1968.00000   2075536
    -1964.00000   2076215
    -1960.00000   2078545
    -1956.00000   2075398
    -1952.00000   2076237
    -1948.00000   2067697
    -1944.00000   2064148
    -1940.00000   2055934
    -1936.00000   2068083
    -1932.00000   2058560
    -1928.00000   2062022
    -1924.00000   2060691
    -1920.00000   2057666
    -1916.00000   2059957
    -1912.00000   2051976
    -1908.00000   2059339
    -1904.00000   2051317
    -1900.00000   2058771
    -1896.00000   2055374
    -1892.00000   2067051
    -1888.00000   2057666
    -1884.00000   2054739
    -1880.00000   2050302
    -1876.00000   2058978
    -1872.00000   2061058
    -1868.00000   2069324
    -1864.00000   2051457
    -1860.00000   2060430
    -1856.00000   2061849
    -1852.00000   2071671
    -1848.00000   2071190
    -1844.00000   2074882
    -1840.00000   2064965
    -1836.00000   2062856
    -1832.00000   2066881
    -1828.00000   2068202
    -1824.00000   2061077
    -1820.00000   2062023
    -1816.00000   2057452
    -1812.00000   2063907
    -1808.00000   2073510
    -1804.00000   2066261
    -1800.00000   2067943
    -1796.00000   2070502
    -1792.00000   2072708
    -1788.00000   2065702
    -1784.00000   2065130
    -1780.00000   2070624
    -1776.00000   2066278
    -1772.00000   2064243
    -1768.00000   2070060
    -1764.00000   2069461
    -1760.00000   2070223
    -1756.00000   2076433
    -1752.00000   2078615
    -1748.00000   2070868
    -1744.00000   2074573
    -1740.00000   2064569
    -1736.00000   2068963
    -1732.00000   2059682
    -1728.00000   2067914
    -1724.00000   2061601
    -1720.00000   2059274
    -1716.00000   2067616
    -1712.00000   2068249
    -1708.00000   2059210
    -1704.00000   2051736
    -1700.00000   2052068
    -1696.00000   2053829
    -1692.00000   2053333
    -1688.00000   2043144
    -1684.00000   2037831
    -1680.00000   2043453
    -1676.00000   2047783
    -1672.00000   2049214
    -1668.00000   2042043
    -1664.00000   2033991
    -1660.00000   2046474
    -1656.00000   2048415
    -1652.00000   2048963
    -1648.00000   2040864
    -1644.00000   2043829
    -1640.00000   2041251
    -1636.00000   2054751
    -1632.00000   2046202
    -1628.00000   2052600
    -1624.00000   2050035
    -1620.00000   2056524
    -1616.00000   2052577
    -1612.00000   2051573
    -1608.00000   2061634
    -1604.00000   2064965
    -1600.00000   2058003
    -1596.00000   2059161
    -1592.00000   2053458
    -1588.00000   2048383
    -1584.00000   2053910
    -1580.00000   2049291
    -1576.00000   2048764
    -1572.00000   2049454
    -1568.00000   2047194
    -1564.00000   2049856
    -1560.00000   2040776
    -1556.00000   2048147
    -1552.00000   2043330
    -1548.00000   2043044
    -1544.00000   2042033
    -1540.00000   2046981
    -1536.00000   2041236
    -1532.00000   2048744
    -1528.00000   2046164
    -1524.00000   2049663
    -1520.00000   2041045
    -1516.00000   2043758
    -1512.00000   2051208
    -1508.00000   2039466
    -1504.00000   2030773
    -1500.00000   2038600
    -1496.00000   2048079
    -1492.00000   2040894
    -1488.00000   2050332
    -1484.00000   2050461
    -1480.00000   2043377
    -1476.00000   2049434
    -1472.00000   2049692
    -1468.00000   2038368
    -1464.00000   2044787
    -1460.00000   2041322
    -1456.00000   2046795
    -1452.00000   2046279
    -1448.00000   2043892
    -1444.00000   2041727
    -1440.00000   2049163
    -1436.00000   2038852
    -1432.00000   2047558
    -1428.00000   2044218
    -1424.00000   2048459
    -1420.00000   2043722
    -1416.00000   2048558
    -1412.00000   2044065
    -1408.00000   2042929
    -1404.00000   2050641
    -1400.00000   2054027
    -1396.00000   2052287
    -1392.00000   2047262
    -1388.00000   2054786
    -1384.00000   2053769
    -1380.00000   2054547
    -1376.00000   2061065
    -1372.00000   2054645
    -1368.00000   2053865
    -1364.00000   2058006
    -1360.00000   2055424
    -1356.00000   2053389
    -1352.00000   2059412
    -1348.00000   2062747
    -1344.00000   2057381
    -1340.00000   2060484
    -1336.00000   2058545
    -1332.00000   2062605
    -1328.00000   2057782
    -1324.00000   2057052
    -1320.00000   2059356
    -1316.00000   2057234
    -1312.00000   2060035
    -1308.00000   2065860
    -1304.00000   2068258
    -1300.00000   2073834
    -1296.00000   2070741
    -1292.00000   2064078
    -1288.00000   2069987
    -1284.00000   2070378
    -1280.00000   2073979
    -1276.00000   2069615
    -1272.00000   2074424
    -1268.00000   2074377
    -1264.00000   2079357
    -1260.00000   2083197
    -1256.00000   2082847
    -1252.00000   2078723
    -1248.00000   2078765
    -1244.00000   2089123
    -1240.00000   2090489
    -1236.00000   2084437
    -1232.00000   2099285
    -1228.00000   2094550
    -1224.00000   2091938
    -1220.00000   2091956
    -1216.00000   2087875
    -1212.00000   2090385
    -1208.00000   2088178
    -1204.00000   2089774
    -1200.00000   2091175
    -1196.00000   2092033
    -1192.00000   2085000
    -1188.00000   2087506
    -1184.00000   2086136
    -1180.00000   2077300
    -1176.00000   2084022
    -1172.00000   2082428
    -1168.00000   2087391
    -1164.00000   2089079
    -1160.00000   2085409
    -1156.00000   2091278
    -1152.00000   2095961
    -1148.00000   2093176
    -1144.00000   2093500
    -1140.00000   2098238
    -1136.00000   2100619
    -1132.00000   2107246
    -1128.00000   2104408
    -1124.00000   2101128
    -1120.00000   2102335
    -1116.00000   2107565
    -1112.00000   2105213
    -1108.00000   2103331
    -1104.00000   2098379
    -1100.00000   2098688
    -1096.00000   2096173
    -1092.00000   2093499
    -1088.00000   2098610
    -1084.00000   2095607
    -1080.00000   2098981
    -1076.00000   2095069
    -1072.00000   2097912
    -1068.00000   2101345
    -1064.00000   2101660
    -1060.00000   2108804
    -1056.00000   2110429
    -1052.00000   2111109
    -1048.00000   2110529
    -1044.00000   2110246
    -1040.00000   2108500
    -1036.00000   2112816
    -1032.00000   2107139
    -1028.00000   2119317
    -1024.00000   2111864
    -1020.00000   2111888
    -1016.00000   2110679
    -1012.00000   2111596
    -1008.00000   2105425
    -1004.00000   2107816
    -1000.00000   2113986
     -996.00000   2108571
     -992.00000   2112365
     -988.00000   2114774
     -984.00000   2112336
     -980.00000   2114117
     -976.00000   2112137
     -972.00000   2118852
     -968.00000   2115988
     -964.00000   2117564
     -960.00000   2116321
     -956.00000   2118421
     -952.00000   2117541
     -948.00000   2119400
     -944.00000   2119688
     -940.00000   2118384
     -936.00000   2123084
     -932.00000   2121099
     -928.00000   2112790
     -924.00000   2117922
     -920.00000   2116204
     -916.00000   2117581
     -912.00000   2113469
     -908.00000   2116690
     -904.00000   2119458
     -900.00000   2122278
     -896.00000   2124318
     -892.00000   2119465
     -888.00000   2118965
     -884.00000   2119206
     -880.00000   2117481
     -876.00000   2122402
     -872.00000   2112708
     -868.00000   2118303
     -864.00000   2114241
     -860.00000   2113055
     -856.00000   2109583
     -852.00000   2113766
     -848.00000   2112038
     -844.00000   2113170
     -840.00000   2115324
     -836.00000   2111614
     -832.00000   2117455
     -828.00000   2116290
     -824.00000   2115858
     -820.00000   2119165
     -816.00000   2116944
     -812.00000   2119604
     -808.00000   2115743
     -804.00000   2118627
     -800.00000   2120167
     -796.00000   2119274
     -792.00000   2116615
     -788.00000   2118460
     -784.00000   2118460
     -780.00000   2118513
     -776.00000   2123756
     -772.00000   2123616
     -768.00000   2124341
     -764.00000   2126086
     -760.00000   2124453
     -756.00000   2126208
     -752.00000   2123818
     -748.00000   2126689
     -744.00000   2126876
     -740.00000   2128851
     -736.00000   2136046
     -732.00000   2134644
     -728.00000   2133816
     -724.00000   2136980
     -720.00000   2137802
     -716.00000   2139145
     -712.00000   2137876
     -708.00000   2142492
     -704.00000   2141649
     -700.00000   2139028
     -696.00000   2140910
     -692.00000   2137949
     -688.00000   2139467
     -684.00000   2142583
     -680.00000   2144618
     -676.00000   2143853
     -672.00000   2141987
     -668.00000   2143122
     -664.00000   2140024
     -660.00000   2138533
     -656.00000   2135713
     -652.00000   2134038
     -648.00000   2133583
     -644.00000   2131829
     -640.00000   2132967
     -636.00000   2129298
     -632.00000   2128650
     -628.00000   2124007
     -624.00000   2128862
     -620.00000   2128651
     -616.00000   2125175
     -612.00000   2129017
     -608.00000   2131198
     -604.00000   2127912
     -600.00000   2127076
     -596.00000   2124619
     -592.00000   2127613
     -588.00000   2127969
     -584.00000   2126558
     -580.00000   2124855
     -576.00000   2125581
     -572.00000   2122198
     -568.00000   2124100
     -564.00000   2127621
     -560.00000   2124151
     -556.00000   2121833
     -552.00000   2122195
     -548.00000   2121813
     -544.00000   2119754
     -540.00000   2120786
     -536.00000   2119648
     -532.00000   2120481
     -528.00000   2118494
     -524.00000   2120368
     -520.00000   2121598
     -516.00000   2113993
     -512.00000   2118722
     -508.00000   2116029
     -504.00000   2118984
     -500.00000   2120135
     -496.00000   2123863
     -492.00000   2125392
     -488.00000   2121248
     -484.00000   2123297
     -480.00000   2120699
     -476.00000   2123345
     -472.00000   2125328
     -468.00000   2125401
     -464.00000   2122810
     -460.00000   2119118
     -456.00000   2121005
     -452.00000   2122243
     -448.00000   2120754
     -444.00000   2120160
     -440.00000   2119950
     -436.00000   2119956
     -432.00000   2120730
     -428.00000   2120694
     -424.00000   2117760
     -420.00000   2117754
     -416.00000   2115716
     -412.00000   2114656
     -408.00000   2114068
     -404.00000   2114734
     -400.00000   2115415
     -396.00000   2115583
     -392.00000   2115466
     -388.00000   2119708
     -384.00000   2118191
     -380.00000   2120057
     -376.00000   2120312
     -372.00000   2120666
     -368.00000   2118316
     -364.00000   2119294
     -360.00000   2117878
     -356.00000   2119058
     -352.00000   2115549
     -348.00000   2115311
     -344.00000   2116023
     -340.00000   2119030
     -336.00000   2112546
     -332.00000   2119514
     -328.00000   2117427
     -324.00000   2115593
     -320.00000   2116757
     -316.00000   2116204
     -312.00000   2113758
     -308.00000   2112285
     -304.00000   2116298
     -300.00000   2113363
     -296.00000   2114186
     -292.00000   2111684
     -288.00000   2113229
     -284.00000   2111501
     -280.00000   2111969
     -276.00000   2112154
     -272.00000   2112687
     -268.00000   2110873
     -264.00000   2112925
     -260.00000   2111088
     -256.00000   2112735
     -252.00000   2109882
     -248.00000   2110653
     -244.00000   2111699
     -240.00000   2113244
     -236.00000   2112923
     -232.00000   2112151
     -228.00000   2114799
     -224.00000   2112303
     -220.00000   2109004
     -216.00000   2113175
     -212.00000   2111250
     -208.00000   2111001
     -204.00000   2114703
     -200.00000   2116503
     -196.00000   2116408
     -192.00000   2116827
     -188.00000   2119219
     -184.00000   2122862
     -180.00000   2121346
     -176.00000   2120293
     -172.00000   2122588
     -168.00000   2125369
     -164.00000   2122943
     -160.00000   2126431
     -156.00000   2128331
     -152.00000   2127233
     -148.00000   2126349
     -144.00000   2127944
     -140.00000   2128985
     -136.00000   2127164
     -132.00000   2128011
     -128.00000   2127408
     -124.00000   2128010
     -120.00000   2128900
     -116.00000   2129554
     -112.00000   2127989
     -108.00000   2127259
     -104.00000   2125080
     -100.00000   2124981
      -96.00000   2124747
      -92.00000   2124131
      -88.00000   2123535
      -84.00000   2128096
      -80.00000   2129708
      -76.00000   2128485
      -72.00000   2129242
      -68.00000   2131813
      -64.00000   2133710
      -60.00000   2135080
      -56.00000   2138089
      -52.00000   2136207
      -48.00000   2135947
      -44.00000   2136575
      -40.00000   2139739
      -36.00000   2138202
      -32.00000   2138818
      -28.00000   2140726
      -24.00000   2139086
      -20.00000   2139954
      -16.00000   2137905
      -12.00000   2136972
       -8.00000   2138412
       -4.00000   2137217
        0.00000   2139519
        4.00000   2138786
        8.00000   2138130
       12.00000   2138977
       16.00000   2136919
       20.00000   2140074
       24.00000   2139109
       28.00000   2137731
       32.00000   2136964
       36.00000   2135255
       40.00000   2135048
       44.00000   2133811
       48.00000   2134545
       52.00000   2133338
       56.00000   2132173
       60.00000   2131402
       64.00000   2132134
       68.00000   2135283
       72.00000   2137325
       76.00000   2135805
       80.00000   2135867
       84.00000   2135292
       88.00000   2134049
       92.00000   2133805
       96.00000   2133797
      100.00000   2133051
      104.00000   2133297
      108.00000   2133197
      112.00000   2132190
      116.00000   2131459
      120.00000   2131618
      124.00000   2130603
      128.00000   2131608
      132.00000   2132612
      136.00000   2131976
      140.00000   2133228
      144.00000   2134033
      148.00000   2136902
      152.00000   2137316
      156.00000   2139234
      160.00000   2139687
      164.00000   2140518
      168.00000   2142525
      172.00000   2139316
      176.00000   2140140
      180.00000   2140424
      184.00000   2135333
      188.00000   2134889
      192.00000   2133575
      196.00000   2132543
      200.00000   2132909
      204.00000   2135503
      208.00000   2129958
      212.00000   2132200
      216.00000   2129955
      220.00000   2129747
      224.00000   2132665
      228.00000   2129589
      232.00000   2127268
      236.00000   2129104
      240.00000   2132555
      244.00000   2129827
      248.00000   2132263
      252.00000   2131947
      256.00000   2132731
      260.00000   2136297
      264.00000   2132574
      268.00000   2136636
      272.00000   2137227
      276.00000   2140276
      280.00000   2140977
      284.00000   2144549
      288.00000   2146829
      292.00000   2145609
      296.00000   2147955
      300.00000   2149880
      304.00000   2151609
      308.00000   2148201
      312.00000   2147703
      316.00000   2147001
      320.00000   2143924
      324.00000   2142753
      328.00000   2141908
      332.00000   2139036
      336.00000   2137520
      340.00000   2141147
      344.00000   2137186
      348.00000   2131846
      352.00000   2131197
      356.00000   2134644
      360.00000   2137271
      364.00000   2134255
      368.00000   2135378
      372.00000   2135845
      376.00000   2134895
      380.00000   2138751
      384.00000   2139717
      388.00000   2137644
      392.00000   2138486
      396.00000   2134670
      400.00000   2137200
      404.00000   2137999
      408.00000   2138521
      412.00000   2135460
      416.00000   2131786
      420.00000   2131699
      424.00000   2134038
      428.00000   2132387
      432.00000   2133033
      436.00000   2137705
      440.00000   2137047
      444.00000   2138588
      448.00000   2137114
      452.00000   2138202
      456.00000   2143585
      460.00000   2133742
      464.00000   2136013
      468.00000   2132896
      472.00000   2132038
      476.00000   2129698
      480.00000   2129826
      484.00000   2128088
      488.00000   2129249
      492.00000   2129709
      496.00000   2124029
      500.00000   2124945
      504.00000   2124252
      508.00000   2119721
      512.00000   2117076
      516.00000   2114806
      520.00000   2114228
      524.00000   2119766
      528.00000   2119916
      532.00000   2122973
      536.00000   2116791
      540.00000   2115879
      544.00000   2118625
      548.00000   2117489
      552.00000   2112711
      556.00000   2116125
      560.00000   2112568
      564.00000   2112921
      568.00000   2111022
      572.00000   2109157
      576.00000   2105816
      580.00000   2106557
      584.00000   2108175
      588.00000   2105766
      592.00000   2103777
      596.00000   2103799
      600.00000   2100610
      604.00000   2097843
      608.00000   2092316
      612.00000   2094963
      616.00000   2095111
      620.00000   2092003
      624.00000   2087032
      628.00000   2082026
      632.00000   2081576
      636.00000   2083727
      640.00000   2084155
      644.00000   2081011
      648.00000   2084208
      652.00000   2078753
      656.00000   2078715
      660.00000   2080105
      664.00000   2082679
      668.00000   2082525
      672.00000   2082172
      676.00000   2081546
      680.00000   2082996
      684.00000   2082919
      688.00000   2081445
      692.00000   2079765
      696.00000   2080434
      700.00000   2079754
      704.00000   2076035
      708.00000   2075389
      712.00000   2072469
      716.00000   2073680
      720.00000   2075226
      724.00000   2076130
      728.00000   2075276
      732.00000   2076618
      736.00000   2078936
      740.00000   2076970
      744.00000   2081273
      748.00000   2078132
      752.00000   2076093
      756.00000   2084175
      760.00000   2075630
      764.00000   2077836
      768.00000   2077854
      772.00000   2078589
      776.00000   2076196
      780.00000   2074983
      784.00000   2072547
      788.00000   2074827
      792.00000   2069099
      796.00000   2072140
      800.00000   2071755
      804.00000   2073875
      808.00000   2072560
      812.00000   2077843
      816.00000   2074454
      820.00000   2076343
      824.00000   2076763
      828.00000   2073870
      832.00000   2078078
      836.00000   2078566
      840.00000   2080015
      844.00000   2080461
      848.00000   2080124
      852.00000   2078186
      856.00000   2078312
      860.00000   2082213
      864.00000   2081147
      868.00000   2084614
      872.00000   2078341
      876.00000   2074267
      880.00000   2074319
      884.00000   2073917
      888.00000   2077679
      892.00000   2078822
      896.00000   2078041
      900.00000   2073675
      904.00000   2073538
      908.00000   2069000
      912.00000   2072533
      916.00000   2071399
      920.00000   2072704
      924.00000   2064201
      928.00000   2065428
      932.00000   2065086
      936.00000   2062197
      940.00000   2060861
      944.00000   2062422
      948.00000   2065589
      952.00000   2068290
      956.00000   2063084
      960.00000   2066298
      964.00000   2066309
      968.00000   2065002
      972.00000   2063633
      976.00000   2061081
      980.00000   2057678
      984.00000   2055694
      988.00000   2057104
      992.00000   2056113
      996.00000   2047696
     1000.00000   2054128
     1004.00000   2045088
     1008.00000   2043880
     1012.00000   2046711
     1016.00000   2047168
     1020.00000   2048899
     1024.00000   2049823
     1028.00000   2050808
     1032.00000   2047813
     1036.00000   2045087
     1040.00000   2048805
     1044.00000   2041623
     1048.00000   2044516
     1052.00000   2044003
     1056.00000   2045806
     1060.00000   2040146
     1064.00000   2038681
     1068.00000   2040463
     1072.00000   2038282
     1076.00000   2043214
     1080.00000   2037274
     1084.00000   2040163
     1088.00000   2037463
     1092.00000   2043332
     1096.00000   2041193
     1100.00000   2040973
     1104.00000   2036423
     1108.00000   2037207
     1112.00000   2039345
     1116.00000   2039151
     1120.00000   2042163
     1124.00000   2039342
     1128.00000   2038018
     1132.00000   2041916
     1136.00000   2035491
     1140.00000   2036729
     1144.00000   2038110
     1148.00000   2046039
     1152.00000   2039404
     1156.00000   2036985
     1160.00000   2032477
     1164.00000   2031177
     1168.00000   2032510
     1172.00000   2028075
     1176.00000   2033375
     1180.00000   2035222
     1184.00000   2038370
     1188.00000   2033300
     1192.00000   2030201
     1196.00000   2033870
     1200.00000   2036025
     1204.00000   2033821
     1208.00000   2036731
     1212.00000   2036611
     1216.00000   2036528
     1220.00000   2038483
     1224.00000   2036942
     1228.00000   2037849
     1232.00000   2037836
     1236.00000   2040611
     1240.00000   2035065
     1244.00000   2037507
     1248.00000   2036698
     1252.00000   2040368
     1256.00000   2041029
     1260.00000   2044372
     1264.00000   2037664
     1268.00000   2043598
     1272.00000   2041604
     1276.00000   2044858
     1280.00000   2042584
     1284.00000   2035314
     1288.00000   2040898
     1292.00000   2037306
     1296.00000   2031617
     1300.00000   2029556
     1304.00000   2039650
     1308.00000   2033719
     1312.00000   2031172
     1316.00000   2028747
     1320.00000   2026576
     1324.00000   2029203
     1328.00000   2031370
     1332.00000   2030533
     1336.00000   2029524
     1340.00000   2032380
     1344.00000   2035915
     1348.00000   2028356
     1352.00000   2029468
     1356.00000   2029005
     1360.00000   2036187
     1364.00000   2029256
     1368.00000   2033735
     1372.00000   2029817
     1376.00000   2029971
     1380.00000   2029780
     1384.00000   2026381
     1388.00000   2020546
     1392.00000   2025267
     1396.00000   2022037
     1400.00000   2023186
     1404.00000   2028871
     1408.00000   2028079
     1412.00000   2028708
     1416.00000   2027295
     1420.00000   2022340
     1424.00000   2027714
     1428.00000   2029305
     1432.00000   2023052
     1436.00000   2025274
     1440.00000   2028752
     1444.00000   2034543
     1448.00000   2032941
     1452.00000   2033459
     1456.00000   2028927
     1460.00000   2031037
     1464.00000   2030024
     1468.00000   2036574
     1472.00000   2030624
     1476.00000   2039599
     1480.00000   2027532
     1484.00000   2035168
     1488.00000   2041066
     1492.00000   2035900
     1496.00000   2039830
     1500.00000   2031513
     1504.00000   2028465
     1508.00000   2034425
     1512.00000   2040106
     1516.00000   2043610
     1520.00000   2040578
     1524.00000   2034331
     1528.00000   2037747
     1532.00000   2041373
     1536.00000   2045625
     1540.00000   2045194
     1544.00000   2048886
     1548.00000   2044400
     1552.00000   2045597
     1556.00000   2052176
     1560.00000   2060835
     1564.00000   2054222
     1568.00000   2055063
     1572.00000   2058108
     1576.00000   2067789
     1580.00000   2070410
     1584.00000   2072267
     1588.00000   2077604
     1592.00000   2071281
     1596.00000   2078782
     1600.00000   2071534
     1604.00000   2075275
     1608.00000   2071504
     1612.00000   2073890
     1616.00000   2076126
     1620.00000   2076239
     1624.00000   2080831
     1628.00000   2083225
     1632.00000   2085809
     1636.00000   2085303
     1640.00000   2080666
     1644.00000   2078906
     1648.00000   2082195
     1652.00000   2079308
     1656.00000   2080000
     1660.00000   2084360
     1664.00000   2080308
     1668.00000   2080098
     1672.00000   2079454
     1676.00000   2073914
     1680.00000   2077083
     1684.00000   2070845
     1688.00000   2079230
     1692.00000   2082434
     1696.00000   2077075
     1700.00000   2074527
     1704.00000   2076658
     1708.00000   2080071
     1712.00000   2080461
     1716.00000   2072783
     1720.00000   2069628
     1724.00000   2066775
     1728.00000   2074927
     1732.00000   2075969
     1736.00000   2076341
     1740.00000   2070043
     1744.00000   2075806
     1748.00000   2073170
     1752.00000   2068822
     1756.00000   2060483
     1760.00000   2073701
     1764.00000   2074749
     1768.00000   2077191
     1772.00000   2078547
     1776.00000   2075579
     1780.00000   2070001
     1784.00000   2073763
     1788.00000   2076484
     1792.00000   2072341
     1796.00000   2075580
     1800.00000   2070390
     1804.00000   2077051
     1808.00000   2075535
     1812.00000   2076304
     1816.00000   2068790
     1820.00000   2073134
     1824.00000   2078297
     1828.00000   2071386
     1832.00000   2070497
     1836.00000   2061823
     1840.00000   2066566
     1844.00000   2067034
     1848.00000   2065178
     1852.00000   2073327
     1856.00000   2063333
     1860.00000   2073561
     1864.00000   2082351
     1868.00000   2084508
     1872.00000   2085045
     1876.00000   2088142
     1880.00000   2085801
     1884.00000   2086732
     1888.00000   2072741
     1892.00000   2077449
     1896.00000   2074606
     1900.00000   2085946
     1904.00000   2070658
     1908.00000   2083243
     1912.00000   2078102
     1916.00000   2078808
     1920.00000   2062860
     1924.00000   2067606
     1928.00000   2065462
     1932.00000   2060346
     1936.00000   2059468
     1940.00000   2060742
     1944.00000   2068941
     1948.00000   2072878
     1952.00000   2065729
     1956.00000   2077722
     1960.00000   2068317
     1964.00000   2063580
     1968.00000   2061907
     1972.00000   2065654
     1976.00000   2062642
     1980.00000   2061221
     1984.00000   2059932
     1988.00000   2051707
     1992.00000   2057251
     1996.00000   2061740
     2000.00000   2062747
     2004.00000   2070576
     2008.00000   2063572
     2012.00000   2059394
     2016.00000   2062551
     2020.00000   2058679
     2024.00000   2057204
     2028.00000   2062964
     2032.00000   2067053
     2036.00000   2061155
     2040.00000   2050805
     2044.00000   2048803
     2048.00000   2049715
     2052.00000   2050145
     2056.00000   2047761
     2060.00000   2040726
     2064.00000   2041970
     2068.00000   2058760
     2072.00000   2049769
     2076.00000   2052525
     2080.00000   2057126
     2084.00000   2055155
     2088.00000   2057446
     2092.00000   2044344
     2096.00000   2059970
     2100.00000   2047376
     2104.00000   2051187
     2108.00000   2037360
     2112.00000   2045359
     2116.00000   2043082
     2120.00000   2045000
     2124.00000   2037385
     2128.00000   2044626
     2132.00000   2041097
     2136.00000   2032577
     2140.00000   2034264
     2144.00000   2038270
     2148.00000   2045020
     2152.00000   2028451
     2156.00000   2034766
     2160.00000   2031103
     2164.00000   2049309
     2168.00000   2050084
     2172.00000   2048724
     2176.00000   2049347
     2180.00000   2045514
     2184.00000   2045223
     2188.00000   2030143
     2192.00000   2026672
     2196.00000   2049861
     2200.00000   2040628
     2204.00000   2028594
     2208.00000   2037428
     2212.00000   2029515
     2216.00000   2041893
     2220.00000   2038653
     2224.00000   2047263
     2228.00000   2031626
     2232.00000   2035274
     2236.00000   2038143
     2240.00000   2036443
     2244.00000   2017630
     2248.00000   2027185
     2252.00000   2021047
     2256.00000   2043608
     2260.00000   2027261
     2264.00000   2038638
     2268.00000   2030152
     2272.00000   2036215
     2276.00000   2023590
     2280.00000   2019559
     2284.00000   2029647
     2288.00000   2030046
     2292.00000   2023411
     2296.00000   2015723
     2300.00000   2010931
     2304.00000   2018006
     2308.00000   2026385
     2312.00000   2024781
     2316.00000   2019619
     2320.00000   2032122
     2324.00000   2031116
     2328.00000   2028002
     2332.00000   2035098
     2336.00000   2026069
     2340.00000   2029357
     2344.00000   2027956
     2348.00000   2014270
     2352.00000   2028481
     2356.00000   2034998
     2360.00000   2013481
     2364.00000   2014472
     2368.00000   2023364
     2372.00000   2016090
     2376.00000   1994668
     2380.00000   1997901
     2384.00000   1991875
     2388.00000   1991941
     2392.00000   1999401
     2396.00000   1985596
     2400.00000   1980543
     2404.00000   1996723
     2408.00000   1985914
     2412.00000   1995525
     2416.00000   1995622
     2420.00000   1985145
     2424.00000   1968013
     2428.00000   1976699
     2432.00000   1973703
     2436.00000   1961709
     2440.00000   1981334
     2444.00000   1974900
     2448.00000   1981177
     2452.00000   1966563
     2456.00000   1981275
     2460.00000   1972871
     2464.00000   1979051
     2468.00000   1966671
     2472.00000   1961291
     2476.00000   1968538
     2480.00000   1993875
     2484.00000   1986664
     2488.00000   1975294
     2492.00000   1993148
     2496.00000   1992857
     2500.00000   1988335
     2504.00000   2002115
     2508.00000   2017120
     2512.00000   2015537
     2516.00000   2021000
     2520.00000   2002145
     2524.00000   1995726
     2528.00000   2007035
     2532.00000   2019066
     2536.00000   2007617
     2540.00000   1998026
     2544.00000   2004994
     2548.00000   2012279
     2552.00000   1990904
     2556.00000   1977817
     2560.00000   1975025
     2564.00000   1963743
     2568.00000   1972815
     2572.00000   2003053
     2576.00000   2006579
     2580.00000   2013640
     2584.00000   1988635
     2588.00000   1994942
     2592.00000   2004937
     2596.00000   2003725
     2600.00000   1980023
     2604.00000   1989903
     2608.00000   1989204
     2612.00000   1987362
     2616.00000   2008288
     2620.00000   2008307
     2624.00000   2037279
     2628.00000   2033532
     2632.00000   2003833
     2636.00000   1999574
     2640.00000   1994651
     2644.00000   1985866
     2648.00000   1983806
     2652.00000   1985470
     2656.00000   1994533
     2660.00000   1969793
     2664.00000   1999118
     2668.00000   1981552
     2672.00000   1973662
     2676.00000   1988202
     2680.00000   1979958
     2684.00000   1992389
     2688.00000   1981789
     2692.00000   1958343
     2696.00000   1939384
     2700.00000   1935143
     2704.00000   1899556
     2708.00000   1896654
     2712.00000   1894719
     2716.00000   1890383
     2720.00000   1858521
     2724.00000   1881653
     2728.00000   1896219
     2732.00000   1896043
     2736.00000   1886914
     2740.00000   1877775
     2744.00000   1884239
     2748.00000   1880440
     2752.00000   1893480
     2756.00000   1882885
     2760.00000   1872310
     2764.00000   1903068
     2768.00000   1895080
     2772.00000   1898382
     2776.00000   1863959
     2780.00000   1861325
     2784.00000   1872706
     2788.00000   1903185
     2792.00000   1940079
     2796.00000   1951244
     2800.00000   1975569
     2804.00000   1955220
     2808.00000   1933301
     2812.00000   1936556
     2816.00000   1932725
     2820.00000   1901245
     2824.00000   1891932
     2828.00000   1990884
     2832.00000   1954286
     2836.00000   1944879
     2840.00000   1919215
     2844.00000   1941917
     2848.00000   1984218
     2852.00000   2013061
     2856.00000   2071666
     2860.00000   2072980
     2864.00000   1987883
     2868.00000   2004287
     2872.00000   1999598
     2876.00000   1983599
     2880.00000   2060909
     2884.00000   2098376
     2888.00000   2007592
     2892.00000   1960010
     2896.00000   1985896
     2900.00000   2095918
     2904.00000   2091473
     2908.00000   2166378
     2912.00000   2082880
     2916.00000   2275023
     2920.00000   2340334
     2924.00000   2366612
     2928.00000   2210444
     2932.00000   2189396
     2936.00000   2166246
     2940.00000   2070218
     2944.00000   2017503
     2948.00000         0
     2952.00000   2121682
     2956.00000   2137794
     2960.00000   1914305
     2964.00000         0
     2968.00000         0
     2972.00000         0
     2976.00000   1777757
     2980.00000         0
     2984.00000         0
     2988.00000         0
     2992.00000         0
     2996.00000         0
     3000.00000   3354259
