# 
#        You have called the 
# 
#             ---------
#             | UNCLE |
#             ---------
# 
# 
# 
#   Today's menu is:
#
#   10 - generate clusters only                                                                         
#   11 - generate clusters, write cluster representatives and calculate correlations for input.         
#   12 - Do all of 11 and then make a fit                                                               
#   13 - Predict energy of input structures using J.1.out                                               
#   14 - Minkowski reduce a cell in POSCAR                                                              
#   15 - Fit using Bayesian Compressive Sensing                                                         
#   16 - Write a J.out file                                                                             
#   17 - Write a structures.in file with toy energies and random noise added to them.                   
#
#   20 - Enumerate superstructures of a given parent lattice: generate struct_enum.out                  
#   21 - Calculate energies for all structures in struct_enum.out                                       
#   22 - Print structures specified in structpred.in                                                    
#   23 - Write multilattice d-vector occupancy for struct_enum.out                                      
#
#   30 - Perform MC simulation                                                                          
#   31 - Evaluate and print sub-planes of the MC-cell (*.pov file and (x,y,z) *.dat file)               
#   32 - calculate Warren-Cowley SRO parameters                                                         
#   33 - calculate correlations for MCcell and structures.in                                            
#
#   40 - Perform metadynamics simulation                                                                
#   41 - Perform Wang-Landau simulation                                                                 
#   42 - Select i.i.d structures from struct_enum.out                                                   
#

Running in mode: 30 - Perform MC simulation                                                                          
Reading lattice definition from lat.in
 
           0 references
================================================================================
Setting up MC cell:
. finding site equivalencies
. determine spin mapping
. vanilla site setup
. populating sites (this may take some time, see progress bar)
 rnd(): seed =       -41156
 
| 0% --------------------|------------------ 100% |
......... done.
 
Target concentrations: 
CE #  1     spin:  -1     concentration:  0.500
CE #  1     spin:   1     concentration:  0.500
 
. checking if concentrations are correct
. summary:
  MC cell size:          10 x 10 x 10                  
  Final # of each type:              500             500
  Total number of atoms:            1000
setup finished.
================================================================================
 read in clusters!
Generating MC clusters.
 PIZZA
 
Setting up basis functions for a rank  2 cluster expansion:
 recursing Gram-polynomial of order            1 in rank           2 !
     chebychev(-1, 1)= -1.000000
 recursing Gram-polynomial of order            1 in rank           2 !
     chebychev( 1, 1)=  1.000000
 
 WARNING: tried to initialize a tracker without a clustertrack.in file, or the t
 racker was already initialized.
starting simulated annealing at T =      1.0000 K
 Calculating energy of total cell.
 For large cells >100,000 atoms this may take a few minutes.
 Energy of total cell: -1.066666666666667E-002
 
Maximum extent of any figure in g-space:   4
Dependency box size length:                1    1    1
 random_number(): seed =    656651611   656651648
 
_________________________________________________________________________________
                                                       temperature step #     0
T     =      1.0
 
Start Energy @ T=     1.0 =   -0.10666666667E-01
Averaging over at least      1.00E+07 steps
Energy converged if change in avg energy is < 0.030000
Number of dependency lists:    1
 
             MC steps |        <E>/eV |       d<E>/eV |               E/eV |   t_fd/s | t_pl/s | t_sw/s | t_mu/s |       steps/s |
        --------------------------------------------------------------------------------------------------------------------------
speed info:    100000             N/A             N/A                  N/A       0.86     0.17     0.66     0.00         59153.7
+10.0M       10000000       -0.997257       -0.997257       -1.00000000000      86.63    17.64    66.80     0.00         58456.0
+10.0M       20000000       -1.000000       -0.002743       -1.00000000000      87.15    17.73    67.19     0.00         58112.9
        avg energy converged...
        --------------------------------------------------------------------------------------------------------------------------
        Average list 0 size:          1 entries
                 Total time:     897.63 s
                                 173.79 s (19.4%) for filling dependency lists
                                  35.37 s ( 3.9%) for parallel loop
              Average speed:   22280.86 steps/s
  
Writing MCcell0000000.out... done. (   0.0 s)
 
_________________________________________________________________________________
                                                       temperature step #     1
T     =      1.1
 
Start Energy @ T=     1.1 =    -1.0000000000    
Averaging over at least      1.00E+07 steps
Energy converged if change in avg energy is < 0.030000
Number of dependency lists:    1
 
             MC steps |        <E>/eV |       d<E>/eV |               E/eV |   t_fd/s | t_pl/s | t_sw/s | t_mu/s |       steps/s |
        --------------------------------------------------------------------------------------------------------------------------
speed info:    100000             N/A             N/A                  N/A       0.87     0.18     0.47     0.00         65964.1
+10.0M       10000000       -1.000000       -1.000000       -1.00000000000      86.57    17.63    46.25     0.00         66467.9
+10.0M       20000000       -1.000000        0.000000       -1.00000000000      86.83    17.69    46.39     0.00         66266.7
        avg energy converged...
        --------------------------------------------------------------------------------------------------------------------------
        Average list 0 size:          1 entries
                 Total time:     854.72 s
                                 173.40 s (20.3%) for filling dependency lists
                                  35.32 s ( 4.1%) for parallel loop
              Average speed:   23399.38 steps/s
  
Writing MCcell0000001.out... done. (   0.0 s)
 
_________________________________________________________________________________
                                                       temperature step #     2
T     =      1.2
 
Start Energy @ T=     1.2 =    -1.0000000000    
Averaging over at least      1.00E+07 steps
Energy converged if change in avg energy is < 0.030000
Number of dependency lists:    1
 
             MC steps |        <E>/eV |       d<E>/eV |               E/eV |   t_fd/s | t_pl/s | t_sw/s | t_mu/s |       steps/s |
        --------------------------------------------------------------------------------------------------------------------------
speed info:    100000             N/A             N/A                  N/A       0.87     0.18     0.68     0.00         57851.5
+10.0M       10000000       -1.000000       -1.000000       -1.00000000000      86.60    17.63    67.13     0.00         58355.6
+10.0M       20000000       -1.000000        0.000000       -1.00000000000      86.89    17.69    67.36     0.00         58159.6
        avg energy converged...
        --------------------------------------------------------------------------------------------------------------------------
        Average list 0 size:          1 entries
                 Total time:     896.96 s
                                 173.50 s (19.3%) for filling dependency lists
                                  35.31 s ( 3.9%) for parallel loop
              Average speed:   22297.51 steps/s
  
Writing MCcell0000002.out... done. (   0.0 s)
 
_________________________________________________________________________________
                                                       temperature step #     3
T     =      1.3
 
Start Energy @ T=     1.3 =    -1.0000000000    
Averaging over at least      1.00E+07 steps
Energy converged if change in avg energy is < 0.030000
Number of dependency lists:    1
 
             MC steps |        <E>/eV |       d<E>/eV |               E/eV |   t_fd/s | t_pl/s | t_sw/s | t_mu/s |       steps/s |
        --------------------------------------------------------------------------------------------------------------------------
speed info:    100000             N/A             N/A                  N/A       0.87     0.18     0.67     0.00         58107.1
+10.0M       10000000       -1.000000       -1.000000       -1.00000000000      86.82    17.66    67.01     0.00         58310.0
+10.0M       20000000       -1.000000        0.000000       -1.00000000000      86.56    17.62    66.82     0.00         58478.4
        avg energy converged...
        --------------------------------------------------------------------------------------------------------------------------
        Average list 0 size:          1 entries
                 Total time:     895.49 s
                                 173.38 s (19.4%) for filling dependency lists
                                  35.28 s ( 3.9%) for parallel loop
              Average speed:   22334.20 steps/s
  
Writing MCcell0000003.out... done. (   0.0 s)
 
_________________________________________________________________________________
                                                       temperature step #     4
T     =      1.4
 
Start Energy @ T=     1.4 =    -1.0000000000    
Averaging over at least      1.00E+07 steps
Energy converged if change in avg energy is < 0.030000
Number of dependency lists:    1
 
             MC steps |        <E>/eV |       d<E>/eV |               E/eV |   t_fd/s | t_pl/s | t_sw/s | t_mu/s |       steps/s |
        --------------------------------------------------------------------------------------------------------------------------
speed info:    100000             N/A             N/A                  N/A       0.86     0.18     0.46     0.00         66733.3
+10.0M       10000000       -1.000000       -1.000000       -1.00000000000      86.83    17.79    46.63     0.00         66116.2
+10.0M       20000000       -1.000000        0.000000       -1.00000000000      86.82    17.77    46.64     0.00         66126.6
        avg energy converged...
        --------------------------------------------------------------------------------------------------------------------------
        Average list 0 size:          1 entries
                 Total time:     855.90 s
                                 173.65 s (20.3%) for filling dependency lists
                                  35.55 s ( 4.2%) for parallel loop
              Average speed:   23367.09 steps/s
  
Writing MCcell0000004.out... done. (   0.0 s)
 
_________________________________________________________________________________
                                                       temperature step #     5
T     =      1.5
 
Start Energy @ T=     1.5 =    -1.0000000000    
Averaging over at least      1.00E+07 steps
Energy converged if change in avg energy is < 0.030000
Number of dependency lists:    1
 
             MC steps |        <E>/eV |       d<E>/eV |               E/eV |   t_fd/s | t_pl/s | t_sw/s | t_mu/s |       steps/s |
        --------------------------------------------------------------------------------------------------------------------------
speed info:    100000             N/A             N/A                  N/A       0.87     0.18     0.67     0.00         58453.6
+10.0M       10000000       -1.000000       -1.000000       -1.00000000000      87.09    17.74    66.84     0.00         58250.4
+10.0M       20000000       -1.000000        0.000000       -1.00000000000      86.91    17.70    66.71     0.00         58370.0
        avg energy converged...
        --------------------------------------------------------------------------------------------------------------------------
        Average list 0 size:          1 entries
                 Total time:     897.75 s
                                 174.00 s (19.4%) for filling dependency lists
                                  35.44 s ( 3.9%) for parallel loop
              Average speed:   22277.89 steps/s
  
Writing MCcell0000005.out... done. (   0.0 s)
 
_________________________________________________________________________________
                                                       temperature step #     6
T     =      1.6
 
Start Energy @ T=     1.6 =    -1.0000000000    
Averaging over at least      1.00E+07 steps
Energy converged if change in avg energy is < 0.030000
Number of dependency lists:    1
 
             MC steps |        <E>/eV |       d<E>/eV |               E/eV |   t_fd/s | t_pl/s | t_sw/s | t_mu/s |       steps/s |
        --------------------------------------------------------------------------------------------------------------------------
speed info:    100000             N/A             N/A                  N/A       0.86     0.18     0.62     0.00         60163.8
+10.0M       10000000       -1.000000       -1.000000       -1.00000000000      86.53    17.63    62.06     0.00         60161.0
+10.0M       20000000       -1.000000        0.000000       -1.00000000000      86.88    17.69    62.32     0.00         59919.2
        avg energy converged...
        --------------------------------------------------------------------------------------------------------------------------
        Average list 0 size:          1 entries
                 Total time:     886.60 s
                                 173.41 s (19.6%) for filling dependency lists
                                  35.32 s ( 4.0%) for parallel loop
              Average speed:   22558.06 steps/s
  
Writing MCcell0000006.out... done. (   0.0 s)
 
_________________________________________________________________________________
                                                       temperature step #     7
T     =      1.7
 
Start Energy @ T=     1.7 =    -1.0000000000    
Averaging over at least      1.00E+07 steps
Energy converged if change in avg energy is < 0.030000
Number of dependency lists:    1
 
             MC steps |        <E>/eV |       d<E>/eV |               E/eV |   t_fd/s | t_pl/s | t_sw/s | t_mu/s |       steps/s |
        --------------------------------------------------------------------------------------------------------------------------
speed info:    100000             N/A             N/A                  N/A       0.88     0.18     0.40     0.00         68843.6
+10.0M       10000000       -1.000000       -1.000000       -1.00000000000      86.94    17.67    39.90     0.00         69195.0
+10.0M       20000000       -1.000000        0.000000       -1.00000000000      86.75    17.66    39.84     0.00         69323.6
        avg energy converged...
        --------------------------------------------------------------------------------------------------------------------------
        Average list 0 size:          1 entries
                 Total time:     843.04 s
                                 173.70 s (20.6%) for filling dependency lists
                                  35.33 s ( 4.2%) for parallel loop
              Average speed:   23723.71 steps/s
  
Writing MCcell0000007.out... done. (   0.0 s)
 
_________________________________________________________________________________
                                                       temperature step #     8
T     =      1.8
 
Start Energy @ T=     1.8 =    -1.0000000000    
Averaging over at least      1.00E+07 steps
Energy converged if change in avg energy is < 0.030000
Number of dependency lists:    1
 
             MC steps |        <E>/eV |       d<E>/eV |               E/eV |   t_fd/s | t_pl/s | t_sw/s | t_mu/s |       steps/s |
        --------------------------------------------------------------------------------------------------------------------------
speed info:    100000             N/A             N/A                  N/A       0.87     0.18     0.46     0.00         66226.3
+10.0M       10000000       -1.000000       -1.000000       -1.00000000000      87.53    17.96    46.83     0.00         65648.5
+10.0M       20000000       -1.000000        0.000000       -1.00000000000      87.33    17.90    46.73     0.00         65805.5
        avg energy converged...
        --------------------------------------------------------------------------------------------------------------------------
        Average list 0 size:          1 entries
                 Total time:     858.96 s
                                 174.86 s (20.4%) for filling dependency lists
                                  35.87 s ( 4.2%) for parallel loop
              Average speed:   23284.00 steps/s
  
Writing MCcell0000008.out... done. (   0.0 s)
 
_________________________________________________________________________________
                                                       temperature step #     9
T     =      1.9
 
Start Energy @ T=     1.9 =    -1.0000000000    
Averaging over at least      1.00E+07 steps
Energy converged if change in avg energy is < 0.030000
Number of dependency lists:    1
 
             MC steps |        <E>/eV |       d<E>/eV |               E/eV |   t_fd/s | t_pl/s | t_sw/s | t_mu/s |       steps/s |
        --------------------------------------------------------------------------------------------------------------------------
speed info:    100000             N/A             N/A                  N/A       0.86     0.18     0.68     0.00         58239.7
+10.0M       10000000       -1.000000       -1.000000       -1.00000000000      86.82    17.77    68.00     0.00         57941.2
+10.0M       20000000       -1.000000        0.000000       -1.00000000000      86.74    17.74    67.95     0.00         57993.5
        avg energy converged...
        --------------------------------------------------------------------------------------------------------------------------
        Average list 0 size:          1 entries
                 Total time:     897.39 s
                                 173.56 s (19.3%) for filling dependency lists
                                  35.51 s ( 4.0%) for parallel loop
              Average speed:   22286.85 steps/s
  
Writing MCcell0000009.out... done. (   0.0 s)
 
_________________________________________________________________________________
                                                       temperature step #    10
T     =      2.0
 
Start Energy @ T=     2.0 =    -1.0000000000    
Averaging over at least      1.00E+07 steps
Energy converged if change in avg energy is < 0.030000
Number of dependency lists:    1
 
             MC steps |        <E>/eV |       d<E>/eV |               E/eV |   t_fd/s | t_pl/s | t_sw/s | t_mu/s |       steps/s |
        --------------------------------------------------------------------------------------------------------------------------
speed info:    100000             N/A             N/A                  N/A       0.87     0.18     0.68     0.00         57823.6
+10.0M       10000000       -1.000000       -1.000000       -1.00000000000      86.81    17.68    67.52     0.00         58133.2
+10.0M       20000000       -1.000000        0.000000       -1.00000000000      86.57    17.64    67.35     0.00         58288.6
        avg energy converged...
        --------------------------------------------------------------------------------------------------------------------------
        Average list 0 size:          1 entries
                 Total time:     896.65 s
                                 173.38 s (19.3%) for filling dependency lists
                                  35.32 s ( 3.9%) for parallel loop
              Average speed:   22305.25 steps/s
  
Writing MCcell0000010.out... done. (   0.0 s)
 
_________________________________________________________________________________
                                                       temperature step #    11
T     =      2.1
 
Start Energy @ T=     2.1 =    -1.0000000000    
Averaging over at least      1.00E+07 steps
Energy converged if change in avg energy is < 0.030000
Number of dependency lists:    1
 
             MC steps |        <E>/eV |       d<E>/eV |               E/eV |   t_fd/s | t_pl/s | t_sw/s | t_mu/s |       steps/s |
        --------------------------------------------------------------------------------------------------------------------------
speed info:    100000             N/A             N/A                  N/A       0.87     0.18     0.44     0.00         67033.5
+10.0M       10000000       -1.000000       -1.000000       -1.00000000000      86.95    17.69    43.77     0.00         67384.8
+10.0M       20000000       -1.000000        0.000000       -1.00000000000      86.75    17.66    43.67     0.00         67531.4
        avg energy converged...
        --------------------------------------------------------------------------------------------------------------------------
        Average list 0 size:          1 entries
                 Total time:     850.70 s
                                 173.69 s (20.4%) for filling dependency lists
                                  35.35 s ( 4.2%) for parallel loop
              Average speed:   23510.00 steps/s
  
Writing MCcell0000011.out... done. (   0.0 s)
 
_________________________________________________________________________________
                                                       temperature step #    12
T     =      2.2
 
Start Energy @ T=     2.2 =    -1.0000000000    
Averaging over at least      1.00E+07 steps
Energy converged if change in avg energy is < 0.030000
Number of dependency lists:    1
 
             MC steps |        <E>/eV |       d<E>/eV |               E/eV |   t_fd/s | t_pl/s | t_sw/s | t_mu/s |       steps/s |
        --------------------------------------------------------------------------------------------------------------------------
speed info:    100000             N/A             N/A                  N/A       0.87     0.18     0.40     0.00         69349.5
+10.0M       10000000       -1.000000       -1.000000       -1.00000000000      86.32    17.56    39.82     0.00         69587.0
+10.0M       20000000       -1.000000        0.000000       -1.00000000000      86.57    17.61    39.93     0.00         69392.0
        avg energy converged...
        --------------------------------------------------------------------------------------------------------------------------
        Average list 0 size:          1 entries
                 Total time:     839.65 s
                                 172.89 s (20.6%) for filling dependency lists
                                  35.17 s ( 4.2%) for parallel loop
              Average speed:   23819.55 steps/s
  
Writing MCcell0000012.out... done. (   0.0 s)
 
_________________________________________________________________________________
                                                       temperature step #    13
T     =      2.3
 
Start Energy @ T=     2.3 =    -1.0000000000    
Averaging over at least      1.00E+07 steps
Energy converged if change in avg energy is < 0.030000
Number of dependency lists:    1
 
             MC steps |        <E>/eV |       d<E>/eV |               E/eV |   t_fd/s | t_pl/s | t_sw/s | t_mu/s |       steps/s |
        --------------------------------------------------------------------------------------------------------------------------
speed info:    100000             N/A             N/A                  N/A       0.86     0.18     0.85     0.00         52910.6
+10.0M       10000000       -1.000000       -1.000000       -1.00000000000      86.49    17.64    85.93     0.00         52613.9
+10.0M       20000000       -1.000000        0.000000       -1.00000000000      86.56    17.66    86.01     0.00         52567.1
        avg energy converged...
        --------------------------------------------------------------------------------------------------------------------------
        Average list 0 size:          1 entries
                 Total time:     932.70 s
                                 173.05 s (18.6%) for filling dependency lists
                                  35.29 s ( 3.8%) for parallel loop
              Average speed:   21443.15 steps/s
  
Writing MCcell0000013.out... done. (   0.0 s)
 
_________________________________________________________________________________
                                                       temperature step #    14
T     =      2.4
 
Start Energy @ T=     2.4 =    -1.0000000000    
Averaging over at least      1.00E+07 steps
Energy converged if change in avg energy is < 0.030000
Number of dependency lists:    1
 
             MC steps |        <E>/eV |       d<E>/eV |               E/eV |   t_fd/s | t_pl/s | t_sw/s | t_mu/s |       steps/s |
        --------------------------------------------------------------------------------------------------------------------------
speed info:    100000             N/A             N/A                  N/A       0.86     0.18     0.62     0.00         60343.9
+10.0M       10000000       -1.000000       -1.000000       -1.00000000000      86.37    17.60    62.44     0.00         60092.8
+10.0M       20000000       -1.000000        0.000000       -1.00000000000      86.86    17.68    62.79     0.00         59760.1
        avg energy converged...
        --------------------------------------------------------------------------------------------------------------------------
        Average list 0 size:          1 entries
                 Total time:     886.70 s
                                 173.23 s (19.5%) for filling dependency lists
                                  35.28 s ( 4.0%) for parallel loop
              Average speed:   22555.43 steps/s
  
Writing MCcell0000014.out... done. (   0.0 s)
 
_________________________________________________________________________________
                                                       temperature step #    15
T     =      2.5
 
Start Energy @ T=     2.5 =    -1.0000000000    
Averaging over at least      1.00E+07 steps
Energy converged if change in avg energy is < 0.030000
Number of dependency lists:    1
 
             MC steps |        <E>/eV |       d<E>/eV |               E/eV |   t_fd/s | t_pl/s | t_sw/s | t_mu/s |       steps/s |
        --------------------------------------------------------------------------------------------------------------------------
speed info:    100000             N/A             N/A                  N/A       0.86     0.18     0.40     0.00         69614.6
+10.0M       10000000       -1.000000       -1.000000       -1.00000000000      86.74    17.67    40.41     0.00         69053.8
+10.0M       20000000       -1.000000        0.000000       -1.00000000000      86.53    17.63    40.30     0.00         69224.0
        avg energy converged...
        --------------------------------------------------------------------------------------------------------------------------
        Average list 0 size:          1 entries
                 Total time:     841.97 s
                                 173.26 s (20.6%) for filling dependency lists
                                  35.30 s ( 4.2%) for parallel loop
              Average speed:   23753.88 steps/s
  
Writing MCcell0000015.out... done. (   0.0 s)
 
_________________________________________________________________________________
                                                       temperature step #    16
T     =      2.6
 
Start Energy @ T=     2.6 =    -1.0000000000    
Averaging over at least      1.00E+07 steps
Energy converged if change in avg energy is < 0.030000
Number of dependency lists:    1
 
             MC steps |        <E>/eV |       d<E>/eV |               E/eV |   t_fd/s | t_pl/s | t_sw/s | t_mu/s |       steps/s |
        --------------------------------------------------------------------------------------------------------------------------
speed info:    100000             N/A             N/A                  N/A       0.88     0.18     0.47     0.00         65450.1
+10.0M       10000000       -1.000000       -1.000000       -1.00000000000      86.76    17.64    46.24     0.00         66384.6
+10.0M       20000000       -1.000000        0.000000       -1.00000000000      87.11    17.73    46.42     0.00         66113.0
        avg energy converged...
        --------------------------------------------------------------------------------------------------------------------------
        Average list 0 size:          1 entries
                 Total time:     856.41 s
                                 173.86 s (20.3%) for filling dependency lists
                                  35.38 s ( 4.1%) for parallel loop
              Average speed:   23353.20 steps/s
  
Writing MCcell0000016.out... done. (   0.0 s)
 
_________________________________________________________________________________
                                                       temperature step #    17
T     =      2.7
 
Start Energy @ T=     2.7 =    -1.0000000000    
Averaging over at least      1.00E+07 steps
Energy converged if change in avg energy is < 0.030000
Number of dependency lists:    1
 
             MC steps |        <E>/eV |       d<E>/eV |               E/eV |   t_fd/s | t_pl/s | t_sw/s | t_mu/s |       steps/s |
        --------------------------------------------------------------------------------------------------------------------------
speed info:    100000             N/A             N/A                  N/A       0.88     0.18     0.68     0.00         57572.5
+10.0M       10000000       -1.000000       -1.000000       -1.00000000000      86.80    17.65    67.09     0.00         58293.7
+10.0M       20000000       -1.000000        0.000000       -1.00000000000      86.62    17.62    66.94     0.00         58416.7
        avg energy converged...
        --------------------------------------------------------------------------------------------------------------------------
        Average list 0 size:          1 entries
                 Total time:     895.74 s
                                 173.42 s (19.4%) for filling dependency lists
                                  35.27 s ( 3.9%) for parallel loop
              Average speed:   22327.81 steps/s
  
Writing MCcell0000017.out... done. (   0.0 s)
 
_________________________________________________________________________________
                                                       temperature step #    18
T     =      2.8
 
Start Energy @ T=     2.8 =    -1.0000000000    
Averaging over at least      1.00E+07 steps
Energy converged if change in avg energy is < 0.030000
Number of dependency lists:    1
 
             MC steps |        <E>/eV |       d<E>/eV |               E/eV |   t_fd/s | t_pl/s | t_sw/s | t_mu/s |       steps/s |
        --------------------------------------------------------------------------------------------------------------------------
speed info:    100000             N/A             N/A                  N/A       0.87     0.18     0.63     0.00         59340.8
+10.0M       10000000       -1.000000       -1.000000       -1.00000000000      86.18    17.54    62.40     0.00         60197.9
+10.0M       20000000       -1.000000        0.000000       -1.00000000000      85.80    17.47    62.14     0.00         60459.7
        avg energy converged...
        --------------------------------------------------------------------------------------------------------------------------
        Average list 0 size:          1 entries
                 Total time:     879.96 s
                                 171.98 s (19.5%) for filling dependency lists
                                  35.01 s ( 4.0%) for parallel loop
              Average speed:   22728.24 steps/s
  
Writing MCcell0000018.out... done. (   0.0 s)
 
_________________________________________________________________________________
                                                       temperature step #    19
T     =      2.9
 
Start Energy @ T=     2.9 =    -1.0000000000    
Averaging over at least      1.00E+07 steps
Energy converged if change in avg energy is < 0.030000
Number of dependency lists:    1
 
             MC steps |        <E>/eV |       d<E>/eV |               E/eV |   t_fd/s | t_pl/s | t_sw/s | t_mu/s |       steps/s |
        --------------------------------------------------------------------------------------------------------------------------
speed info:    100000             N/A             N/A                  N/A       0.87     0.18     0.38     0.00         69915.6
+10.0M       10000000       -1.000000       -1.000000       -1.00000000000      85.72    17.41    37.54     0.00         71084.8
+10.0M       20000000       -1.000000        0.000000       -1.00000000000      85.74    17.42    37.55     0.00         71069.2
        avg energy converged...
        --------------------------------------------------------------------------------------------------------------------------
        Average list 0 size:          1 entries
                 Total time:     828.37 s
                                 171.47 s (20.7%) for filling dependency lists
                                  34.83 s ( 4.2%) for parallel loop
              Average speed:   24143.84 steps/s
  
Writing MCcell0000019.out... done. (   0.0 s)
 
_________________________________________________________________________________
                                                       temperature step #    20
T     =      3.0
 
Start Energy @ T=     3.0 =    -1.0000000000    
Averaging over at least      1.00E+07 steps
Energy converged if change in avg energy is < 0.030000
Number of dependency lists:    1
 
             MC steps |        <E>/eV |       d<E>/eV |               E/eV |   t_fd/s | t_pl/s | t_sw/s | t_mu/s |       steps/s |
        --------------------------------------------------------------------------------------------------------------------------
speed info:    100000             N/A             N/A                  N/A       0.87     0.18     0.46     0.00         66014.1
+10.0M       10000000       -1.000000       -1.000000       -1.00000000000      85.66    17.41    45.72     0.00         67210.6
+10.0M       20000000       -1.000000        0.000000       -1.00000000000      85.67    17.41    45.73     0.00         67202.3
        avg energy converged...
        --------------------------------------------------------------------------------------------------------------------------
        Average list 0 size:          1 entries
                 Total time:     844.46 s
                                 171.33 s (20.3%) for filling dependency lists
                                  34.82 s ( 4.1%) for parallel loop
              Average speed:   23683.73 steps/s
  
Writing MCcell0000020.out... done. (   0.0 s)
 
_________________________________________________________________________________
                                                       temperature step #    21
T     =      3.1
 
Start Energy @ T=     3.1 =    -1.0000000000    
Averaging over at least      1.00E+07 steps
Energy converged if change in avg energy is < 0.030000
Number of dependency lists:    1
 
             MC steps |        <E>/eV |       d<E>/eV |               E/eV |   t_fd/s | t_pl/s | t_sw/s | t_mu/s |       steps/s |
        --------------------------------------------------------------------------------------------------------------------------
speed info:    100000             N/A             N/A                  N/A       0.86     0.17     0.65     0.00         59436.4
+10.0M       10000000       -1.000000       -1.000000       -1.00000000000      85.69    17.44    65.42     0.00         59329.7
+10.0M       20000000       -1.000000        0.000000       -1.00000000000      85.68    17.43    65.41     0.00         59339.7
        avg energy converged...
        --------------------------------------------------------------------------------------------------------------------------
        Average list 0 size:          1 entries
                 Total time:     884.02 s
                                 171.37 s (19.4%) for filling dependency lists
                                  34.87 s ( 3.9%) for parallel loop
              Average speed:   22623.88 steps/s
  
Writing MCcell0000021.out... done. (   0.0 s)
 
_________________________________________________________________________________
                                                       temperature step #    22
T     =      3.2
 
Start Energy @ T=     3.2 =    -1.0000000000    
Averaging over at least      1.00E+07 steps
Energy converged if change in avg energy is < 0.030000
Number of dependency lists:    1
 
             MC steps |        <E>/eV |       d<E>/eV |               E/eV |   t_fd/s | t_pl/s | t_sw/s | t_mu/s |       steps/s |
        --------------------------------------------------------------------------------------------------------------------------
speed info:    100000             N/A             N/A                  N/A       0.86     0.18     0.61     0.00         60807.2
+10.0M       10000000       -1.000000       -1.000000       -1.00000000000      86.23    17.56    60.87     0.00         60732.3
+10.0M       20000000       -1.000000        0.000000       -1.00000000000      86.20    17.55    60.87     0.00         60747.4
        avg energy converged...
        --------------------------------------------------------------------------------------------------------------------------
        Average list 0 size:          1 entries
                 Total time:     876.48 s
                                 172.43 s (19.7%) for filling dependency lists
                                  35.11 s ( 4.0%) for parallel loop
              Average speed:   22818.52 steps/s
  
Writing MCcell0000022.out... done. (   0.0 s)
 
_________________________________________________________________________________
                                                       temperature step #    23
T     =      3.3
 
Start Energy @ T=     3.3 =    -1.0000000000    
Averaging over at least      1.00E+07 steps
Energy converged if change in avg energy is < 0.030000
Number of dependency lists:    1
 
             MC steps |        <E>/eV |       d<E>/eV |               E/eV |   t_fd/s | t_pl/s | t_sw/s | t_mu/s |       steps/s |
        --------------------------------------------------------------------------------------------------------------------------
speed info:    100000             N/A             N/A                  N/A       0.86     0.17     0.50     0.00         65418.0
+10.0M       10000000       -1.000000       -1.000000       -1.00000000000      85.76    17.43    49.78     0.00         65369.2
+10.0M       20000000       -1.000000        0.000000       -1.00000000000      85.73    17.43    49.78     0.00         65387.6
        avg energy converged...
        --------------------------------------------------------------------------------------------------------------------------
        Average list 0 size:          1 entries
                 Total time:     852.91 s
                                 171.49 s (20.1%) for filling dependency lists
                                  34.86 s ( 4.1%) for parallel loop
              Average speed:   23449.03 steps/s
  
Writing MCcell0000023.out... done. (   0.0 s)
 
_________________________________________________________________________________
                                                       temperature step #    24
T     =      3.4
 
Start Energy @ T=     3.4 =    -1.0000000000    
Averaging over at least      1.00E+07 steps
Energy converged if change in avg energy is < 0.030000
Number of dependency lists:    1
 
             MC steps |        <E>/eV |       d<E>/eV |               E/eV |   t_fd/s | t_pl/s | t_sw/s | t_mu/s |       steps/s |
        --------------------------------------------------------------------------------------------------------------------------
speed info:    100000             N/A             N/A                  N/A       0.86     0.17     0.38     0.00         70996.5
+10.0M       10000000       -1.000000       -1.000000       -1.00000000000      85.72    17.42    37.83     0.00         70940.9
+10.0M       20000000       -1.000000        0.000000       -1.00000000000      85.71    17.42    37.83     0.00         70941.2
        avg energy converged...
        --------------------------------------------------------------------------------------------------------------------------
        Average list 0 size:          1 entries
                 Total time:     828.76 s
                                 171.43 s (20.7%) for filling dependency lists
                                  34.84 s ( 4.2%) for parallel loop
              Average speed:   24132.44 steps/s
  
Writing MCcell0000024.out... done. (   0.0 s)
 
_________________________________________________________________________________
                                                       temperature step #    25
T     =      3.5
 
Start Energy @ T=     3.5 =    -1.0000000000    
Averaging over at least      1.00E+07 steps
Energy converged if change in avg energy is < 0.030000
Number of dependency lists:    1
 
             MC steps |        <E>/eV |       d<E>/eV |               E/eV |   t_fd/s | t_pl/s | t_sw/s | t_mu/s |       steps/s |
        --------------------------------------------------------------------------------------------------------------------------
speed info:    100000             N/A             N/A                  N/A       0.87     0.18     0.62     0.00         59819.2
+10.0M       10000000       -1.000000       -1.000000       -1.00000000000      85.73    17.46    61.39     0.00         60758.2
+10.0M       20000000       -1.000000        0.000000       -1.00000000000      85.74    17.46    61.40     0.00         60755.5
        avg energy converged...
        --------------------------------------------------------------------------------------------------------------------------
        Average list 0 size:          1 entries
                 Total time:     876.12 s
                                 171.47 s (19.6%) for filling dependency lists
                                  34.92 s ( 4.0%) for parallel loop
              Average speed:   22828.01 steps/s
  
Writing MCcell0000025.out... done. (   0.0 s)
 
_________________________________________________________________________________
                                                       temperature step #    26
T     =      3.6
 
Start Energy @ T=     3.6 =    -1.0000000000    
Averaging over at least      1.00E+07 steps
Energy converged if change in avg energy is < 0.030000
Number of dependency lists:    1
 
             MC steps |        <E>/eV |       d<E>/eV |               E/eV |   t_fd/s | t_pl/s | t_sw/s | t_mu/s |       steps/s |
        --------------------------------------------------------------------------------------------------------------------------
speed info:    100000             N/A             N/A                  N/A       0.86     0.17     0.67     0.00         58866.7
+10.0M       10000000       -1.000000       -1.000000       -1.00000000000      85.87    17.59    66.71     0.00         58763.2
+10.0M       20000000       -1.000000        0.000000       -1.00000000000      85.86    17.59    66.72     0.00         58763.3
        avg energy converged...
        --------------------------------------------------------------------------------------------------------------------------
        Average list 0 size:          1 entries
                 Total time:     887.48 s
                                 171.73 s (19.4%) for filling dependency lists
                                  35.18 s ( 4.0%) for parallel loop
              Average speed:   22535.69 steps/s
  
Writing MCcell0000026.out... done. (   0.0 s)
 
_________________________________________________________________________________
                                                       temperature step #    27
T     =      3.7
 
Start Energy @ T=     3.7 =    -1.0000000000    
Averaging over at least      1.00E+07 steps
Energy converged if change in avg energy is < 0.030000
Number of dependency lists:    1
 
             MC steps |        <E>/eV |       d<E>/eV |               E/eV |   t_fd/s | t_pl/s | t_sw/s | t_mu/s |       steps/s |
        --------------------------------------------------------------------------------------------------------------------------
speed info:    100000             N/A             N/A                  N/A       0.87     0.18     0.38     0.00         69853.8
+10.0M       10000000       -1.000000       -1.000000       -1.00000000000      85.68    17.44    37.76     0.00         70980.9
+10.0M       20000000       -1.000000        0.000000       -1.00000000000      85.68    17.43    37.75     0.00         70990.0
        avg energy converged...
        --------------------------------------------------------------------------------------------------------------------------
        Average list 0 size:          1 entries
                 Total time:     828.69 s
                                 171.36 s (20.7%) for filling dependency lists
                                  34.87 s ( 4.2%) for parallel loop
              Average speed:   24134.45 steps/s
  
Writing MCcell0000027.out... done. (   0.0 s)
 
_________________________________________________________________________________
                                                       temperature step #    28
T     =      3.8
 
Start Energy @ T=     3.8 =    -1.0000000000    
Averaging over at least      1.00E+07 steps
Energy converged if change in avg energy is < 0.030000
Number of dependency lists:    1
 
             MC steps |        <E>/eV |       d<E>/eV |               E/eV |   t_fd/s | t_pl/s | t_sw/s | t_mu/s |       steps/s |
        --------------------------------------------------------------------------------------------------------------------------
speed info:    100000             N/A             N/A                  N/A       0.86     0.17     0.46     0.00         67312.9
+10.0M       10000000       -1.000000       -1.000000       -1.00000000000      85.70    17.44    45.58     0.00         67240.6
+10.0M       20000000       -1.000000        0.000000       -1.00000000000      85.69    17.43    45.59     0.00         67248.2
        avg energy converged...
        --------------------------------------------------------------------------------------------------------------------------
        Average list 0 size:          1 entries
                 Total time:     844.40 s
                                 171.38 s (20.3%) for filling dependency lists
                                  34.87 s ( 4.1%) for parallel loop
              Average speed:   23685.55 steps/s
  
Writing MCcell0000028.out... done. (   0.0 s)
 
_________________________________________________________________________________
                                                       temperature step #    29
T     =      3.9
 
Start Energy @ T=     3.9 =    -1.0000000000    
Averaging over at least      1.00E+07 steps
Energy converged if change in avg energy is < 0.030000
Number of dependency lists:    1
 
             MC steps |        <E>/eV |       d<E>/eV |               E/eV |   t_fd/s | t_pl/s | t_sw/s | t_mu/s |       steps/s |
        --------------------------------------------------------------------------------------------------------------------------
speed info:    100000             N/A             N/A                  N/A       0.86     0.18     0.66     0.00         58992.9
+10.0M       10000000       -1.000000       -1.000000       -1.00000000000      85.68    17.45    66.22     0.00         59050.1
+10.0M       20000000       -1.000000        0.000000       -1.00000000000      85.68    17.45    66.22     0.00         59048.3
        avg energy converged...
        --------------------------------------------------------------------------------------------------------------------------
        Average list 0 size:          1 entries
                 Total time:     885.64 s
                                 171.36 s (19.3%) for filling dependency lists
                                  34.90 s ( 3.9%) for parallel loop
              Average speed:   22582.61 steps/s
  
Writing MCcell0000029.out... done. (   0.0 s)
 
_________________________________________________________________________________
                                                       temperature step #    30
T     =      4.0
 
Start Energy @ T=     4.0 =    -1.0000000000    
Averaging over at least      1.00E+07 steps
Energy converged if change in avg energy is < 0.030000
Number of dependency lists:    1
 
             MC steps |        <E>/eV |       d<E>/eV |               E/eV |   t_fd/s | t_pl/s | t_sw/s | t_mu/s |       steps/s |
        --------------------------------------------------------------------------------------------------------------------------
speed info:    100000             N/A             N/A                  N/A       0.86     0.17     0.62     0.00         60541.4
+10.0M       10000000       -1.000000       -1.000000       -1.00000000000      85.80    17.45    62.15     0.00         60460.9
+10.0M       20000000       -1.000000        0.000000       -1.00000000000      85.76    17.44    62.15     0.00         60477.7
        avg energy converged...
        --------------------------------------------------------------------------------------------------------------------------
        Average list 0 size:          1 entries
                 Total time:     877.97 s
                                 171.56 s (19.5%) for filling dependency lists
                                  34.89 s ( 4.0%) for parallel loop
              Average speed:   22779.81 steps/s
  
Writing MCcell0000030.out... done. (   0.0 s)
 
_________________________________________________________________________________
                                                       temperature step #    31
T     =      4.1
 
Start Energy @ T=     4.1 =    -1.0000000000    
Averaging over at least      1.00E+07 steps
Energy converged if change in avg energy is < 0.030000
Number of dependency lists:    1
 
             MC steps |        <E>/eV |       d<E>/eV |               E/eV |   t_fd/s | t_pl/s | t_sw/s | t_mu/s |       steps/s |
        --------------------------------------------------------------------------------------------------------------------------
speed info:    100000             N/A             N/A                  N/A       0.86     0.18     0.39     0.00         70188.9
+10.0M       10000000       -1.000000       -1.000000       -1.00000000000      85.78    17.49    39.23     0.00         70174.4
+10.0M       20000000       -1.000000        0.000000       -1.00000000000      85.80    17.48    39.24     0.00         70166.0
        avg energy converged...
        --------------------------------------------------------------------------------------------------------------------------
        Average list 0 size:          1 entries
                 Total time:     832.10 s
                                 171.58 s (20.6%) for filling dependency lists
                                  34.97 s ( 4.2%) for parallel loop
              Average speed:   24035.52 steps/s
  
Writing MCcell0000031.out... done. (   0.0 s)
 
_________________________________________________________________________________
                                                       temperature step #    32
T     =      4.2
 
Start Energy @ T=     4.2 =    -1.0000000000    
Averaging over at least      1.00E+07 steps
Energy converged if change in avg energy is < 0.030000
Number of dependency lists:    1
 
             MC steps |        <E>/eV |       d<E>/eV |               E/eV |   t_fd/s | t_pl/s | t_sw/s | t_mu/s |       steps/s |
        --------------------------------------------------------------------------------------------------------------------------
speed info:    100000             N/A             N/A                  N/A       0.86     0.17     0.46     0.00         66904.2
+10.0M       10000000       -1.000000       -1.000000       -1.00000000000      85.76    17.44    45.91     0.00         67063.2
+10.0M       20000000       -1.000000        0.000000       -1.00000000000      85.78    17.45    45.93     0.00         67043.5
        avg energy converged...
        --------------------------------------------------------------------------------------------------------------------------
        Average list 0 size:          1 entries
                 Total time:     845.30 s
                                 171.54 s (20.3%) for filling dependency lists
                                  34.89 s ( 4.1%) for parallel loop
              Average speed:   23660.29 steps/s
  
Writing MCcell0000032.out... done. (   0.0 s)
 
_________________________________________________________________________________
                                                       temperature step #    33
T     =      4.3
 
Start Energy @ T=     4.3 =    -1.0000000000    
Averaging over at least      1.00E+07 steps
Energy converged if change in avg energy is < 0.030000
Number of dependency lists:    1
 
             MC steps |        <E>/eV |       d<E>/eV |               E/eV |   t_fd/s | t_pl/s | t_sw/s | t_mu/s |       steps/s |
        --------------------------------------------------------------------------------------------------------------------------
speed info:    100000             N/A             N/A                  N/A       0.86     0.17     0.66     0.00         59130.7
+10.0M       10000000       -1.000000       -1.000000       -1.00000000000      85.68    17.43    66.05     0.00         59115.8
+10.0M       20000000       -1.000000        0.000000       -1.00000000000      85.68    17.42    66.06     0.00         59116.1
        avg energy converged...
        --------------------------------------------------------------------------------------------------------------------------
        Average list 0 size:          1 entries
                 Total time:     885.34 s
                                 171.36 s (19.4%) for filling dependency lists
                                  34.85 s ( 3.9%) for parallel loop
              Average speed:   22590.09 steps/s
  
Writing MCcell0000033.out... done. (   0.0 s)
 
_________________________________________________________________________________
                                                       temperature step #    34
T     =      4.4
 
Start Energy @ T=     4.4 =    -1.0000000000    
Averaging over at least      1.00E+07 steps
Energy converged if change in avg energy is < 0.030000
Number of dependency lists:    1
 
             MC steps |        <E>/eV |       d<E>/eV |               E/eV |   t_fd/s | t_pl/s | t_sw/s | t_mu/s |       steps/s |
        --------------------------------------------------------------------------------------------------------------------------
speed info:    100000             N/A             N/A                  N/A       0.86     0.17     0.61     0.00         60774.3
+10.0M       10000000       -1.000000       -1.000000       -1.00000000000      85.68    17.45    61.58     0.00         60712.6
+10.0M       20000000       -1.000000        0.000000       -1.00000000000      85.70    17.43    61.58     0.00         60709.1
        avg energy converged...
        --------------------------------------------------------------------------------------------------------------------------
        Average list 0 size:          1 entries
                 Total time:     876.58 s
                                 171.38 s (19.6%) for filling dependency lists
                                  34.88 s ( 4.0%) for parallel loop
              Average speed:   22815.92 steps/s
  
Writing MCcell0000034.out... done. (   0.0 s)
 
_________________________________________________________________________________
                                                       temperature step #    35
T     =      4.5
 
Start Energy @ T=     4.5 =    -1.0000000000    
Averaging over at least      1.00E+07 steps
Energy converged if change in avg energy is < 0.030000
Number of dependency lists:    1
 
             MC steps |        <E>/eV |       d<E>/eV |               E/eV |   t_fd/s | t_pl/s | t_sw/s | t_mu/s |       steps/s |
        --------------------------------------------------------------------------------------------------------------------------
speed info:    100000             N/A             N/A                  N/A       0.86     0.17     0.38     0.00         71113.0
+10.0M       10000000       -1.000000       -1.000000       -1.00000000000      85.68    17.43    37.67     0.00         71033.0
+10.0M       20000000       -1.000000        0.000000       -1.00000000000      85.73    17.43    37.68     0.00         71005.4
        avg energy converged...
        --------------------------------------------------------------------------------------------------------------------------
        Average list 0 size:          1 entries
                 Total time:     828.69 s
                                 171.41 s (20.7%) for filling dependency lists
                                  34.86 s ( 4.2%) for parallel loop
              Average speed:   24134.59 steps/s
  
Writing MCcell0000035.out... done. (   0.0 s)
 
_________________________________________________________________________________
                                                       temperature step #    36
T     =      4.6
 
Start Energy @ T=     4.6 =    -1.0000000000    
Averaging over at least      1.00E+07 steps
Energy converged if change in avg energy is < 0.030000
Number of dependency lists:    1
 
             MC steps |        <E>/eV |       d<E>/eV |               E/eV |   t_fd/s | t_pl/s | t_sw/s | t_mu/s |       steps/s |
        --------------------------------------------------------------------------------------------------------------------------
speed info:    100000             N/A             N/A                  N/A       0.86     0.17     0.45     0.00         67563.9
+10.0M       10000000       -1.000000       -1.000000       -1.00000000000      85.72    17.42    45.05     0.00         67480.8
+10.0M       20000000       -1.000000        0.000000       -1.00000000000      85.67    17.42    45.04     0.00         67507.3
        avg energy converged...
        --------------------------------------------------------------------------------------------------------------------------
        Average list 0 size:          1 entries
                 Total time:     843.23 s
                                 171.40 s (20.3%) for filling dependency lists
                                  34.83 s ( 4.1%) for parallel loop
              Average speed:   23718.28 steps/s
  
Writing MCcell0000036.out... done. (   0.0 s)
 
_________________________________________________________________________________
                                                       temperature step #    37
T     =      4.7
 
Start Energy @ T=     4.7 =    -1.0000000000    
Averaging over at least      1.00E+07 steps
Energy converged if change in avg energy is < 0.030000
Number of dependency lists:    1
 
             MC steps |        <E>/eV |       d<E>/eV |               E/eV |   t_fd/s | t_pl/s | t_sw/s | t_mu/s |       steps/s |
        --------------------------------------------------------------------------------------------------------------------------
speed info:    100000             N/A             N/A                  N/A       0.86     0.18     0.63     0.00         59850.3
+10.0M       10000000       -1.000000       -1.000000       -1.00000000000      86.23    17.57    63.41     0.00         59803.9
+10.0M       20000000       -1.000000        0.000000       -1.00000000000      86.25    17.55    63.43     0.00         59801.0
        avg energy converged...
        --------------------------------------------------------------------------------------------------------------------------
        Average list 0 size:          1 entries
                 Total time:     881.67 s
                                 172.48 s (19.6%) for filling dependency lists
                                  35.12 s ( 4.0%) for parallel loop
              Average speed:   22684.27 steps/s
  
Writing MCcell0000037.out... done. (   0.0 s)
 
_________________________________________________________________________________
                                                       temperature step #    38
T     =      4.8
 
Start Energy @ T=     4.8 =    -1.0000000000    
Averaging over at least      1.00E+07 steps
Energy converged if change in avg energy is < 0.030000
Number of dependency lists:    1
 
             MC steps |        <E>/eV |       d<E>/eV |               E/eV |   t_fd/s | t_pl/s | t_sw/s | t_mu/s |       steps/s |
        --------------------------------------------------------------------------------------------------------------------------
speed info:    100000             N/A             N/A                  N/A       0.87     0.18     0.66     0.00         58421.2
+10.0M       10000000       -1.000000       -1.000000       -1.00000000000      85.73    17.54    65.64     0.00         59205.5
+10.0M       20000000       -1.000000        0.000000       -1.00000000000      85.70    17.53    65.62     0.00         59224.9
        avg energy converged...
        --------------------------------------------------------------------------------------------------------------------------
        Average list 0 size:          1 entries
                 Total time:     884.89 s
                                 171.42 s (19.4%) for filling dependency lists
                                  35.07 s ( 4.0%) for parallel loop
              Average speed:   22601.62 steps/s
  
Writing MCcell0000038.out... done. (   0.0 s)
 
_________________________________________________________________________________
                                                       temperature step #    39
T     =      4.9
 
Start Energy @ T=     4.9 =    -1.0000000000    
Averaging over at least      1.00E+07 steps
Energy converged if change in avg energy is < 0.030000
Number of dependency lists:    1
 
             MC steps |        <E>/eV |       d<E>/eV |               E/eV |   t_fd/s | t_pl/s | t_sw/s | t_mu/s |       steps/s |
        --------------------------------------------------------------------------------------------------------------------------
speed info:    100000             N/A             N/A                  N/A       0.86     0.17     0.46     0.00         67063.8
+10.0M       10000000       -1.000000       -1.000000       -1.00000000000      85.66    17.41    45.76     0.00         67188.8
+10.0M       20000000       -1.000000        0.000000       -1.00000000000      85.66    17.42    45.77     0.00         67179.3
        avg energy converged...
        --------------------------------------------------------------------------------------------------------------------------
        Average list 0 size:          1 entries
                 Total time:     844.70 s
                                 171.32 s (20.3%) for filling dependency lists
                                  34.84 s ( 4.1%) for parallel loop
              Average speed:   23677.02 steps/s
  
Writing MCcell0000039.out... done. (   0.0 s)
 
_________________________________________________________________________________
                                                       temperature step #    40
T     =      5.0
 
Start Energy @ T=     5.0 =    -1.0000000000    
Averaging over at least      1.00E+07 steps
Energy converged if change in avg energy is < 0.030000
Number of dependency lists:    1
 
             MC steps |        <E>/eV |       d<E>/eV |               E/eV |   t_fd/s | t_pl/s | t_sw/s | t_mu/s |       steps/s |
        --------------------------------------------------------------------------------------------------------------------------
speed info:    100000             N/A             N/A                  N/A       0.86     0.17     0.67     0.00         58763.5
+10.0M       10000000       -1.000000       -1.000000       -1.00000000000      85.74    17.44    67.18     0.00         58699.5
+10.0M       20000000       -1.000000        0.000000       -1.00000000000      85.72    17.44    67.20     0.00         58701.3
        avg energy converged...
        --------------------------------------------------------------------------------------------------------------------------
        Average list 0 size:          1 entries
                 Total time:     887.71 s
                                 171.45 s (19.3%) for filling dependency lists
                                  34.88 s ( 3.9%) for parallel loop
              Average speed:   22529.96 steps/s
  
Writing MCcell0000040.out... done. (   0.0 s)
 
_________________________________________________________________________________
                                                       temperature step #    41
T     =      5.1
 
Start Energy @ T=     5.1 =    -1.0000000000    
Averaging over at least      1.00E+07 steps
Energy converged if change in avg energy is < 0.030000
Number of dependency lists:    1
 
             MC steps |        <E>/eV |       d<E>/eV |               E/eV |   t_fd/s | t_pl/s | t_sw/s | t_mu/s |       steps/s |
        --------------------------------------------------------------------------------------------------------------------------
speed info:    100000             N/A             N/A                  N/A       0.86     0.18     0.66     0.00         59227.5
+10.0M       10000000       -1.000000       -1.000000       -1.00000000000      85.67    17.48    65.77     0.00         59198.2
+10.0M       20000000       -1.000000        0.000000       -1.00000000000      85.68    17.49    65.80     0.00         59184.7
        avg energy converged...
        --------------------------------------------------------------------------------------------------------------------------
        Average list 0 size:          1 entries
                 Total time:     884.78 s
                                 171.36 s (19.4%) for filling dependency lists
                                  34.96 s ( 4.0%) for parallel loop
              Average speed:   22604.45 steps/s
  
Writing MCcell0000041.out... done. (   0.0 s)
 
_________________________________________________________________________________
                                                       temperature step #    42
T     =      5.2
 
Start Energy @ T=     5.2 =    -1.0000000000    
Averaging over at least      1.00E+07 steps
Energy converged if change in avg energy is < 0.030000
Number of dependency lists:    1
 
             MC steps |        <E>/eV |       d<E>/eV |               E/eV |   t_fd/s | t_pl/s | t_sw/s | t_mu/s |       steps/s |
        --------------------------------------------------------------------------------------------------------------------------
speed info:    100000             N/A             N/A                  N/A       0.86     0.17     0.62     0.00         60501.2
+10.0M       10000000       -1.000000       -1.000000       -1.00000000000      85.69    17.47    62.29     0.00         60440.4
+10.0M       20000000       -1.000000        0.000000       -1.00000000000      85.70    17.48    62.29     0.00         60435.7
        avg energy converged...
        --------------------------------------------------------------------------------------------------------------------------
        Average list 0 size:          1 entries
                 Total time:     877.94 s
                                 171.39 s (19.5%) for filling dependency lists
                                  34.95 s ( 4.0%) for parallel loop
              Average speed:   22780.49 steps/s
  
Writing MCcell0000042.out... done. (   0.0 s)
 
_________________________________________________________________________________
                                                       temperature step #    43
T     =      5.3
 
Start Energy @ T=     5.3 =    -1.0000000000    
Averaging over at least      1.00E+07 steps
Energy converged if change in avg energy is < 0.030000
Number of dependency lists:    1
 
             MC steps |        <E>/eV |       d<E>/eV |               E/eV |   t_fd/s | t_pl/s | t_sw/s | t_mu/s |       steps/s |
        --------------------------------------------------------------------------------------------------------------------------
speed info:    100000             N/A             N/A                  N/A       0.86     0.17     0.38     0.00         70845.7
+10.0M       10000000       -0.999847       -0.999847       -1.00000000000      85.86    17.44    38.02     0.00         70757.7
+10.0M       20000000       -0.999821        0.000026       -1.00000000000      85.85    17.44    38.02     0.00         70768.8
        avg energy converged...
        --------------------------------------------------------------------------------------------------------------------------
        Average list 0 size:          1 entries
                 Total time:     829.73 s
                                 171.70 s (20.7%) for filling dependency lists
                                  34.89 s ( 4.2%) for parallel loop
              Average speed:   24104.30 steps/s
  
Writing MCcell0000043.out... done. (   0.0 s)
 
_________________________________________________________________________________
                                                       temperature step #    44
T     =      5.4
 
Start Energy @ T=     5.4 =    -1.0000000000    
Averaging over at least      1.00E+07 steps
Energy converged if change in avg energy is < 0.030000
Number of dependency lists:    1
 
             MC steps |        <E>/eV |       d<E>/eV |               E/eV |   t_fd/s | t_pl/s | t_sw/s | t_mu/s |       steps/s |
        --------------------------------------------------------------------------------------------------------------------------
speed info:    100000             N/A             N/A                  N/A       0.86     0.17     0.46     0.00         66942.5
+10.0M       10000000       -1.000000       -1.000000       -1.00000000000      85.84    17.44    46.04     0.00         66969.0
+10.0M       20000000       -0.999953        0.000047       -1.00000000000      85.80    17.43    46.04     0.00         66992.1
        avg energy converged...
        --------------------------------------------------------------------------------------------------------------------------
        Average list 0 size:          1 entries
                 Total time:     845.67 s
                                 171.64 s (20.3%) for filling dependency lists
                                  34.87 s ( 4.1%) for parallel loop
              Average speed:   23649.90 steps/s
  
Writing MCcell0000044.out... done. (   0.0 s)
 
_________________________________________________________________________________
                                                       temperature step #    45
T     =      5.5
 
Start Energy @ T=     5.5 =    -1.0000000000    
Averaging over at least      1.00E+07 steps
Energy converged if change in avg energy is < 0.030000
Number of dependency lists:    1
 
             MC steps |        <E>/eV |       d<E>/eV |               E/eV |   t_fd/s | t_pl/s | t_sw/s | t_mu/s |       steps/s |
        --------------------------------------------------------------------------------------------------------------------------
speed info:    100000             N/A             N/A                  N/A       0.86     0.17     0.66     0.00         59203.3
+10.0M       10000000       -1.000000       -1.000000       -1.00000000000      85.77    17.45    66.00     0.00         59096.6
+10.0M       20000000       -1.000000        0.000000       -1.00000000000      85.75    17.44    65.97     0.00         59117.1
        avg energy converged...
        --------------------------------------------------------------------------------------------------------------------------
        Average list 0 size:          1 entries
                 Total time:     885.48 s
                                 171.51 s (19.4%) for filling dependency lists
                                  34.89 s ( 3.9%) for parallel loop
              Average speed:   22586.58 steps/s
  
Writing MCcell0000045.out... done. (   0.0 s)
 
_________________________________________________________________________________
                                                       temperature step #    46
T     =      5.6
 
Start Energy @ T=     5.6 =    -1.0000000000    
Averaging over at least      1.00E+07 steps
Energy converged if change in avg energy is < 0.030000
Number of dependency lists:    1
 
             MC steps |        <E>/eV |       d<E>/eV |               E/eV |   t_fd/s | t_pl/s | t_sw/s | t_mu/s |       steps/s |
        --------------------------------------------------------------------------------------------------------------------------
speed info:    100000             N/A             N/A                  N/A       0.86     0.17     0.62     0.00         60706.9
+10.0M       10000000       -1.000000       -1.000000       -1.00000000000      85.78    17.51    61.74     0.00         60596.3
+10.0M       20000000       -0.999237        0.000763       -1.00000000000      85.72    17.50    61.72     0.00         60628.5
        avg energy converged...
        --------------------------------------------------------------------------------------------------------------------------
        Average list 0 size:          1 entries
                 Total time:     877.14 s
                                 171.50 s (19.6%) for filling dependency lists
                                  35.01 s ( 4.0%) for parallel loop
              Average speed:   22801.37 steps/s
  
Writing MCcell0000046.out... done. (   0.0 s)
 
_________________________________________________________________________________
                                                       temperature step #    47
T     =      5.7
 
Start Energy @ T=     5.7 =    -1.0000000000    
Averaging over at least      1.00E+07 steps
Energy converged if change in avg energy is < 0.030000
Number of dependency lists:    1
 
             MC steps |        <E>/eV |       d<E>/eV |               E/eV |   t_fd/s | t_pl/s | t_sw/s | t_mu/s |       steps/s |
        --------------------------------------------------------------------------------------------------------------------------
speed info:    100000             N/A             N/A                  N/A       0.86     0.17     0.40     0.00         70105.5
+10.0M       10000000       -1.000000       -1.000000       -1.00000000000      85.73    17.46    39.55     0.00         70055.8
+10.0M       20000000       -1.000000        0.000000       -1.00000000000      85.69    17.44    39.56     0.00         70082.2
        avg energy converged...
        --------------------------------------------------------------------------------------------------------------------------
        Average list 0 size:          1 entries
                 Total time:     832.54 s
                                 171.42 s (20.6%) for filling dependency lists
                                  34.90 s ( 4.2%) for parallel loop
              Average speed:   24022.93 steps/s
  
Writing MCcell0000047.out... done. (   0.0 s)
 
_________________________________________________________________________________
                                                       temperature step #    48
T     =      5.8
 
Start Energy @ T=     5.8 =    -1.0000000000    
Averaging over at least      1.00E+07 steps
Energy converged if change in avg energy is < 0.030000
Number of dependency lists:    1
 
             MC steps |        <E>/eV |       d<E>/eV |               E/eV |   t_fd/s | t_pl/s | t_sw/s | t_mu/s |       steps/s |
        --------------------------------------------------------------------------------------------------------------------------
speed info:    100000             N/A             N/A                  N/A       0.86     0.17     0.46     0.00         66998.3
+10.0M       10000000       -1.000000       -1.000000       -1.00000000000      86.02    17.44    45.89     0.00         66953.7
+10.0M       20000000       -1.000000        0.000000       -1.00000000000      86.04    17.44    45.89     0.00         66944.2
        avg energy converged...
        --------------------------------------------------------------------------------------------------------------------------
        Average list 0 size:          1 entries
                 Total time:     845.78 s
                                 172.06 s (20.3%) for filling dependency lists
                                  34.89 s ( 4.1%) for parallel loop
              Average speed:   23646.88 steps/s
  
Writing MCcell0000048.out... done. (   0.0 s)
 
_________________________________________________________________________________
                                                       temperature step #    49
T     =      5.9
 
Start Energy @ T=     5.9 =    -1.0000000000    
Averaging over at least      1.00E+07 steps
Energy converged if change in avg energy is < 0.030000
Number of dependency lists:    1
 
             MC steps |        <E>/eV |       d<E>/eV |               E/eV |   t_fd/s | t_pl/s | t_sw/s | t_mu/s |       steps/s |
        --------------------------------------------------------------------------------------------------------------------------
speed info:    100000             N/A             N/A                  N/A       0.86     0.17     0.65     0.00         59583.5
+10.0M       10000000       -1.000000       -1.000000       -1.00000000000      85.69    17.46    64.88     0.00         59513.1
+10.0M       20000000       -0.998778        0.001222       -1.00000000000      85.70    17.47    64.88     0.00         59506.7
        avg energy converged...
        --------------------------------------------------------------------------------------------------------------------------
        Average list 0 size:          1 entries
                 Total time:     882.99 s
                                 171.39 s (19.4%) for filling dependency lists
                                  34.93 s ( 4.0%) for parallel loop
              Average speed:   22650.30 steps/s
  
Writing MCcell0000049.out... done. (   0.0 s)
 
_________________________________________________________________________________
                                                       temperature step #    50
T     =      6.0
 
Start Energy @ T=     6.0 =    -1.0000000000    
Averaging over at least      1.00E+07 steps
Energy converged if change in avg energy is < 0.030000
Number of dependency lists:    1
 
             MC steps |        <E>/eV |       d<E>/eV |               E/eV |   t_fd/s | t_pl/s | t_sw/s | t_mu/s |       steps/s |
        --------------------------------------------------------------------------------------------------------------------------
speed info:    100000             N/A             N/A                  N/A       0.86     0.18     0.67     0.00         58698.6
+10.0M       10000000       -1.000000       -1.000000       -1.00000000000      86.23    17.51    66.88     0.00         58610.2
+10.0M       20000000       -1.000000        0.000000       -1.00000000000      86.17    17.50    66.86     0.00         58643.9
        avg energy converged...
        --------------------------------------------------------------------------------------------------------------------------
        Average list 0 size:          1 entries
                 Total time:     888.37 s
                                 172.40 s (19.4%) for filling dependency lists
                                  35.00 s ( 3.9%) for parallel loop
              Average speed:   22513.08 steps/s
  
Writing MCcell0000050.out... done. (   0.0 s)
 
_________________________________________________________________________________
                                                       temperature step #    51
T     =      6.1
 
Start Energy @ T=     6.1 =    -1.0000000000    
Averaging over at least      1.00E+07 steps
Energy converged if change in avg energy is < 0.030000
Number of dependency lists:    1
 
             MC steps |        <E>/eV |       d<E>/eV |               E/eV |   t_fd/s | t_pl/s | t_sw/s | t_mu/s |       steps/s |
        --------------------------------------------------------------------------------------------------------------------------
speed info:    100000             N/A             N/A                  N/A       0.86     0.17     0.43     0.00         68462.3
+10.0M       10000000       -0.999324       -0.999324       -1.00000000000      85.73    17.42    43.14     0.00         68356.2
+10.0M       20000000       -0.999325       -0.000001       -1.00000000000      85.69    17.43    43.15     0.00         68367.8
        avg energy converged...
        --------------------------------------------------------------------------------------------------------------------------
        Average list 0 size:          1 entries
                 Total time:     839.45 s
                                 171.42 s (20.4%) for filling dependency lists
                                  34.84 s ( 4.2%) for parallel loop
              Average speed:   23825.09 steps/s
  
Writing MCcell0000051.out... done. (   0.0 s)
_________________________________________________________________________________
 
 Calculating energy of total cell.
 For large cells >100,000 atoms this may take a few minutes.
---------------------------------------------------------------------------------
final energy (sum of Deltas):                          -1.000000    
final energy (full corr., only for small MC cells):   -1.0000000    
difference:                                           -0.1998401E-14
---------------------------------------------------------------------------------
 
Mode 30 - Perform MC simulation                                                                          
... done!
