     -200.00000  1030272.60224
     -196.00000        1.00000
     -192.00000  1030277.17092
     -188.00000  1030277.91488
     -184.00000  1030281.19127
     -180.00000  1030282.57719
     -176.00000  1030284.97158
     -172.00000  1030286.63116
     -168.00000  1030288.65800
     -164.00000  1030290.39220
     -160.00000  1030292.26332
     -156.00000  1030294.01521
     -152.00000  1030295.79714
     -148.00000  1030297.50527
     -144.00000  1030299.22316
     -140.00000  1030300.92266
     -136.00000  1030302.58778
     -132.00000  1030304.23776
     -128.00000  1030305.91990
     -124.00000  1030307.57289
     -120.00000  1030309.23141
     -116.00000  1030310.87324
     -112.00000  1030312.51015
     -108.00000  1030314.10544
     -104.00000  1030315.67672
     -100.00000  1030317.22778
      -96.00000  1030318.72831
      -92.00000  1030320.22087
      -88.00000  1030321.65097
      -84.00000  1030323.04487
      -80.00000  1030324.38742
      -76.00000  1030325.71753
      -72.00000  1030326.98425
      -68.00000  1030328.19187
      -64.00000  1030329.34540
      -60.00000  1030330.45123
      -56.00000  1030331.50539
      -52.00000  1030332.50332
      -48.00000  1030333.44592
      -44.00000  1030334.31366
      -40.00000  1030335.11789
      -36.00000  1030335.85930
      -32.00000  1030336.52386
      -28.00000  1030337.12235
      -24.00000  1030337.63071
      -20.00000  1030338.08267
      -16.00000  1030338.45169
      -12.00000  1030338.73339
       -8.00000  1030338.93609
       -4.00000  1030339.05363
        0.00000  1030339.09309
        4.00000  1030339.05015
        8.00000  1030338.92101
       12.00000  1030338.70226
       16.00000  1030338.41058
       20.00000  1030338.04118
       24.00000  1030337.61093
       28.00000  1030337.09866
       32.00000  1030336.50309
       36.00000  1030335.83683
       40.00000  1030335.10194
       44.00000  1030334.30927
       48.00000  1030333.43746
       52.00000  1030332.51758
       56.00000  1030331.52190
       60.00000  1030330.47078
       64.00000  1030329.36846
       68.00000  1030328.19880
       72.00000  1030326.99589
       76.00000  1030325.72570
       80.00000  1030324.43035
       84.00000  1030323.07889
       88.00000  1030321.67545
       92.00000  1030320.22600
       96.00000  1030318.75767
      100.00000  1030317.25611
      104.00000  1030315.70297
      108.00000  1030314.12719
      112.00000  1030312.53827
      116.00000  1030310.92577
      120.00000  1030309.29889
      124.00000  1030307.64932
      128.00000  1030306.00246
      132.00000  1030304.34482
      136.00000  1030302.66164
      140.00000  1030300.98838
      144.00000  1030299.31283
      148.00000  1030297.63989
      152.00000  1030295.93504
      156.00000  1030294.19312
      160.00000  1030292.43203
      164.00000  1030290.58608
      168.00000  1030288.86826
      172.00000  1030286.85674
      176.00000  1030285.19640
      180.00000  1030282.80479
      184.00000  1030281.44696
      188.00000  1030278.11345
      192.00000  1030277.43944
      196.00000        1.00000
      200.00000  1030272.78721
