     -200.00000     20275
     -196.00000         0
     -192.00000     25150
     -188.00000     24165
     -184.00000     24148
     -180.00000     24368
     -176.00000     22287
     -172.00000     21777
     -168.00000     20907
     -164.00000     21643
     -160.00000     20481
     -156.00000     21468
     -152.00000     20127
     -148.00000     20968
     -144.00000     19411
     -140.00000     19440
     -136.00000     20121
     -132.00000     20502
     -128.00000     19136
     -124.00000     20114
     -120.00000     19287
     -116.00000     20344
     -112.00000     20842
     -108.00000     21592
     -104.00000     22852
     -100.00000     21273
      -96.00000     21818
      -92.00000     21292
      -88.00000     21658
      -84.00000     21690
      -80.00000     22655
      -76.00000     22611
      -72.00000     21498
      -68.00000     21546
      -64.00000     21466
      -60.00000     21728
      -56.00000     21326
      -52.00000     20994
      -48.00000     20908
      -44.00000     21267
      -40.00000     20784
      -36.00000     20034
      -32.00000     19937
      -28.00000     20129
      -24.00000     20445
      -20.00000     20327
      -16.00000     20015
      -12.00000     20592
       -8.00000     20585
       -4.00000     20675
        0.00000     20769
        4.00000     20924
        8.00000     20337
       12.00000     20766
       16.00000     20286
       20.00000     19556
       24.00000     18982
       28.00000     19002
       32.00000     18818
       36.00000     18765
       40.00000     18851
       44.00000     18520
       48.00000     17857
       52.00000     17823
       56.00000     18348
       60.00000     18557
       64.00000     19151
       68.00000     18649
       72.00000     18525
       76.00000     18623
       80.00000     18208
       84.00000     17891
       88.00000     18050
       92.00000     18903
       96.00000     18871
      100.00000     18208
      104.00000     18329
      108.00000     18990
      112.00000     18654
      116.00000     19284
      120.00000     20078
      124.00000     19606
      128.00000     20173
      132.00000     20759
      136.00000     21020
      140.00000     21100
      144.00000     21260
      148.00000     20589
      152.00000     21238
      156.00000     20669
      160.00000     20061
      164.00000     20102
      168.00000     18090
      172.00000     18905
      176.00000     20837
      180.00000     18006
      184.00000     17311
      188.00000     17393
      192.00000     18175
      196.00000         0
      200.00000     17473
