# 
#        You have called the 
# 
#             ---------
#             | UNCLE |
#             ---------
# 
# 
# 
#   Today's menu is:
#
#   10 - generate clusters only                                                                         
#   11 - generate clusters, write cluster representatives and calculate correlations for input.         
#   12 - Do all of 11 and then make a fit                                                               
#   13 - Predict energy of input structures using J.1.out                                               
#   14 - Minkowski reduce a cell in POSCAR                                                              
#   15 - Fit using Bayesian Compressive Sensing                                                         
#   16 - Write a J.out file                                                                             
#   17 - Write a structures.in file with toy energies and random noise added to them.                   
#
#   20 - Enumerate superstructures of a given parent lattice: generate struct_enum.out                  
#   21 - Calculate energies for all structures in struct_enum.out                                       
#   22 - Print structures specified in structpred.in                                                    
#   23 - Write multilattice d-vector occupancy for struct_enum.out                                      
#
#   30 - Perform MC simulation                                                                          
#   31 - Evaluate and print sub-planes of the MC-cell (*.pov file and (x,y,z) *.dat file)               
#   32 - calculate Warren-Cowley SRO parameters                                                         
#   33 - calculate correlations for MCcell and structures.in                                            
#
#   40 - Perform metadynamics simulation                                                                
#   41 - Perform Wang-Landau simulation                                                                 
#   42 - Select i.i.d structures from struct_enum.out                                                   
#

Running in mode: 30 - Perform MC simulation                                                                          
Reading lattice definition from lat.in
 
 
 This is a surface CE
 * Surface normal:     1.000      0.000      0.000
 * Found surfaces at distances from origin:
   | Bottom Surface |    Top Surface |
   |          0.000 |          0.000 |
 
           0 references
================================================================================
Setting up MC cell:
. finding site equivalencies
. determine spin mapping
. vanilla site setup
. populating sites (this may take some time, see progress bar)
 rnd(): seed =       -15759
 
| 0% --------------------|------------------ 100% |
......... done.
 
Target concentrations: 
CE #  1     spin:  -1     concentration:  0.500
CE #  1     spin:   1     concentration:  0.500
 
. checking if concentrations are correct
. summary:
  MC cell size:          1 x 10 x 10                   
  Final # of each type:               50              50
  Total number of atoms:             100
setup finished.
================================================================================
 read in clusters!
Generating MC clusters.
 PIZZA
 
Setting up basis functions for a rank  2 cluster expansion:
 recursing Gram-polynomial of order            1 in rank           2 !
     chebychev(-1, 1)= -1.000000
 recursing Gram-polynomial of order            1 in rank           2 !
     chebychev( 1, 1)=  1.000000
 
 WARNING: tried to initialize a tracker without a clustertrack.in file, or the t
 racker was already initialized.
starting simulated annealing at T =      1.0000 K
 Calculating energy of total cell.
 For large cells >100,000 atoms this may take a few minutes.
 ... adding grand canonical energy: chemical potential
 Energy of total cell:  0.360000000000000     
 
Maximum extent of any figure in g-space:   4
Dependency box size length:                1    1    1
 random_number(): seed =   1106597819  1106597856
 
_________________________________________________________________________________
                                                       temperature step #     0
T     =      1.0
mu(T) =    0.5000    0.5000
 
Start Energy @ T=     1.0 =    0.36000000000    
Averaging over at least      1.00E+07 steps
Energy converged if change in avg energy is < 0.030000
Number of dependency lists:    1
 
             MC steps |        <E>/eV |       d<E>/eV |               E/eV |   t_fd/s | t_pl/s | t_sw/s | t_mu/s |       steps/s |
        --------------------------------------------------------------------------------------------------------------------------
speed info:    100000             N/A             N/A                  N/A       0.62     0.17     0.81     0.22         54738.0
+10.0M       10000000     ***********     ***********     ****************      51.94    14.14    67.67    18.24         65792.8
+10.0M       20000000     ***********     ***********     ****************      51.85    14.11    67.58    18.19         65906.7
+10.0M       30000000     ***********     ***********     ****************      51.84    14.12    67.54    18.16         65937.5
+10.0M       40000000     ***********     ***********     ****************      51.85    14.12    67.56    18.19         65911.9
+10.0M       50000000     ***********     ***********     ****************      51.82    14.11    67.56    18.16         65945.4
+10.0M       60000000     ***********     ***********     ****************      51.84    14.11    67.53    18.16         65943.3
+10.0M       70000000     ***********     ***********     ****************      51.82    14.11    67.52    18.15         65962.9
+10.0M       80000000     ***********     ***********     ****************      51.84    14.12    67.57    18.24         65890.8
+10.0M       90000000     ***********     ***********     ****************      51.88    14.12    67.61    18.26         65845.0
+10.0M      100000000     ***********     ***********     ****************      57.64    15.74    75.24    20.45         59143.1
+10.0M      110000000     ***********     ***********     ****************      57.98    15.83    75.72    20.62         58771.3
+10.0M      120000000     ***********     ***********     ****************      57.99    15.83    75.73    20.64         58760.2
+10.0M      130000000     ***********     ***********     ****************      57.99    15.83    75.74    20.65         58747.4
+10.0M      140000000     ***********     ***********     ****************      57.95    15.82    75.71    20.64         58782.7
+10.0M      150000000     ***********     ***********     ****************      57.98    15.82    75.68    20.63         58788.8
+10.0M      160000000     ***********     ***********     ****************      57.97    15.83    75.70    20.63         58780.2
+10.0M      170000000     ***********     ***********     ****************      57.97    15.82    75.70    20.63         58781.6
+10.0M      180000000     ***********     ***********     ****************      57.96    15.81    75.70    20.62         58789.4
+10.0M      190000000     ***********     ***********     ****************      57.96    15.82    75.70    20.58         58800.8
+10.0M      200000000     ***********     ***********     ****************      57.96    15.82    75.72    20.58         58797.2
+10.0M      210000000     ***********     ***********     ****************      57.96    15.82    75.70    20.55         58813.9
+10.0M      220000000     ***********     ***********     ****************      57.97    15.83    75.73    20.54         58800.7
+10.0M      230000000     ***********     ***********     ****************      57.97    15.82    75.72    20.51         58818.5
+10.0M      240000000     ***********     ***********     ****************      57.96    15.83    75.73    20.50         58819.6
+10.0M      250000000     ***********     ***********     ****************      57.96    15.83    75.73    20.51         58815.8
+10.0M      260000000     ***********     ***********     ****************      57.98    15.84    75.78    20.49         58791.8
+10.0M      270000000     ***********     ***********     ****************      57.97    15.83    75.73    20.50         58812.6
+10.0M      280000000     ***********     ***********     ****************      57.98    15.83    75.74    20.51         58803.1
+10.0M      290000000     ***********     ***********     ****************      57.95    15.82    75.74    20.52         58813.9
+10.0M      300000000     ***********     ***********     ****************      57.98    15.83    75.74    20.52         58799.8
+10.0M      310000000     ***********     ***********     ****************      57.97    15.83    75.71    20.54         58806.2
+10.0M      320000000     ***********     ***********     ****************      57.98    15.82    75.72    20.55         58799.0
+10.0M      330000000     ***********     ***********     ****************      57.99    15.84    75.76    20.55         58779.3
+10.0M      340000000     ***********     ***********     ****************      58.00    15.82    75.74    20.55         58786.5
+10.0M      350000000     ***********     ***********     ****************      57.97    15.83    75.74    20.55         58794.3
+10.0M      360000000     ***********     ***********     ****************      57.97    15.81    75.70    20.55         58814.3
+10.0M      370000000     ***********     ***********     ****************      57.98    15.83    75.72    20.55         58795.2
+10.0M      380000000     ***********     ***********     ****************      57.99    15.84    75.75    20.59         58763.2
+10.0M      390000000     ***********     ***********     ****************      57.97    15.83    75.74    20.57         58788.8
+10.0M      400000000     ***********     ***********     ****************      57.96    15.83    75.71    20.57         58800.7
+10.0M      410000000     ***********     ***********     ****************      57.97    15.83    75.71    20.53         58810.7
+10.0M      420000000     ***********     ***********     ****************      57.97    15.83    75.71    20.51         58813.6
+10.0M      430000000     ***********     ***********     ****************      58.01    15.84    75.77    20.54         58765.5
+10.0M      440000000     ***********     ***********     ****************      58.04    15.85    75.87    20.76         58642.0
+10.0M      450000000     ***********     ***********     ****************      58.07    15.87    75.93    21.07         58497.4
+10.0M      460000000     ***********     ***********     ****************      58.08    15.90    75.98    21.14         58445.9
+10.0M      470000000     ***********     ***********     ****************      58.06    15.86    75.91    20.95         58555.6
+10.0M      480000000     ***********     ***********     ****************      58.05    15.87    75.88    20.61         58684.5
+10.0M      490000000     ***********     ***********     ****************      58.02    15.86    75.87    20.62         58694.6
+10.0M      500000000     ***********     ***********     ****************      58.00    15.86    75.85    20.60         58717.4
+10.0M      510000000     ***********     ***********     ****************      58.11    15.87    75.96    22.25         58074.4
+10.0M      520000000     ***********     ***********     ****************      58.11    15.87    75.94    22.43         58018.7
/var/spool/slurmd/job6141674/slurm_script: line 13: 25110 Killed                  uncle.x 30
slurmstepd: Exceeded step memory limit at some point. oom-killer likely killed a process.
