    -2000.00000  1587120.67938
    -1996.00000        1.00000
    -1992.00000        1.00000
    -1988.00000  1587128.53388
    -1984.00000  1587133.28067
    -1980.00000  1587130.72828
    -1976.00000  1587136.43189
    -1972.00000  1587140.96132
    -1968.00000  1587144.39771
    -1964.00000  1587144.25971
    -1960.00000  1587148.51090
    -1956.00000  1587152.01192
    -1952.00000  1587154.69511
    -1948.00000  1587155.78367
    -1944.00000  1587159.28513
    -1940.00000  1587162.25143
    -1936.00000  1587164.54613
    -1932.00000  1587166.47384
    -1928.00000  1587169.48138
    -1924.00000  1587172.03612
    -1920.00000  1587174.19758
    -1916.00000  1587176.52061
    -1912.00000  1587179.15384
    -1908.00000  1587181.45335
    -1904.00000  1587183.63219
    -1900.00000  1587186.04108
    -1896.00000  1587188.41685
    -1892.00000  1587190.64953
    -1888.00000  1587192.92378
    -1884.00000  1587195.25874
    -1880.00000  1587197.52223
    -1876.00000  1587199.73581
    -1872.00000  1587202.00292
    -1868.00000  1587204.24037
    -1864.00000  1587206.46291
    -1860.00000  1587208.65972
    -1856.00000  1587210.86598
    -1852.00000  1587213.04375
    -1848.00000  1587215.21992
    -1844.00000  1587217.38945
    -1840.00000  1587219.53752
    -1836.00000  1587221.65821
    -1832.00000  1587223.80794
    -1828.00000  1587225.92019
    -1824.00000  1587228.05244
    -1820.00000  1587230.15063
    -1816.00000  1587232.24364
    -1812.00000  1587234.33531
    -1808.00000  1587236.41743
    -1804.00000  1587238.49304
    -1800.00000  1587240.56099
    -1796.00000  1587242.61755
    -1792.00000  1587244.67919
    -1788.00000  1587246.72831
    -1784.00000  1587248.76597
    -1780.00000  1587250.79828
    -1776.00000  1587252.83272
    -1772.00000  1587254.85238
    -1768.00000  1587256.86983
    -1764.00000  1587258.88882
    -1760.00000  1587260.88954
    -1756.00000  1587262.89217
    -1752.00000  1587264.88891
    -1748.00000  1587266.88516
    -1744.00000  1587268.86886
    -1740.00000  1587270.85369
    -1736.00000  1587272.82911
    -1732.00000  1587274.79496
    -1728.00000  1587276.76711
    -1724.00000  1587278.71434
    -1720.00000  1587280.67118
    -1716.00000  1587282.62295
    -1712.00000  1587284.56546
    -1708.00000  1587286.49603
    -1704.00000  1587288.42934
    -1700.00000  1587290.36391
    -1696.00000  1587292.28218
    -1692.00000  1587294.20904
    -1688.00000  1587296.13817
    -1684.00000  1587298.04935
    -1680.00000  1587299.95569
    -1676.00000  1587301.86041
    -1672.00000  1587303.76086
    -1668.00000  1587305.65459
    -1664.00000  1587307.55333
    -1660.00000  1587309.44567
    -1656.00000  1587311.33575
    -1652.00000  1587313.21242
    -1648.00000  1587315.09628
    -1644.00000  1587316.98304
    -1640.00000  1587318.84864
    -1636.00000  1587320.72269
    -1632.00000  1587322.59448
    -1628.00000  1587324.45882
    -1624.00000  1587326.31941
    -1620.00000  1587328.17419
    -1616.00000  1587330.03275
    -1612.00000  1587331.88109
    -1608.00000  1587333.73362
    -1604.00000  1587335.57459
    -1600.00000  1587337.41598
    -1596.00000  1587339.24936
    -1592.00000  1587341.08581
    -1588.00000  1587342.91487
    -1584.00000  1587344.73988
    -1580.00000  1587346.56536
    -1576.00000  1587348.38912
    -1572.00000  1587350.21449
    -1568.00000  1587352.03147
    -1564.00000  1587353.84276
    -1560.00000  1587355.65848
    -1556.00000  1587357.46437
    -1552.00000  1587359.27221
    -1548.00000  1587361.07401
    -1544.00000  1587362.87757
    -1540.00000  1587364.67974
    -1536.00000  1587366.46701
    -1532.00000  1587368.26498
    -1528.00000  1587370.06085
    -1524.00000  1587371.84201
    -1520.00000  1587373.63097
    -1516.00000  1587375.41297
    -1512.00000  1587377.19225
    -1508.00000  1587378.96733
    -1504.00000  1587380.74805
    -1500.00000  1587382.51953
    -1496.00000  1587384.28110
    -1492.00000  1587386.05237
    -1488.00000  1587387.80977
    -1484.00000  1587389.57239
    -1480.00000  1587391.33378
    -1476.00000  1587393.08953
    -1472.00000  1587394.84159
    -1468.00000  1587396.59057
    -1464.00000  1587398.34313
    -1460.00000  1587400.09150
    -1456.00000  1587401.83907
    -1452.00000  1587403.58010
    -1448.00000  1587405.32374
    -1444.00000  1587407.06695
    -1440.00000  1587408.80753
    -1436.00000  1587410.53948
    -1432.00000  1587412.27364
    -1428.00000  1587414.00140
    -1424.00000  1587415.72839
    -1420.00000  1587417.46129
    -1416.00000  1587419.18180
    -1412.00000  1587420.90277
    -1408.00000  1587422.62148
    -1404.00000  1587424.33931
    -1400.00000  1587426.05884
    -1396.00000  1587427.76853
    -1392.00000  1587429.48838
    -1388.00000  1587431.19881
    -1384.00000  1587432.90972
    -1380.00000  1587434.61249
    -1376.00000  1587436.31526
    -1372.00000  1587438.01709
    -1368.00000  1587439.71515
    -1364.00000  1587441.41011
    -1360.00000  1587443.10200
    -1356.00000  1587444.79465
    -1352.00000  1587446.48365
    -1348.00000  1587448.17356
    -1344.00000  1587449.85801
    -1340.00000  1587451.54070
    -1336.00000  1587453.22512
    -1332.00000  1587454.90258
    -1328.00000  1587456.58089
    -1324.00000  1587458.25879
    -1320.00000  1587459.92741
    -1316.00000  1587461.59620
    -1312.00000  1587463.26349
    -1308.00000  1587464.92956
    -1304.00000  1587466.59427
    -1300.00000  1587468.25461
    -1296.00000  1587469.91283
    -1292.00000  1587471.57412
    -1288.00000  1587473.22819
    -1284.00000  1587474.88739
    -1280.00000  1587476.53927
    -1276.00000  1587478.18671
    -1272.00000  1587479.83152
    -1268.00000  1587481.47751
    -1264.00000  1587483.12046
    -1260.00000  1587484.76176
    -1256.00000  1587486.40096
    -1252.00000  1587488.03650
    -1248.00000  1587489.67077
    -1244.00000  1587491.30423
    -1240.00000  1587492.92851
    -1236.00000  1587494.55544
    -1232.00000  1587496.18369
    -1228.00000  1587497.80323
    -1224.00000  1587499.42723
    -1220.00000  1587501.04610
    -1216.00000  1587502.66456
    -1212.00000  1587504.27987
    -1208.00000  1587505.89457
    -1204.00000  1587507.50185
    -1200.00000  1587509.10987
    -1196.00000  1587510.71377
    -1192.00000  1587512.31791
    -1188.00000  1587513.91846
    -1184.00000  1587515.51522
    -1180.00000  1587517.11031
    -1176.00000  1587518.70901
    -1172.00000  1587520.29902
    -1168.00000  1587521.88893
    -1164.00000  1587523.48022
    -1160.00000  1587525.06507
    -1156.00000  1587526.64923
    -1152.00000  1587528.22857
    -1148.00000  1587529.81019
    -1144.00000  1587531.38950
    -1140.00000  1587532.96457
    -1136.00000  1587534.53582
    -1132.00000  1587536.10684
    -1128.00000  1587537.67685
    -1124.00000  1587539.23912
    -1120.00000  1587540.80487
    -1116.00000  1587542.36437
    -1112.00000  1587543.92328
    -1108.00000  1587545.48067
    -1104.00000  1587547.03541
    -1100.00000  1587548.58792
    -1096.00000  1587550.13529
    -1092.00000  1587551.68298
    -1088.00000  1587553.23142
    -1084.00000  1587554.77104
    -1080.00000  1587556.30901
    -1076.00000  1587557.84607
    -1072.00000  1587559.38084
    -1068.00000  1587560.90929
    -1064.00000  1587562.43755
    -1060.00000  1587563.96777
    -1056.00000  1587565.49384
    -1052.00000  1587567.01450
    -1048.00000  1587568.53270
    -1044.00000  1587570.05073
    -1040.00000  1587571.56071
    -1036.00000  1587573.07118
    -1032.00000  1587574.57922
    -1028.00000  1587576.08423
    -1024.00000  1587577.58860
    -1020.00000  1587579.08625
    -1016.00000  1587580.58524
    -1012.00000  1587582.08238
    -1008.00000  1587583.57767
    -1004.00000  1587585.06507
    -1000.00000  1587586.55193
     -996.00000  1587588.03713
     -992.00000  1587589.51894
     -988.00000  1587590.99559
     -984.00000  1587592.47053
     -980.00000  1587593.94369
     -976.00000  1587595.41329
     -972.00000  1587596.87869
     -968.00000  1587598.34571
     -964.00000  1587599.80070
     -960.00000  1587601.25692
     -956.00000  1587602.71046
     -952.00000  1587604.15912
     -948.00000  1587605.60550
     -944.00000  1587607.04985
     -940.00000  1587608.49207
     -936.00000  1587609.92766
     -932.00000  1587611.36749
     -928.00000  1587612.79883
     -924.00000  1587614.22751
     -920.00000  1587615.65000
     -916.00000  1587617.07471
     -912.00000  1587618.49202
     -908.00000  1587619.90873
     -904.00000  1587621.31798
     -900.00000  1587622.72692
     -896.00000  1587624.13200
     -892.00000  1587625.53250
     -888.00000  1587626.93031
     -884.00000  1587628.32090
     -880.00000  1587629.71059
     -876.00000  1587631.09583
     -872.00000  1587632.47846
     -868.00000  1587633.85763
     -864.00000  1587635.23207
     -860.00000  1587636.60373
     -856.00000  1587637.96919
     -852.00000  1587639.33236
     -848.00000  1587640.69138
     -844.00000  1587642.04673
     -840.00000  1587643.39779
     -836.00000  1587644.74700
     -832.00000  1587646.09038
     -828.00000  1587647.43087
     -824.00000  1587648.76700
     -820.00000  1587650.09794
     -816.00000  1587651.42431
     -812.00000  1587652.74897
     -808.00000  1587654.06830
     -804.00000  1587655.38319
     -800.00000  1587656.69109
     -796.00000  1587657.99936
     -792.00000  1587659.30040
     -788.00000  1587660.59830
     -784.00000  1587661.89054
     -780.00000  1587663.17387
     -776.00000  1587664.45917
     -772.00000  1587665.73799
     -768.00000  1587667.01114
     -764.00000  1587668.28284
     -760.00000  1587669.54743
     -756.00000  1587670.80521
     -752.00000  1587672.06411
     -748.00000  1587673.31497
     -744.00000  1587674.56113
     -740.00000  1587675.80160
     -736.00000  1587677.03969
     -732.00000  1587678.27336
     -728.00000  1587679.50333
     -724.00000  1587680.72895
     -720.00000  1587681.94626
     -716.00000  1587683.16279
     -712.00000  1587684.37093
     -708.00000  1587685.57671
     -704.00000  1587686.77428
     -700.00000  1587687.96856
     -696.00000  1587689.15727
     -692.00000  1587690.34153
     -688.00000  1587691.52139
     -684.00000  1587692.69605
     -680.00000  1587693.86879
     -676.00000  1587695.03309
     -672.00000  1587696.19171
     -668.00000  1587697.34666
     -664.00000  1587698.49464
     -660.00000  1587699.63980
     -656.00000  1587700.77840
     -652.00000  1587701.91366
     -648.00000  1587703.04262
     -644.00000  1587704.16431
     -640.00000  1587705.28200
     -636.00000  1587706.39412
     -632.00000  1587707.50193
     -628.00000  1587708.60434
     -624.00000  1587709.70165
     -620.00000  1587710.79077
     -616.00000  1587711.87588
     -612.00000  1587712.95573
     -608.00000  1587714.02999
     -604.00000  1587715.09804
     -600.00000  1587716.15943
     -596.00000  1587717.21556
     -592.00000  1587718.26615
     -588.00000  1587719.31221
     -584.00000  1587720.35189
     -580.00000  1587721.38725
     -576.00000  1587722.41434
     -572.00000  1587723.43878
     -568.00000  1587724.45766
     -564.00000  1587725.46995
     -560.00000  1587726.47533
     -556.00000  1587727.47684
     -552.00000  1587728.47116
     -548.00000  1587729.45842
     -544.00000  1587730.44103
     -540.00000  1587731.41879
     -536.00000  1587732.39026
     -532.00000  1587733.35244
     -528.00000  1587734.31130
     -524.00000  1587735.26412
     -520.00000  1587736.21061
     -516.00000  1587737.15165
     -512.00000  1587738.08269
     -508.00000  1587739.01212
     -504.00000  1587739.93457
     -500.00000  1587740.84939
     -496.00000  1587741.76007
     -492.00000  1587742.66393
     -488.00000  1587743.56167
     -484.00000  1587744.45131
     -480.00000  1587745.33681
     -476.00000  1587746.21673
     -472.00000  1587747.08966
     -468.00000  1587747.95634
     -464.00000  1587748.81547
     -460.00000  1587749.66949
     -456.00000  1587750.51571
     -452.00000  1587751.35818
     -448.00000  1587752.19286
     -444.00000  1587753.02218
     -440.00000  1587753.84357
     -436.00000  1587754.65875
     -432.00000  1587755.46751
     -428.00000  1587756.26976
     -424.00000  1587757.06530
     -420.00000  1587757.85379
     -416.00000  1587758.63597
     -412.00000  1587759.41191
     -408.00000  1587760.18160
     -404.00000  1587760.94421
     -400.00000  1587761.69872
     -396.00000  1587762.44695
     -392.00000  1587763.18710
     -388.00000  1587763.92120
     -384.00000  1587764.65231
     -380.00000  1587765.37367
     -376.00000  1587766.08866
     -372.00000  1587766.79874
     -368.00000  1587767.49973
     -364.00000  1587768.19161
     -360.00000  1587768.87901
     -356.00000  1587769.56023
     -352.00000  1587770.23269
     -348.00000  1587770.89799
     -344.00000  1587771.55863
     -340.00000  1587772.21236
     -336.00000  1587772.85626
     -332.00000  1587773.49382
     -328.00000  1587774.12472
     -324.00000  1587774.74868
     -320.00000  1587775.36488
     -316.00000  1587775.97586
     -312.00000  1587776.57860
     -308.00000  1587777.17430
     -304.00000  1587777.76307
     -300.00000  1587778.34334
     -296.00000  1587778.91686
     -292.00000  1587779.48501
     -288.00000  1587780.04248
     -284.00000  1587780.59477
     -280.00000  1587781.13904
     -276.00000  1587781.67761
     -272.00000  1587782.20743
     -268.00000  1587782.73080
     -264.00000  1587783.24622
     -260.00000  1587783.75481
     -256.00000  1587784.25524
     -252.00000  1587784.74841
     -248.00000  1587785.23418
     -244.00000  1587785.71142
     -240.00000  1587786.18246
     -236.00000  1587786.64480
     -232.00000  1587787.10049
     -228.00000  1587787.54902
     -224.00000  1587787.98844
     -220.00000  1587788.42268
     -216.00000  1587788.84867
     -212.00000  1587789.26693
     -208.00000  1587789.67654
     -204.00000  1587790.07845
     -200.00000  1587790.47197
     -196.00000  1587790.86035
     -192.00000  1587791.23953
     -188.00000  1587791.61169
     -184.00000  1587791.97681
     -180.00000  1587792.33316
     -176.00000  1587792.68178
     -172.00000  1587793.02232
     -168.00000  1587793.35676
     -164.00000  1587793.68300
     -160.00000  1587794.00118
     -156.00000  1587794.31157
     -152.00000  1587794.61407
     -148.00000  1587794.90942
     -144.00000  1587795.19500
     -140.00000  1587795.47373
     -136.00000  1587795.74478
     -132.00000  1587796.00821
     -128.00000  1587796.26328
     -124.00000  1587796.51127
     -120.00000  1587796.75053
     -116.00000  1587796.98174
     -112.00000  1587797.20638
     -108.00000  1587797.42225
     -104.00000  1587797.62887
     -100.00000  1587797.82896
      -96.00000  1587798.02132
      -92.00000  1587798.20577
      -88.00000  1587798.38292
      -84.00000  1587798.55108
      -80.00000  1587798.71163
      -76.00000  1587798.86360
      -72.00000  1587799.00800
      -68.00000  1587799.14370
      -64.00000  1587799.27224
      -60.00000  1587799.39396
      -56.00000  1587799.50517
      -52.00000  1587799.60957
      -48.00000  1587799.70613
      -44.00000  1587799.79395
      -40.00000  1587799.87346
      -36.00000  1587799.94665
      -32.00000  1587800.01105
      -28.00000  1587800.06771
      -24.00000  1587800.11526
      -20.00000  1587800.15600
      -16.00000  1587800.18809
      -12.00000  1587800.21221
       -8.00000  1587800.22901
       -4.00000  1587800.23766
        0.00000  1587800.23728
        4.00000  1587800.22973
        8.00000  1587800.21233
       12.00000  1587800.18881
       16.00000  1587800.15615
       20.00000  1587800.11739
       24.00000  1587800.06994
       28.00000  1587800.01389
       32.00000  1587799.94975
       36.00000  1587799.87685
       40.00000  1587799.79656
       44.00000  1587799.70842
       48.00000  1587799.61229
       52.00000  1587799.50753
       56.00000  1587799.39494
       60.00000  1587799.27402
       64.00000  1587799.14665
       68.00000  1587799.01006
       72.00000  1587798.86670
       76.00000  1587798.71305
       80.00000  1587798.55242
       84.00000  1587798.38462
       88.00000  1587798.20877
       92.00000  1587798.02509
       96.00000  1587797.83264
      100.00000  1587797.63372
      104.00000  1587797.42684
      108.00000  1587797.21002
      112.00000  1587796.98720
      116.00000  1587796.75521
      120.00000  1587796.51598
      124.00000  1587796.26872
      128.00000  1587796.01395
      132.00000  1587795.75019
      136.00000  1587795.47857
      140.00000  1587795.20007
      144.00000  1587794.91221
      148.00000  1587794.61714
      152.00000  1587794.31505
      156.00000  1587794.00504
      160.00000  1587793.68624
      164.00000  1587793.36089
      168.00000  1587793.02758
      172.00000  1587792.68675
      176.00000  1587792.33678
      180.00000  1587791.98098
      184.00000  1587791.61470
      188.00000  1587791.24377
      192.00000  1587790.86330
      196.00000  1587790.47510
      200.00000  1587790.07913
      204.00000  1587789.67671
      208.00000  1587789.26497
      212.00000  1587788.84720
      216.00000  1587788.42221
      220.00000  1587787.98884
      224.00000  1587787.54617
      228.00000  1587787.09916
      232.00000  1587786.63996
      236.00000  1587786.17705
      240.00000  1587785.70569
      244.00000  1587785.22728
      248.00000  1587784.74121
      252.00000  1587784.24783
      256.00000  1587783.74598
      260.00000  1587783.23962
      264.00000  1587782.72392
      268.00000  1587782.20143
      272.00000  1587781.66972
      276.00000  1587781.13035
      280.00000  1587780.58459
      284.00000  1587780.03229
      288.00000  1587779.47096
      292.00000  1587778.90503
      296.00000  1587778.33024
      300.00000  1587777.74778
      304.00000  1587777.15790
      308.00000  1587776.56192
      312.00000  1587775.95920
      316.00000  1587775.34832
      320.00000  1587774.72934
      324.00000  1587774.10569
      328.00000  1587773.47415
      332.00000  1587772.83554
      336.00000  1587772.18874
      340.00000  1587771.53633
      344.00000  1587770.87577
      348.00000  1587770.20655
      352.00000  1587769.53243
      356.00000  1587768.85056
      360.00000  1587768.16114
      364.00000  1587767.46492
      368.00000  1587766.76267
      372.00000  1587766.05261
      376.00000  1587765.33627
      380.00000  1587764.61366
      384.00000  1587763.88372
      388.00000  1587763.14624
      392.00000  1587762.40406
      396.00000  1587761.65396
      400.00000  1587760.89732
      404.00000  1587760.13363
      408.00000  1587759.36307
      412.00000  1587758.58555
      416.00000  1587757.80153
      420.00000  1587757.01079
      424.00000  1587756.21224
      428.00000  1587755.40870
      432.00000  1587754.59714
      436.00000  1587753.78015
      440.00000  1587752.95595
      444.00000  1587752.12697
      448.00000  1587751.29005
      452.00000  1587750.44627
      456.00000  1587749.59518
      460.00000  1587748.74049
      464.00000  1587747.87719
      468.00000  1587747.00801
      472.00000  1587746.13361
      476.00000  1587745.25176
      480.00000  1587744.36505
      484.00000  1587743.47054
      488.00000  1587742.56963
      492.00000  1587741.66543
      496.00000  1587740.75093
      500.00000  1587739.83313
      504.00000  1587738.90652
      508.00000  1587737.97609
      512.00000  1587737.03839
      516.00000  1587736.09314
      520.00000  1587735.14430
      524.00000  1587734.19024
      528.00000  1587733.22840
      532.00000  1587732.26059
      536.00000  1587731.28608
      540.00000  1587730.30700
      544.00000  1587729.32147
      548.00000  1587728.32962
      552.00000  1587727.33212
      556.00000  1587726.32868
      560.00000  1587725.32027
      564.00000  1587724.30456
      568.00000  1587723.28372
      572.00000  1587722.25572
      576.00000  1587721.22358
      580.00000  1587720.18395
      584.00000  1587719.14146
      588.00000  1587718.09246
      592.00000  1587717.03615
      596.00000  1587715.97631
      600.00000  1587714.90889
      604.00000  1587713.83309
      608.00000  1587712.75674
      612.00000  1587711.67321
      616.00000  1587710.58500
      620.00000  1587709.48987
      624.00000  1587708.38990
      628.00000  1587707.28386
      632.00000  1587706.17440
      636.00000  1587705.05879
      640.00000  1587703.93711
      644.00000  1587702.80834
      648.00000  1587701.67429
      652.00000  1587700.53801
      656.00000  1587699.39618
      660.00000  1587698.24732
      664.00000  1587697.09238
      668.00000  1587695.93428
      672.00000  1587694.76903
      676.00000  1587693.59907
      680.00000  1587692.42347
      684.00000  1587691.24468
      688.00000  1587690.06018
      692.00000  1587688.87055
      696.00000  1587687.67804
      700.00000  1587686.47757
      704.00000  1587685.27344
      708.00000  1587684.06156
      712.00000  1587682.84778
      716.00000  1587681.62703
      720.00000  1587680.40405
      724.00000  1587679.17446
      728.00000  1587677.94034
      732.00000  1587676.70302
      736.00000  1587675.45670
      740.00000  1587674.20995
      744.00000  1587672.95537
      748.00000  1587671.69849
      752.00000  1587670.43852
      756.00000  1587669.17117
      760.00000  1587667.90004
      764.00000  1587666.62424
      768.00000  1587665.34286
      772.00000  1587664.05495
      776.00000  1587662.76492
      780.00000  1587661.47608
      784.00000  1587660.17664
      788.00000  1587658.87499
      792.00000  1587657.56612
      796.00000  1587656.25576
      800.00000  1587654.93713
      804.00000  1587653.61934
      808.00000  1587652.29541
      812.00000  1587650.96716
      816.00000  1587649.63450
      820.00000  1587648.29764
      824.00000  1587646.95765
      828.00000  1587645.61198
      832.00000  1587644.26341
      836.00000  1587642.91162
      840.00000  1587641.55593
      844.00000  1587640.19367
      848.00000  1587638.83064
      852.00000  1587637.46223
      856.00000  1587636.08938
      860.00000  1587634.71439
      864.00000  1587633.33420
      868.00000  1587631.94865
      872.00000  1587630.55964
      876.00000  1587629.16795
      880.00000  1587627.77166
      884.00000  1587626.37407
      888.00000  1587624.97061
      892.00000  1587623.56690
      896.00000  1587622.15251
      900.00000  1587620.73974
      904.00000  1587619.31731
      908.00000  1587617.90015
      912.00000  1587616.47779
      916.00000  1587615.04833
      920.00000  1587613.61656
      924.00000  1587612.18215
      928.00000  1587610.74688
      932.00000  1587609.30741
      936.00000  1587607.86591
      940.00000  1587606.41911
      944.00000  1587604.96936
      948.00000  1587603.51796
      952.00000  1587602.06319
      956.00000  1587600.60361
      960.00000  1587599.14207
      964.00000  1587597.67835
      968.00000  1587596.20941
      972.00000  1587594.73875
      976.00000  1587593.26530
      980.00000  1587591.78692
      984.00000  1587590.30728
      988.00000  1587588.82447
      992.00000  1587587.33991
      996.00000  1587585.85134
     1000.00000  1587584.36164
     1004.00000  1587582.86480
     1008.00000  1587581.36825
     1012.00000  1587579.86849
     1016.00000  1587578.36395
     1020.00000  1587576.85984
     1024.00000  1587575.35237
     1028.00000  1587573.83994
     1032.00000  1587572.32746
     1036.00000  1587570.81419
     1040.00000  1587569.29452
     1044.00000  1587567.77187
     1048.00000  1587566.24992
     1052.00000  1587564.72052
     1056.00000  1587563.19158
     1060.00000  1587561.65820
     1064.00000  1587560.12385
     1068.00000  1587558.58701
     1072.00000  1587557.05015
     1076.00000  1587555.50656
     1080.00000  1587553.96508
     1084.00000  1587552.41760
     1088.00000  1587550.86980
     1092.00000  1587549.31533
     1096.00000  1587547.76168
     1100.00000  1587546.20385
     1104.00000  1587544.64294
     1108.00000  1587543.08276
     1112.00000  1587541.51849
     1116.00000  1587539.95391
     1120.00000  1587538.38324
     1124.00000  1587536.81098
     1128.00000  1587535.23822
     1132.00000  1587533.66026
     1136.00000  1587532.07885
     1140.00000  1587530.50427
     1144.00000  1587528.91949
     1148.00000  1587527.33885
     1152.00000  1587525.74861
     1156.00000  1587524.15820
     1160.00000  1587522.56945
     1164.00000  1587520.97550
     1168.00000  1587519.37955
     1172.00000  1587517.77847
     1176.00000  1587516.17840
     1180.00000  1587514.57587
     1184.00000  1587512.97309
     1188.00000  1587511.36247
     1192.00000  1587509.74887
     1196.00000  1587508.14073
     1200.00000  1587506.52311
     1204.00000  1587504.91122
     1208.00000  1587503.29153
     1212.00000  1587501.67250
     1216.00000  1587500.05447
     1220.00000  1587498.43030
     1224.00000  1587496.80260
     1228.00000  1587495.17513
     1232.00000  1587493.54945
     1236.00000  1587491.91407
     1240.00000  1587490.28018
     1244.00000  1587488.64177
     1248.00000  1587487.00663
     1252.00000  1587485.36312
     1256.00000  1587483.71777
     1260.00000  1587482.07136
     1264.00000  1587480.42291
     1268.00000  1587478.77361
     1272.00000  1587477.12087
     1276.00000  1587475.46461
     1280.00000  1587473.81314
     1284.00000  1587472.15546
     1288.00000  1587470.49484
     1292.00000  1587468.83558
     1296.00000  1587467.17044
     1300.00000  1587465.50544
     1304.00000  1587463.83586
     1308.00000  1587462.16547
     1312.00000  1587460.49077
     1316.00000  1587458.81490
     1320.00000  1587457.13956
     1324.00000  1587455.45954
     1328.00000  1587453.77644
     1332.00000  1587452.09611
     1336.00000  1587450.41360
     1340.00000  1587448.72718
     1344.00000  1587447.03856
     1348.00000  1587445.34623
     1352.00000  1587443.65263
     1356.00000  1587441.95566
     1360.00000  1587440.25823
     1364.00000  1587438.55550
     1368.00000  1587436.85748
     1372.00000  1587435.15196
     1376.00000  1587433.44601
     1380.00000  1587431.73707
     1384.00000  1587430.03094
     1388.00000  1587428.32082
     1392.00000  1587426.60842
     1396.00000  1587424.89278
     1400.00000  1587423.17881
     1404.00000  1587421.46465
     1408.00000  1587419.74070
     1412.00000  1587418.02164
     1416.00000  1587416.29593
     1420.00000  1587414.57044
     1424.00000  1587412.83640
     1428.00000  1587411.10971
     1432.00000  1587409.37514
     1436.00000  1587407.64294
     1440.00000  1587405.90303
     1444.00000  1587404.16545
     1448.00000  1587402.42324
     1452.00000  1587400.67962
     1456.00000  1587398.93944
     1460.00000  1587397.19357
     1464.00000  1587395.44649
     1468.00000  1587393.68833
     1472.00000  1587391.93574
     1476.00000  1587390.17663
     1480.00000  1587388.41984
     1484.00000  1587386.66157
     1488.00000  1587384.90054
     1492.00000  1587383.13599
     1496.00000  1587381.36961
     1500.00000  1587379.60042
     1504.00000  1587377.83481
     1508.00000  1587376.05889
     1512.00000  1587374.28792
     1516.00000  1587372.51167
     1520.00000  1587370.73468
     1524.00000  1587368.95275
     1528.00000  1587367.17129
     1532.00000  1587365.38272
     1536.00000  1587363.58946
     1540.00000  1587361.80276
     1544.00000  1587360.00820
     1548.00000  1587358.21832
     1552.00000  1587356.41421
     1556.00000  1587354.61402
     1560.00000  1587352.81053
     1564.00000  1587351.01226
     1568.00000  1587349.20510
     1572.00000  1587347.39071
     1576.00000  1587345.58616
     1580.00000  1587343.77361
     1584.00000  1587341.95824
     1588.00000  1587340.13818
     1592.00000  1587338.31583
     1596.00000  1587336.49378
     1600.00000  1587334.66247
     1604.00000  1587332.83394
     1608.00000  1587331.00372
     1612.00000  1587329.16596
     1616.00000  1587327.33208
     1620.00000  1587325.49381
     1624.00000  1587323.64959
     1628.00000  1587321.80874
     1632.00000  1587319.95664
     1636.00000  1587318.09982
     1640.00000  1587316.24593
     1644.00000  1587314.38329
     1648.00000  1587312.52636
     1652.00000  1587310.65120
     1656.00000  1587308.78266
     1660.00000  1587306.90879
     1664.00000  1587305.02852
     1668.00000  1587303.15016
     1672.00000  1587301.26649
     1676.00000  1587299.37137
     1680.00000  1587297.46719
     1684.00000  1587295.57015
     1688.00000  1587293.67008
     1692.00000  1587291.76362
     1696.00000  1587289.85256
     1700.00000  1587287.93624
     1704.00000  1587286.01630
     1708.00000  1587284.09071
     1712.00000  1587282.16688
     1716.00000  1587280.22396
     1720.00000  1587278.29308
     1724.00000  1587276.35171
     1728.00000  1587274.40988
     1732.00000  1587272.45333
     1736.00000  1587270.50246
     1740.00000  1587268.53946
     1744.00000  1587266.58474
     1748.00000  1587264.61560
     1752.00000  1587262.63629
     1756.00000  1587260.65462
     1760.00000  1587258.67271
     1764.00000  1587256.66639
     1768.00000  1587254.66754
     1772.00000  1587252.66365
     1776.00000  1587250.65082
     1780.00000  1587248.63864
     1784.00000  1587246.61469
     1788.00000  1587244.57953
     1792.00000  1587242.54805
     1796.00000  1587240.49685
     1800.00000  1587238.44207
     1804.00000  1587236.39392
     1808.00000  1587234.33209
     1812.00000  1587232.25313
     1816.00000  1587230.17437
     1820.00000  1587228.07756
     1824.00000  1587225.98396
     1828.00000  1587223.88060
     1832.00000  1587221.75849
     1836.00000  1587219.63187
     1840.00000  1587217.49702
     1844.00000  1587215.35181
     1848.00000  1587213.21422
     1852.00000  1587211.06655
     1856.00000  1587208.87051
     1860.00000  1587206.69710
     1864.00000  1587204.53236
     1868.00000  1587202.32639
     1872.00000  1587200.07216
     1876.00000  1587197.87292
     1880.00000  1587195.69188
     1884.00000  1587193.41483
     1888.00000  1587191.08234
     1892.00000  1587188.88791
     1896.00000  1587186.67418
     1900.00000  1587184.20165
     1904.00000  1587181.87065
     1908.00000  1587179.79636
     1912.00000  1587177.41265
     1916.00000  1587174.61962
     1920.00000  1587172.54093
     1924.00000  1587170.43269
     1928.00000  1587167.75409
     1932.00000  1587164.50546
     1936.00000  1587163.09155
     1940.00000  1587160.70238
     1944.00000  1587157.49584
     1948.00000  1587153.64895
     1952.00000  1587153.40517
     1956.00000  1587150.35885
     1960.00000  1587146.40304
     1964.00000  1587141.49581
     1968.00000  1587143.16370
     1972.00000  1587139.05385
     1976.00000  1587133.54980
     1980.00000        1.00000
     1984.00000  1587132.04304
     1988.00000        1.00000
     1992.00000        1.00000
     1996.00000        1.00000
     2000.00000  1587119.92252
