# 
#        You have called the 
# 
#             ---------
#             | UNCLE |
#             ---------
# 
# 
# 
#   Today's menu is:
#
#   10 - generate clusters only                                                                         
#   11 - generate clusters, write cluster representatives and calculate correlations for input.         
#   12 - Do all of 11 and then make a fit                                                               
#   13 - Predict energy of input structures using J.1.out                                               
#   14 - Minkowski reduce a cell in POSCAR                                                              
#   15 - Fit using Bayesian Compressive Sensing                                                         
#   16 - Write a J.out file                                                                             
#   17 - Write a structures.in file with toy energies and random noise added to them.                   
#
#   20 - Enumerate superstructures of a given parent lattice: generate struct_enum.out                  
#   21 - Calculate energies for all structures in struct_enum.out                                       
#   22 - Print structures specified in structpred.in                                                    
#   23 - Write multilattice d-vector occupancy for struct_enum.out                                      
#
#   30 - Perform MC simulation                                                                          
#   31 - Evaluate and print sub-planes of the MC-cell (*.pov file and (x,y,z) *.dat file)               
#   32 - calculate Warren-Cowley SRO parameters                                                         
#   33 - calculate correlations for MCcell and structures.in                                            
#
#   40 - Perform metadynamics simulation                                                                
#   41 - Perform Wang-Landau simulation                                                                 
#   42 - Select i.i.d structures from struct_enum.out                                                   
#

Running in mode: 30 - Perform MC simulation                                                                          
Reading lattice definition from lat.in
 
           0 references
================================================================================
Setting up MC cell:
. finding site equivalencies
. determine spin mapping
. vanilla site setup
. populating sites (this may take some time, see progress bar)
 rnd(): seed =       -24508
 
| 0% --------------------|------------------ 100% |
......... done.
 
Target concentrations: 
CE #  1     spin:  -1     concentration:  0.500
CE #  1     spin:   1     concentration:  0.500
 
. checking if concentrations are correct
. summary:
  MC cell size:          10 x 10 x 10                  
  Final # of each type:              500             500
  Total number of atoms:            1000
setup finished.
================================================================================
 read in clusters!
Generating MC clusters.
 PIZZA
 
Setting up basis functions for a rank  2 cluster expansion:
 recursing Gram-polynomial of order            1 in rank           2 !
     chebychev(-1, 1)= -1.000000
 recursing Gram-polynomial of order            1 in rank           2 !
     chebychev( 1, 1)=  1.000000
 
 WARNING: tried to initialize a tracker without a clustertrack.in file, or the t
 racker was already initialized.
starting simulated annealing at T =      1.0000 K
 Calculating energy of total cell.
 For large cells >100,000 atoms this may take a few minutes.
 Energy of total cell:  1.800000000000000E-002
 
Maximum extent of any figure in g-space:   4
Dependency box size length:                1    1    1
 random_number(): seed =    574245114   574245151
 
_________________________________________________________________________________
                                                       temperature step #     0
T     =      1.0
 
Start Energy @ T=     1.0 =    0.18000000000E-01
Averaging over at least      1.00E+07 steps
Energy converged if change in avg energy is < 0.030000
Number of dependency lists:    1
 
             MC steps |        <E>/eV |       d<E>/eV |               E/eV |   t_fd/s | t_pl/s | t_sw/s | t_mu/s |       steps/s |
        --------------------------------------------------------------------------------------------------------------------------
speed info:    100000             N/A             N/A                  N/A       0.86     0.13     0.46     0.00         68822.8
+10.0M       10000000       -0.867647       -0.867647       -0.85800000000      86.65    13.57    46.43     0.00         68189.2
+10.0M       20000000       -0.872323       -0.004675       -0.89600000000      86.79    13.55    46.44     0.00         68132.4
        avg energy converged...
        --------------------------------------------------------------------------------------------------------------------------
        Average list 0 size:          1 entries
                 Total time:     851.45 s
                                 173.43 s (20.4%) for filling dependency lists
                                  27.12 s ( 3.2%) for parallel loop
              Average speed:   23489.23 steps/s
  
Writing MCcell0000000.out... done. (   0.0 s)
 
_________________________________________________________________________________
                                                       temperature step #     1
T     =      1.1
 
Start Energy @ T=     1.1 =   -0.89600000000    
Averaging over at least      1.00E+07 steps
Energy converged if change in avg energy is < 0.030000
Number of dependency lists:    1
 
             MC steps |        <E>/eV |       d<E>/eV |               E/eV |   t_fd/s | t_pl/s | t_sw/s | t_mu/s |       steps/s |
        --------------------------------------------------------------------------------------------------------------------------
speed info:    100000             N/A             N/A                  N/A       0.87     0.14     0.38     0.00         72179.8
+10.0M       10000000       -0.777866       -0.777866       -0.76600000000      86.86    13.58    38.30     0.00         72075.2
+10.0M       20000000       -0.778815       -0.000950       -0.84800000000      87.03    13.59    38.35     0.00         71963.1
        avg energy converged...
        --------------------------------------------------------------------------------------------------------------------------
        Average list 0 size:          1 entries
                 Total time:     836.10 s
                                 173.89 s (20.8%) for filling dependency lists
                                  27.17 s ( 3.2%) for parallel loop
              Average speed:   23920.64 steps/s
  
Writing MCcell0000001.out... done. (   0.0 s)
 
_________________________________________________________________________________
                                                       temperature step #     2
T     =      1.2
 
Start Energy @ T=     1.2 =   -0.84800000000    
Averaging over at least      1.00E+07 steps
Energy converged if change in avg energy is < 0.030000
Number of dependency lists:    1
 
             MC steps |        <E>/eV |       d<E>/eV |               E/eV |   t_fd/s | t_pl/s | t_sw/s | t_mu/s |       steps/s |
        --------------------------------------------------------------------------------------------------------------------------
speed info:    100000             N/A             N/A                  N/A       0.86     0.14     0.46     0.00         68598.2
+10.0M       10000000       -0.659692       -0.659692       -0.71800000000      86.90    13.74    46.80     0.00         67822.7
+10.0M       20000000       -0.652118        0.007574       -0.59200000000      86.96    13.74    46.79     0.00         67800.5
        avg energy converged...
        --------------------------------------------------------------------------------------------------------------------------
        Average list 0 size:          1 entries
                 Total time:     853.19 s
                                 173.86 s (20.4%) for filling dependency lists
                                  27.48 s ( 3.2%) for parallel loop
              Average speed:   23441.43 steps/s
  
Writing MCcell0000002.out... done. (   0.0 s)
 
_________________________________________________________________________________
                                                       temperature step #     3
T     =      1.3
 
Start Energy @ T=     1.3 =   -0.59200000000    
Averaging over at least      1.00E+07 steps
Energy converged if change in avg energy is < 0.030000
Number of dependency lists:    1
 
             MC steps |        <E>/eV |       d<E>/eV |               E/eV |   t_fd/s | t_pl/s | t_sw/s | t_mu/s |       steps/s |
        --------------------------------------------------------------------------------------------------------------------------
speed info:    100000             N/A             N/A                  N/A       0.87     0.14     0.63     0.00         61018.0
+10.0M       10000000       -0.542479       -0.542479       -0.45400000000      87.04    13.60    62.50     0.00         61297.7
+10.0M       20000000       -0.542938       -0.000459       -0.54800000000      86.82    13.56    62.37     0.00         61443.6
        avg energy converged...
        --------------------------------------------------------------------------------------------------------------------------
        Average list 0 size:          1 entries
                 Total time:     885.24 s
                                 173.86 s (19.6%) for filling dependency lists
                                  27.16 s ( 3.1%) for parallel loop
              Average speed:   22592.73 steps/s
  
Writing MCcell0000003.out... done. (   0.0 s)
 
_________________________________________________________________________________
                                                       temperature step #     4
T     =      1.4
 
Start Energy @ T=     1.4 =   -0.54800000000    
Averaging over at least      1.00E+07 steps
Energy converged if change in avg energy is < 0.030000
Number of dependency lists:    1
 
             MC steps |        <E>/eV |       d<E>/eV |               E/eV |   t_fd/s | t_pl/s | t_sw/s | t_mu/s |       steps/s |
        --------------------------------------------------------------------------------------------------------------------------
speed info:    100000             N/A             N/A                  N/A       0.88     0.14     0.68     0.00         59155.6
+10.0M       10000000       -0.467077       -0.467077       -0.48000000000      86.98    13.55    66.85     0.00         59743.3
+10.0M       20000000       -0.464916        0.002161       -0.47600000000      86.95    13.56    66.84     0.00         59756.5
        avg energy converged...
        --------------------------------------------------------------------------------------------------------------------------
        Average list 0 size:          1 entries
                 Total time:     893.69 s
                                 173.93 s (19.5%) for filling dependency lists
                                  27.11 s ( 3.0%) for parallel loop
              Average speed:   22379.18 steps/s
  
Writing MCcell0000004.out... done. (   0.0 s)
 
_________________________________________________________________________________
                                                       temperature step #     5
T     =      1.5
 
Start Energy @ T=     1.5 =   -0.47600000000    
Averaging over at least      1.00E+07 steps
Energy converged if change in avg energy is < 0.030000
Number of dependency lists:    1
 
             MC steps |        <E>/eV |       d<E>/eV |               E/eV |   t_fd/s | t_pl/s | t_sw/s | t_mu/s |       steps/s |
        --------------------------------------------------------------------------------------------------------------------------
speed info:    100000             N/A             N/A                  N/A       0.87     0.14     0.63     0.00         61162.6
+10.0M       10000000       -0.413369       -0.413369       -0.39400000000      86.66    13.52    62.21     0.00         61578.8
+10.0M       20000000       -0.414559       -0.001190       -0.41400000000      86.55    13.51    62.14     0.00         61651.3
        avg energy converged...
        --------------------------------------------------------------------------------------------------------------------------
        Average list 0 size:          1 entries
                 Total time:     882.35 s
                                 173.21 s (19.6%) for filling dependency lists
                                  27.03 s ( 3.1%) for parallel loop
              Average speed:   22666.84 steps/s
  
Writing MCcell0000005.out... done. (   0.0 s)
 
_________________________________________________________________________________
                                                       temperature step #     6
T     =      1.6
 
Start Energy @ T=     1.6 =   -0.41400000000    
Averaging over at least      1.00E+07 steps
Energy converged if change in avg energy is < 0.030000
Number of dependency lists:    1
 
             MC steps |        <E>/eV |       d<E>/eV |               E/eV |   t_fd/s | t_pl/s | t_sw/s | t_mu/s |       steps/s |
        --------------------------------------------------------------------------------------------------------------------------
speed info:    100000             N/A             N/A                  N/A       0.87     0.13     0.38     0.00         72175.5
+10.0M       10000000       -0.375059       -0.375059       -0.42200000000      86.77    13.54    38.27     0.00         72161.9
+10.0M       20000000       -0.374468        0.000591       -0.44600000000      86.65    13.53    38.20     0.00         72262.7
        avg energy converged...
        --------------------------------------------------------------------------------------------------------------------------
        Average list 0 size:          1 entries
                 Total time:     835.12 s
                                 173.43 s (20.8%) for filling dependency lists
                                  27.07 s ( 3.2%) for parallel loop
              Average speed:   23948.78 steps/s
  
Writing MCcell0000006.out... done. (   0.0 s)
 
_________________________________________________________________________________
                                                       temperature step #     7
T     =      1.7
 
Start Energy @ T=     1.7 =   -0.44600000000    
Averaging over at least      1.00E+07 steps
Energy converged if change in avg energy is < 0.030000
Number of dependency lists:    1
 
             MC steps |        <E>/eV |       d<E>/eV |               E/eV |   t_fd/s | t_pl/s | t_sw/s | t_mu/s |       steps/s |
        --------------------------------------------------------------------------------------------------------------------------
speed info:    100000             N/A             N/A                  N/A       0.86     0.13     0.46     0.00         68371.9
+10.0M       10000000       -0.345324       -0.345324       -0.33400000000      86.92    13.53    46.74     0.00         67939.9
+10.0M       20000000       -0.345656       -0.000332       -0.38400000000      87.04    13.56    46.82     0.00         67831.4
        avg energy converged...
        --------------------------------------------------------------------------------------------------------------------------
        Average list 0 size:          1 entries
                 Total time:     854.03 s
                                 173.96 s (20.4%) for filling dependency lists
                                  27.09 s ( 3.2%) for parallel loop
              Average speed:   23418.44 steps/s
  
Writing MCcell0000007.out... done. (   0.0 s)
 
_________________________________________________________________________________
                                                       temperature step #     8
T     =      1.8
 
Start Energy @ T=     1.8 =   -0.38400000000    
Averaging over at least      1.00E+07 steps
Energy converged if change in avg energy is < 0.030000
Number of dependency lists:    1
 
             MC steps |        <E>/eV |       d<E>/eV |               E/eV |   t_fd/s | t_pl/s | t_sw/s | t_mu/s |       steps/s |
        --------------------------------------------------------------------------------------------------------------------------
speed info:    100000             N/A             N/A                  N/A       0.87     0.14     0.68     0.00         59467.5
+10.0M       10000000       -0.319049       -0.319049       -0.33400000000      86.73    13.55    67.76     0.00         59510.3
+10.0M       20000000       -0.318702        0.000347       -0.28600000000      86.74    13.53    67.75     0.00         59517.9
        avg energy converged...
        --------------------------------------------------------------------------------------------------------------------------
        Average list 0 size:          1 entries
                 Total time:     894.21 s
                                 173.46 s (19.4%) for filling dependency lists
                                  27.09 s ( 3.0%) for parallel loop
              Average speed:   22366.00 steps/s
  
Writing MCcell0000008.out... done. (   0.0 s)
 
_________________________________________________________________________________
                                                       temperature step #     9
T     =      1.9
 
Start Energy @ T=     1.9 =   -0.28600000000    
Averaging over at least      1.00E+07 steps
Energy converged if change in avg energy is < 0.030000
Number of dependency lists:    1
 
             MC steps |        <E>/eV |       d<E>/eV |               E/eV |   t_fd/s | t_pl/s | t_sw/s | t_mu/s |       steps/s |
        --------------------------------------------------------------------------------------------------------------------------
speed info:    100000             N/A             N/A                  N/A       0.87     0.14     0.67     0.00         59566.9
+10.0M       10000000       -0.297864       -0.297864       -0.28200000000      86.77    13.54    66.53     0.00         59936.3
+10.0M       20000000       -0.298229       -0.000365       -0.26200000000      86.67    13.51    66.45     0.00         60011.2
        avg energy converged...
        --------------------------------------------------------------------------------------------------------------------------
        Average list 0 size:          1 entries
                 Total time:     891.01 s
                                 173.44 s (19.5%) for filling dependency lists
                                  27.05 s ( 3.0%) for parallel loop
              Average speed:   22446.47 steps/s
  
Writing MCcell0000009.out... done. (   0.0 s)
 
_________________________________________________________________________________
                                                       temperature step #    10
T     =      2.0
 
Start Energy @ T=     2.0 =   -0.26200000000    
Averaging over at least      1.00E+07 steps
Energy converged if change in avg energy is < 0.030000
Number of dependency lists:    1
 
             MC steps |        <E>/eV |       d<E>/eV |               E/eV |   t_fd/s | t_pl/s | t_sw/s | t_mu/s |       steps/s |
        --------------------------------------------------------------------------------------------------------------------------
speed info:    100000             N/A             N/A                  N/A       0.87     0.13     0.46     0.00         68333.7
+10.0M       10000000       -0.279652       -0.279652       -0.26800000000      86.40    13.44    46.27     0.00         68439.1
+10.0M       20000000       -0.279937       -0.000285       -0.31200000000      86.53    13.48    46.36     0.00         68322.5
        avg energy converged...
        --------------------------------------------------------------------------------------------------------------------------
        Average list 0 size:          1 entries
                 Total time:     848.23 s
                                 172.93 s (20.4%) for filling dependency lists
                                  26.92 s ( 3.2%) for parallel loop
              Average speed:   23578.62 steps/s
  
Writing MCcell0000010.out... done. (   0.0 s)
 
_________________________________________________________________________________
                                                       temperature step #    11
T     =      2.1
 
Start Energy @ T=     2.1 =   -0.31200000000    
Averaging over at least      1.00E+07 steps
Energy converged if change in avg energy is < 0.030000
Number of dependency lists:    1
 
             MC steps |        <E>/eV |       d<E>/eV |               E/eV |   t_fd/s | t_pl/s | t_sw/s | t_mu/s |       steps/s |
        --------------------------------------------------------------------------------------------------------------------------
speed info:    100000             N/A             N/A                  N/A       0.87     0.14     0.38     0.00         72054.9
+10.0M       10000000       -0.263984       -0.263984       -0.24600000000      86.76    13.49    38.24     0.00         72210.7
+10.0M       20000000       -0.264071       -0.000087       -0.25000000000      86.30    13.43    38.04     0.00         72586.8
        avg energy converged...
        --------------------------------------------------------------------------------------------------------------------------
        Average list 0 size:          1 entries
                 Total time:     832.78 s
                                 173.06 s (20.8%) for filling dependency lists
                                  26.92 s ( 3.2%) for parallel loop
              Average speed:   24016.09 steps/s
  
Writing MCcell0000011.out... done. (   0.0 s)
 
_________________________________________________________________________________
                                                       temperature step #    12
T     =      2.2
 
Start Energy @ T=     2.2 =   -0.25000000000    
Averaging over at least      1.00E+07 steps
Energy converged if change in avg energy is < 0.030000
Number of dependency lists:    1
 
             MC steps |        <E>/eV |       d<E>/eV |               E/eV |   t_fd/s | t_pl/s | t_sw/s | t_mu/s |       steps/s |
        --------------------------------------------------------------------------------------------------------------------------
speed info:    100000             N/A             N/A                  N/A       0.88     0.14     0.69     0.00         58899.5
+10.0M       10000000       -0.249485       -0.249485       -0.24600000000      86.55    13.51    67.79     0.00         59577.4
+10.0M       20000000       -0.249087        0.000398       -0.27800000000      86.57    13.51    67.83     0.00         59555.7
        avg energy converged...
        --------------------------------------------------------------------------------------------------------------------------
        Average list 0 size:          1 entries
                 Total time:     892.39 s
                                 173.12 s (19.4%) for filling dependency lists
                                  27.02 s ( 3.0%) for parallel loop
              Average speed:   22411.73 steps/s
  
Writing MCcell0000012.out... done. (   0.0 s)
 
_________________________________________________________________________________
                                                       temperature step #    13
T     =      2.3
 
Start Energy @ T=     2.3 =   -0.27800000000    
Averaging over at least      1.00E+07 steps
Energy converged if change in avg energy is < 0.030000
Number of dependency lists:    1
 
             MC steps |        <E>/eV |       d<E>/eV |               E/eV |   t_fd/s | t_pl/s | t_sw/s | t_mu/s |       steps/s |
        --------------------------------------------------------------------------------------------------------------------------
speed info:    100000             N/A             N/A                  N/A       0.86     0.13     0.62     0.00         62038.2
+10.0M       10000000       -0.236761       -0.236761       -0.26400000000      86.61    13.50    62.53     0.00         61485.0
+10.0M       20000000       -0.236465        0.000296       -0.24000000000      86.42    13.47    62.38     0.00         61625.9
        avg energy converged...
        --------------------------------------------------------------------------------------------------------------------------
        Average list 0 size:          1 entries
                 Total time:     881.59 s
                                 173.03 s (19.6%) for filling dependency lists
                                  26.97 s ( 3.1%) for parallel loop
              Average speed:   22686.17 steps/s
  
Writing MCcell0000013.out... done. (   0.0 s)
 
_________________________________________________________________________________
                                                       temperature step #    14
T     =      2.4
 
Start Energy @ T=     2.4 =   -0.24000000000    
Averaging over at least      1.00E+07 steps
Energy converged if change in avg energy is < 0.030000
Number of dependency lists:    1
 
             MC steps |        <E>/eV |       d<E>/eV |               E/eV |   t_fd/s | t_pl/s | t_sw/s | t_mu/s |       steps/s |
        --------------------------------------------------------------------------------------------------------------------------
speed info:    100000             N/A             N/A                  N/A       0.88     0.14     0.39     0.00         71324.0
+10.0M       10000000       -0.224759       -0.224759       -0.22600000000      86.38    13.56    38.47     0.00         72247.5
+10.0M       20000000       -0.225430       -0.000671       -0.27800000000      86.95    13.64    38.72     0.00         71779.9
        avg energy converged...
        --------------------------------------------------------------------------------------------------------------------------
        Average list 0 size:          1 entries
                 Total time:     833.89 s
                                 173.34 s (20.8%) for filling dependency lists
                                  27.20 s ( 3.3%) for parallel loop
              Average speed:   23984.09 steps/s
  
Writing MCcell0000014.out... done. (   0.0 s)
 
_________________________________________________________________________________
                                                       temperature step #    15
T     =      2.5
 
Start Energy @ T=     2.5 =   -0.27800000000    
Averaging over at least      1.00E+07 steps
Energy converged if change in avg energy is < 0.030000
Number of dependency lists:    1
 
             MC steps |        <E>/eV |       d<E>/eV |               E/eV |   t_fd/s | t_pl/s | t_sw/s | t_mu/s |       steps/s |
        --------------------------------------------------------------------------------------------------------------------------
speed info:    100000             N/A             N/A                  N/A       0.86     0.14     0.48     0.00         67861.0
+10.0M       10000000       -0.215269       -0.215269       -0.24400000000      86.68    13.78    48.07     0.00         67326.0
+10.0M       20000000       -0.215075        0.000194       -0.21000000000      86.78    13.79    48.09     0.00         67262.8
        avg energy converged...
        --------------------------------------------------------------------------------------------------------------------------
        Average list 0 size:          1 entries
                 Total time:     854.28 s
                                 173.47 s (20.3%) for filling dependency lists
                                  27.57 s ( 3.2%) for parallel loop
              Average speed:   23411.45 steps/s
  
Writing MCcell0000015.out... done. (   0.0 s)
 
_________________________________________________________________________________
                                                       temperature step #    16
T     =      2.6
 
Start Energy @ T=     2.6 =   -0.21000000000    
Averaging over at least      1.00E+07 steps
Energy converged if change in avg energy is < 0.030000
Number of dependency lists:    1
 
             MC steps |        <E>/eV |       d<E>/eV |               E/eV |   t_fd/s | t_pl/s | t_sw/s | t_mu/s |       steps/s |
        --------------------------------------------------------------------------------------------------------------------------
speed info:    100000             N/A             N/A                  N/A       0.93     0.14     0.68     0.00         57079.5
+10.0M       10000000       -0.206012       -0.206012       -0.21800000000      92.19    13.50    67.41     0.00         57772.3
+10.0M       20000000       -0.205246        0.000766       -0.17800000000      92.19    13.49    67.41     0.00         57771.3
        avg energy converged...
        --------------------------------------------------------------------------------------------------------------------------
        Average list 0 size:          1 entries
                 Total time:     902.69 s
                                 184.38 s (20.4%) for filling dependency lists
                                  26.99 s ( 3.0%) for parallel loop
              Average speed:   22155.99 steps/s
  
Writing MCcell0000016.out... done. (   0.0 s)
 
_________________________________________________________________________________
                                                       temperature step #    17
T     =      2.7
 
Start Energy @ T=     2.7 =   -0.17800000000    
Averaging over at least      1.00E+07 steps
Energy converged if change in avg energy is < 0.030000
Number of dependency lists:    1
 
             MC steps |        <E>/eV |       d<E>/eV |               E/eV |   t_fd/s | t_pl/s | t_sw/s | t_mu/s |       steps/s |
        --------------------------------------------------------------------------------------------------------------------------
speed info:    100000             N/A             N/A                  N/A       0.87     0.14     0.62     0.00         61451.7
+10.0M       10000000       -0.197046       -0.197046       -0.19600000000      86.53    13.48    62.25     0.00         61630.0
+10.0M       20000000       -0.197609       -0.000564       -0.18000000000      86.78    13.51    62.43     0.00         61453.6
        avg energy converged...
        --------------------------------------------------------------------------------------------------------------------------
        Average list 0 size:          1 entries
                 Total time:     882.44 s
                                 173.31 s (19.6%) for filling dependency lists
                                  26.99 s ( 3.1%) for parallel loop
              Average speed:   22664.40 steps/s
  
Writing MCcell0000017.out... done. (   0.0 s)
 
_________________________________________________________________________________
                                                       temperature step #    18
T     =      2.8
 
Start Energy @ T=     2.8 =   -0.18000000000    
Averaging over at least      1.00E+07 steps
Energy converged if change in avg energy is < 0.030000
Number of dependency lists:    1
 
             MC steps |        <E>/eV |       d<E>/eV |               E/eV |   t_fd/s | t_pl/s | t_sw/s | t_mu/s |       steps/s |
        --------------------------------------------------------------------------------------------------------------------------
speed info:    100000             N/A             N/A                  N/A       0.86     0.13     0.39     0.00         72048.4
+10.0M       10000000       -0.189751       -0.189751       -0.20800000000      86.28    13.42    39.56     0.00         71806.7
+10.0M       20000000       -0.188976        0.000775       -0.17400000000      86.42    13.45    39.62     0.00         71691.6
        avg energy converged...
        --------------------------------------------------------------------------------------------------------------------------
        Average list 0 size:          1 entries
                 Total time:     834.08 s
                                 172.70 s (20.7%) for filling dependency lists
                                  26.87 s ( 3.2%) for parallel loop
              Average speed:   23978.55 steps/s
  
Writing MCcell0000018.out... done. (   0.0 s)
 
_________________________________________________________________________________
                                                       temperature step #    19
T     =      2.9
 
Start Energy @ T=     2.9 =   -0.17400000000    
Averaging over at least      1.00E+07 steps
Energy converged if change in avg energy is < 0.030000
Number of dependency lists:    1
 
             MC steps |        <E>/eV |       d<E>/eV |               E/eV |   t_fd/s | t_pl/s | t_sw/s | t_mu/s |       steps/s |
        --------------------------------------------------------------------------------------------------------------------------
speed info:    100000             N/A             N/A                  N/A       0.86     0.13     0.46     0.00         68880.3
+10.0M       10000000       -0.182151       -0.182151       -0.16600000000      86.35    13.49    46.29     0.00         68433.0
+10.0M       20000000       -0.182347       -0.000197       -0.17400000000      86.23    13.46    46.22     0.00         68531.5
        avg energy converged...
        --------------------------------------------------------------------------------------------------------------------------
        Average list 0 size:          1 entries
                 Total time:     847.24 s
                                 172.58 s (20.4%) for filling dependency lists
                                  26.96 s ( 3.2%) for parallel loop
              Average speed:   23605.95 steps/s
  
Writing MCcell0000019.out... done. (   0.0 s)
 
_________________________________________________________________________________
                                                       temperature step #    20
T     =      3.0
 
Start Energy @ T=     3.0 =   -0.17400000000    
Averaging over at least      1.00E+07 steps
Energy converged if change in avg energy is < 0.030000
Number of dependency lists:    1
 
             MC steps |        <E>/eV |       d<E>/eV |               E/eV |   t_fd/s | t_pl/s | t_sw/s | t_mu/s |       steps/s |
        --------------------------------------------------------------------------------------------------------------------------
speed info:    100000             N/A             N/A                  N/A       0.87     0.14     0.68     0.00         59232.2
+10.0M       10000000       -0.175439       -0.175439       -0.16200000000      86.61    13.57    67.03     0.00         59803.2
+10.0M       20000000       -0.175591       -0.000152       -0.14800000000      86.61    13.57    67.02     0.00         59809.0
        avg energy converged...
        --------------------------------------------------------------------------------------------------------------------------
        Average list 0 size:          1 entries
                 Total time:     891.12 s
                                 173.22 s (19.4%) for filling dependency lists
                                  27.14 s ( 3.0%) for parallel loop
              Average speed:   22443.63 steps/s
  
Writing MCcell0000020.out... done. (   0.0 s)
 
_________________________________________________________________________________
                                                       temperature step #    21
T     =      3.1
 
Start Energy @ T=     3.1 =   -0.14800000000    
Averaging over at least      1.00E+07 steps
Energy converged if change in avg energy is < 0.030000
Number of dependency lists:    1
 
             MC steps |        <E>/eV |       d<E>/eV |               E/eV |   t_fd/s | t_pl/s | t_sw/s | t_mu/s |       steps/s |
        --------------------------------------------------------------------------------------------------------------------------
speed info:    100000             N/A             N/A                  N/A       0.87     0.14     0.63     0.00         61143.3
+10.0M       10000000       -0.168956       -0.168956       -0.18600000000      86.31    13.53    62.08     0.00         61758.9
+10.0M       20000000       -0.169514       -0.000558       -0.13200000000      86.69    13.58    62.32     0.00         61505.2
        avg energy converged...
        --------------------------------------------------------------------------------------------------------------------------
        Average list 0 size:          1 entries
                 Total time:     880.50 s
                                 173.00 s (19.6%) for filling dependency lists
                                  27.11 s ( 3.1%) for parallel loop
              Average speed:   22714.41 steps/s
  
Writing MCcell0000021.out... done. (   0.0 s)
 
_________________________________________________________________________________
                                                       temperature step #    22
T     =      3.2
 
Start Energy @ T=     3.2 =   -0.13200000000    
Averaging over at least      1.00E+07 steps
Energy converged if change in avg energy is < 0.030000
Number of dependency lists:    1
 
             MC steps |        <E>/eV |       d<E>/eV |               E/eV |   t_fd/s | t_pl/s | t_sw/s | t_mu/s |       steps/s |
        --------------------------------------------------------------------------------------------------------------------------
speed info:    100000             N/A             N/A                  N/A       0.88     0.14     0.50     0.00         66074.8
+10.0M       10000000       -0.163902       -0.163902       -0.20600000000      86.66    13.46    49.13     0.00         67002.8
+10.0M       20000000       -0.163405        0.000498       -0.15200000000      86.71    13.47    49.15     0.00         66966.3
        avg energy converged...
        --------------------------------------------------------------------------------------------------------------------------
        Average list 0 size:          1 entries
                 Total time:     856.29 s
                                 173.37 s (20.2%) for filling dependency lists
                                  26.93 s ( 3.1%) for parallel loop
              Average speed:   23356.60 steps/s
  
Writing MCcell0000022.out... done. (   0.0 s)
 
_________________________________________________________________________________
                                                       temperature step #    23
T     =      3.3
 
Start Energy @ T=     3.3 =   -0.15200000000    
Averaging over at least      1.00E+07 steps
Energy converged if change in avg energy is < 0.030000
Number of dependency lists:    1
 
             MC steps |        <E>/eV |       d<E>/eV |               E/eV |   t_fd/s | t_pl/s | t_sw/s | t_mu/s |       steps/s |
        --------------------------------------------------------------------------------------------------------------------------
speed info:    100000             N/A             N/A                  N/A       0.88     0.14     0.41     0.00         69750.4
+10.0M       10000000       -0.158017       -0.158017       -0.18800000000      86.31    13.48    40.13     0.00         71471.2
+10.0M       20000000       -0.158345       -0.000328       -0.16800000000      86.28    13.42    40.07     0.00         71546.1
        avg energy converged...
        --------------------------------------------------------------------------------------------------------------------------
        Average list 0 size:          1 entries
                 Total time:     834.56 s
                                 172.59 s (20.7%) for filling dependency lists
                                  26.90 s ( 3.2%) for parallel loop
              Average speed:   23964.79 steps/s
  
Writing MCcell0000023.out... done. (   0.0 s)
 
_________________________________________________________________________________
                                                       temperature step #    24
T     =      3.4
 
Start Energy @ T=     3.4 =   -0.16800000000    
Averaging over at least      1.00E+07 steps
Energy converged if change in avg energy is < 0.030000
Number of dependency lists:    1
 
             MC steps |        <E>/eV |       d<E>/eV |               E/eV |   t_fd/s | t_pl/s | t_sw/s | t_mu/s |       steps/s |
        --------------------------------------------------------------------------------------------------------------------------
speed info:    100000             N/A             N/A                  N/A       0.88     0.14     0.63     0.00         61060.0
+10.0M       10000000       -0.153592       -0.153592       -0.18400000000      86.59    13.54    62.06     0.00         61656.2
+10.0M       20000000       -0.153367        0.000224       -0.17000000000      86.43    13.53    61.96     0.00         61759.0
        avg energy converged...
        --------------------------------------------------------------------------------------------------------------------------
        Average list 0 size:          1 entries
                 Total time:     880.27 s
                                 173.02 s (19.7%) for filling dependency lists
                                  27.07 s ( 3.1%) for parallel loop
              Average speed:   22720.22 steps/s
  
Writing MCcell0000024.out... done. (   0.0 s)
 
_________________________________________________________________________________
                                                       temperature step #    25
T     =      3.5
 
Start Energy @ T=     3.5 =   -0.17000000000    
Averaging over at least      1.00E+07 steps
Energy converged if change in avg energy is < 0.030000
Number of dependency lists:    1
 
             MC steps |        <E>/eV |       d<E>/eV |               E/eV |   t_fd/s | t_pl/s | t_sw/s | t_mu/s |       steps/s |
        --------------------------------------------------------------------------------------------------------------------------
speed info:    100000             N/A             N/A                  N/A       0.86     0.13     0.88     0.00         53280.0
+10.0M       10000000       -0.148668       -0.148668       -0.15600000000      86.57    13.51    89.11     0.00         52858.2
+10.0M       20000000       -0.148984       -0.000315       -0.12800000000      86.43    13.49    88.94     0.00         52951.1
        avg energy converged...
        --------------------------------------------------------------------------------------------------------------------------
        Average list 0 size:          1 entries
                 Total time:     934.92 s
                                 172.99 s (18.5%) for filling dependency lists
                                  27.00 s ( 2.9%) for parallel loop
              Average speed:   21392.19 steps/s
  
Writing MCcell0000025.out... done. (   0.0 s)
 
_________________________________________________________________________________
                                                       temperature step #    26
T     =      3.6
 
Start Energy @ T=     3.6 =   -0.12800000000    
Averaging over at least      1.00E+07 steps
Energy converged if change in avg energy is < 0.030000
Number of dependency lists:    1
 
             MC steps |        <E>/eV |       d<E>/eV |               E/eV |   t_fd/s | t_pl/s | t_sw/s | t_mu/s |       steps/s |
        --------------------------------------------------------------------------------------------------------------------------
speed info:    100000             N/A             N/A                  N/A       0.87     0.14     0.40     0.00         71112.0
+10.0M       10000000       -0.144266       -0.144266       -0.11800000000      86.65    13.49    40.22     0.00         71245.2
+10.0M       20000000       -0.144431       -0.000166       -0.16400000000      86.75    13.51    40.28     0.00         71156.3
        avg energy converged...
        --------------------------------------------------------------------------------------------------------------------------
        Average list 0 size:          1 entries
                 Total time:     837.40 s
                                 173.40 s (20.7%) for filling dependency lists
                                  27.00 s ( 3.2%) for parallel loop
              Average speed:   23883.39 steps/s
  
Writing MCcell0000026.out... done. (   0.0 s)
 
_________________________________________________________________________________
                                                       temperature step #    27
T     =      3.7
 
Start Energy @ T=     3.7 =   -0.16400000000    
Averaging over at least      1.00E+07 steps
Energy converged if change in avg energy is < 0.030000
Number of dependency lists:    1
 
             MC steps |        <E>/eV |       d<E>/eV |               E/eV |   t_fd/s | t_pl/s | t_sw/s | t_mu/s |       steps/s |
        --------------------------------------------------------------------------------------------------------------------------
speed info:    100000             N/A             N/A                  N/A       0.88     0.14     0.47     0.00         67456.0
+10.0M       10000000       -0.140328       -0.140328       -0.14000000000      86.50    13.45    46.56     0.00         68251.0
+10.0M       20000000       -0.140497       -0.000169       -0.12200000000      86.52    13.46    46.58     0.00         68235.3
        avg energy converged...
        --------------------------------------------------------------------------------------------------------------------------
        Average list 0 size:          1 entries
                 Total time:     849.56 s
                                 173.02 s (20.4%) for filling dependency lists
                                  26.91 s ( 3.2%) for parallel loop
              Average speed:   23541.49 steps/s
  
Writing MCcell0000027.out... done. (   0.0 s)
 
_________________________________________________________________________________
                                                       temperature step #    28
T     =      3.8
 
Start Energy @ T=     3.8 =   -0.12200000000    
Averaging over at least      1.00E+07 steps
Energy converged if change in avg energy is < 0.030000
Number of dependency lists:    1
 
             MC steps |        <E>/eV |       d<E>/eV |               E/eV |   t_fd/s | t_pl/s | t_sw/s | t_mu/s |       steps/s |
        --------------------------------------------------------------------------------------------------------------------------
speed info:    100000             N/A             N/A                  N/A       0.89     0.14     0.69     0.00         58338.5
+10.0M       10000000       -0.136125       -0.136125       -0.17200000000      87.78    13.52    67.81     0.00         59134.2
+10.0M       20000000       -0.136226       -0.000101       -0.14200000000      87.65    13.51    67.69     0.00         59223.2
        avg energy converged...
        --------------------------------------------------------------------------------------------------------------------------
        Average list 0 size:          1 entries
                 Total time:     893.70 s
                                 175.43 s (19.6%) for filling dependency lists
                                  27.03 s ( 3.0%) for parallel loop
              Average speed:   22378.90 steps/s
  
Writing MCcell0000028.out... done. (   0.0 s)
 
_________________________________________________________________________________
                                                       temperature step #    29
T     =      3.9
 
Start Energy @ T=     3.9 =   -0.14200000000    
Averaging over at least      1.00E+07 steps
Energy converged if change in avg energy is < 0.030000
Number of dependency lists:    1
 
             MC steps |        <E>/eV |       d<E>/eV |               E/eV |   t_fd/s | t_pl/s | t_sw/s | t_mu/s |       steps/s |
        --------------------------------------------------------------------------------------------------------------------------
speed info:    100000             N/A             N/A                  N/A       0.87     0.14     0.63     0.00         61141.8
+10.0M       10000000       -0.132699       -0.132699       -0.12800000000      86.73    13.55    62.68     0.00         61367.0
+10.0M       20000000       -0.133318       -0.000619       -0.08800000000      86.57    13.52    62.57     0.00         61477.6
        avg energy converged...
        --------------------------------------------------------------------------------------------------------------------------
        Average list 0 size:          1 entries
                 Total time:     882.71 s
                                 173.30 s (19.6%) for filling dependency lists
                                  27.07 s ( 3.1%) for parallel loop
              Average speed:   22657.47 steps/s
  
Writing MCcell0000029.out... done. (   0.0 s)
 
_________________________________________________________________________________
                                                       temperature step #    30
T     =      4.0
 
Start Energy @ T=     4.0 =   -0.88000000000E-01
Averaging over at least      1.00E+07 steps
Energy converged if change in avg energy is < 0.030000
Number of dependency lists:    1
 
             MC steps |        <E>/eV |       d<E>/eV |               E/eV |   t_fd/s | t_pl/s | t_sw/s | t_mu/s |       steps/s |
        --------------------------------------------------------------------------------------------------------------------------
speed info:    100000             N/A             N/A                  N/A       0.86     0.14     0.39     0.00         72147.9
+10.0M       10000000       -0.129499       -0.129499       -0.12400000000      86.88    13.69    39.11     0.00         71591.5
+10.0M       20000000       -0.128974        0.000525       -0.14400000000      86.82    13.69    39.08     0.00         71631.9
        avg energy converged...
        --------------------------------------------------------------------------------------------------------------------------
        Average list 0 size:          1 entries
                 Total time:     835.61 s
                                 173.70 s (20.8%) for filling dependency lists
                                  27.39 s ( 3.3%) for parallel loop
              Average speed:   23934.75 steps/s
  
Writing MCcell0000030.out... done. (   0.0 s)
 
_________________________________________________________________________________
                                                       temperature step #    31
T     =      4.1
 
Start Energy @ T=     4.1 =   -0.14400000000    
Averaging over at least      1.00E+07 steps
Energy converged if change in avg energy is < 0.030000
Number of dependency lists:    1
 
             MC steps |        <E>/eV |       d<E>/eV |               E/eV |   t_fd/s | t_pl/s | t_sw/s | t_mu/s |       steps/s |
        --------------------------------------------------------------------------------------------------------------------------
speed info:    100000             N/A             N/A                  N/A       0.87     0.13     0.47     0.00         68042.1
+10.0M       10000000       -0.125578       -0.125578       -0.09400000000      86.66    13.50    46.53     0.00         68169.6
+10.0M       20000000       -0.125781       -0.000203       -0.09600000000      86.88    13.53    46.65     0.00         67997.4
        avg energy converged...
        --------------------------------------------------------------------------------------------------------------------------
        Average list 0 size:          1 entries
                 Total time:     851.55 s
                                 173.54 s (20.4%) for filling dependency lists
                                  27.04 s ( 3.2%) for parallel loop
              Average speed:   23486.52 steps/s
  
Writing MCcell0000031.out... done. (   0.0 s)
 
_________________________________________________________________________________
                                                       temperature step #    32
T     =      4.2
 
Start Energy @ T=     4.2 =   -0.96000000000E-01
Averaging over at least      1.00E+07 steps
Energy converged if change in avg energy is < 0.030000
Number of dependency lists:    1
 
             MC steps |        <E>/eV |       d<E>/eV |               E/eV |   t_fd/s | t_pl/s | t_sw/s | t_mu/s |       steps/s |
        --------------------------------------------------------------------------------------------------------------------------
speed info:    100000             N/A             N/A                  N/A       0.87     0.14     0.68     0.00         59504.8
+10.0M       10000000       -0.122584       -0.122584       -0.10600000000      86.36    13.47    67.25     0.00         59853.5
+10.0M       20000000       -0.122708       -0.000124       -0.11800000000      86.64    13.52    67.50     0.00         59646.7
        avg energy converged...
        --------------------------------------------------------------------------------------------------------------------------
        Average list 0 size:          1 entries
                 Total time:     891.92 s
                                 173.00 s (19.4%) for filling dependency lists
                                  26.98 s ( 3.0%) for parallel loop
              Average speed:   22423.64 steps/s
  
Writing MCcell0000032.out... done. (   0.0 s)
 
_________________________________________________________________________________
                                                       temperature step #    33
T     =      4.3
 
Start Energy @ T=     4.3 =   -0.11800000000    
Averaging over at least      1.00E+07 steps
Energy converged if change in avg energy is < 0.030000
Number of dependency lists:    1
 
             MC steps |        <E>/eV |       d<E>/eV |               E/eV |   t_fd/s | t_pl/s | t_sw/s | t_mu/s |       steps/s |
        --------------------------------------------------------------------------------------------------------------------------
speed info:    100000             N/A             N/A                  N/A       0.86     0.14     0.62     0.00         62076.7
+10.0M       10000000       -0.119706       -0.119706       -0.15200000000      86.93    13.66    62.32     0.00         61380.6
+10.0M       20000000       -0.119600        0.000105       -0.10000000000      86.92    13.66    62.31     0.00         61390.8
        avg energy converged...
        --------------------------------------------------------------------------------------------------------------------------
        Average list 0 size:          1 entries
                 Total time:     884.02 s
                                 173.85 s (19.7%) for filling dependency lists
                                  27.32 s ( 3.1%) for parallel loop
              Average speed:   22623.90 steps/s
  
Writing MCcell0000033.out... done. (   0.0 s)
 
_________________________________________________________________________________
                                                       temperature step #    34
T     =      4.4
 
Start Energy @ T=     4.4 =   -0.10000000000E+00
Averaging over at least      1.00E+07 steps
Energy converged if change in avg energy is < 0.030000
Number of dependency lists:    1
 
             MC steps |        <E>/eV |       d<E>/eV |               E/eV |   t_fd/s | t_pl/s | t_sw/s | t_mu/s |       steps/s |
        --------------------------------------------------------------------------------------------------------------------------
speed info:    100000             N/A             N/A                  N/A       0.88     0.14     0.41     0.00         70146.8
+10.0M       10000000       -0.116753       -0.116753       -0.08600000000      86.68    13.53    40.27     0.00         71187.2
+10.0M       20000000       -0.117053       -0.000300       -0.17000000000      86.80    13.54    40.33     0.00         71086.6
        avg energy converged...
        --------------------------------------------------------------------------------------------------------------------------
        Average list 0 size:          1 entries
                 Total time:     838.57 s
                                 173.48 s (20.7%) for filling dependency lists
                                  27.07 s ( 3.2%) for parallel loop
              Average speed:   23850.17 steps/s
  
Writing MCcell0000034.out... done. (   0.0 s)
 
_________________________________________________________________________________
                                                       temperature step #    35
T     =      4.5
 
Start Energy @ T=     4.5 =   -0.17000000000    
Averaging over at least      1.00E+07 steps
Energy converged if change in avg energy is < 0.030000
Number of dependency lists:    1
 
             MC steps |        <E>/eV |       d<E>/eV |               E/eV |   t_fd/s | t_pl/s | t_sw/s | t_mu/s |       steps/s |
        --------------------------------------------------------------------------------------------------------------------------
speed info:    100000             N/A             N/A                  N/A       0.86     0.13     0.47     0.00         68402.7
+10.0M       10000000       -0.114181       -0.114181       -0.13200000000      87.72    13.64    47.80     0.00         67043.4
+10.0M       20000000       -0.114497       -0.000315       -0.11600000000      90.19    14.04    49.13     0.00         65202.9
        avg energy converged...
        --------------------------------------------------------------------------------------------------------------------------
        Average list 0 size:          1 entries
                 Total time:     873.26 s
                                 177.92 s (20.4%) for filling dependency lists
                                  27.68 s ( 3.2%) for parallel loop
              Average speed:   22902.76 steps/s
  
Writing MCcell0000035.out... done. (   0.0 s)
 
_________________________________________________________________________________
                                                       temperature step #    36
T     =      4.6
 
Start Energy @ T=     4.6 =   -0.11600000000    
Averaging over at least      1.00E+07 steps
Energy converged if change in avg energy is < 0.030000
Number of dependency lists:    1
 
             MC steps |        <E>/eV |       d<E>/eV |               E/eV |   t_fd/s | t_pl/s | t_sw/s | t_mu/s |       steps/s |
        --------------------------------------------------------------------------------------------------------------------------
speed info:    100000             N/A             N/A                  N/A       0.93     0.15     0.66     0.00         57465.2
+10.0M       10000000       -0.111742       -0.111742       -0.13400000000      91.59    14.31    65.46     0.00         58355.7
+10.0M       20000000       -0.111479        0.000263       -0.10800000000      92.92    14.53    66.37     0.00         57528.3
        avg energy converged...
        --------------------------------------------------------------------------------------------------------------------------
        Average list 0 size:          1 entries
                 Total time:     937.81 s
                                 184.52 s (19.7%) for filling dependency lists
                                  28.84 s ( 3.1%) for parallel loop
              Average speed:   21326.30 steps/s
  
Writing MCcell0000036.out... done. (   0.0 s)
 
_________________________________________________________________________________
                                                       temperature step #    37
T     =      4.7
 
Start Energy @ T=     4.7 =   -0.10800000000    
Averaging over at least      1.00E+07 steps
Energy converged if change in avg energy is < 0.030000
Number of dependency lists:    1
 
             MC steps |        <E>/eV |       d<E>/eV |               E/eV |   t_fd/s | t_pl/s | t_sw/s | t_mu/s |       steps/s |
        --------------------------------------------------------------------------------------------------------------------------
speed info:    100000             N/A             N/A                  N/A       0.93     0.14     0.70     0.00         56287.3
+10.0M       10000000       -0.109335       -0.109335       -0.09000000000      92.84    14.51    70.55     0.00         56211.5
+10.0M       20000000       -0.109660       -0.000325       -0.12800000000      92.88    14.49    70.62     0.00         56181.6
        avg energy converged...
        --------------------------------------------------------------------------------------------------------------------------
        Average list 0 size:          1 entries
                 Total time:     953.38 s
                                 185.72 s (19.5%) for filling dependency lists
                                  29.00 s ( 3.0%) for parallel loop
              Average speed:   20978.00 steps/s
  
Writing MCcell0000037.out... done. (   0.0 s)
 
_________________________________________________________________________________
                                                       temperature step #    38
T     =      4.8
 
Start Energy @ T=     4.8 =   -0.12800000000    
Averaging over at least      1.00E+07 steps
Energy converged if change in avg energy is < 0.030000
Number of dependency lists:    1
 
             MC steps |        <E>/eV |       d<E>/eV |               E/eV |   t_fd/s | t_pl/s | t_sw/s | t_mu/s |       steps/s |
        --------------------------------------------------------------------------------------------------------------------------
speed info:    100000             N/A             N/A                  N/A       0.94     0.15     0.48     0.00         63620.8
+10.0M       10000000       -0.106746       -0.106746       -0.12200000000      92.81    14.44    47.73     0.00         64525.6
+10.0M       20000000       -0.106793       -0.000047       -0.08200000000      92.69    14.42    47.66     0.00         64613.7
        avg energy converged...
        --------------------------------------------------------------------------------------------------------------------------
        Average list 0 size:          1 entries
                 Total time:     906.30 s
                                 185.50 s (20.5%) for filling dependency lists
                                  28.86 s ( 3.2%) for parallel loop
              Average speed:   22067.84 steps/s
  
Writing MCcell0000038.out... done. (   0.0 s)
 
_________________________________________________________________________________
                                                       temperature step #    39
T     =      4.9
 
Start Energy @ T=     4.9 =   -0.82000000000E-01
Averaging over at least      1.00E+07 steps
Energy converged if change in avg energy is < 0.030000
Number of dependency lists:    1
 
             MC steps |        <E>/eV |       d<E>/eV |               E/eV |   t_fd/s | t_pl/s | t_sw/s | t_mu/s |       steps/s |
        --------------------------------------------------------------------------------------------------------------------------
speed info:    100000             N/A             N/A                  N/A       0.94     0.15     0.51     0.00         62855.1
+10.0M       10000000       -0.104707       -0.104707       -0.11000000000      92.78    14.43    50.33     0.00         63477.7
+10.0M       20000000       -0.104705        0.000002       -0.11000000000      92.84    14.44    50.38     0.00         63427.1
        avg energy converged...
        --------------------------------------------------------------------------------------------------------------------------
        Average list 0 size:          1 entries
                 Total time:     912.01 s
                                 185.62 s (20.4%) for filling dependency lists
                                  28.87 s ( 3.2%) for parallel loop
              Average speed:   21929.56 steps/s
  
Writing MCcell0000039.out... done. (   0.0 s)
 
_________________________________________________________________________________
                                                       temperature step #    40
T     =      5.0
 
Start Energy @ T=     5.0 =   -0.11000000000    
Averaging over at least      1.00E+07 steps
Energy converged if change in avg energy is < 0.030000
Number of dependency lists:    1
 
             MC steps |        <E>/eV |       d<E>/eV |               E/eV |   t_fd/s | t_pl/s | t_sw/s | t_mu/s |       steps/s |
        --------------------------------------------------------------------------------------------------------------------------
speed info:    100000             N/A             N/A                  N/A       0.93     0.15     0.73     0.00         55412.7
+10.0M       10000000       -0.102618       -0.102618       -0.07800000000      92.49    14.44    72.35     0.00         55776.7
+10.0M       20000000       -0.102471        0.000147       -0.06800000000      92.78    14.44    72.42     0.00         55667.8
        avg energy converged...
        --------------------------------------------------------------------------------------------------------------------------
        Average list 0 size:          1 entries
                 Total time:     955.05 s
                                 185.27 s (19.4%) for filling dependency lists
                                  28.88 s ( 3.0%) for parallel loop
              Average speed:   20941.26 steps/s
  
Writing MCcell0000040.out... done. (   0.0 s)
 
_________________________________________________________________________________
                                                       temperature step #    41
T     =      5.1
 
Start Energy @ T=     5.1 =   -0.68000000000E-01
Averaging over at least      1.00E+07 steps
Energy converged if change in avg energy is < 0.030000
Number of dependency lists:    1
 
             MC steps |        <E>/eV |       d<E>/eV |               E/eV |   t_fd/s | t_pl/s | t_sw/s | t_mu/s |       steps/s |
        --------------------------------------------------------------------------------------------------------------------------
speed info:    100000             N/A             N/A                  N/A       0.93     0.14     0.67     0.00         57472.8
+10.0M       10000000       -0.100609       -0.100609       -0.12000000000      92.97    14.50    67.46     0.00         57168.3
+10.0M       20000000       -0.100340        0.000269       -0.13800000000      92.89    14.49    67.39     0.00         57219.5
        avg energy converged...
        --------------------------------------------------------------------------------------------------------------------------
        Average list 0 size:          1 entries
                 Total time:     946.78 s
                                 185.85 s (19.6%) for filling dependency lists
                                  28.99 s ( 3.1%) for parallel loop
              Average speed:   21124.15 steps/s
  
Writing MCcell0000041.out... done. (   0.0 s)
 
_________________________________________________________________________________
                                                       temperature step #    42
T     =      5.2
 
Start Energy @ T=     5.2 =   -0.13800000000    
Averaging over at least      1.00E+07 steps
Energy converged if change in avg energy is < 0.030000
Number of dependency lists:    1
 
             MC steps |        <E>/eV |       d<E>/eV |               E/eV |   t_fd/s | t_pl/s | t_sw/s | t_mu/s |       steps/s |
        --------------------------------------------------------------------------------------------------------------------------
speed info:    100000             N/A             N/A                  N/A       0.93     0.14     0.43     0.00         66689.8
+10.0M       10000000       -0.098463       -0.098463       -0.12200000000      92.74    14.43    42.82     0.00         66666.5
+10.0M       20000000       -0.098635       -0.000172       -0.09000000000      92.63    14.41    42.76     0.00         66754.3
        avg energy converged...
        --------------------------------------------------------------------------------------------------------------------------
        Average list 0 size:          1 entries
                 Total time:     895.10 s
                                 185.37 s (20.7%) for filling dependency lists
                                  28.85 s ( 3.2%) for parallel loop
              Average speed:   22343.85 steps/s
  
Writing MCcell0000042.out... done. (   0.0 s)
 
_________________________________________________________________________________
                                                       temperature step #    43
T     =      5.3
 
Start Energy @ T=     5.3 =   -0.90000000000E-01
Averaging over at least      1.00E+07 steps
Energy converged if change in avg energy is < 0.030000
Number of dependency lists:    1
 
             MC steps |        <E>/eV |       d<E>/eV |               E/eV |   t_fd/s | t_pl/s | t_sw/s | t_mu/s |       steps/s |
        --------------------------------------------------------------------------------------------------------------------------
speed info:    100000             N/A             N/A                  N/A       0.92     0.14     0.50     0.00         63998.7
+10.0M       10000000       -0.096910       -0.096910       -0.07000000000      92.73    14.44    49.56     0.00         63800.7
+10.0M       20000000       -0.096775        0.000135       -0.08600000000      93.00    14.49    49.74     0.00         63601.8
        avg energy converged...
        --------------------------------------------------------------------------------------------------------------------------
        Average list 0 size:          1 entries
                 Total time:     910.64 s
                                 185.74 s (20.4%) for filling dependency lists
                                  28.93 s ( 3.2%) for parallel loop
              Average speed:   21962.54 steps/s
  
Writing MCcell0000043.out... done. (   0.0 s)
 
_________________________________________________________________________________
                                                       temperature step #    44
T     =      5.4
 
Start Energy @ T=     5.4 =   -0.86000000000E-01
Averaging over at least      1.00E+07 steps
Energy converged if change in avg energy is < 0.030000
Number of dependency lists:    1
 
             MC steps |        <E>/eV |       d<E>/eV |               E/eV |   t_fd/s | t_pl/s | t_sw/s | t_mu/s |       steps/s |
        --------------------------------------------------------------------------------------------------------------------------
speed info:    100000             N/A             N/A                  N/A       0.93     0.14     0.72     0.00         55742.5
+10.0M       10000000       -0.094589       -0.094589       -0.10800000000      92.85    14.45    71.77     0.00         55843.9
+10.0M       20000000       -0.094840       -0.000251       -0.09000000000      93.10    14.50    71.96     0.00         55690.5
        avg energy converged...
        --------------------------------------------------------------------------------------------------------------------------
        Average list 0 size:          1 entries
                 Total time:     955.66 s
                                 185.95 s (19.5%) for filling dependency lists
                                  28.95 s ( 3.0%) for parallel loop
              Average speed:   20927.93 steps/s
  
Writing MCcell0000044.out... done. (   0.0 s)
 
_________________________________________________________________________________
                                                       temperature step #    45
T     =      5.5
 
Start Energy @ T=     5.5 =   -0.90000000000E-01
Averaging over at least      1.00E+07 steps
Energy converged if change in avg energy is < 0.030000
Number of dependency lists:    1
 
             MC steps |        <E>/eV |       d<E>/eV |               E/eV |   t_fd/s | t_pl/s | t_sw/s | t_mu/s |       steps/s |
        --------------------------------------------------------------------------------------------------------------------------
speed info:    100000             N/A             N/A                  N/A       0.93     0.14     0.66     0.00         57541.4
+10.0M       10000000       -0.093105       -0.093105       -0.10200000000      92.64    14.43    66.44     0.00         57634.3
+10.0M       20000000       -0.092867        0.000238       -0.06800000000      92.22    14.39    66.19     0.00         57870.1
        avg energy converged...
        --------------------------------------------------------------------------------------------------------------------------
        Average list 0 size:          1 entries
                 Total time:     939.72 s
                                 184.85 s (19.7%) for filling dependency lists
                                  28.82 s ( 3.1%) for parallel loop
              Average speed:   21282.88 steps/s
  
Writing MCcell0000045.out... done. (   0.0 s)
 
_________________________________________________________________________________
                                                       temperature step #    46
T     =      5.6
 
Start Energy @ T=     5.6 =   -0.68000000000E-01
Averaging over at least      1.00E+07 steps
Energy converged if change in avg energy is < 0.030000
Number of dependency lists:    1
 
             MC steps |        <E>/eV |       d<E>/eV |               E/eV |   t_fd/s | t_pl/s | t_sw/s | t_mu/s |       steps/s |
        --------------------------------------------------------------------------------------------------------------------------
speed info:    100000             N/A             N/A                  N/A       0.87     0.14     0.39     0.00         71661.6
+10.0M       10000000       -0.090942       -0.090942       -0.09000000000      86.47    13.42    38.21     0.00         72410.9
+10.0M       20000000       -0.091634       -0.000692       -0.09600000000      87.71    13.62    38.76     0.00         71384.3
        avg energy converged...
        --------------------------------------------------------------------------------------------------------------------------
        Average list 0 size:          1 entries
                 Total time:     837.47 s
                                 174.18 s (20.8%) for filling dependency lists
                                  27.04 s ( 3.2%) for parallel loop
              Average speed:   23881.54 steps/s
  
Writing MCcell0000046.out... done. (   0.0 s)
 
_________________________________________________________________________________
                                                       temperature step #    47
T     =      5.7
 
Start Energy @ T=     5.7 =   -0.96000000000E-01
Averaging over at least      1.00E+07 steps
Energy converged if change in avg energy is < 0.030000
Number of dependency lists:    1
 
             MC steps |        <E>/eV |       d<E>/eV |               E/eV |   t_fd/s | t_pl/s | t_sw/s | t_mu/s |       steps/s |
        --------------------------------------------------------------------------------------------------------------------------
speed info:    100000             N/A             N/A                  N/A       0.96     0.15     0.52     0.00         61282.4
+10.0M       10000000       -0.089781       -0.089781       -0.10600000000      95.85    15.00    52.43     0.00         61241.1
+10.0M       20000000       -0.089613        0.000167       -0.06600000000      89.06    13.86    48.58     0.00         66007.0
        avg energy converged...
        --------------------------------------------------------------------------------------------------------------------------
        Average list 0 size:          1 entries
                 Total time:     909.75 s
                                 184.91 s (20.3%) for filling dependency lists
                                  28.86 s ( 3.2%) for parallel loop
              Average speed:   21984.13 steps/s
  
Writing MCcell0000047.out... done. (   0.0 s)
 
_________________________________________________________________________________
                                                       temperature step #    48
T     =      5.8
 
Start Energy @ T=     5.8 =   -0.66000000000E-01
Averaging over at least      1.00E+07 steps
Energy converged if change in avg energy is < 0.030000
Number of dependency lists:    1
 
             MC steps |        <E>/eV |       d<E>/eV |               E/eV |   t_fd/s | t_pl/s | t_sw/s | t_mu/s |       steps/s |
        --------------------------------------------------------------------------------------------------------------------------
speed info:    100000             N/A             N/A                  N/A       0.87     0.14     0.68     0.00         59149.2
+10.0M       10000000       -0.088316       -0.088316       -0.08600000000      91.44    14.27    71.72     0.00         56361.6
+10.0M       20000000       -0.088152        0.000164       -0.09200000000      96.26    15.06    75.57     0.00         53506.0
        avg energy converged...
        --------------------------------------------------------------------------------------------------------------------------
        Average list 0 size:          1 entries
                 Total time:     968.28 s
                                 187.70 s (19.4%) for filling dependency lists
                                  29.33 s ( 3.0%) for parallel loop
              Average speed:   20655.20 steps/s
  
Writing MCcell0000048.out... done. (   0.0 s)
 
_________________________________________________________________________________
                                                       temperature step #    49
T     =      5.9
 
Start Energy @ T=     5.9 =   -0.92000000000E-01
Averaging over at least      1.00E+07 steps
Energy converged if change in avg energy is < 0.030000
Number of dependency lists:    1
 
             MC steps |        <E>/eV |       d<E>/eV |               E/eV |   t_fd/s | t_pl/s | t_sw/s | t_mu/s |       steps/s |
        --------------------------------------------------------------------------------------------------------------------------
speed info:    100000             N/A             N/A                  N/A       0.96     0.15     0.77     0.00         53085.6
+10.0M       10000000       -0.086511       -0.086511       -0.08000000000      96.46    15.16    76.93     0.00         53036.1
+10.0M       20000000       -0.086510        0.000001       -0.11000000000      96.42    15.14    76.88     0.00         53068.3
        avg energy converged...
        --------------------------------------------------------------------------------------------------------------------------
        Average list 0 size:          1 entries
                 Total time:     995.56 s
                                 192.88 s (19.4%) for filling dependency lists
                                  30.30 s ( 3.0%) for parallel loop
              Average speed:   20089.27 steps/s
  
Writing MCcell0000049.out... done. (   0.0 s)
 
_________________________________________________________________________________
                                                       temperature step #    50
T     =      6.0
 
Start Energy @ T=     6.0 =   -0.11000000000    
Averaging over at least      1.00E+07 steps
Energy converged if change in avg energy is < 0.030000
Number of dependency lists:    1
 
             MC steps |        <E>/eV |       d<E>/eV |               E/eV |   t_fd/s | t_pl/s | t_sw/s | t_mu/s |       steps/s |
        --------------------------------------------------------------------------------------------------------------------------
speed info:    100000             N/A             N/A                  N/A       0.96     0.15     0.52     0.00         61402.9
+10.0M       10000000       -0.085189       -0.085189       -0.10200000000      96.21    15.03    51.73     0.00         61360.8
+10.0M       20000000       -0.085310       -0.000121       -0.09400000000      96.23    15.01    51.71     0.00         61366.5
        avg energy converged...
        --------------------------------------------------------------------------------------------------------------------------
        Average list 0 size:          1 entries
                 Total time:     944.45 s
                                 192.44 s (20.4%) for filling dependency lists
                                  30.05 s ( 3.2%) for parallel loop
              Average speed:   21176.45 steps/s
  
Writing MCcell0000050.out... done. (   0.0 s)
 
_________________________________________________________________________________
                                                       temperature step #    51
T     =      6.1
 
Start Energy @ T=     6.1 =   -0.94000000000E-01
Averaging over at least      1.00E+07 steps
Energy converged if change in avg energy is < 0.030000
Number of dependency lists:    1
 
             MC steps |        <E>/eV |       d<E>/eV |               E/eV |   t_fd/s | t_pl/s | t_sw/s | t_mu/s |       steps/s |
        --------------------------------------------------------------------------------------------------------------------------
speed info:    100000             N/A             N/A                  N/A       0.96     0.15     0.43     0.00         64929.3
+10.0M       10000000       -0.083362       -0.083362       -0.09600000000      96.20    14.99    42.99     0.00         64856.8
+10.0M       20000000       -0.083933       -0.000571       -0.14200000000      96.23    15.00    43.00     0.00         64840.5
        avg energy converged...
        --------------------------------------------------------------------------------------------------------------------------
        Average list 0 size:          1 entries
                 Total time:     926.67 s
                                 192.43 s (20.8%) for filling dependency lists
                                  29.99 s ( 3.2%) for parallel loop
              Average speed:   21582.61 steps/s
  
Writing MCcell0000051.out... done. (   0.0 s)
_________________________________________________________________________________
 
 Calculating energy of total cell.
 For large cells >100,000 atoms this may take a few minutes.
---------------------------------------------------------------------------------
final energy (sum of Deltas):                         -0.1420000    
final energy (full corr., only for small MC cells):   -0.1420000    
difference:                                            0.1655620E-12
---------------------------------------------------------------------------------
 
Mode 30 - Perform MC simulation                                                                          
... done!
