# 
#        You have called the 
# 
#             ---------
#             | UNCLE |
#             ---------
# 
# 
# 
#   Today's menu is:
#
#   10 - generate clusters only                                                                         
#   11 - generate clusters, write cluster representatives and calculate correlations for input.         
#   12 - Do all of 11 and then make a fit                                                               
#   13 - Predict energy of input structures using J.1.out                                               
#   14 - Minkowski reduce a cell in POSCAR                                                              
#   15 - Fit using Bayesian Compressive Sensing                                                         
#   16 - Write a J.out file                                                                             
#   17 - Write a structures.in file with toy energies and random noise added to them.                   
#
#   20 - Enumerate superstructures of a given parent lattice: generate struct_enum.out                  
#   21 - Calculate energies for all structures in struct_enum.out                                       
#   22 - Print structures specified in structpred.in                                                    
#   23 - Write multilattice d-vector occupancy for struct_enum.out                                      
#
#   30 - Perform MC simulation                                                                          
#   31 - Evaluate and print sub-planes of the MC-cell (*.pov file and (x,y,z) *.dat file)               
#   32 - calculate Warren-Cowley SRO parameters                                                         
#   33 - calculate correlations for MCcell and structures.in                                            
#
#   40 - Perform metadynamics simulation                                                                
#   41 - Perform Wang-Landau simulation                                                                 
#   42 - Select i.i.d structures from struct_enum.out                                                   
#

Running in mode: 30 - Perform MC simulation                                                                          
Reading lattice definition from lat.in
 
 
 This is a surface CE
 * Surface normal:     1.000      0.000      0.000
 * Found surfaces at distances from origin:
   | Bottom Surface |    Top Surface |
   |          0.000 |          0.000 |
 
           0 references
================================================================================
Setting up MC cell:
. finding site equivalencies
. determine spin mapping
. vanilla site setup
. populating sites (this may take some time, see progress bar)
 rnd(): seed =       -23644
 
| 0% --------------------|------------------ 100% |
......... done.
 
Target concentrations: 
CE #  1     spin:  -1     concentration:  0.500
CE #  1     spin:   1     concentration:  0.500
 
. checking if concentrations are correct
. summary:
  MC cell size:          1 x 10 x 10                   
  Final # of each type:               50              50
  Total number of atoms:             100
setup finished.
================================================================================
 read in clusters!
Generating MC clusters.
 PIZZA
 
Setting up basis functions for a rank  2 cluster expansion:
 recursing Gram-polynomial of order            1 in rank           2 !
     chebychev(-1, 1)= -1.000000
 recursing Gram-polynomial of order            1 in rank           2 !
     chebychev( 1, 1)=  1.000000
 
 WARNING: tried to initialize a tracker without a clustertrack.in file, or the t
 racker was already initialized.
starting simulated annealing at T =      1.0000 K
 Calculating energy of total cell.
 For large cells >100,000 atoms this may take a few minutes.
 Energy of total cell:  6.000000000000000E-002
 
Maximum extent of any figure in g-space:   4
Dependency box size length:                1    1    1
 random_number(): seed =    573636485   573636522
 
_________________________________________________________________________________
                                                       temperature step #     0
T     =      1.0
 
Start Energy @ T=     1.0 =    0.60000000000E-01
Averaging over at least      1.00E+07 steps
Energy converged if change in avg energy is < 0.030000
Number of dependency lists:    1
 
             MC steps |        <E>/eV |       d<E>/eV |               E/eV |   t_fd/s | t_pl/s | t_sw/s | t_mu/s |       steps/s |
        --------------------------------------------------------------------------------------------------------------------------
speed info:    100000             N/A             N/A                  N/A       0.94     0.16     0.55     0.00         60980.4
+10.0M       10000000       -0.897754       -0.897754       -0.92000000000      81.42    13.60    47.26     0.00         70286.3
+10.0M       20000000       -0.897412        0.000342       -0.92000000000      80.90    13.50    46.95     0.00         70748.1
        avg energy converged...
        --------------------------------------------------------------------------------------------------------------------------
        Average list 0 size:          1 entries
                 Total time:     848.86 s
                                 162.32 s (19.1%) for filling dependency lists
                                  27.10 s ( 3.2%) for parallel loop
              Average speed:   23560.98 steps/s
  
Writing MCcell0000000.out... done. (   0.0 s)
 
_________________________________________________________________________________
                                                       temperature step #     1
T     =      1.1
 
Start Energy @ T=     1.1 =   -0.92000000000    
Averaging over at least      1.00E+07 steps
Energy converged if change in avg energy is < 0.030000
Number of dependency lists:    1
 
             MC steps |        <E>/eV |       d<E>/eV |               E/eV |   t_fd/s | t_pl/s | t_sw/s | t_mu/s |       steps/s |
        --------------------------------------------------------------------------------------------------------------------------
speed info:    100000             N/A             N/A                  N/A       0.80     0.13     0.39     0.00         75580.2
+10.0M       10000000       -0.807307       -0.807307       -0.64000000000      79.94    13.25    39.25     0.00         75501.2
+10.0M       20000000       -0.813136       -0.005830       -0.74000000000      79.96    13.28    39.26     0.00         75470.3
        avg energy converged...
        --------------------------------------------------------------------------------------------------------------------------
        Average list 0 size:          1 entries
                 Total time:     819.34 s
                                 159.90 s (19.5%) for filling dependency lists
                                  26.54 s ( 3.2%) for parallel loop
              Average speed:   24409.90 steps/s
  
Writing MCcell0000001.out... done. (   0.0 s)
 
_________________________________________________________________________________
                                                       temperature step #     2
T     =      1.2
 
Start Energy @ T=     1.2 =   -0.74000000000    
Averaging over at least      1.00E+07 steps
Energy converged if change in avg energy is < 0.030000
Number of dependency lists:    1
 
             MC steps |        <E>/eV |       d<E>/eV |               E/eV |   t_fd/s | t_pl/s | t_sw/s | t_mu/s |       steps/s |
        --------------------------------------------------------------------------------------------------------------------------
speed info:    100000             N/A             N/A                  N/A       0.80     0.13     0.55     0.00         67783.6
+10.0M       10000000       -0.680159       -0.680159       -0.72000000000      79.65    13.24    54.88     0.00         67672.2
+10.0M       20000000       -0.682359       -0.002200       -0.80000000000      79.63    13.24    54.86     0.00         67691.2
        avg energy converged...
        --------------------------------------------------------------------------------------------------------------------------
        Average list 0 size:          1 entries
                 Total time:     850.05 s
                                 159.28 s (18.7%) for filling dependency lists
                                  26.49 s ( 3.1%) for parallel loop
              Average speed:   23528.02 steps/s
  
Writing MCcell0000002.out... done. (   0.0 s)
 
_________________________________________________________________________________
                                                       temperature step #     3
T     =      1.3
 
Start Energy @ T=     1.3 =   -0.80000000000    
Averaging over at least      1.00E+07 steps
Energy converged if change in avg energy is < 0.030000
Number of dependency lists:    1
 
             MC steps |        <E>/eV |       d<E>/eV |               E/eV |   t_fd/s | t_pl/s | t_sw/s | t_mu/s |       steps/s |
        --------------------------------------------------------------------------------------------------------------------------
speed info:    100000             N/A             N/A                  N/A       0.81     0.13     0.68     0.00         61722.5
+10.0M       10000000       -0.560482       -0.560482       -0.50000000000      79.68    13.29    66.68     0.00         62635.3
+10.0M       20000000       -0.559654        0.000827       -0.52000000000      79.68    13.29    66.70     0.00         62627.9
        avg energy converged...
        --------------------------------------------------------------------------------------------------------------------------
        Average list 0 size:          1 entries
                 Total time:     874.36 s
                                 159.36 s (18.2%) for filling dependency lists
                                  26.58 s ( 3.0%) for parallel loop
              Average speed:   22873.90 steps/s
  
Writing MCcell0000003.out... done. (   0.0 s)
 
_________________________________________________________________________________
                                                       temperature step #     4
T     =      1.4
 
Start Energy @ T=     1.4 =   -0.52000000000    
Averaging over at least      1.00E+07 steps
Energy converged if change in avg energy is < 0.030000
Number of dependency lists:    1
 
             MC steps |        <E>/eV |       d<E>/eV |               E/eV |   t_fd/s | t_pl/s | t_sw/s | t_mu/s |       steps/s |
        --------------------------------------------------------------------------------------------------------------------------
speed info:    100000             N/A             N/A                  N/A       0.80     0.13     0.62     0.00         64587.7
+10.0M       10000000       -0.476853       -0.476853       -0.46000000000      79.69    13.33    62.04     0.00         64492.1
+10.0M       20000000       -0.479377       -0.002524       -0.46000000000      79.66    13.32    62.02     0.00         64516.9
        avg energy converged...
        --------------------------------------------------------------------------------------------------------------------------
        Average list 0 size:          1 entries
                 Total time:     865.20 s
                                 159.35 s (18.4%) for filling dependency lists
                                  26.65 s ( 3.1%) for parallel loop
              Average speed:   23116.11 steps/s
  
Writing MCcell0000004.out... done. (   0.0 s)
 
_________________________________________________________________________________
                                                       temperature step #     5
T     =      1.5
 
Start Energy @ T=     1.5 =   -0.46000000000    
Averaging over at least      1.00E+07 steps
Energy converged if change in avg energy is < 0.030000
Number of dependency lists:    1
 
             MC steps |        <E>/eV |       d<E>/eV |               E/eV |   t_fd/s | t_pl/s | t_sw/s | t_mu/s |       steps/s |
        --------------------------------------------------------------------------------------------------------------------------
speed info:    100000             N/A             N/A                  N/A       0.80     0.13     0.38     0.00         76597.9
+10.0M       10000000       -0.423401       -0.423401       -0.50000000000      79.67    13.24    37.77     0.00         76519.6
+10.0M       20000000       -0.420913        0.002488       -0.54000000000      79.64    13.21    37.76     0.00         76562.3
        avg energy converged...
        --------------------------------------------------------------------------------------------------------------------------
        Average list 0 size:          1 entries
                 Total time:     815.78 s
                                 159.31 s (19.5%) for filling dependency lists
                                  26.45 s ( 3.2%) for parallel loop
              Average speed:   24516.45 steps/s
  
Writing MCcell0000005.out... done. (   0.0 s)
 
_________________________________________________________________________________
                                                       temperature step #     6
T     =      1.6
 
Start Energy @ T=     1.6 =   -0.54000000000    
Averaging over at least      1.00E+07 steps
Energy converged if change in avg energy is < 0.030000
Number of dependency lists:    1
 
             MC steps |        <E>/eV |       d<E>/eV |               E/eV |   t_fd/s | t_pl/s | t_sw/s | t_mu/s |       steps/s |
        --------------------------------------------------------------------------------------------------------------------------
speed info:    100000             N/A             N/A                  N/A       0.80     0.13     0.40     0.00         75107.6
+10.0M       10000000       -0.383608       -0.383608       -0.52000000000      79.64    13.24    40.53     0.00         74959.8
+10.0M       20000000       -0.383699       -0.000091       -0.54000000000      79.66    13.24    40.53     0.00         74947.4
        avg energy converged...
        --------------------------------------------------------------------------------------------------------------------------
        Average list 0 size:          1 entries
                 Total time:     821.43 s
                                 159.30 s (19.4%) for filling dependency lists
                                  26.48 s ( 3.2%) for parallel loop
              Average speed:   24347.70 steps/s
  
Writing MCcell0000006.out... done. (   0.0 s)
 
_________________________________________________________________________________
                                                       temperature step #     7
T     =      1.7
 
Start Energy @ T=     1.7 =   -0.54000000000    
Averaging over at least      1.00E+07 steps
Energy converged if change in avg energy is < 0.030000
Number of dependency lists:    1
 
             MC steps |        <E>/eV |       d<E>/eV |               E/eV |   t_fd/s | t_pl/s | t_sw/s | t_mu/s |       steps/s |
        --------------------------------------------------------------------------------------------------------------------------
speed info:    100000             N/A             N/A                  N/A       0.80     0.13     0.67     0.00         62724.4
+10.0M       10000000       -0.354137       -0.354137       -0.42000000000      79.68    13.30    66.65     0.00         62643.5
+10.0M       20000000       -0.353466        0.000671       -0.32000000000      79.67    13.29    66.64     0.00         62655.0
        avg energy converged...
        --------------------------------------------------------------------------------------------------------------------------
        Average list 0 size:          1 entries
                 Total time:     873.83 s
                                 159.35 s (18.2%) for filling dependency lists
                                  26.60 s ( 3.0%) for parallel loop
              Average speed:   22887.63 steps/s
  
Writing MCcell0000007.out... done. (   0.0 s)
 
_________________________________________________________________________________
                                                       temperature step #     8
T     =      1.8
 
Start Energy @ T=     1.8 =   -0.32000000000    
Averaging over at least      1.00E+07 steps
Energy converged if change in avg energy is < 0.030000
Number of dependency lists:    1
 
             MC steps |        <E>/eV |       d<E>/eV |               E/eV |   t_fd/s | t_pl/s | t_sw/s | t_mu/s |       steps/s |
        --------------------------------------------------------------------------------------------------------------------------
speed info:    100000             N/A             N/A                  N/A       0.80     0.13     0.61     0.00         64907.4
+10.0M       10000000       -0.327506       -0.327506       -0.22000000000      79.66    13.26    61.55     0.00         64737.2
+10.0M       20000000       -0.327348        0.000158       -0.26000000000      79.66    13.26    61.58     0.00         64725.6
        avg energy converged...
        --------------------------------------------------------------------------------------------------------------------------
        Average list 0 size:          1 entries
                 Total time:     863.38 s
                                 159.33 s (18.5%) for filling dependency lists
                                  26.52 s ( 3.1%) for parallel loop
              Average speed:   23164.73 steps/s
  
Writing MCcell0000008.out... done. (   0.0 s)
 
_________________________________________________________________________________
                                                       temperature step #     9
T     =      1.9
 
Start Energy @ T=     1.9 =   -0.26000000000    
Averaging over at least      1.00E+07 steps
Energy converged if change in avg energy is < 0.030000
Number of dependency lists:    1
 
             MC steps |        <E>/eV |       d<E>/eV |               E/eV |   t_fd/s | t_pl/s | t_sw/s | t_mu/s |       steps/s |
        --------------------------------------------------------------------------------------------------------------------------
speed info:    100000             N/A             N/A                  N/A       0.80     0.13     0.46     0.00         72196.7
+10.0M       10000000       -0.305462       -0.305462       -0.38000000000      79.71    13.23    45.71     0.00         72122.3
+10.0M       20000000       -0.304681        0.000781       -0.34000000000      79.68    13.22    45.69     0.00         72152.4
        avg energy converged...
        --------------------------------------------------------------------------------------------------------------------------
        Average list 0 size:          1 entries
                 Total time:     831.72 s
                                 159.39 s (19.2%) for filling dependency lists
                                  26.45 s ( 3.2%) for parallel loop
              Average speed:   24046.56 steps/s
  
Writing MCcell0000009.out... done. (   0.0 s)
 
_________________________________________________________________________________
                                                       temperature step #    10
T     =      2.0
 
Start Energy @ T=     2.0 =   -0.34000000000    
Averaging over at least      1.00E+07 steps
Energy converged if change in avg energy is < 0.030000
Number of dependency lists:    1
 
             MC steps |        <E>/eV |       d<E>/eV |               E/eV |   t_fd/s | t_pl/s | t_sw/s | t_mu/s |       steps/s |
        --------------------------------------------------------------------------------------------------------------------------
speed info:    100000             N/A             N/A                  N/A       0.80     0.13     0.46     0.00         71944.7
+10.0M       10000000       -0.286911       -0.286911       -0.40000000000      79.71    13.25    46.22     0.00         71846.8
+10.0M       20000000       -0.287228       -0.000317       -0.24000000000      79.70    13.26    46.22     0.00         71851.6
        avg energy converged...
        --------------------------------------------------------------------------------------------------------------------------
        Average list 0 size:          1 entries
                 Total time:     833.08 s
                                 159.41 s (19.1%) for filling dependency lists
                                  26.51 s ( 3.2%) for parallel loop
              Average speed:   24007.20 steps/s
  
Writing MCcell0000010.out... done. (   0.0 s)
 
_________________________________________________________________________________
                                                       temperature step #    11
T     =      2.1
 
Start Energy @ T=     2.1 =   -0.24000000000    
Averaging over at least      1.00E+07 steps
Energy converged if change in avg energy is < 0.030000
Number of dependency lists:    1
 
             MC steps |        <E>/eV |       d<E>/eV |               E/eV |   t_fd/s | t_pl/s | t_sw/s | t_mu/s |       steps/s |
        --------------------------------------------------------------------------------------------------------------------------
speed info:    100000             N/A             N/A                  N/A       0.80     0.13     0.66     0.00         62762.6
+10.0M       10000000       -0.271189       -0.271189       -0.28000000000      79.71    13.25    66.56     0.00         62688.5
+10.0M       20000000       -0.269885        0.001304       -0.24000000000      79.68    13.25    66.53     0.00         62716.3
        avg energy converged...
        --------------------------------------------------------------------------------------------------------------------------
        Average list 0 size:          1 entries
                 Total time:     873.32 s
                                 159.38 s (18.3%) for filling dependency lists
                                  26.50 s ( 3.0%) for parallel loop
              Average speed:   22901.13 steps/s
  
Writing MCcell0000011.out... done. (   0.0 s)
 
_________________________________________________________________________________
                                                       temperature step #    12
T     =      2.2
 
Start Energy @ T=     2.2 =   -0.24000000000    
Averaging over at least      1.00E+07 steps
Energy converged if change in avg energy is < 0.030000
Number of dependency lists:    1
 
             MC steps |        <E>/eV |       d<E>/eV |               E/eV |   t_fd/s | t_pl/s | t_sw/s | t_mu/s |       steps/s |
        --------------------------------------------------------------------------------------------------------------------------
speed info:    100000             N/A             N/A                  N/A       0.80     0.13     0.61     0.00         64911.7
+10.0M       10000000       -0.256804       -0.256804       -0.30000000000      79.68    13.28    61.35     0.00         64806.9
+10.0M       20000000       -0.256406        0.000398       -0.18000000000      79.66    13.27    61.33     0.00         64820.6
        avg energy converged...
        --------------------------------------------------------------------------------------------------------------------------
        Average list 0 size:          1 entries
                 Total time:     863.62 s
                                 159.34 s (18.5%) for filling dependency lists
                                  26.55 s ( 3.1%) for parallel loop
              Average speed:   23158.27 steps/s
  
Writing MCcell0000012.out... done. (   0.0 s)
 
_________________________________________________________________________________
                                                       temperature step #    13
T     =      2.3
 
Start Energy @ T=     2.3 =   -0.18000000000    
Averaging over at least      1.00E+07 steps
Energy converged if change in avg energy is < 0.030000
Number of dependency lists:    1
 
             MC steps |        <E>/eV |       d<E>/eV |               E/eV |   t_fd/s | t_pl/s | t_sw/s | t_mu/s |       steps/s |
        --------------------------------------------------------------------------------------------------------------------------
speed info:    100000             N/A             N/A                  N/A       0.80     0.13     0.67     0.00         62467.7
+10.0M       10000000       -0.243720       -0.243720       -0.22000000000      79.67    13.21    67.45     0.00         62373.5
+10.0M       20000000       -0.244167       -0.000447       -0.28000000000      79.68    13.22    67.47     0.00         62355.7
        avg energy converged...
        --------------------------------------------------------------------------------------------------------------------------
        Average list 0 size:          1 entries
                 Total time:     875.29 s
                                 159.35 s (18.2%) for filling dependency lists
                                  26.43 s ( 3.0%) for parallel loop
              Average speed:   22849.52 steps/s
  
Writing MCcell0000013.out... done. (   0.0 s)
 
_________________________________________________________________________________
                                                       temperature step #    14
T     =      2.4
 
Start Energy @ T=     2.4 =   -0.28000000000    
Averaging over at least      1.00E+07 steps
Energy converged if change in avg energy is < 0.030000
Number of dependency lists:    1
 
             MC steps |        <E>/eV |       d<E>/eV |               E/eV |   t_fd/s | t_pl/s | t_sw/s | t_mu/s |       steps/s |
        --------------------------------------------------------------------------------------------------------------------------
speed info:    100000             N/A             N/A                  N/A       0.80     0.13     0.46     0.00         71867.7
+10.0M       10000000       -0.232366       -0.232366       -0.26000000000      79.65    13.26    46.41     0.00         71777.5
+10.0M       20000000       -0.232203        0.000164       -0.24000000000      79.66    13.26    46.42     0.00         71766.4
        avg energy converged...
        --------------------------------------------------------------------------------------------------------------------------
        Average list 0 size:          1 entries
                 Total time:     833.15 s
                                 159.32 s (19.1%) for filling dependency lists
                                  26.51 s ( 3.2%) for parallel loop
              Average speed:   24005.22 steps/s
  
Writing MCcell0000014.out... done. (   0.0 s)
 
_________________________________________________________________________________
                                                       temperature step #    15
T     =      2.5
 
Start Energy @ T=     2.5 =   -0.24000000000    
Averaging over at least      1.00E+07 steps
Energy converged if change in avg energy is < 0.030000
Number of dependency lists:    1
 
             MC steps |        <E>/eV |       d<E>/eV |               E/eV |   t_fd/s | t_pl/s | t_sw/s | t_mu/s |       steps/s |
        --------------------------------------------------------------------------------------------------------------------------
speed info:    100000             N/A             N/A                  N/A       0.80     0.13     0.66     0.00         63008.6
+10.0M       10000000       -0.222032       -0.222032       -0.16000000000      79.64    13.24    66.00     0.00         62939.1
+10.0M       20000000       -0.222896       -0.000863       -0.30000000000      79.65    13.24    66.03     0.00         62924.3
        avg energy converged...
        --------------------------------------------------------------------------------------------------------------------------
        Average list 0 size:          1 entries
                 Total time:     872.31 s
                                 159.29 s (18.3%) for filling dependency lists
                                  26.49 s ( 3.0%) for parallel loop
              Average speed:   22927.73 steps/s
  
Writing MCcell0000015.out... done. (   0.0 s)
 
_________________________________________________________________________________
                                                       temperature step #    16
T     =      2.6
 
Start Energy @ T=     2.6 =   -0.30000000000    
Averaging over at least      1.00E+07 steps
Energy converged if change in avg energy is < 0.030000
Number of dependency lists:    1
 
             MC steps |        <E>/eV |       d<E>/eV |               E/eV |   t_fd/s | t_pl/s | t_sw/s | t_mu/s |       steps/s |
        --------------------------------------------------------------------------------------------------------------------------
speed info:    100000             N/A             N/A                  N/A       0.80     0.13     0.66     0.00         63047.2
+10.0M       10000000       -0.212845       -0.212845       -0.24000000000      79.68    13.23    65.51     0.00         63124.8
+10.0M       20000000       -0.212866       -0.000021       -0.36000000000      79.65    13.23    65.50     0.00         63137.7
        avg energy converged...
        --------------------------------------------------------------------------------------------------------------------------
        Average list 0 size:          1 entries
                 Total time:     871.62 s
                                 159.33 s (18.3%) for filling dependency lists
                                  26.46 s ( 3.0%) for parallel loop
              Average speed:   22945.66 steps/s
  
Writing MCcell0000016.out... done. (   0.0 s)
 
_________________________________________________________________________________
                                                       temperature step #    17
T     =      2.7
 
Start Energy @ T=     2.7 =   -0.36000000000    
Averaging over at least      1.00E+07 steps
Energy converged if change in avg energy is < 0.030000
Number of dependency lists:    1
 
             MC steps |        <E>/eV |       d<E>/eV |               E/eV |   t_fd/s | t_pl/s | t_sw/s | t_mu/s |       steps/s |
        --------------------------------------------------------------------------------------------------------------------------
speed info:    100000             N/A             N/A                  N/A       0.80     0.13     0.40     0.00         75437.1
+10.0M       10000000       -0.204090       -0.204090       -0.26000000000      79.70    13.22    39.94     0.00         75268.6
+10.0M       20000000       -0.204600       -0.000510       -0.26000000000      79.74    13.22    39.93     0.00         75249.9
        avg energy converged...
        --------------------------------------------------------------------------------------------------------------------------
        Average list 0 size:          1 entries
                 Total time:     820.33 s
                                 159.44 s (19.4%) for filling dependency lists
                                  26.44 s ( 3.2%) for parallel loop
              Average speed:   24380.32 steps/s
  
Writing MCcell0000017.out... done. (   0.0 s)
 
_________________________________________________________________________________
                                                       temperature step #    18
T     =      2.8
 
Start Energy @ T=     2.8 =   -0.26000000000    
Averaging over at least      1.00E+07 steps
Energy converged if change in avg energy is < 0.030000
Number of dependency lists:    1
 
             MC steps |        <E>/eV |       d<E>/eV |               E/eV |   t_fd/s | t_pl/s | t_sw/s | t_mu/s |       steps/s |
        --------------------------------------------------------------------------------------------------------------------------
speed info:    100000             N/A             N/A                  N/A       0.80     0.13     0.46     0.00         71856.4
+10.0M       10000000       -0.196575       -0.196575       -0.12000000001      80.15    13.21    46.06     0.00         71724.6
+10.0M       20000000       -0.196384        0.000191       -0.12000000000      80.12    13.21    46.06     0.00         71744.9
        avg energy converged...
        --------------------------------------------------------------------------------------------------------------------------
        Average list 0 size:          1 entries
                 Total time:     833.25 s
                                 160.27 s (19.2%) for filling dependency lists
                                  26.42 s ( 3.2%) for parallel loop
              Average speed:   24002.29 steps/s
  
Writing MCcell0000018.out... done. (   0.0 s)
 
_________________________________________________________________________________
                                                       temperature step #    19
T     =      2.9
 
Start Energy @ T=     2.9 =   -0.12000000000    
Averaging over at least      1.00E+07 steps
Energy converged if change in avg energy is < 0.030000
Number of dependency lists:    1
 
             MC steps |        <E>/eV |       d<E>/eV |               E/eV |   t_fd/s | t_pl/s | t_sw/s | t_mu/s |       steps/s |
        --------------------------------------------------------------------------------------------------------------------------
speed info:    100000             N/A             N/A                  N/A       0.80     0.13     0.65     0.00         63355.3
+10.0M       10000000       -0.189411       -0.189411       -0.00000000000      79.75    13.32    65.06     0.00         63241.3
+10.0M       20000000       -0.189350        0.000061       -0.14000000000      79.74    13.31    65.05     0.00         63248.5
        avg energy converged...
        --------------------------------------------------------------------------------------------------------------------------
        Average list 0 size:          1 entries
                 Total time:     871.72 s
                                 159.50 s (18.3%) for filling dependency lists
                                  26.63 s ( 3.1%) for parallel loop
              Average speed:   22943.08 steps/s
  
Writing MCcell0000019.out... done. (   0.0 s)
 
_________________________________________________________________________________
                                                       temperature step #    20
T     =      3.0
 
Start Energy @ T=     3.0 =   -0.14000000000    
Averaging over at least      1.00E+07 steps
Energy converged if change in avg energy is < 0.030000
Number of dependency lists:    1
 
             MC steps |        <E>/eV |       d<E>/eV |               E/eV |   t_fd/s | t_pl/s | t_sw/s | t_mu/s |       steps/s |
        --------------------------------------------------------------------------------------------------------------------------
speed info:    100000             N/A             N/A                  N/A       0.80     0.13     0.62     0.00         64467.6
+10.0M       10000000       -0.183282       -0.183282       -0.16000000000      79.69    13.27    62.43     0.00         64355.9
+10.0M       20000000       -0.182837        0.000445       -0.18000000000      79.68    13.27    62.42     0.00         64363.3
        avg energy converged...
        --------------------------------------------------------------------------------------------------------------------------
        Average list 0 size:          1 entries
                 Total time:     865.76 s
                                 159.37 s (18.4%) for filling dependency lists
                                  26.53 s ( 3.1%) for parallel loop
              Average speed:   23100.99 steps/s
  
Writing MCcell0000020.out... done. (   0.0 s)
 
_________________________________________________________________________________
                                                       temperature step #    21
T     =      3.1
 
Start Energy @ T=     3.1 =   -0.18000000000    
Averaging over at least      1.00E+07 steps
Energy converged if change in avg energy is < 0.030000
Number of dependency lists:    1
 
             MC steps |        <E>/eV |       d<E>/eV |               E/eV |   t_fd/s | t_pl/s | t_sw/s | t_mu/s |       steps/s |
        --------------------------------------------------------------------------------------------------------------------------
speed info:    100000             N/A             N/A                  N/A       0.79     0.13     0.38     0.00         76520.0
+10.0M       10000000       -0.176889       -0.176889       -0.10000000000      79.65    13.24    38.05     0.00         76374.8
+10.0M       20000000       -0.176499        0.000390       -0.16000000000      79.66    13.24    38.05     0.00         76363.2
        avg energy converged...
        --------------------------------------------------------------------------------------------------------------------------
        Average list 0 size:          1 entries
                 Total time:     816.32 s
                                 159.31 s (19.5%) for filling dependency lists
                                  26.47 s ( 3.2%) for parallel loop
              Average speed:   24500.11 steps/s
  
Writing MCcell0000021.out... done. (   0.0 s)
 
_________________________________________________________________________________
                                                       temperature step #    22
T     =      3.2
 
Start Energy @ T=     3.2 =   -0.16000000000    
Averaging over at least      1.00E+07 steps
Energy converged if change in avg energy is < 0.030000
Number of dependency lists:    1
 
             MC steps |        <E>/eV |       d<E>/eV |               E/eV |   t_fd/s | t_pl/s | t_sw/s | t_mu/s |       steps/s |
        --------------------------------------------------------------------------------------------------------------------------
speed info:    100000             N/A             N/A                  N/A       0.80     0.13     0.46     0.00         71776.2
+10.0M       10000000       -0.171534       -0.171534       -0.22000000000      79.72    13.23    46.38     0.00         71775.3
+10.0M       20000000       -0.171219        0.000315       -0.18000000000      79.67    13.22    46.34     0.00         71822.8
        avg energy converged...
        --------------------------------------------------------------------------------------------------------------------------
        Average list 0 size:          1 entries
                 Total time:     833.24 s
                                 159.39 s (19.1%) for filling dependency lists
                                  26.44 s ( 3.2%) for parallel loop
              Average speed:   24002.59 steps/s
  
Writing MCcell0000022.out... done. (   0.0 s)
 
_________________________________________________________________________________
                                                       temperature step #    23
T     =      3.3
 
Start Energy @ T=     3.3 =   -0.18000000000    
Averaging over at least      1.00E+07 steps
Energy converged if change in avg energy is < 0.030000
Number of dependency lists:    1
 
             MC steps |        <E>/eV |       d<E>/eV |               E/eV |   t_fd/s | t_pl/s | t_sw/s | t_mu/s |       steps/s |
        --------------------------------------------------------------------------------------------------------------------------
speed info:    100000             N/A             N/A                  N/A       0.80     0.13     0.62     0.00         64728.1
+10.0M       10000000       -0.165764       -0.165764       -0.14000000000      79.69    13.26    61.68     0.00         64674.3
+10.0M       20000000       -0.165533        0.000232       -0.16000000000      79.70    13.26    61.70     0.00         64657.7
        avg energy converged...
        --------------------------------------------------------------------------------------------------------------------------
        Average list 0 size:          1 entries
                 Total time:     865.66 s
                                 159.39 s (18.4%) for filling dependency lists
                                  26.52 s ( 3.1%) for parallel loop
              Average speed:   23103.84 steps/s
  
Writing MCcell0000023.out... done. (   0.0 s)
 
_________________________________________________________________________________
                                                       temperature step #    24
T     =      3.4
 
Start Energy @ T=     3.4 =   -0.16000000000    
Averaging over at least      1.00E+07 steps
Energy converged if change in avg energy is < 0.030000
Number of dependency lists:    1
 
             MC steps |        <E>/eV |       d<E>/eV |               E/eV |   t_fd/s | t_pl/s | t_sw/s | t_mu/s |       steps/s |
        --------------------------------------------------------------------------------------------------------------------------
speed info:    100000             N/A             N/A                  N/A       0.80     0.13     0.63     0.00         64148.7
+10.0M       10000000       -0.160754       -0.160754       -0.14000000000      79.72    13.31    63.13     0.00         64035.0
+10.0M       20000000       -0.160488        0.000266       -0.08000000000      79.69    13.31    63.11     0.00         64058.0
        avg energy converged...
        --------------------------------------------------------------------------------------------------------------------------
        Average list 0 size:          1 entries
                 Total time:     867.17 s
                                 159.41 s (18.4%) for filling dependency lists
                                  26.62 s ( 3.1%) for parallel loop
              Average speed:   23063.40 steps/s
  
Writing MCcell0000024.out... done. (   0.0 s)
 
_________________________________________________________________________________
                                                       temperature step #    25
T     =      3.5
 
Start Energy @ T=     3.5 =   -0.80000000003E-01
Averaging over at least      1.00E+07 steps
Energy converged if change in avg energy is < 0.030000
Number of dependency lists:    1
 
             MC steps |        <E>/eV |       d<E>/eV |               E/eV |   t_fd/s | t_pl/s | t_sw/s | t_mu/s |       steps/s |
        --------------------------------------------------------------------------------------------------------------------------
speed info:    100000             N/A             N/A                  N/A       0.80     0.13     0.40     0.00         75374.6
+10.0M       10000000       -0.156353       -0.156353       -0.22000000000      79.73    13.24    39.89     0.00         75268.3
+10.0M       20000000       -0.155732        0.000621       -0.18000000000      79.71    13.24    39.88     0.00         75281.6
        avg energy converged...
        --------------------------------------------------------------------------------------------------------------------------
        Average list 0 size:          1 entries
                 Total time:     820.22 s
                                 159.44 s (19.4%) for filling dependency lists
                                  26.48 s ( 3.2%) for parallel loop
              Average speed:   24383.72 steps/s
  
Writing MCcell0000025.out... done. (   0.0 s)
 
_________________________________________________________________________________
                                                       temperature step #    26
T     =      3.6
 
Start Energy @ T=     3.6 =   -0.18000000000    
Averaging over at least      1.00E+07 steps
Energy converged if change in avg energy is < 0.030000
Number of dependency lists:    1
 
             MC steps |        <E>/eV |       d<E>/eV |               E/eV |   t_fd/s | t_pl/s | t_sw/s | t_mu/s |       steps/s |
        --------------------------------------------------------------------------------------------------------------------------
speed info:    100000             N/A             N/A                  N/A       0.79     0.13     0.38     0.00         76261.4
+10.0M       10000000       -0.151748       -0.151748       -0.04000000000      79.69    13.23    38.50     0.00         76089.3
+10.0M       20000000       -0.151854       -0.000106       -0.06000000000      79.66    13.23    38.49     0.00         76111.7
        avg energy converged...
        --------------------------------------------------------------------------------------------------------------------------
        Average list 0 size:          1 entries
                 Total time:     817.56 s
                                 159.35 s (19.5%) for filling dependency lists
                                  26.47 s ( 3.2%) for parallel loop
              Average speed:   24463.13 steps/s
  
Writing MCcell0000026.out... done. (   0.0 s)
 
_________________________________________________________________________________
                                                       temperature step #    27
T     =      3.7
 
Start Energy @ T=     3.7 =   -0.60000000003E-01
Averaging over at least      1.00E+07 steps
Energy converged if change in avg energy is < 0.030000
Number of dependency lists:    1
 
             MC steps |        <E>/eV |       d<E>/eV |               E/eV |   t_fd/s | t_pl/s | t_sw/s | t_mu/s |       steps/s |
        --------------------------------------------------------------------------------------------------------------------------
speed info:    100000             N/A             N/A                  N/A       0.80     0.13     0.68     0.00         62103.1
+10.0M       10000000       -0.147714       -0.147714       -0.14000000000      79.66    13.26    67.09     0.00         62495.3
+10.0M       20000000       -0.147608        0.000106       -0.08000000000      79.67    13.26    67.10     0.00         62487.1
        avg energy converged...
        --------------------------------------------------------------------------------------------------------------------------
        Average list 0 size:          1 entries
                 Total time:     874.67 s
                                 159.33 s (18.2%) for filling dependency lists
                                  26.52 s ( 3.0%) for parallel loop
              Average speed:   22865.79 steps/s
  
Writing MCcell0000027.out... done. (   0.0 s)
 
_________________________________________________________________________________
                                                       temperature step #    28
T     =      3.8
 
Start Energy @ T=     3.8 =   -0.80000000002E-01
Averaging over at least      1.00E+07 steps
Energy converged if change in avg energy is < 0.030000
Number of dependency lists:    1
 
             MC steps |        <E>/eV |       d<E>/eV |               E/eV |   t_fd/s | t_pl/s | t_sw/s | t_mu/s |       steps/s |
        --------------------------------------------------------------------------------------------------------------------------
speed info:    100000             N/A             N/A                  N/A       0.80     0.13     0.63     0.00         63985.2
+10.0M       10000000       -0.144312       -0.144312       -0.18000000000      79.95    13.45    63.22     0.00         63852.8
+10.0M       20000000       -0.143587        0.000725       -0.12000000000      79.94    13.45    63.19     0.00         63867.8
        avg energy converged...
        --------------------------------------------------------------------------------------------------------------------------
        Average list 0 size:          1 entries
                 Total time:     868.35 s
                                 159.88 s (18.4%) for filling dependency lists
                                  26.90 s ( 3.1%) for parallel loop
              Average speed:   23032.07 steps/s
  
Writing MCcell0000028.out... done. (   0.0 s)
 
_________________________________________________________________________________
                                                       temperature step #    29
T     =      3.9
 
Start Energy @ T=     3.9 =   -0.12000000000    
Averaging over at least      1.00E+07 steps
Energy converged if change in avg energy is < 0.030000
Number of dependency lists:    1
 
             MC steps |        <E>/eV |       d<E>/eV |               E/eV |   t_fd/s | t_pl/s | t_sw/s | t_mu/s |       steps/s |
        --------------------------------------------------------------------------------------------------------------------------
speed info:    100000             N/A             N/A                  N/A       0.80     0.13     0.38     0.00         76374.6
+10.0M       10000000       -0.140445       -0.140445       -0.20000000000      79.67    13.21    38.19     0.00         76293.0
+10.0M       20000000       -0.140389        0.000056       -0.02000000000      79.66    13.22    38.19     0.00         76296.2
        avg energy converged...
        --------------------------------------------------------------------------------------------------------------------------
        Average list 0 size:          1 entries
                 Total time:     816.72 s
                                 159.33 s (19.5%) for filling dependency lists
                                  26.44 s ( 3.2%) for parallel loop
              Average speed:   24488.28 steps/s
  
Writing MCcell0000029.out... done. (   0.0 s)
 
_________________________________________________________________________________
                                                       temperature step #    30
T     =      4.0
 
Start Energy @ T=     4.0 =   -0.20000000002E-01
Averaging over at least      1.00E+07 steps
Energy converged if change in avg energy is < 0.030000
Number of dependency lists:    1
 
             MC steps |        <E>/eV |       d<E>/eV |               E/eV |   t_fd/s | t_pl/s | t_sw/s | t_mu/s |       steps/s |
        --------------------------------------------------------------------------------------------------------------------------
speed info:    100000             N/A             N/A                  N/A       0.80     0.13     0.40     0.00         75364.8
+10.0M       10000000       -0.136412       -0.136412       -0.14000000000      79.65    13.22    39.91     0.00         75313.8
+10.0M       20000000       -0.136499       -0.000087       -0.18000000000      79.64    13.21    39.93     0.00         75313.0
        avg energy converged...
        --------------------------------------------------------------------------------------------------------------------------
        Average list 0 size:          1 entries
                 Total time:     820.21 s
                                 159.29 s (19.4%) for filling dependency lists
                                  26.43 s ( 3.2%) for parallel loop
              Average speed:   24384.03 steps/s
  
Writing MCcell0000030.out... done. (   0.0 s)
 
_________________________________________________________________________________
                                                       temperature step #    31
T     =      4.1
 
Start Energy @ T=     4.1 =   -0.18000000000    
Averaging over at least      1.00E+07 steps
Energy converged if change in avg energy is < 0.030000
Number of dependency lists:    1
 
             MC steps |        <E>/eV |       d<E>/eV |               E/eV |   t_fd/s | t_pl/s | t_sw/s | t_mu/s |       steps/s |
        --------------------------------------------------------------------------------------------------------------------------
speed info:    100000             N/A             N/A                  N/A       0.80     0.13     0.67     0.00         62716.8
+10.0M       10000000       -0.133590       -0.133590       -0.20000000000      79.66    13.27    66.91     0.00         62563.6
+10.0M       20000000       -0.133282        0.000308       -0.08000000000      79.66    13.26    66.91     0.00         62567.8
        avg energy converged...
        --------------------------------------------------------------------------------------------------------------------------
        Average list 0 size:          1 entries
                 Total time:     874.34 s
                                 159.31 s (18.2%) for filling dependency lists
                                  26.52 s ( 3.0%) for parallel loop
              Average speed:   22874.28 steps/s
  
Writing MCcell0000031.out... done. (   0.0 s)
 
_________________________________________________________________________________
                                                       temperature step #    32
T     =      4.2
 
Start Energy @ T=     4.2 =   -0.80000000003E-01
Averaging over at least      1.00E+07 steps
Energy converged if change in avg energy is < 0.030000
Number of dependency lists:    1
 
             MC steps |        <E>/eV |       d<E>/eV |               E/eV |   t_fd/s | t_pl/s | t_sw/s | t_mu/s |       steps/s |
        --------------------------------------------------------------------------------------------------------------------------
speed info:    100000             N/A             N/A                  N/A       0.80     0.13     0.62     0.00         64789.4
+10.0M       10000000       -0.130328       -0.130328       -0.12000000000      79.65    13.26    61.69     0.00         64688.0
+10.0M       20000000       -0.130162        0.000166       -0.06000000000      79.69    13.26    61.73     0.00         64651.0
        avg energy converged...
        --------------------------------------------------------------------------------------------------------------------------
        Average list 0 size:          1 entries
                 Total time:     864.05 s
                                 159.34 s (18.4%) for filling dependency lists
                                  26.52 s ( 3.1%) for parallel loop
              Average speed:   23146.87 steps/s
  
Writing MCcell0000032.out... done. (   0.0 s)
 
_________________________________________________________________________________
                                                       temperature step #    33
T     =      4.3
 
Start Energy @ T=     4.3 =   -0.60000000002E-01
Averaging over at least      1.00E+07 steps
Energy converged if change in avg energy is < 0.030000
Number of dependency lists:    1
 
             MC steps |        <E>/eV |       d<E>/eV |               E/eV |   t_fd/s | t_pl/s | t_sw/s | t_mu/s |       steps/s |
        --------------------------------------------------------------------------------------------------------------------------
speed info:    100000             N/A             N/A                  N/A       0.80     0.13     0.46     0.00         72061.5
+10.0M       10000000       -0.127462       -0.127462       -0.10000000000      79.67    13.20    45.68     0.00         72178.1
+10.0M       20000000       -0.127670       -0.000208       -0.30000000000      79.65    13.21    45.67     0.00         72192.0
        avg energy converged...
        --------------------------------------------------------------------------------------------------------------------------
        Average list 0 size:          1 entries
                 Total time:     831.53 s
                                 159.32 s (19.2%) for filling dependency lists
                                  26.40 s ( 3.2%) for parallel loop
              Average speed:   24051.99 steps/s
  
Writing MCcell0000033.out... done. (   0.0 s)
 
_________________________________________________________________________________
                                                       temperature step #    34
T     =      4.4
 
Start Energy @ T=     4.4 =   -0.30000000000    
Averaging over at least      1.00E+07 steps
Energy converged if change in avg energy is < 0.030000
Number of dependency lists:    1
 
             MC steps |        <E>/eV |       d<E>/eV |               E/eV |   t_fd/s | t_pl/s | t_sw/s | t_mu/s |       steps/s |
        --------------------------------------------------------------------------------------------------------------------------
speed info:    100000             N/A             N/A                  N/A       0.80     0.13     0.46     0.00         72001.6
+10.0M       10000000       -0.124460       -0.124460       -0.04000000000      79.67    13.23    46.14     0.00         71917.5
+10.0M       20000000       -0.124333        0.000126       -0.14000000000      79.70    13.23    46.15     0.00         71898.5
        avg energy converged...
        --------------------------------------------------------------------------------------------------------------------------
        Average list 0 size:          1 entries
                 Total time:     832.75 s
                                 159.37 s (19.1%) for filling dependency lists
                                  26.47 s ( 3.2%) for parallel loop
              Average speed:   24016.91 steps/s
  
Writing MCcell0000034.out... done. (   0.0 s)
 
_________________________________________________________________________________
                                                       temperature step #    35
T     =      4.5
 
Start Energy @ T=     4.5 =   -0.14000000000    
Averaging over at least      1.00E+07 steps
Energy converged if change in avg energy is < 0.030000
Number of dependency lists:    1
 
             MC steps |        <E>/eV |       d<E>/eV |               E/eV |   t_fd/s | t_pl/s | t_sw/s | t_mu/s |       steps/s |
        --------------------------------------------------------------------------------------------------------------------------
speed info:    100000             N/A             N/A                  N/A       0.80     0.13     0.67     0.00         62603.3
+10.0M       10000000       -0.122017       -0.122017       -0.16000000000      79.83    13.25    66.89     0.00         62514.6
+10.0M       20000000       -0.121767        0.000249       -0.16000000000      79.82    13.26    66.90     0.00         62509.7
        avg energy converged...
        --------------------------------------------------------------------------------------------------------------------------
        Average list 0 size:          1 entries
                 Total time:     875.14 s
                                 159.65 s (18.2%) for filling dependency lists
                                  26.51 s ( 3.0%) for parallel loop
              Average speed:   22853.51 steps/s
  
Writing MCcell0000035.out... done. (   0.0 s)
 
_________________________________________________________________________________
                                                       temperature step #    36
T     =      4.6
 
Start Energy @ T=     4.6 =   -0.16000000000    
Averaging over at least      1.00E+07 steps
Energy converged if change in avg energy is < 0.030000
Number of dependency lists:    1
 
             MC steps |        <E>/eV |       d<E>/eV |               E/eV |   t_fd/s | t_pl/s | t_sw/s | t_mu/s |       steps/s |
        --------------------------------------------------------------------------------------------------------------------------
speed info:    100000             N/A             N/A                  N/A       0.79     0.13     0.61     0.00         65004.9
+10.0M       10000000       -0.119314       -0.119314       -0.10000000000      79.68    13.27    61.21     0.00         64867.1
+10.0M       20000000       -0.119259        0.000055       -0.08000000000      79.65    13.24    61.17     0.00         64906.6
        avg energy converged...
        --------------------------------------------------------------------------------------------------------------------------
        Average list 0 size:          1 entries
                 Total time:     863.50 s
                                 159.33 s (18.5%) for filling dependency lists
                                  26.51 s ( 3.1%) for parallel loop
              Average speed:   23161.43 steps/s
  
Writing MCcell0000036.out... done. (   0.0 s)
 
_________________________________________________________________________________
                                                       temperature step #    37
T     =      4.7
 
Start Energy @ T=     4.7 =   -0.80000000002E-01
Averaging over at least      1.00E+07 steps
Energy converged if change in avg energy is < 0.030000
Number of dependency lists:    1
 
             MC steps |        <E>/eV |       d<E>/eV |               E/eV |   t_fd/s | t_pl/s | t_sw/s | t_mu/s |       steps/s |
        --------------------------------------------------------------------------------------------------------------------------
speed info:    100000             N/A             N/A                  N/A       0.80     0.13     0.55     0.00         67861.5
+10.0M       10000000       -0.116983       -0.116983       -0.16000000000      79.69    13.24    54.59     0.00         67786.5
+10.0M       20000000       -0.116693        0.000290       -0.22000000000      79.69    13.24    54.58     0.00         67792.0
        avg energy converged...
        --------------------------------------------------------------------------------------------------------------------------
        Average list 0 size:          1 entries
                 Total time:     850.01 s
                                 159.38 s (18.8%) for filling dependency lists
                                  26.48 s ( 3.1%) for parallel loop
              Average speed:   23529.13 steps/s
  
Writing MCcell0000037.out... done. (   0.0 s)
 
_________________________________________________________________________________
                                                       temperature step #    38
T     =      4.8
 
Start Energy @ T=     4.8 =   -0.22000000000    
Averaging over at least      1.00E+07 steps
Energy converged if change in avg energy is < 0.030000
Number of dependency lists:    1
 
             MC steps |        <E>/eV |       d<E>/eV |               E/eV |   t_fd/s | t_pl/s | t_sw/s | t_mu/s |       steps/s |
        --------------------------------------------------------------------------------------------------------------------------
speed info:    100000             N/A             N/A                  N/A       0.80     0.13     0.46     0.00         71817.6
+10.0M       10000000       -0.114692       -0.114692       -0.06000000000      79.73    13.26    46.56     0.00         71656.4
+10.0M       20000000       -0.114439        0.000253       -0.16000000000      79.73    13.27    46.55     0.00         71660.9
        avg energy converged...
        --------------------------------------------------------------------------------------------------------------------------
        Average list 0 size:          1 entries
                 Total time:     834.01 s
                                 159.46 s (19.1%) for filling dependency lists
                                  26.52 s ( 3.2%) for parallel loop
              Average speed:   23980.61 steps/s
  
Writing MCcell0000038.out... done. (   0.0 s)
 
_________________________________________________________________________________
                                                       temperature step #    39
T     =      4.9
 
Start Energy @ T=     4.9 =   -0.16000000000    
Averaging over at least      1.00E+07 steps
Energy converged if change in avg energy is < 0.030000
Number of dependency lists:    1
 
             MC steps |        <E>/eV |       d<E>/eV |               E/eV |   t_fd/s | t_pl/s | t_sw/s | t_mu/s |       steps/s |
        --------------------------------------------------------------------------------------------------------------------------
speed info:    100000             N/A             N/A                  N/A       0.80     0.13     0.67     0.00         62640.4
+10.0M       10000000       -0.112246       -0.112246       -0.16000000000      79.79    13.36    66.73     0.00         62546.4
+10.0M       20000000       -0.112511       -0.000265       -0.10000000000      79.77    13.35    66.70     0.00         62568.8
        avg energy converged...
        --------------------------------------------------------------------------------------------------------------------------
        Average list 0 size:          1 entries
                 Total time:     875.30 s
                                 159.56 s (18.2%) for filling dependency lists
                                  26.71 s ( 3.1%) for parallel loop
              Average speed:   22849.20 steps/s
  
Writing MCcell0000039.out... done. (   0.0 s)
 
_________________________________________________________________________________
                                                       temperature step #    40
T     =      5.0
 
Start Energy @ T=     5.0 =   -0.10000000000    
Averaging over at least      1.00E+07 steps
Energy converged if change in avg energy is < 0.030000
Number of dependency lists:    1
 
             MC steps |        <E>/eV |       d<E>/eV |               E/eV |   t_fd/s | t_pl/s | t_sw/s | t_mu/s |       steps/s |
        --------------------------------------------------------------------------------------------------------------------------
speed info:    100000             N/A             N/A                  N/A       0.80     0.13     0.65     0.00         63382.3
+10.0M       10000000       -0.110241       -0.110241       -0.16000000000      79.72    13.25    65.10     0.00         63263.6
+10.0M       20000000       -0.110509       -0.000268       -0.08000000000      79.71    13.24    65.11     0.00         63267.2
        avg energy converged...
        --------------------------------------------------------------------------------------------------------------------------
        Average list 0 size:          1 entries
                 Total time:     870.76 s
                                 159.43 s (18.3%) for filling dependency lists
                                  26.49 s ( 3.0%) for parallel loop
              Average speed:   22968.40 steps/s
  
Writing MCcell0000040.out... done. (   0.0 s)
 
_________________________________________________________________________________
                                                       temperature step #    41
T     =      5.1
 
Start Energy @ T=     5.1 =   -0.80000000005E-01
Averaging over at least      1.00E+07 steps
Energy converged if change in avg energy is < 0.030000
Number of dependency lists:    1
 
             MC steps |        <E>/eV |       d<E>/eV |               E/eV |   t_fd/s | t_pl/s | t_sw/s | t_mu/s |       steps/s |
        --------------------------------------------------------------------------------------------------------------------------
speed info:    100000             N/A             N/A                  N/A       0.80     0.13     0.40     0.00         75221.9
+10.0M       10000000       -0.108176       -0.108176       -0.18000000000      79.68    13.24    40.33     0.00         75046.8
+10.0M       20000000       -0.107838        0.000338       -0.12000000001      79.67    13.24    40.31     0.00         75067.7
        avg energy converged...
        --------------------------------------------------------------------------------------------------------------------------
        Average list 0 size:          1 entries
                 Total time:     821.19 s
                                 159.35 s (19.4%) for filling dependency lists
                                  26.47 s ( 3.2%) for parallel loop
              Average speed:   24355.00 steps/s
  
Writing MCcell0000041.out... done. (   0.0 s)
 
_________________________________________________________________________________
                                                       temperature step #    42
T     =      5.2
 
Start Energy @ T=     5.2 =   -0.12000000001    
Averaging over at least      1.00E+07 steps
Energy converged if change in avg energy is < 0.030000
Number of dependency lists:    1
 
             MC steps |        <E>/eV |       d<E>/eV |               E/eV |   t_fd/s | t_pl/s | t_sw/s | t_mu/s |       steps/s |
        --------------------------------------------------------------------------------------------------------------------------
speed info:    100000             N/A             N/A                  N/A       0.80     0.13     0.46     0.00         72063.6
+10.0M       10000000       -0.106170       -0.106170       -0.04000000001      79.68    13.20    46.11     0.00         71945.9
+10.0M       20000000       -0.105857        0.000313       -0.02000000000      79.69    13.20    46.13     0.00         71934.0
        avg energy converged...
        --------------------------------------------------------------------------------------------------------------------------
        Average list 0 size:          1 entries
                 Total time:     832.62 s
                                 159.36 s (19.1%) for filling dependency lists
                                  26.40 s ( 3.2%) for parallel loop
              Average speed:   24020.68 steps/s
  
Writing MCcell0000042.out... done. (   0.0 s)
 
_________________________________________________________________________________
                                                       temperature step #    43
T     =      5.3
 
Start Energy @ T=     5.3 =   -0.20000000005E-01
Averaging over at least      1.00E+07 steps
Energy converged if change in avg energy is < 0.030000
Number of dependency lists:    1
 
             MC steps |        <E>/eV |       d<E>/eV |               E/eV |   t_fd/s | t_pl/s | t_sw/s | t_mu/s |       steps/s |
        --------------------------------------------------------------------------------------------------------------------------
speed info:    100000             N/A             N/A                  N/A       0.79     0.13     0.65     0.00         63223.7
+10.0M       10000000       -0.104364       -0.104364       -0.18000000000      79.68    13.25    65.60     0.00         63077.8
+10.0M       20000000       -0.104527       -0.000163       -0.08000000000      79.69    13.28    65.58     0.00         63071.9
        avg energy converged...
        --------------------------------------------------------------------------------------------------------------------------
        Average list 0 size:          1 entries
                 Total time:     872.38 s
                                 159.37 s (18.3%) for filling dependency lists
                                  26.53 s ( 3.0%) for parallel loop
              Average speed:   22925.76 steps/s
  
Writing MCcell0000043.out... done. (   0.0 s)
 
_________________________________________________________________________________
                                                       temperature step #    44
T     =      5.4
 
Start Energy @ T=     5.4 =   -0.80000000005E-01
Averaging over at least      1.00E+07 steps
Energy converged if change in avg energy is < 0.030000
Number of dependency lists:    1
 
             MC steps |        <E>/eV |       d<E>/eV |               E/eV |   t_fd/s | t_pl/s | t_sw/s | t_mu/s |       steps/s |
        --------------------------------------------------------------------------------------------------------------------------
speed info:    100000             N/A             N/A                  N/A       0.80     0.13     0.62     0.00         64479.3
+10.0M       10000000       -0.102196       -0.102196       -0.10000000000      79.65    13.25    62.24     0.00         64458.4
+10.0M       20000000       -0.102831       -0.000635       -0.16000000000      79.65    13.25    62.25     0.00         64455.1
        avg energy converged...
        --------------------------------------------------------------------------------------------------------------------------
        Average list 0 size:          1 entries
                 Total time:     865.19 s
                                 159.30 s (18.4%) for filling dependency lists
                                  26.50 s ( 3.1%) for parallel loop
              Average speed:   23116.21 steps/s
  
Writing MCcell0000044.out... done. (   0.0 s)
 
_________________________________________________________________________________
                                                       temperature step #    45
T     =      5.5
 
Start Energy @ T=     5.5 =   -0.16000000000    
Averaging over at least      1.00E+07 steps
Energy converged if change in avg energy is < 0.030000
Number of dependency lists:    1
 
             MC steps |        <E>/eV |       d<E>/eV |               E/eV |   t_fd/s | t_pl/s | t_sw/s | t_mu/s |       steps/s |
        --------------------------------------------------------------------------------------------------------------------------
speed info:    100000             N/A             N/A                  N/A       0.80     0.13     0.38     0.00         76460.9
+10.0M       10000000       -0.100683       -0.100683       -0.24000000001      79.66    13.24    38.04     0.00         76372.5
+10.0M       20000000       -0.100737       -0.000054       -0.12000000001      79.67    13.24    38.04     0.00         76364.8
        avg energy converged...
        --------------------------------------------------------------------------------------------------------------------------
        Average list 0 size:          1 entries
                 Total time:     817.25 s
                                 159.33 s (19.5%) for filling dependency lists
                                  26.48 s ( 3.2%) for parallel loop
              Average speed:   24472.42 steps/s
  
Writing MCcell0000045.out... done. (   0.0 s)
 
_________________________________________________________________________________
                                                       temperature step #    46
T     =      5.6
 
Start Energy @ T=     5.6 =   -0.12000000001    
Averaging over at least      1.00E+07 steps
Energy converged if change in avg energy is < 0.030000
Number of dependency lists:    1
 
             MC steps |        <E>/eV |       d<E>/eV |               E/eV |   t_fd/s | t_pl/s | t_sw/s | t_mu/s |       steps/s |
        --------------------------------------------------------------------------------------------------------------------------
speed info:    100000             N/A             N/A                  N/A       0.80     0.13     0.46     0.00         72027.0
+10.0M       10000000       -0.099242       -0.099242       -0.04000000001      79.67    13.22    46.18     0.00         71907.9
+10.0M       20000000       -0.099230        0.000012       -0.08000000001      79.68    13.23    46.20     0.00         71881.0
        avg energy converged...
        --------------------------------------------------------------------------------------------------------------------------
        Average list 0 size:          1 entries
                 Total time:     833.52 s
                                 159.35 s (19.1%) for filling dependency lists
                                  26.46 s ( 3.2%) for parallel loop
              Average speed:   23994.76 steps/s
  
Writing MCcell0000046.out... done. (   0.0 s)
 
_________________________________________________________________________________
                                                       temperature step #    47
T     =      5.7
 
Start Energy @ T=     5.7 =   -0.80000000006E-01
Averaging over at least      1.00E+07 steps
Energy converged if change in avg energy is < 0.030000
Number of dependency lists:    1
 
             MC steps |        <E>/eV |       d<E>/eV |               E/eV |   t_fd/s | t_pl/s | t_sw/s | t_mu/s |       steps/s |
        --------------------------------------------------------------------------------------------------------------------------
speed info:    100000             N/A             N/A                  N/A       0.80     0.13     0.61     0.00         64942.1
+10.0M       10000000       -0.097648       -0.097648       -0.20000000001      79.67    13.25    61.31     0.00         64838.1
+10.0M       20000000       -0.097343        0.000305       -0.10000000001      79.70    13.25    61.34     0.00         64809.0
        avg energy converged...
        --------------------------------------------------------------------------------------------------------------------------
        Average list 0 size:          1 entries
                 Total time:     864.57 s
                                 159.38 s (18.4%) for filling dependency lists
                                  26.50 s ( 3.1%) for parallel loop
              Average speed:   23132.97 steps/s
  
Writing MCcell0000047.out... done. (   0.0 s)
 
_________________________________________________________________________________
                                                       temperature step #    48
T     =      5.8
 
Start Energy @ T=     5.8 =   -0.10000000001    
Averaging over at least      1.00E+07 steps
Energy converged if change in avg energy is < 0.030000
Number of dependency lists:    1
 
             MC steps |        <E>/eV |       d<E>/eV |               E/eV |   t_fd/s | t_pl/s | t_sw/s | t_mu/s |       steps/s |
        --------------------------------------------------------------------------------------------------------------------------
speed info:    100000             N/A             N/A                  N/A       0.80     0.13     0.62     0.00         64413.0
+10.0M       10000000       -0.096261       -0.096261       -0.14000000001      79.70    13.25    62.53     0.00         64320.5
+10.0M       20000000       -0.095807        0.000454       -0.20000000001      79.71    13.26    62.53     0.00         64310.8
        avg energy converged...
        --------------------------------------------------------------------------------------------------------------------------
        Average list 0 size:          1 entries
                 Total time:     866.49 s
                                 159.40 s (18.4%) for filling dependency lists
                                  26.50 s ( 3.1%) for parallel loop
              Average speed:   23081.65 steps/s
  
Writing MCcell0000048.out... done. (   0.0 s)
 
_________________________________________________________________________________
                                                       temperature step #    49
T     =      5.9
 
Start Energy @ T=     5.9 =   -0.20000000001    
Averaging over at least      1.00E+07 steps
Energy converged if change in avg energy is < 0.030000
Number of dependency lists:    1
 
             MC steps |        <E>/eV |       d<E>/eV |               E/eV |   t_fd/s | t_pl/s | t_sw/s | t_mu/s |       steps/s |
        --------------------------------------------------------------------------------------------------------------------------
speed info:    100000             N/A             N/A                  N/A       0.80     0.13     0.39     0.00         75645.3
+10.0M       10000000       -0.094917       -0.094917       -0.12000000001      79.68    13.20    39.49     0.00         75545.0
+10.0M       20000000       -0.094294        0.000623       -0.12000000001      79.85    13.23    39.56     0.00         75395.6
        avg energy converged...
        --------------------------------------------------------------------------------------------------------------------------
        Average list 0 size:          1 entries
                 Total time:     820.80 s
                                 159.53 s (19.4%) for filling dependency lists
                                  26.43 s ( 3.2%) for parallel loop
              Average speed:   24366.35 steps/s
  
Writing MCcell0000049.out... done. (   0.0 s)
 
_________________________________________________________________________________
                                                       temperature step #    50
T     =      6.0
 
Start Energy @ T=     6.0 =   -0.12000000001    
Averaging over at least      1.00E+07 steps
Energy converged if change in avg energy is < 0.030000
Number of dependency lists:    1
 
             MC steps |        <E>/eV |       d<E>/eV |               E/eV |   t_fd/s | t_pl/s | t_sw/s | t_mu/s |       steps/s |
        --------------------------------------------------------------------------------------------------------------------------
speed info:    100000             N/A             N/A                  N/A       0.80     0.13     0.39     0.00         75903.9
+10.0M       10000000       -0.093101       -0.093101       -0.02000000001      80.15    13.28    39.19     0.00         75399.8
+10.0M       20000000       -0.093563       -0.000462       -0.02000000001      81.02    13.43    39.62     0.00         74588.3
        avg energy converged...
        --------------------------------------------------------------------------------------------------------------------------
        Average list 0 size:          1 entries
                 Total time:     828.14 s
                                 161.17 s (19.5%) for filling dependency lists
                                  26.71 s ( 3.2%) for parallel loop
              Average speed:   24150.51 steps/s
  
Writing MCcell0000050.out... done. (   0.0 s)
 
_________________________________________________________________________________
                                                       temperature step #    51
T     =      6.1
 
Start Energy @ T=     6.1 =   -0.20000000009E-01
Averaging over at least      1.00E+07 steps
Energy converged if change in avg energy is < 0.030000
Number of dependency lists:    1
 
             MC steps |        <E>/eV |       d<E>/eV |               E/eV |   t_fd/s | t_pl/s | t_sw/s | t_mu/s |       steps/s |
        --------------------------------------------------------------------------------------------------------------------------
speed info:    100000             N/A             N/A                  N/A       0.80     0.13     0.67     0.00         62662.6
+10.0M       10000000       -0.091469       -0.091469       -0.10000000001      80.37    13.38    67.42     0.00         62045.8
+10.0M       20000000       -0.091658       -0.000189       -0.08000000001      80.39    13.39    67.45     0.00         62023.8
        avg energy converged...
        --------------------------------------------------------------------------------------------------------------------------
        Average list 0 size:          1 entries
                 Total time:     883.13 s
                                 160.76 s (18.2%) for filling dependency lists
                                  26.78 s ( 3.0%) for parallel loop
              Average speed:   22646.83 steps/s
  
Writing MCcell0000051.out... done. (   0.0 s)
_________________________________________________________________________________
 
 Calculating energy of total cell.
 For large cells >100,000 atoms this may take a few minutes.
---------------------------------------------------------------------------------
final energy (sum of Deltas):                         -0.8000000E-01
final energy (full corr., only for small MC cells):   -0.8000000E-01
difference:                                            0.8085671E-11
---------------------------------------------------------------------------------
 
Mode 30 - Perform MC simulation                                                                          
... done!
